<?xml version="1.0" encoding="UTF-8"?>
<!-- Generated by org.testng.reporters.JUnitReportReporter -->
<testsuite hostname="LAPTOP-K61ULR8P" failures="0" tests="1" name="dagserver.test.AdminTest" time="2.741" errors="0" timestamp="2023-09-27T14:09:28 CLST" skipped="0">
  <testcase classname="dagserver.test.AdminTest" name="createUser" time="2.741"/>
  <system-out/>
</testsuite> <!-- dagserver.test.AdminTest -->
