<?xml version="1.0" encoding="UTF-8"?>
<!-- Generated by org.testng.reporters.JUnitReportReporter -->
<testsuite hostname="LAPTOP-K61ULR8P" failures="0" tests="3" name="testjunit5.main.testing.ArithmeticOperations" time="0.014" errors="0" timestamp="2023-09-06T20:06:03 CLST" skipped="0">
  <testcase classname="testjunit5.main.testing.ArithmeticOperations" name="TesMultiplication" time="0.011"/>
  <system-out>
testing3  </system-out>
  <testcase classname="testjunit5.main.testing.ArithmeticOperations" name="TestAddition" time="0.002"/>
  <system-out>
testing1  </system-out>
  <testcase classname="testjunit5.main.testing.ArithmeticOperations" name="TestSubstraction" time="0.001"/>
  <system-out>
testing2  </system-out>
</testsuite> <!-- testjunit5.main.testing.ArithmeticOperations -->
