<?xml version="1.0" encoding="UTF-8"?>
<!-- Generated by org.testng.reporters.JUnitReportReporter -->
<testsuite hostname="LAPTOP-K61ULR8P" failures="0" tests="1" name="testjunit5.main.test.ArithmeticOperations" time="0.009" errors="0" timestamp="2023-09-26T09:54:20 CLST" skipped="0">
  <testcase classname="testjunit5.main.test.ArithmeticOperations" name="TestSubstraction" time="0.009"/>
  <system-out>
testing2  </system-out>
</testsuite> <!-- testjunit5.main.test.ArithmeticOperations -->
