<?xml version="1.0" encoding="UTF-8"?>
<!-- Generated by org.testng.reporters.JUnitReportReporter -->
<testsuite hostname="LAPTOP-K61ULR8P" failures="0" tests="3" name="dagserver.test.LoginTest" time="5.053" errors="0" timestamp="2023-10-15T10:43:30 CLST" skipped="0">
  <testcase classname="dagserver.test.LoginTest" name="loginOk" time="0.647"/>
  <system-out/>
  <testcase classname="dagserver.test.LoginTest" name="logoutOk" time="0.707"/>
  <system-out/>
  <testcase classname="dagserver.test.LoginTest" name="loginNOK" time="3.699"/>
  <system-out/>
</testsuite> <!-- dagserver.test.LoginTest -->
