<?xml version="1.0" encoding="UTF-8"?>
<!-- Generated by org.testng.reporters.JUnitReportReporter -->
<testsuite hostname="LAPTOP-K61ULR8P" failures="0" tests="3" name="dagserver.test.LoginTest" time="5.327" errors="0" timestamp="2023-09-27T14:09:08 CLST" skipped="0">
  <testcase classname="dagserver.test.LoginTest" name="loginOk" time="0.743"/>
  <system-out/>
  <testcase classname="dagserver.test.LoginTest" name="logoutOk" time="0.837"/>
  <system-out/>
  <testcase classname="dagserver.test.LoginTest" name="loginNOK" time="3.747"/>
  <system-out/>
</testsuite> <!-- dagserver.test.LoginTest -->
