<?xml version="1.0" encoding="UTF-8"?>
<!-- Generated by org.testng.reporters.JUnitReportReporter -->
<testsuite hostname="LAPTOP-K61ULR8P" failures="0" tests="3" name="dagserver.test.LoginTest" time="5.793" errors="0" timestamp="2023-10-17T18:54:14 CLST" skipped="0">
  <testcase classname="dagserver.test.LoginTest" name="loginNOK" time="3.918"/>
  <system-out/>
  <testcase classname="dagserver.test.LoginTest" name="loginOk" time="0.923"/>
  <system-out/>
  <testcase classname="dagserver.test.LoginTest" name="logoutOk" time="0.952"/>
  <system-out/>
</testsuite> <!-- dagserver.test.LoginTest -->
