<?xml version="1.0" encoding="UTF-8"?>
<!-- Generated by org.testng.reporters.JUnitReportReporter -->
<testsuite hostname="LAPTOP-K61ULR8P" failures="0" tests="1" name="dagserver.test.AdminTest" time="3.605" errors="0" timestamp="2023-09-26T16:08:09 CLST" skipped="0">
  <testcase classname="dagserver.test.AdminTest" name="createUser" time="3.605"/>
  <system-out/>
</testsuite> <!-- dagserver.test.AdminTest -->
