<?xml version="1.0" encoding="UTF-8"?>
<!-- Generated by org.testng.reporters.JUnitReportReporter -->
<testsuite hostname="LAPTOP-K61ULR8P" failures="0" tests="3" name="dagserver.test.LoginTest" time="6.254" errors="0" timestamp="2023-11-13T16:34:04 CLST" skipped="0">
  <testcase classname="dagserver.test.LoginTest" name="logoutOk" time="0.984"/>
  <system-out/>
  <testcase classname="dagserver.test.LoginTest" name="loginOk" time="1.380"/>
  <system-out/>
  <testcase classname="dagserver.test.LoginTest" name="loginNOK" time="3.890"/>
  <system-out/>
</testsuite> <!-- dagserver.test.LoginTest -->
