<?xml version="1.0" encoding="UTF-8"?>
<!-- Generated by org.testng.reporters.JUnitReportReporter -->
<testsuite hostname="LAPTOP-K61ULR8P" failures="0" tests="1" name="dagserver.test.AdminTest" time="4.221" errors="0" timestamp="2023-10-17T18:59:43 CLST" skipped="0">
  <testcase classname="dagserver.test.AdminTest" name="createUser" time="4.221"/>
  <system-out/>
</testsuite> <!-- dagserver.test.AdminTest -->
