<?xml version="1.0" encoding="UTF-8"?>
<!-- Generated by org.testng.reporters.JUnitReportReporter -->
<testsuite hostname="LAPTOP-K61ULR8P" failures="0" tests="3" name="dagserver.test.LoginTest" time="5.811" errors="0" timestamp="2023-10-24T16:58:32 CLST" skipped="0">
  <testcase classname="dagserver.test.LoginTest" name="loginOk" time="0.952"/>
  <system-out/>
  <testcase classname="dagserver.test.LoginTest" name="logoutOk" time="0.996"/>
  <system-out/>
  <testcase classname="dagserver.test.LoginTest" name="loginNOK" time="3.863"/>
  <system-out/>
</testsuite> <!-- dagserver.test.LoginTest -->
