<?xml version="1.0" encoding="UTF-8"?>
<!-- Generated by org.testng.reporters.JUnitReportReporter -->
<testsuite hostname="LAPTOP-K61ULR8P" failures="0" tests="3" name="dagserver.test.LoginTest" time="8.978" errors="0" timestamp="2023-12-21T18:42:59 CLST" skipped="0">
  <testcase classname="dagserver.test.LoginTest" name="logoutOk" time="1.910"/>
  <system-out>
Fotos tomadas durante la prueba<br> <b>logoutOk-OK</b><br><img src="data:image/png;base64, iVBORw0KGgoAAAANSUhEUgAABVAAAAMBCAYAAAAJfJ8gAAAAAXNSR0IArs4c6QAAIABJREFUeJzs3XmYXUWd//F31Tm3OwkhLEqAsIPooMjgys8RHdERQZFhE9kEBAJi2IkQNjdcGBFmUEaiSBLAIPsaEBUZkUXcGEFFRRbBIYDsJOntnlP1++PebhKSqwihO8v7xVNy+/Rdqk6Iz30+z7fqG/r6+jKSJEmSJEmSpIXEkZ6AJEmSJEmSJC2pDFAlSZIkSZIkqQMDVEmSJEmSJEnqwABVkiRJkiRJkjowQJUkSZIkSZKkDgxQJUmSJEmSJKkDA1RJkiRJkiRJ6sAAVZIkSZIkSZI6MECVJEmSJEmSpA4MUCVJkiRJkiSpAwNUSZIkSZIkSerAAFWSJEmSJEmSOjBAlSRJkiRJkqQODFAlSZIkSZIkqQMDVEmSJEmSJEnqwABVkiRJkiRJkjowQJUkSZIkSZKkDgxQJUmSJEmSJKkDA1RJkiRJkiRJ6sAAVZIkSZIkSZI6MECVJEmSJEmSpA4MUCVJkiRJkiSpAwNUSZIkSZIkSerAAFWSJEmSJEmSOjBAlSRJkiRJkqQODFAlSZIkSZIkqQMDVEmSJEmSJEnqwABVkiRJkiRJkjowQJUkSZIkSZKkDgxQJUmSJEmSJKkDA1RJkiRJkiRJ6sAAVZIkSZIkSZI6MECVJEmSJEmSpA4MUCVJkiRJkiSpAwNUSZIkSZIkSerAAFWSJEmSJEmSOjBAlSRJkiRJkqQODFAlSZIkSZIkqQMDVEmSJEmSJEnqwABVkiRJkiRJkjowQJUkSZIkSZKkDgxQJUmSJEmSJKkDA1RJkiRJkiRJ6sAAVZIkSZIkSZI6MECVJEmSJEmSpA4MUCVJkiRJkiSpAwNUSZIkSZIkSerAAFWSJEmSJEmSOjBAlSRJkiRJkqQODFAlSZIkSZIkqQMDVEmSJEmSJEnqwABVkiRJkiRJkjowQJUkSZIkSZKkDgxQJUmSJEmSJKkDA1RJkiRJkiRJ6sAAVZIkSZIkSZI6MECVJEmSJEmSpA4MUCVJkiRJkiSpAwNUSZIkSZIkSerAAFWSJEmSJEmSOjBAlSRJkiRJkqQODFAlSZIkSZIkqQMDVEmSJEmSJEnqwABVkiRJkiRJkjowQJUkSZIkSZKkDgxQJUmSJEmSJKkDA1RJkiRJkiRJ6sAAVZIkSZIkSZI6MECVJEmSJEmSpA4MUCVJkiRJkiSpAwNUSZIkSZIkSerAAFWSJEmSJEmSOjBAlSRJkiRJkqQODFAlSZIkSZIkqQMDVEmSJEmSJEnqwABVkiRJkiRJkjowQJUkSZIkSZKkDgxQJUmSJEmSJKkDA1RJkiRJkiRJ6sAAVZIkSZIkSZI6MECVJEmSJEmSpA4MUCVJkiRJkiSpAwNUSZIkSZIkSerAAFWSJEmSJEmSOjBAlSRJkiRJkqQODFAlSZIkSZIkqQMDVEmSJEmSJEnqwABVkiRJkiRJkjowQJUkSZIkSZKkDsqRnoAkSVo86rqmp6eHnp4eqqoa6elI0nKpLEvGjBnDmDFjKIpipKcjSZIWg9DX15dHehKSJOnlqeuaZ555hrFjx1IUBSGEkZ6SJC2Xcs7Udc3cuXNZeeWVDVElSVoGuIVfkqRlwNy5cxk7dixlWRqeStIICiFQliUrrrgic+fOHenpSJKkxcAAVZKkpVzOmb6+PsrSk3kkaUlRFAV9fX3k7IY/SZKWdgaokiQtAzzzVJKWPP5/syRJywYDVEmSJEmSJEnqwABVkiRJkiRJkjowQJUkSZIkSZKkDgxQJUmSJEmSJKkDA1RJkiRJkiRJ6sAAVZIkSZIkSZI6MECVJEmSJEmSpA4MUCVJkiRJkiSpg3KkJyBJkpYMxx9/PLfccssC11ZeeWU23HBD9t13XzbffHMA7rvvPj7+8Y9z5plnstlmm43QbF+8hx9+mJkzZ/KLX/yCJ598krIs2Wijjdhpp514//vfP/S8D3/4w+yyyy7ss88+r+h8Jk2axKhRozjttNNe0c+RJEmStHgYoEqSpCFrrbUWn/rUp4Z+fvLJJ7n66qs5/PDDmTp1KptsssmIzu8f9eSTT3LYYYcxfvx4Jk2axJprrsmcOXO4/vrrOfnkk6mqim233RbaweaGG2440lOWJEmStIQxQJUkSUNGjRrFm9/85gWuvfvd72b33Xfn0ksv5aSTThqxub0UN910E48//jjTpk1jpZVWGrr+1re+lf7+fu68886hAHWbbbYZwZlKkiRJWlIZoEqSpL+pu7ubjTbaiIcffrjjc2644QYuuugiHnzwQUaPHs2//du/MXHiREaNGgVAXdfMmDGDG264gccff5xx48ax5ZZbcvDBBzN69GgA7rzzTs4++2zuv/9+6rrmNa95DRMnThw6OqCqKs477zxuvPFGHn30UcaPH8+uu+7KDjvs0HFezWZz6LUvdPLJJy/w8wu38F999dWcf/75PP3007zhDW/gqKOO4mMf+xif/exnee9738uVV17JtGnTOOWUUzjjjDN46KGHGDduHHvvvTcf+tCHXvT9/cxnPgPAFltswcyZM3niiSdYZ511OPLII3nDG97wot9HkiRJ0ivDJlKSJOnvevTRR1lttdUW+bubb76Zz3/+87z1rW9l2rRpHHfccfz4xz/mq1/96tBzLr74YmbOnMkBBxzA9OnTmTJlCrfccgtnn302AL29vUyZMoX111+fb3zjG0ydOpWNNtqIY445hueeew6As846iwsvvJC99tqLGTNmsOuuu/K1r32NWbNmdZz3FltsQYyRyZMnc+utt9LX1/ei1vv73/+er371q2y55Zacc845bLvttnzuc58DIIQAQFmWzJ07l3PPPZeTTz6Z6667jg984AOcdtppPP744y/63pZlyV133cXdd9/Nt7/9ba666ipWWmklTjnllBf9HpIkSZJeOVagSpKkBcxfrfn0009z2WWX8eCDD3LYYYct8vkzZ85k880356CDDgJg7bXX5qCDDuILX/gCBx54IOPHj2frrbfm7W9/OxtttBEA66yzDu973/u4/fbbAXjssceYN28eW2+9Neuvvz4Ahx12GFtttRVdXV3MnTuXK664gr322mtoq/3aa6/NPffcw8yZM9luu+0WObf111+fL3/5y5x++ukcd9xxlGXJJptswtvf/nY++MEPdgyFr7/+elZZZRUOOeQQiqJgvfXW47HHHuPee+9d6F7tueeejB8/HoAPfehDzJgxg3vvvbfjey9KX18fhxxyyFDF7vvf/36+9KUv0dfXN3RNkiRJ0sgwQJUkSUPuu+8+3vve9y5wbcUVV2TKlCm87W1vW+j5KSX++Mc/st9++y1w/U1vetPQ+40fP56VVlqJ73//+5x66qk8/vjjVFVFb2/v0Pb9ddZZh3XXXZeTTz6ZHXbYgbe97W1svPHGQ+/z61//mqqqFprD5ptvzqxZs+jp6WHMmDGLXNM73vEOLrroIn7729/yi1/8gjvuuINp06Zx3nnnceKJJ7LVVlst9JqHHnqITTfdlKIohq69613v4pxzzlnouYOh8OC9ApgzZ84i59LJWmuttUBQOm7cuKH3MUCVJEmSRpYBqiRJGrLOOuss0Ciqu7ubddZZh7Jc9FeGvr4+6rpm2rRpzJgxY6HfP/nkkwCcccYZ/OAHP+Coo47ijW98I93d3VxwwQXccMMNABRFwde//nUuuOACrrnmGr75zW+y+uqrs//++7PNNtvQ09MDwOGHHz60hR4g5wzAU0891TFABYgxstlmm7HZZpux//7788gjj3DiiSdy6qmnsuWWW9JoNBZ4/rPPPsurXvWqBa7N34Rqft3d3QtdG5zXi7Wo93gp7yNJkiRp8TNAlSRJQ7q6uvinf/qnF/38UaNGUZYlO++88yK30a+yyirUdc21117LPvvswwc+8IGh382dO3eh506aNIlJkybxwAMPcNFFF/GlL32JDTbYgBVWWAGAk046iQ033HChzxncQv9C8+bNo6+vb6EwdM0112TXXXfli1/8Io888gjrrrvuQvehv79/gWuDZ7FKkiRJWr7YREqSJL1kMUZe+9rX8thjj7HeeusNjQkTJlCWJePGjSOlRF3XQ9vSaQebt91229DPs2fP5uabbx76eYMNNmDy5MnEGHnggQfYaKONaDQaPP300wt8zrhx41hppZXo6upa5PwmTZrE5z//eVJKC/3uwQcfJITAyiuvvNDv1l57bf7whz8sUAE6//wkSZIkLT8MUCVJ0suy++67c9NNNzFz5kweeugh/vSnP/GFL3yBSZMmMW/ePBqNBhtvvDHXX389Dz/8MPfeey9Tpkxhiy224LnnnuPBBx9k9uzZnHTSSVx44YU8+OCDPPTQQ5x77rnEGHn961/P2LFj2X777Zk+fTo/+tGPmD17NnfccQdHHXUUX/7ylzvObeLEidx1110cddRR3HDDDdx1113cfvvtfO1rX2PmzJnssMMOCwS7g7baaisee+wxzjnnHGbPns0Pf/hDbr311lf4TkqSJElaErmFX5IkvSz/+q//yoknnsjMmTM555xzGDt2LJtuuilnnHHG0Nb7KVOmcMopp7DPPvuw5pprsv/++/P617+e3/72txx00EFMnz6dKVOmcNFFFzFt2jSKomD99dfni1/84tD2+kmTJjF27FimTp3Kk08+yaqrrso73/lOJk6c2HFu73znOznjjDO4+OKLmTp1Kk899RSNRoP111+fI488ku23377j6w444AAuu+wyLrnkEjbffHMmT57M/vvv3/G8UkmSJEnLptDX12d3AkmSlmI5Z2bPns0aa6wx0lNZZuSceeqppxY4O/XOO+/k0EMPZcaMGYs8h1WSXujRRx9lwoQJCzS/kyRJSx+38EuSJL3Ar3/9a3bccUfOPfdc/vKXv/Cb3/yGM888k0022YQNNthgpKcnSZIkaRhZgSpJ0lLOCtRXxvXXX89FF13E//3f/zF27Fje9KY3cfDBB7PaaquN9NQkLSWsQJUkadlggCpJ0lLOAFWSlkwGqJIkLRvcwi9JkiRJkiRJHRigSpIkSZIkSVIHBqiSJEmSJEmS1IEBqiRJkiRJkiR1YIAqSZIkSZIkSR0YoEqSJEmSJElSBwaokiRJkiRJktSBAaokSZIkSZIkdWCAKkmSJEmSJEkdGKBKkiRJkiRJUgflSE9AkiQtHo8++uhIT0GSJEmSljkGqJIkLSM23HDDkZ6CJGk+999//0hPQZIkLQZu4ZckSZIkSZKkDgxQJUmSJEmSJKkDA1RJkiRJkiRJ6sAAVZIkSZIkSZI6MECVJEmSJEmSpA4MUCVJkiRJkiSpAwNUSZIkSZIkSerAAFWSJEmSJEmSOjBAlSRJkiRJkqQODFAlSZIkSZIkqQMDVEmSJEmSJEnqwABVkiRJkiRJkjowQJUkSZIkSZKkDgxQJUmSJEmSJKkDA1RJkiRJkiRJ6sAAVZIkSZIkSZI6MECVJEmSJEmSpA4MUCVJkiRJkiSpAwNUSZIkSZIkSerAAFWSJEmSJEmSOjBAlSRJkiRJkqQODFAlSZIkSZIkqQMDVEmSJEmSJEnqwABVkiRJkiRJkjowQJUkSZIkSZKkDgxQJUmSJEmSJKkDA1RJkiRJkiRJ6sAAVZIkSZIkSZI6MECVJEmSJEmSpA7KkZ6AJEmSlk+9ff385S9/ob+/n0f++ldu/+WveObZZxk1ahSvWmVVNt/0DawxfjVWGjeOtddea6SnK0mSpOWUAaokSZKG1U233Mb3vn8DN9/+C37/hz9Q1RUJqHMmkckZihwIOZHritVXfRWvf93G7LzTv7P11v/GOoapkiRJGkahr68vj/QkJEnSS5dzZvbs2Wy44YYjPRWpo2eefZZvnnse5373Eh5+9AmazUQg0uhqUFUVOQAhkFLrekoJUk0jBlLVpAhAXTFmTINddvp3jpg0idds5H/zWrLdf//9TJgwgRDCSE9FkiS9DAaokiQt5QxQtSR78umnmXb++Zx97vk8+tQcUugixZJUQwHUdU2IAVImxkhOmTplYhGJAUg1gUyqm5ATJRUxJHJd8/GP7cGhnzyYjTZYf6SXKS2SAaokScsGA1RJkpZyBqhaUt3/5wfZ+6BPcPc991OlQCi6qSiocyQDMScAQobY/kYagATkAIEMOZFz1X7HTEkiksm5JldNVhq3Iod/8iCOPvwQQyotcQxQJUlaNsSRnoAkSZKWPRdcehlbbrsdv7vvERKjKRtjSSkSayirTFEnAomQE5HWKPKCI+bWcyBDSBAyORQ0U6BOkRQbzJnXxxdOOZ2JnzyCp55+ZqSXLUmSpGWQAaokSZIWq29Nm84Rxx5Pb7Mm5YIqBaoqt8pKyYR2YNp6nFsBKbkVkA5dG/w9hBAY/KdOEGJBiCUhltQEclHw3cuuYrtdPsZjjz8x0suXJEnSMsYAVZIkSYvFnDlzOOjQwznh5FOo6KKqInVVEQJkUntkcsytvfo5tOPUQBUCzRBoxkAVW1lrawRCKAihJISSSBh6XSaQY0EdI6Gri9/c/Qd2+ujePPiX/xvpWyFJkqRliAGqJEmSXra/Pv44u+y5DxdfeS39uaCZC5o5EuKiv26+1EP4h4JTAjk8/5gQCbHg7j/+iX32P4jHn3jyZa1HkiRJGmSAKkmSpJflxptu5j0f2pHbf/1bqtjNQIoM5AhFN3kxtyvNIbaC0xDIxNYIkZSBGEghcMddd7P3fhN57LG/Lt4PlyRJ0nLJAFWSJEkv2fe+/wO2+8ju/OWxp0ixm4oIsdHamp8zOUPOmbyYktQYCmIoibF4foSSWBTUQCISyga3/fx/2Wb7nfnd3X9YLJ8rSZKk5ZcBqiRJkl6SWdf/gH0mHU25wipUdaZKiZRS+1TTRKB+GZv1F6VVYZrCYBuqBX9maHt/pGx08+c/z+aju+/H7T//1WKcgyRJkpY3BqiSJEn6h8267nvsc/DhPJe66K0gxkBs7aIn5kyRa4pcExbjZ7ai2MGt+/OfgUp7PH8tpUDZGMVjjz/Dznvsy4WXXbnYqmAlSZK0fClHegKSJElaulx+zSwOOvJTDBApqgFiDEBJyokQWpWgg4WnnSLLvxVl5g6xa+t6av82z/cmrSshtx7nHKjjYLiaaA7UTDryGObOmccB++75UpctSZKk5ZQBqiRJkl60a7//Aw4+5njm1RFyoEEm5UAdYjs8XTAcfak1n51CVEiLuBYIGcLgawIQYuuZZUGMmZwSJ3zuC/T2zuOQT0wkhMVZGytJkqRlmVv4JUmS9KJc/b3r2W3iwTzbn6hDF+QuMuWS8ZUyACEMjee39UNdVRAiPf0DfO6LX+HLp54+0rOVJEnSUsQKVEmSJP1dl19zDQd86jjqrhVIqYRctgLKnMhhcTeL+se1d+8/b/7HsaBZ1xRFg2au+coZZ5FS5ugjDmH0qFHDP1lJkiQtVZaAcgFJkiQtya6adR0TDzuKec1ElQJQEHIgB6gjpLCENGeKYWjkwNAgBEKM5BAhNshETp86nU8cMYV5PT0jPWtJkiQt4axAlSRJUkeXXH4FR5z0JebUXQQyIWdCTq0Sz5CoY0XMmZBH/kzRRZ2OyuDufiCF2CpVLbpoVpnLrrmeTOKs0/+DFcaMHubZSpIkaWlhBaokSZIW6Yqrr+awY0/iqZ6KUI4h1hBTIqaaSE2gIodEXiIqUP92gJtDbIe+kZChbHQRyi6unHUdk46cbCWqJEmSOjJAlSRJ0kIum3Utux92FM80a8qqSXezjxAahFBChJSakDJlihS5IIQwNIbL/J8ZQiBSLDBCjpBa+/hDDoQMIdcQEqQ+AgNQdHPZrB+y1/6fNESVJEnSIhmgSpIkaQGXXHEVBx75KUJjDDUFKWQyadFVnosoPh2JMPXFCe2vv8/PK2coygY3/M9NHPCJQ3nuuTkjOkNJkiQteQxQJUmSNOTSy6/hoKNOYl5/QX9/pibQDIkqdDphdGFLWoCaiK0RQnsM/hwJRUlVJ7pGj+EHN97Exw84iGeeeXakpyxJkqQliAGqJEmSADj7nGl8YvKn6akKchxFCF2QCzKB/IIwdP6ANOc8NAZ/N3h9cQSpL3zff/Q1YYHK0zBfJWokpUwsSuoEFCU/vu3n7HvAwTz+xJMva86SJEladhigSpIkicuvuprjv/AVeuoaQiAkKHKgyBBzXGj7/vxh5mB4uqiwdHGEp4Nh6Et+j8HKUyKJ8HwlantNCdrXG6RQcusv/5ePfmw/nnjyqZf1uZIkSVo2GKBKkiQt5y67/Ar2/uTRPJtHUVEB/YQ8QJESZTtIbYWoixZCIMa4RG3bX/AYgUgeHCG2Kmrbo/1sEoFmytDopr8O3PmHe9lmh114wkpUSZKk5Z4BqiRJ0nLsssuv4JDJx5GLkpDbXZVyhpwI1ATy89WnIbUGGcjkoR3xBVC0GjIVgTGjGoQykgKDtZ20NtIXBIpFN6Pq4IVHBQx2rQrE9gjtTfmJnDMxQMyZIkRyjqRcEmI53/MG5ef/lYAciCFSVzUhFjRr+NODs9l+1z356+NPLM5bLkmSpKWMAaokSdJy6rIrruDAIyYzp7+GVFHWPRS5BMrWtncSdcjkMHgGajt0DPOFp7H1IMbImNFdFFUfp33uWN73r+8A6qHwNFISKIGiFbj+A5WqCxwXEGh9hc0FORWEXJBTTVlEiqqfT+y7JyU1VE3K2IAwCihaAWpoh6i5VX8ayZBC600T5NRaX84JCBTlaO6572F2/MjHeOyvf13s91+SJElLBwNUSZKk5dDFl13OwUdMpj+XVLFBHRokSuY/bXTocc6tkDGXkAvIBSHHoUGsCUWTZu+znHnqyez1kR058dADWXOlFQkpQm6QKMi0qlJTTOSQXtK8UyipQ0E9uBW/fXxAERN77LwNJ085jP323oUiDBAZoKAi1dV8lbODWlv4Q4yEEAkxQgjPN8wKgaqqybHgngf+zI677MGf7r3v5dxySZIkLaUMUCVJkpYjOWcuu+JKDj16CnObgYFcUoXWqEOH7fVD54iWrRCVgphjq8lUgpJEUffy9S9/ht132RGAt/7zG9nvoztSMBi0hva2/0wOiRReSmOo0A5hI9A6czXVTSKZ1VYZx4lTJjOqu4svnXQcH9/rI+TmPGLuI4Z6cJ9+ewTIsTVCAbGA0D4ftR2iptx6xUBVU+XAH+97iO122JUbf/yTl/+HIEmSpKWKAaokSdJy5D/P+C8+fvAhzG0mqthFFQpSKNoNlhjqeB9CoCiKFzSHChAyIWciiYKarphZbcVRnH/W1/jY7rst8FknHjeZd77tnylp0qCC1CSGVkSb0kurQA1ATDUhNSlIjC4Da66yAt+7+DusM2EtALq7uvjK5z/DgfvsRoM+Iv3kXBHaVa8hREIoCKEkEwffdb4RIMShkXJBLhs88ew8Prrn/nz/hhtf9p+DJEmSlh4GqJIkScuBqqo5d+aFnPqNc2jGLtJQe6jQDkRrYv4boWYruYSQiLFub48fYNUVu7juku+w3Qe2XuTLpp7xJTbZYDyxOYdRMVHUTYqUaYTiJawiU1BThkRBBc15vHpMF9dccj4brL/eAs8sy5IvfuYETjz2cMhNYmyd3TrfYtpVtYHUrmodbHeVaD0GWmfBhkiVCwZSoCq62fvASVw569qXMH9JkiQtjQxQJUmSlnF1XXPqaf/FIcecxJN9kIquoQixFRfWxNwagU5b6xMhJEKsCaGiLDMbrrsGN153Ga977cYdP3vttdbkku9O573veht13xzKlCgSxJeyg5/cahA10EsjNdl43TW59qoL2Pg1Gy3y2V1dXRz5yU9wxKGfIKaKnBJF0T6mIAfIDDXIGmorNdgwKwx1rGqFqBkoGtQh0ltn9p50KJdec81LWYQkSZKWMgaokiRJy7ivf2Mqp505lQTEqh/qTMolIQeKTGtQEENJSUVBDYOnhmaIpFbASk2RKkLdZP0Jq3PVRTNZe+21/u7nT5iwJpdcfD5nn3U6E9Z4FY0YiCnPdyxAJBRd1BSk2KCmJIdGK9DMNSHUhDBADAPUaR5djQEOnrg7N1x/Ga95zYZ/9/M/feQhnHXayYwuCnLdRZG6KEJNEeYRwgBQt85GDbm16tBsj8GzUxM5ZAhQp0SmQV01+OThx3L5lYaokiRJyzoDVEmSpGVUzpmrZ83ii6eeTm+GRCC0t+0TCkKIFCG0d7a3z/1sV4a2trYX5NDqTl+EQJFqQl2x8boTuPqSC5gwYc1/aD4f2Wl7brr+Mo46ZD9WHFPCQC9dBRS5JlX9xJwoAoRUkas+CipirijSALl3DmFgLtu/793ccPXlnPzp41ll5ZVe1Oc2ypI9d9mJM770afLAXEKsW1v6Ce0zX8PzjaWGmmgtWCIbQvvIgxjJGbq6xjDQhE8e/ikuvfzKf+g+SJIkaekS+vr6XtIGKkmStGTIOTN79mw23PDvV+Jp+XLOjBkcffynqeMoelMkxEgcClFjuwK09d/QYKOolBIpRlJsQCgoSJTUFKlJI1e8bqP1uPSCGay55hova27zenr54Y03Mf287/DAnx/iwdmPUtWJsiyp6wSpogiw0frr8C9bvJV3v+udbPOBrRk3duzL+tyrr/s+nzz6OJ7tgUAXKSRyjkDR2tJPBWGgfRrqor8m1xlSrhnTVZKbffTPfYaZ077FTjv8+8uam5Y9999/PxMmTBj6uyZJkpZOBqiSJC3lDFD1QnVdcf4FF3Dsp7/AvCYMhC6q9sajGKBI7d7zLwhQAWoCKZTkWBBCoKCmkSu6qFh//KpcN+tSVh8/frHOd+68efz+D3+krqr2lQA5M2bsCrx249cwqrt7sX7eFbOu5YBDT6R3YBRFWZNTABrEUJByBaECmvM1nVpQCpk6VQQyjZghVZS5YuoZp/HRnXZcrHPV0s0AVZKkZUM50hOQJEnS4lNVFd+eMYPjP/d5BlIXVWyQQmxt2c/5+fM+eT7QGQpSB3+Xp+n9AAAgAElEQVRut1QKOdFVQlnXbLDmalx96QWLPTwFGLvCCrztLW9e7O/byY7bfYicCw467CR6mk1iLCG1QtvYvi2t81fTIl+fA4RYEsjUuaarMYr+/l4OPnIKOWV222WnYVuLJEmSXnkGqJIkScuI/v5+Tv6PUznzW9NIXWPJA00YPOEzp/maQQVCiAtVxQVaDaPazecpY6YrJzbZcG0uOn/aP3zm6ZJspw9vQ6OMTDz8WPoGKnJK1LmkCLHdOKp1DuyixAQ5ZAKBnAN1E0IuqXPkE0ceQ86Z3T+y8zCvSJIkSa8Um0hJkiQtA1JKnHDSZzjrW9MZKEfR00ytdlEZQs7t8DQRcyaETAhACNBujtSqPs1E8tC5p7FussGar+bimdOXqfB00Ie33ZrzvvU1VugOkCuKmNvhaeuO5Ha1aR7KUQdbcAWKHIkZCgpSlYixQUqBipJDJk/hzLOmjuziJEmStNgYoEqSJC3l+vr6OGrK8Uz97iU0iy66q5oVEtR0kSgIGYocCBTkUAKZlAdo5op+oBkjKWZCAWXZahzVSP28bp3VufqSmay5xstrGLUk2/o97+KKC6azzhqvhmZFyJEQGuQQSUVNihU5VqRYk0ImhUAKUIdEHVo7/2mUrcZbRUmI3TTrkhM++x/891lnM9BsjvQSJUmS9DIZoEqSJC3F+vv7OfqY45nx3ctIsZsqR2ri4CmmC5x12tIKUgPlfKMgUhAJpLqiCLD+2mtyzRUXseaay254Oujtb9mc8875GquvMYqU55KoCbFByK37AyXkov3sNN8ZskOnxbYH1DmTyga5u5vPf+WrfP6LX6Yaao4lSZKkpZEBqiRJ0lJqYGCAw4+ewsxLrySXoxlIgWaONENBFTt/zcsUhNAg0CBQUFBQEilyoMg1G62zJrMu+y7jV3v1sK5nJL1580258LyzWHe9cdSpj5QyRSqIqSSmRjtADQsFqAuOSC4idRHIRUFPVTP13POZdNRkevv6RnqJkiRJeokMUCVJkpZCvb29TD7mGGZecRVVYzR9dSbErtbW8zDYBul5IYShQbv5UQiBGAK5rugqAlQDbLzuWlx50fnLReXpC715s825Yub5bL7JRoSqj4JErDNUmYKide9ibhf1LipADdQhUOVMFUvq2KC3ysy84moOOOJoenp7R3qJkiRJegkMUCVJkpYyVVVx1LHHc96l11AVJc12C6iYWw2gCDU55gVC0wUHEDIhJIpQM6YBqX8ur9tgAldc/J0RaRiVgYGBJv39/fQPDJBzHvY5AGy8wUZcMfNs3vz69cjVMxRhgDJkyINttmiFpblYxIiEDDFHcoJEJDRGk2M3V1zzfT520CFu55ckSVoKhb6+vpH5dipJkhaLnDOzZ89mww03HOmpaBj09PRw8KGHc+UNt1CVY2jW89qhXUHIAUICmuQQIY8ael2r8rT9mAQhQHubf6z6+eeN1+PSC2awxuqrD+t67rjzf/nhjT/mj/c+wC23/4pnn+tlzJgxbPGWzdls03/iw9u8j3967cY0ynJY5/X0M0+z2z5787Nf/o4cxpFjN3VMpFC1gtJULPJ1OdZATcgAiZAzIbRud93sZZt3v4Pzzp7K2LErDOt6NDLuv/9+JkyYsMDfP0mStPQxQJUkaSlngLr8GGg2mXz8p/nOxVfQTxd1aJBzLyG3WkOFHAghQ6hbL0gFORRkAiFEIBNJ5NiqQI20zjxdd/VX8aNZl7Paq4fvzNOf/+oOTv/vb/Djm2+mr7dJit0kCnKOhBzIZEKuKEPNO7d4C8cceQj/uuW/DNv8AJ586in2PmAit/7sd9RhNDk2qFKi7CqpU9UOSWlXpLYDslDBUEup1t/PECAGyFTk/h62ec87mTnjHEZ1dw/rejT8DFAlSVo2uIVfkiRpKTAwMMDkEz7NtEtm0RPHknIgVn3EVEAuybkdloYGmVGE3KCgJuREIpJC62tfK9hLFDnRnZq8eeMN+eHVlw1beNrX38+RJ0xhu9324Lr/+QXzmt004wqk0IAQCRFCEYmxJMYuQhzF/9z8Kz6y18Hssd+h/PXxJ4ZlngCvWnVVZk6fxgfe9w5C7iGkRFceQ6oyhIpcVBAroGqF1mGwwVRu/y8QAplAlaHKkdwYzfU/vo1ddt+Lnp6eYVuLJEmSXjoDVEmSpCVcT28vhx0zhfMvn0UquqhTbp8R2nkjUQ6RFLtIsUGOJTmU7X8XdMWC0Gzylk035ZILz2P18asNyzp6e/s4dPKxnH/xLHqrEtqVsTFGcs4LjNYaIJFpNBo0m02u/d4P2PEju3HPPX8alvkCrLzSSnzrzDPYbtutiLkXmEcEYu4ipgYhN4DB7fzpb/6ZkFu1qbHR4Cc//Tn77j+RuXPnDtdSJEmS9BIZoEqSJC3B6rrm6JM+w4XX3Uh/MzBQQcq5XePYWSaQYqMdoBYQn28gFaoB/uXN/8yF55/Nq1ZdZdjWcuY3z+Hya/+Hvqqbim7qlEgpLRSezh8Np5whBnIMhLLgD/c9yAd33JVbbrt92Oa90rhxTP3PU/nwNu+iu+ijzBVFCsRUEFJJ60wEyCF1fI8QIiFGcm6F27lo8P0f38Iee3/cxlKSJElLOANUSZKkJVRPby+Tjj6S71x2Db0VDIRIpiaGRCC0t7y3KjhjuyFUaoeSKeehcDLkTJEzXbkm9c3j3Vu8hYu+M41VVll52Nbyv3f+hv/42jdphgZVCqQUmP9UyDjfOjKZKifqnEhACoHc7sRUh5LHn53HoUccw7x5w7cFftyKK/Kdc6ZywtGfpEjzoO6HuoaUW2e2htbRCEP3v33vB2UyOQRCUZIpyUWD3DWKG277BTvvsQ9z5liJKkmStKQyQJUkSVoC9ff3c/jkY7noqh+SKAmpSdEeMbeaRCWKVgOjtlaFaWtEIJIoQk1JTRdNqHp486avY/q3zmTcuBWHdT3/8V9nUseClBIh1xS5c9VlHtq+3+7NFCC1f06UELp45MlnOO2//ntY1wBwxOGTOPrwiZRxHqReijBfSBogxLDAn8PC6wqkEKlzQQoNYvcK3HDLz9jvoEPp6+sb9vVIkiTp7zNAlSRJWsL0DwxwxNFHc/k1P6Cv6qauM7EeoMgDlFQUObUbvy/8Va5VxRmIEcqQaZAoQ02o+3nbGzfhyovOZ5WVh6/yFODue+7hxz+7nf66IuWKyAAFL2LbemCB7fw5BGoidQ70V4lzz/8usx959JWe/kKmTD6SE485lEbZJISKQKsKtXWmayDGQIgv7LoegPh8iEqgSoE6RGJjFD/8yS3sute+NpaSJElaAhmgSpIkLUF6ens59NgpfGfW9fSGghghpNza9k0JoYQYCQGKkChzk4JWRWomkHIm5AQ5QVEQqIjVXLZ+99u58DvnDOuZp4P+eO8DPNsDZRhFkSAQqUPZ/ioaFhqBRMwVISdCTuTcPpIgZ1KdyCHSTJEnnuthxnnfHfb1xBg56tDDOP6oQ6D5LEXuJdaJRuqizBDI5JipYqIiU+dAToGYMzFDSBBDQSBCjq0wNTS46fZfsce+B9hYSpIkaQljgCpJkrSEqKqKQyZPZublV9Mfu0khQBogBMihIIeCRITBZlAh09ol3joPNYWCPPT7SKprcrOfd73tTXzzzP/iVauuOiLr+sGNPyHEbqpmItKqnE1hsHP9ogLUMPQThFbjpRzIuXW9VZUaoWjw41tuo9lsjsi6jjzsk3z2+CPpCv00YiKmTMgF0P5zoIAQaf0DIWdCnm+lobXSlKDOEIoubrr1Z+y25z4jtiZJkiQtzABVkiRpCTB33jz2POATXHj1D6hjd6s/UUrk1kmgzz9xvp3hGahDgzq2Rg4FxAJCQRED9Pex1f97O+dPO5uVV1ppRNYF0NPbQzUwQKOrsVjfN6XEz39xB889N2exvu+LVRQFRxw6idO+8nm6y4pQzyMTyTQgdxFpUOaSRrt+uJNYlIRQkHIrXP7Zr37Nu97zb/zxnj8N63okSZK0aAaokiRJI6y/v59JRxzN1T+6lbocTZUbkNsNotpVpkONiWCB7u4pRBLPV54CFDEQ6ibbvmdLzp8+dUTDU9qVtUWjQVXVL/IVkUAxNJh/zNeYqShLmlWTlNIrNvcXY+/dd+M/v3Iyo0dFQsiQIdSBgnKo+jT+jQA151ZZaiKSQkkdS/5w35/Zebe9+N3dvx/WtUiSJGlhBqiSJEkjqKenh30OOJCrrv8hdWxt5w4ZYphvu/r8AWoIQwFqCIGcEjnVhFxTkmhQEes+tt96K6af/XXGrbjiSC8R2iHqC7vSdxIIhFAQQtH6uprD0Bh8h5wzKSXKovg77zY8dtt5R7515umsPCZS5gFGNQpyVZOBFDIpdA5QAQgFOURyLBmoA3SN5s+PPMGHdvwIP//lr4ZrGZIkSVoEA1RJkqQRMnfuXA6cdCjX3fQz+uMoIhVFblLkiiKnVoAaWl3bO4kkylBTUjOqyJR1P3vttB1nfe2rjB27wrCup5Px41enKApS/WIrUOc/E/WFjaael3NeoBp3JIUQ+PAHP8CsS2ew1qtHk5rzCEUgB6hioP6b2XHrl5lADhHKBlUuiF2jea5vgB333Ifbfvbz4VqKJEmSXsAAVZIkaQRUVcUBBx3MtT+6mf7QTR0aFDlR5JoiZ2LO7QrU2NoS3t4C3soLQ+tahiJAETJlqKj75rDDtu/jtFNOZszoUSO9xCEf3vp9RDIhRvJgo6j84qpRCSwQnOb5HocQKIuCsixfgVm/NG98w+v57rnfYrVVViDkJoRMCqHVEAwWOM82QPs+tINToE5QpUAKkToH+urMM3PmseMeH+OXd9wxQquSJElavhmgSpIkDbN58+ax694HMOunv6E3jiGkitjsJ+XRJLpJFNQJUgqEVLbC1FS1z0QtgYKYoUyZGEpCrgmph08dsi/Tv/l1urq6RnqJC3jNBuuxzqpjqGgyELsgl5QZEs+PKqWhUVOTQmvkUJNj63HreqYOgRQg55pN37AJY1YYM9JLXMA/v3FTrr1kBuMa/XTXvXQ1A92pixieD7xDSlADdSAkCPn5c1xzzu0gFQjdlI2x9PTU/PvOu3PzLbeO6NokSZKWRwaokiRJw+j/Hp7NR/fejxt++ksGUiARCCETQ25t4R6sNQ2BECIhRHIoSLEkx4IcylaIGloNleqBfkYVBUcfNJETj50y0stbpHXXnsBmm7+RVlJYtwYLbuef/4zXzmelts9+zXnoaIPf33svX/ryV4ZhFf+Y1712Yy6/YAarrTqWkPvJOZEpSe2RQ0mOkVwEcpyvKvUF9yGFwEBK5LKgp9lkj30+zk9vv31E1yZJkrS8MUCVJEkaJn9+8CF23Gt/fvK/vyeFblKC3K48fGFmuEDTqFhSxy5S6CK3g9RWuBoYXcBhB+zNCcdOHplFvQh3/uY3/PRntxNbtaYQKnJYOECNMRLj3/56Goa2wAfqHGhWma9/45sce9wJNJvNV3AV/7j/9/a3cuqXP8O4FSIp9ZEpyDRINEixQSoKUpHJL2gwtUCAWkTqIlIXBals8HRvHzvvtTe33vbTEVuXJEnS8sYAVZIkaRjcd//97Lvfgfz+z7PpSyX9dYYQnz/RM0RihwrMDKQMdc6kVLe2gZNIA70ccuDenHDc0X83eBwpd/3mt3x07/2YO6+XGCKB3PonpKEGUIPr7dQUavCexBjnC1Ahx4KKglx2MfXb0znxsycP48penH/fdhvOPP0Uxo0uKKggJYoch76G55haJzMsogI3k1vJeoykUDCQAqF7DHMGanbedz9uNkSVJEkaFkvmN21JkqRlyH0PPMAuH9uHX99zLylDIEGuiblJyIlMIBHb2/YXsYU9t55RUFOSGFVkYt3PMYdO5ITjltzK0z/ddx977DeRvz7bA6GLkApCKlp1pLkdEL5I89+XVgjbOv6gDgV1KIndY/jW9Jkcc8JnqOv6777fcNr+g9sw/ZtnMH6lLsrcR8w1RcqEdiMwFlF9PCS3Gk0FIjmUVHUghS7m9Nbsstd+/PwXvxr29UiSJC1vDFAlSZJeQb/53e/Yafc9uP/Rx6nLbnJqUtQDlHmAIjfb29oDmaLjexRDJ2fWNEJN1TtnKDwtis6vG0l3/vYutvvIjjz412fIdEPqIleRkBuQy9Z6X3x+2pYZrM1sCQxGy80UoGww9dvnctSnjluitvOHENj6ve/he5eex1qvXoGy7qfMmTJDkQKx033IUORIzBBTIOQAKUIqCKFBbzOx/W578RMbS0mSJL2iDFAlSZJeIXf/8Y/svv+BPPDYk/TXUBMIKbcqSnOer/CwtZU/pppA3d66DYRMhFYjqVTRFRNVz9McffDHmXLMkSO6tr/lvgf+zE577MMjj88jUdJfJfqaTUIMZNJQDDr/1v2FhfZX1dh6HFJ7tLfzP99ui0SA2Gg15WqMYvp3L2X/gybx9NPPDOu6/57XbrwxF5//bdZ49VjKNECRM0UuWyFwSAsMQmgd8ZBzuwK1VYlKKMgE6gy5iMwbqPjoPgdw9vTzRnp5kiRJyywDVEmSpFfAL391BzvvuS9/eeI5enMJKRKqRA4lKTRIoYs6l+RcEAjEnAkpQaZ1PmiEQCs4I2fGdHdDs5dPf+pQTlqCt+3/9u672XbX3XlyTqKuVyTVkZQTFIlm7v//7N13mF1V1cfx79r7nDszKUBAiqGHFooKIiKgVAEBAemhd6RJFARfINKRJr0GCCSEEkKRLtgQUFqAqBQFBakBkpCezMw9Z+/1/nHOnRIyISGZmSSuD8/RmcnM3L3PvXmeyW/WXouoGWgojqbP3KqgpCIoDqWoVFURVBR1OSIOJ45EwFMEzJTH+IOrECQlJvU8/MSTDDjocMZ8/ElX34LZ+tp66/Kbkbew0rI9CY1TaPApISpBIkEisYyYowOcK6tti2YHxX0pAuMoQoYSnWNaU5VfnH4WV10zmDzPu3uLxhhjjDGLHAtQjTHGGGPms5dGj2b/w4/ig3ETaM4UJQESUPf5hpclFSkms7sEdSkqHnUexJM4j1arnDrweP7vpBMX2IFRr77+OnsedAifjB2HiCuraOf++xTVueVV6wFaXu0+r+3EekCjlh9zRHG8+PJo9tjvED6bMGH+bXI+WGutNbn77qGsuspXycI0EhVcTItLE0STYt98vpdr20FTGiEEcEkFl1Q467yLuPCSK7tlT8YYY4wxi7IF86dvY4wxxpiF1GtvvMEeBxzCB59NIfd1BBLQWnja8Y9eiisCVElRScB5RFwRlDU3c8pxR3LST4/v0r3MjX+9+W/23P8QPh4/CVwdIcsRUdo2Ou2o4nRmRf1pwKE4BKflFTvu9yoieAegBFWiOIJLeO1f/2a/g4/gk08/nR/bnG/WXGN1Rt5xMysssziJKEn0+JDgYoJTV9Yet79/bRVhsgfnCSrkKqhPueSKa7n4squIMXb5nowxxhhjFlUWoBpjjDHGzCejXnmF3fbZl3HTZpD5hDwWw6FqlZMqijjBOYdz7nOBoiqoRtBIguJiRpg2mbNO+Qn/d/JA/IJaefraG+yy536MmzSDoCnVUBwvV2lfQSki7fZdC/na3gdVJWoOGpCQIwIxKjEIMZZvx9jua4sLnIBzDu8cKp4oKST1vPj319h5z31557/vdul9+SL911yDR34zglWW64OPTUielWFx0fu0LENt0bb6FOcQnyKuCNxz8cSkQkwqnH3hrznv4kvtOL8xxhhjzHyyYP4UbowxxhizkBn18ssccPiRjJsyA0iQCC4oLkacBpCcKO0DrbaBmAg4Il4iCTmSz8BlMzj9lOP42cCju21fX+Sf/3qTAQcfydhJUwkkBKmULQuk7Nw5Z1SLYFREqHhfVJ86cDHicXjxeJKZ7lkH7RDKBgBRHEEcgYR/vf0uuw44kP++u2CFqCutsDz3j7iV1VdemkSaSTS2DBiT2d0+dagmKAlRiirU5hCJPiHp0YuLr7iW0888rwt3Yowxxhiz6LIA1RhjjDFmHr340kvssf+BjJs8nUxTYhbwIeJDwIccTwAC6kL7I9ltgkAvQiKRlEhCoN4pF519Gqf+fGB3bm22Xn39DXbea18+GjceFU+WBSAtBj+1lE52cAS9pT1qOSRJlSQpjugv22cJzjrtZCppgvceJ4LDlQOkBFdW8c5OVAgqxfH2GPF19bz74UfsvNe+vP76G/P5Tsyb1VZdhQdHDucb6/SD0FTGv3PSPrY2bMsRxbcExlkEkpSb77iLM845nyzLumQfxhhjjDGLKgtQjTHGGGPmwQujRrHfYUcxsTEwvRlyPNGlxXx4J+CgOGzuEU2LY/oo0SnRRSIRCEAxhV0ksljFceUF53LMEYfOcd/QrvaP195gwGHH8NmUZnJNqUZBfULMmxEtju5HHLHYLUoEieWxdEVESZ2SoriYk0jAOyVUZ3D6ySdw4tGHcMMV57H8cj0R14hKXt7HHDQHjUh56yREiAEVbblw4JzinELiyTQQRHj/40/Zftc9ePfd97r5Dra3wvLLc/vQG1l/vdVIQiOSKUmo4DQHyYhOCU6IIiBlj1gtLinbPtQGaUUcpPU0B7jsmsEMOuvc7t6eMcYYY8xCzQJUY4wxxpgv6W9//wf7H3okn3w2hSwmqPNFD1OEiENFikuLI9eiCaquCBbLSfEqIEhRSyjK4vUJQ669gv332bO7t9ehf775Fgce+mPe/2gsktYTEFQcqhERRagNMCpaE9SugpaH7AEVYow4AU/AZY1cfcEZHLxvsfc9dv4BD909lK/1XwUvGY6AosURfXUovvzmRblm7ei+0v6Yf0QJCjgPLmHKlOnsttf+PPfCS910B2dtxRX6MnzodazTfxU8OaLgFARXHNnHF68nKO9hLK9axaqUw6eELA9EhLoevRh801BOPOkXhBC+cA3GGGOMMebzLEA1xhhjjPkS/vrcC+y490F8OqWKVnoR8BRRV2uAqDpz9agQxBMlQcUVR/jLoUqikbrYzD1Db2L7bbZaYCtPn33+BXbdY1/eG/MJSZrS3FxFY8fNOjvqWVpEfx7EEfOcJAauuuhcjjrkgHZfv+rKK/HMEw+z3x47kWoVSIlUiKRESYjOEbygruP7JVoEkOBRFXxdA+99/Cl77ncwj//+D/PpzswfKyzflwfuGc43N+gP+XRcTHGhgmha7IPWgWRtff4eC+CohkBdz17cdOtwTjn1DDIbLGWMMcYYM9f8oEGDzuruRRhjjDFm3kydOpU+ffp09zL+Zwy/425OOOl0xjflVDUBnxJRRCOOUNQBOt9SddkSbImgLi0qCGtDozRQ5xwNHu657SY223Tjbt5dx4bfeTeHHzOQqY1VAp4gDsR9ruKzXZg3iynylHWoiU8RAmRNXHv5hRwwYK8OH3vbrbekecYMXnz5NaCo5C0zQqKLxdvBgQqoFFWbtUvBaVGZqdparZqFnN8+/iirrrwKa/dfqytu4Rzp0aOBbbfZkv/8+z+8/Z8P8L5ClgUkSdpUnmrHtRACIsWfqUJUJa3U89LLrzBhwni233abrt3Q/7CJEyfSu3fvBfYXIsYYY4yZMxagGmOMMYsAC1C7Rh4C1904hDPPvZCpTRlVpJiAXv55ccg64pwvA9QiMFRVnCsGIBWhV8SLUvGRiuYsVnH87sGRbLThN7ttb2PHf8a48Z/x2YSJTJo0iUlTpjBt2jTq6+txIlx02VWcecGlZFFRV0x+1y8IT4tLP1d9CpA6h+RVekjk2isuZN+9dp9tyOS9Z4vvbUp9Qz1PP/0MvvaprmgJUHQGkJbxVMX3Kt8uQ9XiuH8xdElFiOLIqlUee/z3LL5Yb771zQ06+S7Pud69erH7j3bi/ffe49XXXsOnSdFP1pV9ZFuO6xfa3nMV2jRRcEjZk1eSCq+MfoW3332XTb+zMT0aGrptf/8rLEA1xhhjFg1Jdy/AGGOMMWZhcfk113LxldfRXAV1CYlmCErAFxPiFUT8bOenO83w5RAgqTazZO8ePDDiDtZZu3+X7gXgr88/zx/+/DSjX3uDv7/2T8ZPmoKLAdWIE0daSfnGOmtTX1fHsy+NJpDgEke1WkW8L3tx1vba8TH+tlSLzwuhipsxhUuuupR999ptjr7WOcfAHx9Mfeo469xLaA6uvPegIuW9n5Vak1QFYjloqlhzklSIqpx02i+pVDyHHXTQHK2lK3jvuery81HJGfHQ4ygJQlKEoV90v8teqbGsxq11k/CVBkbc8wAfjfmYEUNvYvHFFuuSvRhjjDHGLMykqalpzn7aNcYYY8wCSVUZM2YM/fr16+6lLLJijFx61dVceMU15NSRZUXPUu+qBEkI4kF8MTqqPCOuZZinKKgWAauAE8VJJORNLNmrnofvvouvf229LtnHjMZGXnp5NHeOHMnzo0bx4cefkqkjUwGXgnO4qGXQWPBlcBlFCEEJUXHOt8R3Kg5R7TBAFWJ5ZL54rXrviCFCcyNXnnc6Rx5x6FzvI4TIX559nr33P4rG4FpaCYirBYXSEtSCFuWYSvlsKCq1Kk4liRmpFzRmpBI495en8+MjDl+gKgabq1WOOfEU7n74CaJUygC1vLef67OrRNGiAlWLG++ltWYioQnRgOTNbL7JRtx64/V8ZamlunpL/zPeeecd+vbtu0C9nowxxhgz9yxANcYYYxZyFqB2rjzPOeeCC7hx6N3MyFLyCEIOEollD0ptG9hJOTldhOiK49QexUUtMjsfQAN9F+/NI78ZyRqrdf7z9p93/sstw0cw8oFHGfvZRNQVR9ihFmy2+eSWY/BlL82WP2gbSs4ZQUk1ElFyUaJGKt4Tm5q49Lwz+fHhB87Tvp58+mkO+vFPGD8pkKYNiFSJePJyWr3TiCMnxkioPT1SBMLlZpGYFT1FVRENJA7OPe0XHHfMkfO0ts5w9MCfcef9DxK1UrRQSBQ0KYZjIWUwHCRs3KYAACAASURBVIrXX63RLkpsM+RLJMERSTQnJWODdftz+9AhLLvsMt25tUWWBajGGGPMoqGDzvPGGGOMMQbgvAsv5IZbhlPVCtXoCCJEqRU1ClpGjC09KCn6bEYpJsOrUwKRSCyqTzWywlJL8cA9d3V6ePqX515gv8OOYZud9+L6oXcybtI0pNKDWAvckFm0G2jzflmMWlxz/zv3YtxR0XPUO08i4LImrrzg7HkOTwG22nxz7rplMF9ZsgENM4gxFH1CRVBxZZ/WpKhObekR6lqP9JdTqLS8cJ6ojrMvupTrBt88z+ub3668+EL2230XelQECVW8Ck4FUYeoR9SD+vYhODMP9SqHaeGIKrw0+m/sf9DBTJg4sZt3Z4wxxhiz4LIA1RhjjDFmFrIs57TTz+K6wXeQ04umTMiB4KRl2Htb7UIqJ6h3qBPECc4LaSLE0MwKS/XhgRG3sfZaa3Ta2seNH8/xJ/4fu+x3OI8/9RyTmyJVUjJJaAqAn7M2+KpKjJEY45cKUAEyFdR5Qp6zWCVl8BWXcNjB+32p7zUr393kO/zm9ptY4auLozGgMZalsw51jihJ0V5BXIfhaW38F5IS1dGURU47+1ecftbZNDU3z7e1zqu6ujquu/wy9t9jV3o4JYkUIWr0uOgRTRBNi8YLtcFZCE58y0UZnEcpWjdUGnrx8j9eZ98DD+GTT8d29xaNMcYYYxZIftCgQWd19yKMMcYYM2+mTp1Knz59unsZi5RTB53BsNtH0kQDzdETnIPUg5Q1lUIRypUVfqqt0+ZbKzsjaE594sinT2PpxRfjwXvuoH8nhqdjPv6EAYccxu//8jzB1RPwRPEEFXAJUQENuA6HELWf7N72/9t91myOJNfuhaqSpB6vSu+K55YbruBHP9xhvh9n7vvV5djiu5vy178+z8RJkxCXEGuhNkXrBBFmUW1bVtciSC0Rd47EpYDw0ouj+OjjT9l6y++Rpul8XfOXJSJ8f+staZwxg1Evvlyu1bcEwiJFhUSt2lZwqLYJjaX4nKKVgSfLAz6t8MFHH/HMM8+w7TZbs9hivbt7m4uMiRMn0rt3bzvCb4wxxizkrALVGGOMMaaNCZMmceBRR3PriPupUiGKIE4Rp1B018QjOG0NT2cORxLx+AguKBUEV62y4jJL8ej9d7F2/zU7be0ff/IJAw44hH/++z2CpOTqCThqLTA1hpaayznVrrJ2Lj4/xrLJQWxmiR4Jd916PTt8f6svt7E58LV11ubuYYPZeP11cNl0XKjiYoaLoay5TBBcecS99VJJgKQ86p+CJAQVxKWIa+De+x7myKN/yrRp0ztt7XMrSRIGnXoKPzv+KGLzdHysFoOhCLTmxK682oanxVW0N3AEBPUVMhI0aeDVt95mh9334d33P+juLRpjjDHGLFAsQDXGGGOMKY0bP55DjjmWR//4NNNzT5UKSEDIcFRxmuE14CP42PGPUU7BR+iRpEg1Z8WlluJ3jzzAOmv377S1jx07lj323pc333mf5mbFuXpUFY0KMeIoLq95Mb39S5jTMFVVSdMU7xy96xxDrruMLb+3yZfc2Zxbrd/K3H/nrWy12Ub4vAkfqnjNivrMWkWmyExX0fsU8ai4YiCTFL1QkYQQhN//6Wn2HHAQn302odP3MKfSNOGXp53MST87FtEqjgyRHCRrqS51ziNt2hdI26FnxauBiCfgCZIQovDuBx+x+z778/Z//9vdWzTGGGOMWWBYgGqMMcYYA4wbN479Dj2Cvzw7mjwkRPHkHmJtXJQqrpyoVBz71vLQdEsHTbwU89CVHCSQNU1nvTX78dD9I1hpxRU6df2nnHom77w7lhBT1CXkeRUhLy4NOA3lVHpF1AEJqEcoe2MGRSJELYcwQe3cezmIyIF4cCAugtRCWIdTj9MENEG16PuqsUq9jwy94Rq+v+Xmnbr3tnr37sVtN1/NJhuth3OhGAwVFULAiQORohDTRZwLxbR6VZTiOY1aXgIZCpUKQRwv/u1VBhx8BP95590u28ucOOXnJ/CLU47H+ww0QxQ0BETzYgpYGRT7os62aGdQViQLbVqlOiG4BJKUf7/7PrvuuS/vvvted2/PGGOMMWaBYAGqMcYYY/7nvf/B++yz3wD+PvoNJDagoYI4iNJMlDIeVQ+x6CcZRMlFEZXygsS5ImCNsagEdE18e4N1eHDkbayy8oqduv5ht93Ob3//F2bEOqpaIQrFGogIkTIOLQ5yq0PVgTpQiHlA87wIgDUiEomatxzDL6oXPRodSlJMrBdtF6CKFkOMnHrAIxrp6XKuv/Qcvr/VFp2691lZfLHFeOCuYWy12bcIovjEkXglhJwoSnAKkiNSLe9RMVpJiURRokRyjQQHVY1k4iCt54W/vc4Ou+/HP177Z5fvqSNpkvDzgccy+OqLqE8iLuR4iajmRRheNm0QaAnQHa2/DJDyNaIaiS5BJcWn9Xw0Ziw7/2hP3nrr3929RWOMMcaYbmcBqjHGGGP+p3340UfsdeDBjH7rfaqunkwSYll56bT92KH2R7890aVF6OQS1DlUXDFsSCNfW2N1hg+5nmWW/kqnrv+d/77LJVdcR3ME0jpyVxzHzimqaIN4ohTH0REP4kh8xGsTjiqERshmoNWpxOpUXNMUkmwGiTbTkDiclJPcfQUXU1xMkViBmJQriKjkRJehLoPQhFSbOH/Qqez1ox/NYmxT1+jZowfDbriGXbbeGLLpiAgu8WUVbYK6FJV0pmP9rW8jUobFxdt5jCRphbGfTWCfg47g+Rdf6qadfZ6IsOcuO3P3rTewRC/BUYSnESUAQaTlmL5+wTOiCFEEdY4xn47jR7vvw3vWE9UYY4wx/+MsQDXGGGPM/6x333uPXfcawL/eG0uz60mWNBThEdLuqHNbLQGbE6LzROdRV9QvilOyvMo3+q/J3cNuou9yy3b6Hi687Co+njgVrdRRFS3CMvFEKQJULSe0F9PZI45AaJ5OQxLYeatNOPVnRzPkust485VnefOV53j9xWe47NxB7PmDralzAUKVxBfHwp06vCa4mCAkZU1rJLoyQJUc54qWBm/9681ykFT3WXyx3tx67RXsssPWiGY4iUSNRdMFSVGpdNAXtQhTVRwtNZoKKh6XVBg/cSIHHX4Uz77wYrfub2Zbb/E9RtxyA3W+iE5VIxFFxRGcEGQOfvQXUHzx2knq+HTiVHbadQ+ee/6FrtiCMcYYY8wCSZqammbxTwNjjDHGLCxUlTFjxtCvX7/uXspC5b3332e3/Q/gv+9/QrM0kEsFVMqq04gQQEJx1H0mIoK6IqQkBhw5ieYkBNZfpz8jht3EMksv1el7ePX1N9h29wNpDtAYILiiwrC2B+eURASvEa02IzHn2+t/jWOPPpTvb7UFvXr2mO33n9HYyG133MPNw+/mP+98hFBHiBGXeAKBKAGVWNwnYnF8P49UJNKggXtHDGPTTb/T6ffhizQ2NXH6uRdx6x33U5UKUX1Raxm1eC5VUS36uhbFx7GcWO9a+9+2tEJQEs1InLJ4r17ccPXlbNOFPV7nxJPP/IWDjj2RsZOm4Sq9iDhEwauCFj19QREp2hZALANiKXv9UvbKpTzq38xXl16Cu4bdwvpf/1p3b2+h8s4779C3b98vHLxmjDHGmAWbHzRo0FndvQhjjDHGzJupU6fSp0+f7l7GQuODDz9k1333470xnxG0QsCVw6BiS0/IImSadeghIjgRlIgnJ5WID03stPXmXH/VpSy37DJdso8zzjmf1956l2qMBCJIGZxC0dM0ZojmVAj0rnhuvOpizjz9ZNZdey0qlfQLv3+apnzrm99g7913ZtmvLMHf/v4yzdUmnHMEirNMKpT9UMtHLifahxCQGNhxh+264lbMfh9Jwlbf24yvLrMUf/jTU6RphZjn+JaQtFCc1pcyRBWiFNW7lO9LrY+sU2KIVLPIo4/9jrX7r8nqq63ajTtsb9WVV+Ib667FI799nCyrlqFoxIu2O8Jf7FNRLeoptByy1TIaTYqOqc47Jk+ZwkMPP8Z6665Nv1VX6b7NLWQmTpxI7969LUA1xhhjFnJ2hN8YY4wx/1P+9ORTbLHdDnwwZjzNmSNQh0dIYkaiGZ6sqD6F2f+opIrEKqkLaHUGe+60PbcNGUzfry7XJft4419v8chv/wAKqhHnBSFDyHGa4zXHS6BOIhutuyZ/evw37LrzjnMUnM5sicUX45gjD+bWGy+ndw8hxma8a9MTtjaUCk8goTkqoVLPHQ89xkdjPu6U/c+tSiXlsAMHcMOl59JAoN4LqSsD0XZH9yl7oBb9T7U2Yqp8W8vj/M57ojqqueOwo0/kscd/391bbGebLTbn3qGD6VkRCM04zXAaWgaKAaCtoXDLh8q9RikbPkhClIRKQw8mTJnCgUccyYOPPNodWzLGGGOM6TYWoBpjjDHmf8Yjf3iMA489mgnTc5rzCuIrRK0W/SLbBGStVXqKU4dQ9BJVcXiX4GJxHLoudYRqE3v+cHuuvfIynOu6H63uvf9BmvNA0ADOAQlIHSIVcK4IVGNOv+WX485hN7N6v3mvkPzeJt/hrqGD6VUfEZqLo+4qiCY49fgIqQZSJ6hGshgZMnT4fNnv/DJgj1247vJzqE8hRkHU4xGcFIGzqKIxgehxsaii1Vh+vBagklCNHvUJzSEji4EjB/6chx97vLu3187mm27CiJuvZcnejkgkkxSngUQjCQ6vHheTordt+b5Xh1NBNCISEMnJY6ApREjraczgyGN/yv0PWohqjDHGmP8dFqAaY4wxZpGnqtx170iOHHgC0xozInVETYkK4iIqEMsRS4prU5OnxSR2hCgQBVTK3pExR7Mqe++8I9dfeRmVSqVL9/TAo79FXVLWEwqqDlUP6nBOQCP1iefic8+gT58l5tvjfmfjbzPwuB+TSiDmGeAIQRGV4u5pxGkRNTrnGHHvfYQQ5uA7d50f/fAHDL3xCpbo04PEF31PnasQYlIOlxKQlmcetLVqs9wZiCePsRg6JsKMpoyjTjiZx59Y8CpR77l1CItVBM0aUc2L9hRaHNVXrQ0a8wgOKVsVFC0siv6o6srBUgixrDI+7qcnc/e9D7Qc/zfGGGOMWZRZgGqMMcaYRd4tQ4dx4smnMWO6B3oRY1Ic0S6PK89OFAiiqIvgI0EzxEUSF9l9+60Zct2V1NXVddleACZOmsT7H32Mii8qZ8teloLiHS1Dow4esDdbbvG9+frYToSfD/wJW272nSJS04hzruWaudfjmI/H8ZsHH56va5gftt1yMx4beSNrrLYUIlVUK6C9URqIHtTnbXqitt+Tlv1ea8f5Qxm6V7PAUT8ZyCOPPtZt+5qVTTfemIdHDKPfcr1Ac6JGIkpACE4IkhDEd/j1UstItdin856gwvEDT2bkffd32T6MMcYYY7qLBajGGGOMWaTdftfd/PL8C2mOKSE2EGJaVJWKoFLMINfZZKgqERUtjvnHnNQrmjex6/Zbcd2Vl3blVlr85qFHCThCWRVYqxp0Al6LP1lh2aX4+U+P67Q1XHjOL6l4EC3iw2KSfftqREWQpMJ9DyyYx73XWXMN7h06mLXXWBEHpL6BGB3eOZzTlkLktgGq1o7ySxmiihCigk/IFapBOeqEn/HYAlaJutGGG3LbjdezUt9lgYBqBFe2JHCz+EWCtH1TcGV4ivNUQyRTJSQJJ/3iVIbfeVeX78cYY4wxpitZgGqMMcaYRdZNtw7jpNPPpimD5lA7fqwEiUQJqFAEqbNJUB1FRWeiUNGANE1n7522Y8j1V1FfX9+l+6n551v/waUN5FJU0gquqJbUgJdIbJ7BMYcfxNJfWarT1tBv1VXYd49dIeaEkLcEqJ870p3U8fRzL/D+Bx922lrmxYrLL8/9w29ig3VXQuJU6itAjGgUavOWWqbU1/ZYdMdtmVKvQIiKOk81CNXoOOjIY7hz5L3du7mZbPjNDbh3+E2stcoK+NCIxGrR55TYfrhUGZq2DNZqaWtR/F2JLiGIIxdheq6ceNqZXH7Ndd22L2OMMcaYzmYBqjHGGGMWSUOGDuPUM8+hGiLR16HeE8lQqqhUUcmL6tLPzSFvz2sxMCqJEapV9t5lR667qmsHRs3s+VEvEXBEqfVnLcIvJ+BFWaxHPfsP2KvT1zFgz93oUVdH4n27SfatimhuyrRGHv/dHzp9PV/WcssszYhbLmej9VdE8ilUxONi2m5PbS+ttX9oW4la9kaN4skVXJJy6hlnLXDH+ddecw1uu/Eq1uy3AppNx8VmnGY48tl/YVmBqmXUGqV4/QU8eYRzL/w1N9w8pKu2YYwxxhjTpSxANcYYY8wiJctzrh08mF8MOoNcHbk6sjwWA+PJieUFoTxk3nZolJT/K63vhUgKxGozA3b9IddcfmmXD4yaWRYUFYeUPVBpOcIv5CFnuaW/wpJ9+nT6Ojbe6JusvtrKoNomPC3vpRa9EfKgpPUNnHXeRfz12eeIccEcOrTsMktzx5Ar+fYGa+KikkgdIkUw7ITyEpy4tq+O1srM8v08KLiEiKexmnPUTwby+BO/69S1NzU1MWnyZCZOmsSkSZPJsmy2n79O/zW5+7ab6bfCMkjIEA0tPXRbzeIXC7UQVVpDVJxHfEpAOOeCizjp1FO/8PGNMcYYYxY2FqAaY4wxZpHyi/PO5+TzLqDJ1xF8HSopQopIipcKiaSkpPjoSYKQhIhEUHWIehweJw6ngsORpoFqNo0D996Fm7thYNTMJkyaxKRp00CEFIcmjkSEijpUICaOnXf4QZesJfGezTf6JokoSESjlgPrHZST3XEJmTpmxIQ99j2CCy68bIEN2Jb+yle485br2WyzbxEkItGTuhRRxaniIriQkETw5EXwGIvwsTZYSpwnREc1CtWYUNU6DjvuJB5+9PH5ts5Jkyfz/KhRXHztDRx07E/4zvY70Xfdb7DCeuvTd92vs/OAA7jsmuv515tvdfg9+q26EvfdeQsbrLsaWVBy9XgXSAS8pDhNEU2Ask2B86grqm9r4WpR+OyJ6nBJPU2559bh93DGORcyo7Fpvu3XGGOMMaa7WYBqjDHGmEXGNYMHc8ttt1Op71lUBLY5Ti4zVQy2FYGIEJwSNOC8EDVHJFBtnMGA3Xbhiot+1cW7mbVp06bTnGXkISeG0K7nqKrS3NSEpEmXredr666Nxlg8/kwVjEWVohIEggi5c1x27fXsvf+hfDTm4y5b49xYconFufXq89l2i2+iOo0sa8JJPaoNKHVliAiowsz9Xss6zoIQFaIKM6o5x598Go88Nm8h6u/+9GeO//n/scn3d+T7u+3LmRddzgNPPMm/3x+Dr+tF9PVEX88Lo1/jnEuuYrtd9uKiy6+iqbl5lt9vjdVXY9jga1lrxWXwoYkQAlG1WDdFz+CIR2f+J4O2fzsiRG1tYTBk+J2cMugsmjt4XGOMMcaYhY0FqMYYY4xZ6FWrVS6/9mpOPe9c8ig0N2WgnpDHNp/V8dFxFQhOUYnglBCrJAlUp03ksP334uZrLqO+vnsrT2uWWrIPvXv2BMB73y4kBnDe07Nnry5bT89yLcw0rb4mOiWWAWomoGmFZ158iW132o3Hf7dgTaqvWWqJxRh29QWc9JNDEBcQKkADKvWocy35+6z2q7iWnqjiPAHBJymTG6vsd+xAzrnokg4DzVmZPGUqd917P9/dfmf2PPjHDBv5KGPGN0GyGCQ9qOaOXFMyTYiunujqyaWO3KVMzuBXV1zHWedf1OH3X3WVlbjr5mtYc8WvEENGjKEclOUIIsSWNhGzFrUI7iNCngecT6hG5ba7RvDL886nsckqUY0xxhiz8LMA1RhjjDELtekzGhl42qmc/evLkLQOSPCu1r/Sl5PTA1Fju69rOzHeO0i9Aw2I5hCruLyRnx5/JJdddN4sg7Lu0rNHD+rqKkjZ71Q1EtvsBRGqXXhE3jvXcn9mHVErKlqE1AhVFXJJ+Wj8RA456liuun7wXAWKXaV3z56cedJJnHz8UYhW0ZDjnSBI672eVQWqtA6Wilo8H0ULXkemCZffcBMn/uIUqtXqbB//+VGj+Plpg9h859048sT/4x9v/ZfoGohSTzV6AikhOqJLUVKUBCRBXIUsKIGE3FfQtAc3DLuDIbcO6/Cx1ltnbe4YMpjVV+qLixkSc4SIxkixhdZ/MqgWlcbF3x9aWheAQJKSBQUEl1QYfOtQTjz9dGY0Ns7LU2GMMcYY0+267nyXMcYYY8x8NmNGIwN/MYi7H3gYfB0OB2XfxkItWKwFXa1BqJaDj6gd74+BOudJULKpkznjl6dywnFHk3jfDTubvdogJin3gbaGek4c06dM7rK1TJrc5rFmESi6qK1NE1QQSYgRkIQgkTPPu4Q/PvkUw268niWWWLzL1j2nTvvpsfTu0YMLLr2epqriXIo4X4TWnx+zRMtupTgKj0YEiEHxaT0hKCPuf4S3//suV1x8CWutsTqNTU1kWcaTTz/Dcy+O4oknn+aDDz+mqopSD74X1TwUr1RXPAqqeKTlpS2xTbuKojkpMUKUBO8buOL6m9jhB9vT96vLzXKf6/Zfi9/ccQs77b4fn3wygdzX4Z0Dda0BqtYeu3XjURyiSqz9rXO+/GWF4pN67v3NozQ3Vrnm0ovp0dAw358fY4wxxpiuYBWoxhhjjFkoTZ8+nYEnn87I+x5DXC8k1hOrvhh8o6685rByNCiJCkmM1Gnk0gvO48QTjlsgw1OA1VZdZaborgzMNILAn57+S5etZXaDigRIFLyCL7ojIOoQdThJqQbBV+r563Oj2HGX3fnrs8932brnlPeenx5zOFddchrLfqUOH4uhYyIyi8rkog9oMc++uELZC1WcJ1ZzJDhE6njxlX+yxU57stehx7LB5tvSb72vc/DRxzP49pH856OxNPt6ct+TQB0xpIhUcE4QchxVPFW8BrzG8mp9O4k5XjMQyPG4up58MG4iD31BD9bVVl2ZB0YMZc1VV0KyRhLNSDQrhmUxi7S4pOLKSlRpeV/wSPTELPLAQw9zwkknM33G9PnynBhjjDHGdDULUI0xxhiz0Jk6bRqHH/dT7nvkCTSpQ9WjMSXxPdCyClDL3qZIMUxKBSJaDrzxOEnLCeORSgVi3oiPVYbdeDVHHXFId29xtrb57iYQc0QgDYJTKXu4KuD4YMxYPvxwTKevY/qMRv7wzLPkKFEVRNoM64pAMaFe2hWmavlcQBYhVyFIwr/eeZ+99z+ESy6/utPX/WXss9vu3HnzdSy7REpChgNUBXyKuqQoOiWUV+0VWCvYlLIaVcF7mnMlugpNufDbp57jk8+mEFwPgqsn14Q8CEEFVXBCy5iz2mgnylc5ohRpbvzc2yIR0YAjEkMOLuGVf7z2hfvsv9Ya3DH8Bjb65tpozFHxhDxHNS/+/ohDxSO4MhDX4iqf+dYKXE8eFPEpuJQHH/ktRx0/kGnTLUQ1xhhjzMLHAlRjjDHGLFSmTpvGHvsfymNPPUsVIRKLnoziyFSIoqiEYiBUmwCVlgC1GPLjfKU4Bu0gq06ldy/HPbcPZrttt+7uLX6h9dbuD9UmQt5MQy64CMFFAorzCZOmNnLbXfd2+jpGjR7Nmx98QCaR8tFRqbVQKAK9KBBc20sJLhKd4pOUiBBcQiYpjeo5/9KrOfToExg//rNOX//c+tY31+e+ETexXJ86fMwRIERQ58sAUfEacBoQjVD23W2JUxPIUGKakokjL4PQXIVMUtRXUATvHC4GvOagVUQyREKb7+XK1zEdXI6Ix6EkEpBQRWPAJ+kc7XON1Vbl4fvu5HubbkjenOESDxJQ51CfEl0KJDg8rvw1hLSc63fFACoETVKqESIpGSlP/OEZdtp9X6ZOndaZT5MxxhhjzHxnAaoxxhhjFhoTJ05ijwEH8sLoVxHni4I+l7RW43UwxgiKIFWcwwl4UULehCOQOKHBeW675mq23HzzrtzOl7bZxt+iZ0Md3ilRY9H/NBaVnnk1o1JXx7Dhd/Lpp2M7dR2vvPIK5FUSgahFz8+IoJKgLi3D1Fmf+26tFJZy6FBCiIpLUh546DG22n4XfvvE7zt1/V/GOuusw8g7htJ/teVJtIkKOaKRIJ4gabmfWZnNa3O+86C+6AccPaoer54N1ltvjr9Dzx49GDHkenbcamNC07SWQWVRKQNcTxTf8bn+koojIjhxqDj+/vo/2Wu/gxbIgNwYY4wxpiMWoBpjjDFmoTBp8hT2OeRoRr32NtFVCHkEhRhj+RnlEeYOSHHoGC/gyfFUSSTgm6Zz3WUXs+33F/zK07YG7PZDNGRlVa0iUYuBTQrVrMqnn33GuRdc2KlrOOGYo7n+kl+RkCMxFlWXCIhDXRmwtfSj/fwVpaikrIWoQYUsKJokfDphIgcfdTw77rY3o17+W6fuY26tu05/Rgy7ie0234iKVEnIi/VLgn6uL2rXK/qwJoBHVEjEkTrHhuvPeYAKsPhivblzyDVs891vIxrQGEAjqrVmArPrEdwajqu0PtfiE14Y/Rq773cIEyZOmue9GmOMMcZ0BQtQjTHGGLPAmzBxIrvvfxgvvvomzepRfFFlJ8U09KK6L5QHmFtpWTVHGaDGXPGiiFZJJKNnoowYNpi9d9+1m3b25f1op+2pOG2paxRVJJaH50XQJOH2kfcx/I47O20NSZIwYM/deeD2W1i2T09caMbHKo4AeYYXEHGIeER8+aNn20tQkeLIuYLzHvEeFU8WIcPxwiuvssOP9uGMcy7io48/7bS9zK2VVlie24fcyC7bb0Eam0mIzKreVlWJMRJiJLa5Zqc2oEpEiNr6NbXX8hdSipVoEWP6mPPtDdZlww2+Mdf7rK+v565bbmDHLTfDhWZSIk5zEi+odrwPbWklUA7TUiFo0Tc2uoS/v/EWe+5/qFWiGmOMMWahYAGqMcYYYxZokyZPWmCsFAAAIABJREFUZsDhx/DS6/8mK/OaYvq5a42rWobnxA6PSos4KmkdzY0z8F5JtcqwG69h2+9v04W7mX++tcE36L/aKogvh/a0qUBFKHpVJj048bQzGXHvfZ26li0224T7ht1E/1WXx4dmJGsicYrmzeVnyOeuYmq7K/umSrtKVBVPEE8kQSUlugrX3Hgb2++yH8++MKpT9zI3KpUK111xGbtsvxV1kpNqbPfyaxuEujZvy1xUqc7u6zr6uLri74RKDpoR8kZOO2Xgl97nYr17MfS6y9nuexsj2QwqLqJZE/WJlC2GZ7WnovJUZ65ERQgh4L3jb6++zt4HHMJEq0Q1xhhjzALOAlRjjDHGLLAmT5nKTnsO4PmXXyWILwbsiJJXM1AprpaaP/1cBWpbRZ2q0qNnAz0qjnvuuG2hDU8BevfuxY8PPxitdROdKcTKY8Sl9VQl5cc/+Rlnn/crxo4b32nr+eb6X+fp3z/E7jt9nzrJcLGZOi/ls/P5ALVWfaozvV0bR6Tlx4IKiidKwqfjJrLLPgfz89PPYuq0BWMQUX1dHbdcfzU/2GozNG9E2r0G24efzrmWa04VXyez/JqOg1UFF4CMGBrZfeft2GTjjeZpn7179WLkrYPZfqtNic0z8JoRqo3lnLaOg+HWELX1/TTxEAOo8vdXX+cHP/yRhajGGGOMWaD5QYMGndXdizDGGGPMvJk6dSp9+vTp7mXMV6NffYMDjjyBf779IVESYigOA6tGfJK0BKIteVxL+FY7Hl4c84/qEEnLz2ukdwVGDBnMFt/7bndvcZ6tvlo/nn3uWT4ZO55MUqKvgAheMzxKLr44Qu09z77wEr956FGaqlXWWmM1ejQ0zPZ7P/n0M/RZog/19XVzvJ40SfjB9tuw0orL84e/PMOMLBTBGiCSoFEQp+ByRHJEi8n1om2nuFMGwq3PbSTiU0+mOeKF50eN4pm/PMe2W29B79695/EuzjsRYYvvbsqTf3yCcRMmgQoxg0pSAY3FXp3WSkPLhhId/9c2ZG5Tl4tIOQytFsjiyq8oX+/qCBHEJXgcLmtmhy2+w41XXUalks7zPpMkYYdtt2L82LGM/sdrSFKHc0Uf1JZWGbUgVYq5btJmxy3vaa3LgCDeM3HyFP789DPstP229OzZY57XuSCZOHEivXv3nquqY2OMMcYseKSpqakrR4IaY4wxZj5TVcaMGUO/fv26eynzzeh/vMq+hx3DJxNmkOcBca5d/0edzUzzYnhO63vOCSEGUq/4bBIP3X0Xm2+6Safvoau88NIr7LDnAeSV3jTnQkIkjY1AoOqKAA9VEhQNGYn3LLlYPXvs+kM22nBDttliCwCampv541NPMfofr/K7Pz3Fp2PHs9LyKzB88NWs3X/NuQ6A3n73PQ45/me88fq/iK6OvCpIUkckAjkqscOCYZEwUyVnG+WwqoZKwjJ9ejNy+FD6rzX36+sMb775JjvtcxCfTphBmjRQzYtq0Ci1/rxzv8ZajW6tKreVQ9QVRdiUrSvKKtcYAhXN2WW7zRl89a+pr6+fn9ukubmZ40/+JXfe9xBJpQd5CC2VtW37u3bUs1XK9YoWz6UXxTth7dX78cDI21lyyUXnl0HvvPMOffv2XSBen8YYY4z58ixANcYYYxZyi1qA+tLof7DP4Ufz2aRp5KEIZGY+vjy7AJWWADWA5Din5HkzS/as57Zrr+T7W2/dyTvoWiFGBp1zPtffdg8ZdTh1uJghRDLngIjESAw5aeoh5CBahF15Bq6oiizuseKcR3FEdeRZRu+6hHMHncwRhxww12ubPGUqVw6+kauvv4Vq7hHfUB7JL9alNM/y66QcPVTTLodTJfUe0YCEjB71FS4+/2z23Xu3L3X/5rfH/vhnDjjiWJqq4HwPVJIi+JSIUJ3r76cym+P+6sq+vxEnAQh4BxWUi888nYP2G4D3ft421IHGxiZ+cca5DL/3MdR5Qgif+7va8dCr1ufXoZBX6dFQR2NTE+uvtSpDh9zEKqus3Cnr7moWoBpjjDGLBjvCb4wxxiwCFpUj/C++MppDjz+JTyZMJQsC+vnenl/EqSsCOAmIBGJoYpmlFuPX553DLjvs0Knr7w5OhM02/jZ/fuopPvl0HIIQAy1Hq2t3LklTosai16hLCHhcWl8OavIEPEhCjJBFIUoKLiWK8Ps//pHmGTPY6FsbUEnn/Ch4fV0d393kO6y26sq8+NKLNDY2lUfNfRkqhll+XWtnW/lc1abgiVq20ETIcuXx3/+JukqF73x7wy99H+eX1VZZid69e/LX555Ho4KkiFSIQRE36/3OTMvXPQKqrvXYPorTYra9d0Io2wN4AmkS0Gw6662xKrdedzW77PCDueq1OrfSNKGSJvz7vx8w5uNPi19q1NY92/C03GN5qF9VcYknywLOC+PGjuPhhx/l29/+Fn2/+tVOW39XsSP8xhhjzKLBKlCNMcaYhdyiUoE6ecoUvr7ZNoyfMgN8hRjBdxDCzK4C1ZV9NZGIagaS4xNBYuSXA0/g2KOPomE+H2leELz/4Uf8cI8D+OjTieAqNFczvPOoaHFcHiVKeefEt5sl2jbccXlGLANVFUgl4GKVUJ3B+mutzsP3j6RPnyXmen3vvPsuBxx1LG+89T5B63EuIdeOKlCZqQJV2/2pKK2H2kXQEAjNzey203YMvvZievXsOdfrm59UldtH3MMpvzyXaTOUJO1FQMhpmuUrd+ZwTVXbhKjFnzkUyZtBc2K1iksTghN6pJ6l+ixOv1VW4KD99uVHP9y501/fU6ZM4exfXcBtI+6hKr2IKu3C06LHacf/xCg63tY6FmvrcX4ULxCzjB71KX9+4mHWXGO1Tt1LZ7MKVGOMMWbRYAGqMcYYs5BbFALUyVOmsO/BR/LC62/RlEVijHhxlA0eP6ejAFUAp60zv6OGIqRxDgQS59h84w24+ZrLWWqpJTt5V13v5dF/Z7/Dj+eT8ZNIKg2EahFkqUSiRFSKELWo0q0FqK1RlwBJDEQcQRzqBNEMT07qQLPIGqusyEXnn8WW39t0rtc3fcYMTj7rbG67+0GUShnklo/dJmCSmZ7glgBVKFoz1NatELV4flPvyaZPY+stN2HYDVey5AJQkf2XZ5/np6eczlv/+QiX9qAqYdav2w6qrEUETyRvbqRHJWHbLTZlxRWWZ+stvkuaJrgkYcmllmTN1Vajvm7Oh33Ni3Hjx7P/oYfxtzffoRodaEqeh6KStFbx+gUBakRQkZbQ1JX9bqUMjr0qhIyvr7069909nKWX/kqX7K0zWIBqjDHGLBosQDXGGGMWcgt7gFqtVjnq+IE88oenaCYhRHBKWaM26/6Nsw9QY8tEd9Wif6ZzxTR6lwhOq2y4zhrcc/uQBSJkm99eHv139j38GMZPmEqM9UU0JVqM7XEBJeLK/wrapsJTiwBVHEFqd7Hs3RnB+TpEI/WJ48bLL2DHHbYjSZKOFzMLWZYxdOQ9nHrWBTRlrqw1dUjZi1VQiDrrABUFycqEFUJs81qISiXxVBunsNHX+vPg3XctECH51KnTOOuCX3PHiN8wpZgqBSJlX9fiHhftFqSszSyHMGkk5FXWXmVFTjrhaHbYbmuWWrJ79zNh4kT2OegQRv3tNWKlZ9H+IY/4mYe8fcHx/dYAFYRQDsoqnnONxV1JPWjWxDabb8pdw4eQzkXriAWJBajGGGPMosF6oBpjjDGLgIW5B+qQYXdww623kwXFiS+HlUu7UUIzX7MjokWfz1r7TAcqWoSIGgDHx+MmMGrUKHbbece56um5MOj71eX4wTZb8Ndn/syn06Yi4kATNAoOoeg+6sthW7X57rHl/4Mr7l3tniGg4ou+qbGo5I0x8sDDjzJ27Fg2/+6mcxVuee/Z8OtfY8Ovr8uzTz/N1GkzwNWRS4UYPaLFmrSsmNVyDbVLyphVkCJPVS0DdyEAaVrh07Hj+N3jT7DWGquz8sorder9/iJ1dRW232ZLdtv5B8SmaUwc+zGTJ30GGvDiUAHnKsQQCdUmXGhmpWUWY7cdtuL8Qafwq7NOY/2vr0ePhoZu3cfkKZMZcMhhPP/6O+S+F0RBYhEIt7x6VNv/PRUhqhJVi9C4/LjUWhLUQlMF1SJGhaLyOToQL7z99tusvPzyfOPr63Xr/r8s64FqjDHGLBqsAtUYY4xZyC3MFagffPgh2++6D2PGfUbEFdPZpRatyBeGpbNSOw7ckeK4NKQETjnuCH7x859+6fUvyD6bOJFf/fpKbho2ksQ3lIOhFHFlUK2ujLMCSmiJveJsgh6NghPwRCouEqtNbL/15tx52y1fao0fjfmYA448jhf/8W/U9yCPkDiPlxwlb33cNhWNoqHdx2t/plIEeF4gIVAn0OCFi351LvsO2PNLra8zTJgwgdf++U9+/+STTJwwEQCRBEVYcaUV+OG229C371fps8Tc95ntLE3NTRx9wgk8+uRzTI9F0O1jhos56sqBYLOoPBURYoztj/fPNBqs7XMIFAG6L6qmUxfRaiN9+/Thz3/4Lcsuu3QX7Xj+sQpUY4wxZtFgAaoxxhizkFuYA9TDjz6eBx5/kqCePM+RNClOb0uZiDH3ocPsAtRiuJQrTlHHjF4u8sDI29loo2/N404WXG+8+W9OOe1snn7hb0haX9xfBSet1afaprZ3dvGzKnhR/p+9+w6zq6r6OP5de59zpySBNEpCD7333pXyKoKASG+hiiDyWl7pClgRFZSOiEqTokgJNfROQq+CAkonpCdT7j17r/ePc+6dOyEJmWQKGdeH55DJZMre5977PJNf1l7LiSIx4CU/Nr/40EW4/OLz2XD99bocFE2fMZPvn3oWV/31dtQ3ECXBkeEkFt+zc8CGdqxQa8Ok8qeLohCKdQmkolTa2jlo/734+U/P7PMqzoXVFVf/hR/86Ce0aErQlBgVH8s4zcAl3RygFlXjDpxEEg34LHDskaM584cn9dKOu48FqMYYY0z/YAGqMcYYs5BbWAPU/7zzLlvvuBtTWwKZ5se0IwquWnkqxXFuOk/4/owei17m9GfVBosexOE04LXMsosP4/nxj3Xz7j5fZra08qdrrueMX5xHazmiCOIc3jlCDNXz1gB5+4NiQFOHPHUViUX4lQeuDnACxAqDBw3gxO9+m6NGHzxfazzvosv54c/PI0qKJJ5yuR3nHCLS+fGWvN+m1tZVrFAU1QAa8ZoPDMvDVNDQzlabb8R5v/wFK45afr7v43+jCRMnsd72X2Jae6ASIEbBofiY4TTmFaj62X1P6836TyPVz5XqICkhP8IviouRBudpbkh5/P4xLDViyR7YZc+xANUYY4zpH9w8fIwxxhhjTLf707U3MK09EiUFUqLmR/i1Wk0oWgvPZhfOVN8/6zVH2pG3KUIWlIjnn/95l+tv/FvPbraPDWhu4pjDD+bem69hw9VHkRCIWZmoWUejWByQh8vVeKsj9JG6/1O0V3DFsKmE6BuZ0lLm5DN+xndOOp2p06Z3eY3fOno0v/3ZqQxpVLL2FpIkwXv/6ce0GMJUW1ft94KKA0lQSQh4ok/JJIW0iYceH8eX99ibp8Y9TYxzb/NgOpx7yeVMb20nhoDEDE+G01Dcbz9fVeKzyttq5I+j1KWrIUKmQobnk0lTefixJxZ8Q8YYY4wx88ECVGOMMcb0iauu+ytBUiIelSI8FSkuLY5kd7fqcW8B51HxlJoGcP6Fl3T7d/q8ERHWWmM17r/zb4w+YE8aGpL8/bX/V0PU+rfdLO/vkM+L90QcQRztlUj0KX+4+i/sfcjhfPTxx11an3OOg/ffm5uuvYJlRy6OhkAIASeCcy6vRnWu+L7uU5dKXq2Kc6j3RHFEfB7w4ik1DuCDTybx5T325pxfn9eNd7b/evf9D7ju77fmcXloJ4llEq0UASrEHvqrRLWIPBYDzDKFpHkA5/z2wh75fsYYY4wxn8UCVGOMMcb0uifGj+ejiZOI4jpNe5ciPBHtOL4/J9WqtVmPxnYMoOp85ZWKLp/frjGvdHN5GPfKP17nxZde6uFdf36cfeZpXPf73zJ80WbQCs5rfpRfFNUMIeRxqYJTwWl+XP/T9zXvmRqj4tKUciWASxn3zPPsue/BvPr6P7u8tg3WX5dbr/0D66+xYv5ccE0ELeX9V10EqSAu5A9n8Z+DYo3SEfVqxzT4KEJLJeAbmsnw/Oyc8/jBKT9kxsyWHri7/cfd99/PxxMnAtTutHTqTSy1Vg+feh1+xpF+ncMVi+cZCA5X9FFVQog8+/yLTJw8pWc2a4wxxhgzFxagGmOMMabXjXvmGTRJqGgEF0BCR39NFVx0uChzPBxcH57Oa4CqOJC06K2a1zFGjQSBthB5+JH+3Qe1XpJ4dthua+69+S/svO0mZG3T8UlEJQPJgFgEzXWVp6KdA2mKKU4xIqoQFec8UR2RhNfefIedv7oPt91xT5fXt9Ko5Xno9hs58oC9CG1lRB3eJcSsjHexeDTzgM2T9+R0RCRqcUWE6hUIopCklBVi0oCUBnDZn65jz30O4aOPJ3Tz3e0fyuUyf73lVrwIIQgqjURSAknR/RaEQH2dePW1OL/hqQKZQiDv4+FU8mpUAXGOxsYB3HHX2J7duDHGGGPMbFiAaowxxphed+sdd5IkaachQPNv3r5APrC9c/Vc9fdJWuLRxx5f0IUsdJZfdhmuvOxCLjznxzRLBZe1gToiKVE80TnUCeoVdXO+z/XBqrj8OH2ISmt7mcOP/Q5XXntDl9cmIpxz1omcdeoxNKcthHIbiRsIWQkXS0j0ecCrUhe/zfGr1aoaQcii4pKEJ8Y/y177jeb9Dz7s8vr6uxkzZ/Lscy/ifdpxa/twEFJUxacl3n7r7T5bgzHGGGP+e1mAaowxxpheN3XKdNrbKyQ+WeCvNe/Dv4venip1PT3zEDWo4+XX36SltXWB17OwaSiVOHi/r/PY2FtZa6VlqgfiiyFBEJ0SvBLn8lNjbagUQtTi9+IIOFqD49snncllV1xJJcu6tDbvPSccfSi3X38Fgwc1EjPBxQQfHZ6kU5uHuXV8EC0O92u+PnxCe4j4hkZefuNtvrz7/ox75vkura2/e/e992lrLZNloFqtLO279STeoyo8/NiTfbcIY4wxxvzXsgDVGGOMMb3qk4mTmTa9Be8TouZHgFW1duy3/mi+qiLFEKF61Y+PMX5qonr1fTHGWY4SS12I6jqHqL7Ev995n7a2tl65B59Ho1ZYnltuuIY9v7QdkrXiJUM0P86PKnGW9GzW49qaN5UlVqtRxZHFiHhHOSjfPeXHfOcHpzGzi31HnXNsvP563HzN5Sw7YhiEVrxWcKFM4vJHUIvR7XNq60DRGoJi2JSKgE8IIgQR3nz/Q768x37ccvtdC3QP+5OHH32MNG3ESQkRP8ePq74WP+vY/tw+v/oarr7Wq49f/eMZo9JQamDixEnzuSNjjDHGmPlnAaoxxhhjetXHEz5hxoy2IjTpHJr2vLrq01olqiOqUA4QstALa/j8GjZsKJf/9mxOPuFwStJOSTK8BpzCXE7wo+KIOOIsISoIhAqJE5xPuf6vYzjkyGNpnY+gesP11uK6P5/HhuuMQnUmKm2oVqg2ydS5/FhbX1VLsc5YhKfqAjjIcBxxzP9y1bXXd3lt/VFWCcQgxCi1vzL03QF+ao9dufLf/Ro1xhhjTN+wANUYY4wxvSqrZMTocOLzw99zGQjV7bSu/2ntOL+AuPxotyFJPCd/93iuvew8BjcnOI14pdNx+VlpUQWquFolan6sH0QraKUdL57WcmTsw0/ypT334cVXXu3y2tZYdSVu/9u17Lrz1njXToztoHGW3rZzXGBRgVq0GxAhCkQXyLRCe1ahPcAxJ5zIGT/+OTNbulYp299UsowYQWNv/ePGZxDIskDJp329EmOMMcb8F7IA1RhjjDG9yqcJFVGCKt7N/UeR2YWrsx71d851uuZ8pDgSpEwkQyWgLqJOUQFxQoxd68/Z3+34he3469WXs8yIRcmigmsoJt4LTh3EvLJTxONUcTHDaQZF6wRViCpkLiWWGmknQEkg9Tz90ivsvt8hPPTIY11eV2NjI5ee/1u+e9xROJ2Jk1Y0tCMhQ12GiqI4hBSRBIdDJIIEICAaIWq+/ijEzJP4RpzzqAguLXHO7y5m/0OP5t33PuiRe7tQqFbpKsTqvy7MJkedteUGXawor2/RUW3ZMbvPj+IoO0+WzLmdgDHGGGNMT7EA1RhjjDG9asCAATQ2NuC8oHEePmEuZhe0zK2aVTWAxOLYt9a9P+JTj7jPQaXd58gG667NLddeyUZrr4oLZRDBO48KqPjiygeBueqhfSmGtUtR2SueIALeoShRI96XmDJtBnvseyh/vXkMWejasezGxkZO+f53ufz8XzOoQWhKFSexaCPgUZJ8bQjRgaJ5L9faY67FU0BwJMQoSLEvnMOVGrn/kcfYcvsv8fAjjxO6uL7+QEQQB+IpehX37RApyB+bUmNjHy/CGGOMMf+NLEA1xhhjTK9afpmRLDZkIKFS6ZGmivPTEsCJMmqZpWhqaur+BXXBzJYW/vXW27z9n//wwUcf9elaqkYttyxj/3oV++y6A2ggxAzvfV6h6DzqPMy1krhjWFc+jMgRo5KFSGNTI0cddwIn//AssqzrFcB77f5V7r31JlZbfiRNXhBNkJjkR/SB6JQoAZU5J/WxrmdrLC5xHudLTJ/Rwl77j+ak089iytRpXV7fwmyZZZYiK7fhRTuGOvXlglRxBNZZZaW+XIUxxhhj/kslfb0AY4wxxvz3GbroIsT4LqKu6JTZtdK2eQ1G648Uz+nzRAQvsOYqKzGgublL61hQLa2t3DzmDm656x7+8do/aJsxk6kzpiNAqZQyZPAQFl10UbbacnM232xTdtx2a5Kk9398K5VSLjjnJ6y77jqcfNYviqP7Do0Z4lNUFTeHxySvS1XQSCxKjp3mgWt7pQLOc+kVVzJ1ylR+eubpDBs6pEtrW22Vlfn7dVcx+qjjuX/8q+A8QiTTCETEK4rkFaezW584RJWYR6coEFQRhLSxmXJ7C5dccSVPjR/Pny67iOWWXaart2+htOWmmyASUCqI5C0Z9DNep/XH+LubaMRFZYN1VuuRr2+MMcYYMzdWgWqMMcaYXveFbbYkSRxB4zyXtc0ahs7JnKpPZ1eZWn07ViqsvNKo+d1Ol0yZOpWbbr2NQ7/xTZZeZS2O/s4PuPXu+3njPx/wzoTJTGutMLW1wsdTWnj93+8z/sXXOPeiP/D1Aw5j9U225qyf/4p33+/93pwNDSW+dcRB3PiH81lsUAMS2yglELNWkllaH3TuQyugrvix0xXDqPKKz6zok+p8iev+eis777Y3r/3jjS6vbfHFFmPMTddy0nGHUoqtSGjDa4Yn5j1QmfNzQRGiuGLAlIPiUvGUs0j0JSQp8dJrb7DDLrtxw99vXuB7uTBYZNAgRi65GKHSijC7nsKz11MD4YRI1jqdDTfeqFu/rjHGGGPMvLAA1RhjjDG9bu01V0dU8f7zcRhGiOy8w/Y99vU/mTiJW8bcxbdPPJ1tv7I3B33zu9ww5j60YRCZlIgkZOpQKaHSgEoDkjSCayCSgiY0JE1MmjCV35x/Kbvsvh8XXHYFrW1tPbbmOdn5i9tx7R8vZtUVliK0TafBKzErz+GjBYrAtP4of/X3QSGiBAWXNvDW2++x+9cPZfwzz8/X2k77wQn88qwfsGiTo0ECKZAouDlmf4IW3VurIWr1OL+KFMf78ytTx8RpLRx57An84jfnMbO1db7WuLAYNGggW2++KU4iC9yseD7Vh7Hee0qibLrhen2yFmOMMcb8d5O2tra+bgdvjDHGmAWgqrz//vuMGtU7FZTdIcsyRqy5MTNCii+moucFbh1DfmY1P0eDZ50KXp3yjQho/osTWHLRJh6/7zaGDena8fHZybKM519+mXvvu5+xDzzIW2+9Q3umzGgpE9RRkYRYnCeXkIETnEAMebVkVV7Al1fxlQRiuYLzgkhx3FyULTbdhMt/dw5LLLH4Aq+7qyZPmcphx53AA48+TpBGovriuH7er1KKoU1KihZDptBY/FnI/0yzPE6tDnSKiveeppLj5z89jf33/lptQvu8UlWeee4FDjj8OD6cOJUgjogvGgmE4pt1VMVmVPt7FtGpVjuo5uFqvtZI6oVQbsGnCZoFNlhvbc758RlssO7aPXF7Pxduuu12DjrmBCRtJta//LRrLTS6or5yVcTls8hQEonsu+uOXHjuL7v8NfvSm2++yciRI7u9ItcYY4wxvcsqUI0xxhjT65IkYbeddyCRSFAl4IqgrVS0aBeYZfDP7I7gq2qtr+bsdDpKrBFfBJeR/Jh2guJihe232LhbwtN333uPb333/9juK3tzxnm/5/EX/sWHMzImtWaUxZG5PKjzqnhVnPN5aKoO5zwiWruoTY6PlDUSUk/FCZW8sydR4dEnnmTrnXZl7P0PLvDau2rI4EW58pLzOWK/PUlCBcETpUSFEoEUUUg0IFQQAkpARVEHWhs+lYJLwHnwAilEl9FSbufb3zmFX593QZfXJSJsuP663Hbjn9h6i/WJLkFpJJESXhTvMryLiCQQG/Eq+WOhgqgDPJGEgCc4JYgQRKgoaNJIUI/6BsY//xp77Hsof77mOlr7aTXqF7bdmuWWX56KBtRF1GkeQNdem93zV4n613W1BljFEcWhqiSiUG5hty/t1C3fzxhjjDGmq/ypp576o75ehDHGGGMWzPTp0xnSDQFgb4pR+estYxBxtWPeUq1sk2pv1Hmo2tJ567co5NWm1aPZGgPeQZKVufj8X7P48GELtJ877r6bw489nkfGP4ekTXkAVO0D2ml9c16rzGVIT626s24iugDtbe3cMuZOVhq1PKutuvIC7aGrSqUSO33xiwwdMoTHnniSGPMKU9BWTGGAAAAgAElEQVTaltUVVYRze4zk03sPIfD0c8/zr3/9i2232YpSqdSltQ0dMoQ9vvIlJk+exDPPPIPzxXF9TVHSPKaTiCsKkuVTj5EUhZb5nReRjl6qColPaC+3c8/Ye3nh+efZfrttaO7lIWQ9rbGhgTfefItxz72MI0GKPrZoNTjtnoNsHfdeccUdj+IB8v66ocyyIxbj1BO/R1NjY7d8z94yefJkBg0aZBWoxhhjzELOKlCNMcYY0yd23G4rNlhrVZxW8AScxiJE07p+mfNiXkOc6lfPZ62n3pOI8qUdtmXN1VaZ731kIePciy7isG99mzc//IRy0pRXK3bjNPJqn06tBXuuU3/OchY48PBjuOyKP1OpZN32fefVkYfuz01XXcSywwcw0FXwZESETJLZVg7n8kCzo+eoq+0zKKSNDbRngatu+Bu7fm1/pkyZ2uV1NTU2cu6PT+XS885ikYGOhqQRDU2oNhEdRN8OonMefKSz793qvCcLAecTKhHGPvQ4W3/xS4x/+tkFv5mfMyccfThNPoHMITHBadpxT6S7e6N2fo16JxAqSFbmoH33Ysjgwd38/Ywxxhhj5o0FqMYYY4zpEwMHDOBru+xMKvmB6aSICPO5Q/qpWLT+2H59b9Ou9MjM26wqGiOECkMGNHLS909YoH387pLL+PlvzqdNS2SukejSWr/IeZlGXtvPXPJWlWrAmHfqhI7fhyiEIPi0gVN/9BPO+OkvyLLeD1E33WgDxtx4JWutsiwutOAlgIOoSoyRGGNtr3nrBQXnQHxtLypFlahztGWBiiqSlHj59X/ytf0O4eOPJ8zX2g742u5cd8XFDB8yKG/bIEAMeE/Ri1U/1S83f9xcx6UdIWoI+dorIYJL0aTER5On8/VDj+LpZ+dvANbn1fLLLMXBe++eNzWIIJki6kEUlbpK47rHtv5+Mg+9UOvvfa54rYeMhtQxsCnl0IMP6KktGmOMMcZ8JgtQjTHGGNNnDtxnL1ZYekk0a0fIoFaFWndkvbtIUcmp4J0gGjj8oH1Zc43V5vtLPvHUOH5z/qW0h4QsJoh6XCXLBybNg04h09w+jqLtQF2IWq3ajMWQJJWETB3nX/J7fnDqj/okRF12maW5/qrLGb3fnrjQisRycaS/Q31Ilu8pDyo79lTszztU8j6p5QDPv/YmX9hlbx57cvx8rW2LjTbg4duvYauNV0KyKaQS0Er8jALmYtiUurpKVAdSVAMX978SheBKTJzWxm4HjGbc08/M1xo/r0753nGsttII0La8TUPxfP2sWVLVwW1dqcbO+xPnd9oTodzGcUcdzvBhC9ZiwxhjjDFmQVgPVGOMMaYfWBh7oAI0NzezxOKLceuYO0mSBkKk46i6U6Qud1nQHoKqSoyaV6xqZPP11+LXPz+DUimdr683bdo0Dhx9DB9PnkmmKSEKLkZSDYhSBIOz0/UeqHk/yDw8/dSXDQ4t4uYsZJTSlGeeeZb29na23HxTfF5m2Wuam5v50o5fxBF56umnCVFqe+40AEwkHyRVpGX1j7WiRTjncc5DUMAzs6WNm269hVHLL8Pqq3a97cKA5iZ233Unpk77hOeefQHvmoqK3tlTdR2H90WKNWrdQ1gX+OLAeSrlCnfceRdbbroxI0cs2eU1fh4NHNDMcsuMZMwdtxOKAWwqEUSLIWiz/7xqgMo8vH7rnxviHN47EgfDF2nikgvOpbGhofs31gusB6oxxhjTP1iAaowxxvQDC2uACrDCcsvy6OPjePPf75KUmslixAuIaqfOk1R/FfmM2lRXO2RTDRydzwc6uTQhZO0st8RQbrr6coYPnf979vNfnced9z1Oe9A8PFNFJO/iGQVUZu2dOetuZgmVBNTlwaFKR4WfdvqQmF8CItVK3erHRpwXshhISylPjRvPJ59MYKcdvtgn4c3mm2zEissvxyOPPUq5XCZEJbq8UYN3eW/Uangpdfeu9hiry9cdtdrcAQQqMXL7XWNpbmpi4w3W6/LeSmnKzl/YnmGDF+XxRx7LA14VBE/UYqKUg4DiXFIEgIITQRXEJShZ3maiqJ51Rc9OUPApM1raufP2u/j6nl9l0MABPXJ/e9uKo1Zg6aWW5La77yIA4lKCOlx1aFitQ6/UnuVa9xyvf5yii6jLO506imBaiuFxKIkIDU4okXHFxb/t9eFo3ckCVGOMMaZ/sADVGGOM6QcW5gA1SRI222QjbrrtTiZNnY5zCR7BF1WIs4sf53wgWFCSWkgZNaKah444IWtvYa1RS3P3Tdew1AJUB06ZOpWjvvVd2oPLvwcBESWKEmq9M+centZWXK28EyGKFKFpUdUo+ZWHi7EWUtVtl1j0olQ0Dx5dHhZnwPinn+OlV1/hyzvuQJrOX6Xt/HLOseZqq/CFrTfngYceZGZrmSwKzjfkfURjzFsSaEQ070vqip6aTh1OHaJFAO4EKcI1cSnlLHDf/Q/y77fe4gvbbk2pVOry+jZcf1222HhdHrz/EWZMm45GxScJ6pQo+WAzDVkeWCuIOETy4/wZWX6SXz2S12DiCHgyQpoSo1DJIq+/+iq7feV/SJLerQLuKWutsTqjVliaBx59hEprgJgiZHWdeak2Yihep58OTwGiD6hTfHQ49UgUootEr5S84GNGmDmN07/3bfbd52t9tNvuYQGqMcYY0z9YD1RjjDHG9LkVV1iOS8/9Bc2poKFMCIEo8/NjSjW8qXXUxDvykC60s/JSw7ntuj8zcskFO1p9/0MPM6OlJR+MNNdD+fNOFJx6nCbF5WuXzLXZZF04q3nLUdW8DtCnKbfefg+HfeNY2tvbu2GVXbfuWmtx+w3XsOM2m+HJEAlEFHEOh+bVxnXbqw2TEldU4nb0e1URKiHgnMclCTfcdAtHLsDeNt98c2752x/ZcN0VkcpkQssEBrlWlhvayNLDGkmzKfjyFErSSuoqRC0TtIJzKRIbQEuIJoAvjvNDrFRI0oQsRu57+HHG3HF3993Mz4F9dt+day4+n8WHNNHo2vJ/nKgzuyFSs/LBk4T8eS4keSsH8UVAHSFmHHf0YRx//DG9sCNjjDHGmM9mAaoxxhhjPhe+sO0WXH7BLxnYnBI1EGKAOU3wnks1l9OI07xisyFxSIyUVDnm4P14YMzNjBwxYoHX+vobb0CtwlXncWTUPKid33edLp3l952uIrwDQbW4IoQghOjwaQN3jX2I/Q46jPc/+LC7VtolI0csyZUXn8teu3wBKi04Ak7AF8f2qz+QRlw+WApP9U+qwWk1SBXniaqoeFypkdvvfZDNtt2BF156eb7WNmr55bjtb9fyxEN38M5r43n92cd45sF7eeaB+/jPy8/x8J1/51tHHMDggSkNScQnsaiQzQNANEFxefUwghchZJW8ijhJOfvc39HS0tKt97OvbbfV5jww5kY232A1XF3z2vrwdG6vCqcOH/Kha1oM5cqHRik+ZnzjkP054/STemk3xhhjjDGfzQJUY4wxxnxu7P6Vnbngl2cysNEhmk+Rn93R1+qx99kfi9VaL8UQMpwTBg9ehM033pDFFxveLevMsgxVRURwzs338dz6cFgQRANohoYyaIYjELP2osLV1S4R33EhefUernbMXIpqPpWEEIUgjvsefIR9DxrNm2/9u1vuQVeVSiUu+tVPOfqgvShpG1ppwRHRmBWPWV5lGsWjeBAHdcOztBjUpJr3l404KlHwDc28/d7H7Pq1A7jr7nvna21NTY2ssfpqDB06hEUGDWJAczMDBwxgyODBbLDuuvz4tFMY/8BdfPcbo1liUBOJlklE8U6QkIEKEUcQV/TuzQPVdo28+Orr3HnX2G6/n31t+oxpfDDhg3wAWN3r0TlXvCbm8tcMVYiRiKJEogYaPLhyOwfuuSsn/+C7vT78zBhjjDFmbqwHqjHGGNMPLMw9UGe1xmqrsNyyI7nz7rGoSwgh4r3vXIlaDSxnKXKTWtyWD1zyTtAYaGlt4d77HmTUMkux+uqrLvAan3/xJe576FFwaW2KPHQMfJI59DudlYhQqVTw3hNChpDlfUCJOAcxlElSh+CKI87V0Lj+yoOqar9Qat+5oxerkIdWkz6ZxNh77+Mru3yJQYMGLvB96Ko0Sdh+6y1YZsTijL3vvryiFM2rSmvH9Iuj3EgeonbK4TruqxbT2lUFdZ5yiNx86xiyENlq8026vedkc1MT22y5GXt99cu88PzzvPvR+1SyMkmpIQ8CJX8e+HxyEtHllbOJ9/zr9X9w+KEHdut6+tI7777LfoeO5l/vfUgW/Bye63N5DYjmBdQeXCIkVPBZG98+/GB+dNpJDGhu7ukt9BrrgWqMMcb0DxagGmOMMf1AfwpQAdZcfVXWX3cd7nvocdra2j91jF+KKfXILO+vDbHJ344h5GGk5EVvt95+DzNbZrLlZpssUIXboossyjU3/I1KkLoAVYqp7MUU+XkIUDXGfBBUVkEINJWEkcMHs+QSwxm6SDNDBg2gZeZ0ovhagMosAaqIq+VU1dshaK1is3pfSqUSIcuYNGkSd9x5L9ttuzXDhw2d73swv7z3rLv2mqy1+qqMfeARyllAJMkfNfHg8on3eSVttbVrXqGab7njzmo1SM3LIHGJ54GHH2balMlst81WONf9h60WGTSIr+76P7z59r948+23yELM110MD0uIIEJwDnXgRZj4wYdss+VmLLPMUt2+nt728ccT2O+AA3nprXcoS4pq/uKqvkY7B4Uym7cAp0Sv4AQhENtmcOIJx3Dayf/X68POepoFqMYYY0z/YEf4jTHGGPO5tNP2W3P3X//EmisuhWggFkej8/6mGU7KiAScxKJbpiDqQBwR8tE2Lj/Grq5EWwaZL3HeRX/glDN/TiXL5nttK684iiMO3hdHW17xGhtQBhBoIDhPQInkAVGIWVGhWFSoist7p8Z2KE9l9eWGc9SBu3Hj5b/loTE38fTD9/LMA3fx7ENjGf/g3dxz03Xsuv2m+DCdEFoIkuWZrTp8yAMoNKAEIvmx6IAUwWIswlSlPcuIiUcbSrz+zjt87YAjGP/sC935kHXJLjvvyN1/u5KVlhqJhBKEJoiC03aglSjtRGkHKkUU7HAkiGpHdCqKihIlkgGtwZE0DeaiK67j8KOP55NPJvbI2gc0N3P+2T9l2802JJVI4hSNiscT1RWhYsChhBjRhgbG3LnwH+Of2dLC6GOPZfw//oVGIa1keOqP7XeEhIqSUUGikmaetJKQBo9XwQENQKoVtHUqxx9xECd9/zt9ujdjjDHGmLmRtra2bpt7YIwxxpjep6q8//77jBo1qq+X0iM+mjCBPfY/gpfe+DeVSqShlFDJ2nG+fnhS9fy8IC50mgLeKdRRRTTiYzvHHXEoZ5x2IkmSzNe6pk2fzmln/Zirr7sNlQFU1JFJhiQBYgWPAy2CpEpGkibESt6TddRyS7PHl3fk63vsxqjll6OpsXGu3yuEyK133MG3TjqdiTPKaExIpBENEXyW95GMsbZH1bz21Nd6HGgeKRe9YVUdXhyDmlL+fs0VbLzRBvN1D7rDhx9N4JBv/B9PPvsqmQaEMpIkBJVajwZRqXusQxGPa1FyW+wNh2pCgpA6cKGNNVddjquuuIyll+qZys8Jn0xkq5335KNJ04mkRHV4AlECmYsEDTSVSkiWseFqK3HPLdf3SFVsb5gxYwaHHnU0dzz8OFFKOM3bFahPi5rvzmIR6acxJdE0713rIjEJ+fCwmOFF+dYRh3Dqid/rtz1P33zzTUaOHGkVqMYYY8xCzo7wG2OMMf1AfzvCX2/ggAHs+uWdeOLxp/howkSQBNUE0VIxgd5Vz3GDKLPmFFJ3rL5SrlAqpTiBZ55+hvb2drbYfNP5Cm8aGhr40o470pB6XnvtNWZMm0TqAiWfUZKAjwFCO1TaaUxgnVVGceh+e/HDE/+Xn5z6A7bbeksWHz6cdB4CXOeE1VZZhV122oEHH3qIyVOnEaNDXAou5Kfbi33W/+okn3COEzqNqxLBO097ucJtY8aw5uqrsuKoFbp8D7rDwIED2G2XLzJl8oe89OJLNCYDqZTJB2Gpzxtl5iW3dU1vOzV7rb3hUFBBXIp6z4SpU7n1rrvY/cv/w6CB3d/zdUBzM0uPHMFtd9wNzhNxCBFEiaKIE4gRYmDSxEns9dVdGDJ4cLevo6fNnDmTfQ84iAefepaKbyQjKeL5uQ+LEgQn+UAwdRCTSPSRVCNJyDhm9EGccfpJC22oPC/sCL8xxhjTP1gFqjHGGLOQ6+8VqFUffjyBfQ/9Js++/DoqTaAJIWQkqRBCBSSvTBRhthWoqvmRfmLASyQVRbMyRxx6EL846/QFCjg++WQiz73wEmPvu5dyexuTp0xm6OCh+CRhgw3WZ9ONN2bkyBE0lEoLfB/e+s87HPyNE3jxtf9QzgTnA6qxU5/Y6ttOBa1Wa9Yde3fiCFnAo6Qukgr8+hc/4YB99+qzoCfGyLm/u5RzfvVHKjgqEtEILknJNENdBgQ0VsPuolFDEaxK3loT8EQ8znnUBRqbE5YZtgi3XftnRi65RLevu1yusNs+B/Pk86+TaYrTSJRIcBE8SIw0OKEycwa333AlW2+xWbevoSd99PFHnPD9E7l97ENUXInMlYg4QHEaSWZTf9rpOaRF/17vCNoGrkLS1s63jziMH51+Ur+tPK2yClRjjDGmf7AKVGOMMaYf6M8VqFUDBwxgl52/yCOPP8aHH03MB/Ykjiyr4IpCy9llFB0VmUXMJtWj4PmgpWdeeImPPprAtltvPk/VoLPT3NzMqBWWZ4cvbM/OO+3I7rvtxs477ciOO3yRtdZcgyGDB5N0U1A0ZNFF2Wn7bbj73vuZOHkKKsWR/aIHpaoixRAm1by9QUSLAVT519D64VMqxKDcM/Y+nPNsusmGfVIRKCJsvtlGLL3UCO5/8D4qoR1RR4zkFbQuohIREqSoou38+cXwLM2HOeEEcXlV8sypk1m0uYktNtuk29ftvWfAgGZuvuMeoi/lPVpFiS7vPetE8j65wIjFh7PtVlt0+xp6ytv//g8HjT6cBx4fR/AloiQoSVHFrIjEoiftp4lI3npB8rFuohlNqaDtrfzv0Udw5g9P6deVp1VWgWqMMcb0D/3/pxZjjDHG9BuLDR/G9X+8mLVXW47EtxFiCz6JefWpAjrnH220bnJ9RMhUIGlE0iYuv/paTj3rZ2QLMFiqNy09cgTX/v63rLTMYojGTn+Wh6dFQOp8MSHeESXfdywGTEUBxeXVhC4lRs/Zv7qAM3726z7bF8A+e+/CX666kKWXHIhz7XhfVDhqfULuip63rrjyCV3Vx9gR8URcLONDO8cesj/f/fZxPbbmnXfYnjT16CyPRT2flpj48cc9tobu9vo//8k+hx7Fc6+/Q0wbUaHoe6p4jTjtqPjueM7VXdWGCyJ4JzSlKXFGC9858gjOOO3kvt6eMcYYY0yXWIBqjDHGmIXKYsOHc+OVl7DeGqNIfMBJRDUWxZXVUff18kpAROl01th5MlUqWcA3NHHplddw5Anfo71c7tX9zK+VV1yB6/94EUstMQxHJIaMGLXW47R6P8RVqzU7fuxTqN0nEUclRKJPKEfh3Iuu4OQzfkaWhb7aGltsujG33vgXNt94HdA2RLJ81SrVxRcdNmu7LD6zaNeAEkMFr4Fs5hQ22XijHl1vc1MTK49aHl/3HJO6GVdaDDp7b9LkHl1Hd3n9n/9i39FH8dI/36adhCBFSF0c23dFFJ//mqs9EkWAWpQE4wS8KFlbK987/hucdsr/9enejDHGGGPmhwWoxhhjjFnoLLn4Ylz/p8tYd5WV0EqAIGgMpJrh1OE1xUuCOCFKJPoMlYDTrKi5LMIfzfuDZhXFSxO33HoPR37zBFpaW/t6i/NklZVX5O9XXsyoJRehJLFoUeAhgoYMIcuDLiHfa8xLTyU4XHQQhaiKS1Myp4QU1Dt+c8GlnPLDs/p0b8stswx/u+YPHLTP/yA6hZLLSBRUyigV0AgqOBUcAUcEdURxZM6TiSMgaHR8aacde3y9m22wNhLaUEJ+dF8FHx1OPaoeJeHddz7s8XUsqJdfeY2vH/JNXn9nErgUF1rwMRJJ8ipmp+DBOY+TBOcV78BJgpCg6ggomUR8gwNtw2czOOV7x3DySd/p9z1PjTHGGNM/WYBqjDHGmIXS8GFDue7Pl7L2aivS1FQChPZMAV/8iFOd4O5Bk+J4f329XMelCiqOcoz8/Y47OeSIo4lxzsexP09WX3UVrrniMpZachhJtRrXp0Rxtb6wIlLrkQrgZjluPavmpgFcdMWVnHzaGZ2GU/W2UqnEOT/9MVdfegEDvJJQrYrNj+sreWAa8gP7UK2uBcTlj2s59M7jmKZpHurOVl4tO3PmzF5Zy/x69bV/sPchR/LmOx+Q4Yjq8tdQfWuMTk+Xog5VPEE8UTwqHhGHF0cst1OKkbNOPZH/Pf6YPtiRMcYYY0z3sADVGGOMMQutJRZfjFuu/xOrLTuCNPF47/MhQuqKKwFNO65ZgtPqJd6ToUTn8I3N3PHAw+x1yOjPfeBVtdYaq3P7DVez8nIjSCSQxQyXJJ8KSWsh6lzCU1TJRPBpAxdf8WeOOPpYJk+e0vubKqRJwpd32pF7br2BjdZaGdEMiLXT/LEIUbU6FKu2jXxwVmNjY6+ss1Ku4P2ch5Ap0F6u9Mpa5sfzL77ILvsfyNsfTyR4T6ZCVEE1QefyV4Y81k7IJCGIR51HxONVKYWMX/74dI45avR/xcAoY4wxxvRf9pOMMcYYYxZqQ4csyt9v+COrLj8C7xTnlEjA+7wSTvD55Hbxxdv5lVfWVS9Bo4J4sigkjc3c+cDDHHLMcbS3t/f1FufJcssuzY1/vpR1V1+R1EVEAyJSq6St1d6KfGrwTz11nhCVoIBPufHWOzj0qGOZ1IchKsBqq6zMdX/+PbvtuB0+VEg04CUPfJ04Zq2Tdc4RY+y1xy+qgiqqEVX9VOWuqtLQUOqVtXTV888/z4GHH8kHU1up+JSyatFJVlBxiPM452oBfP2lEaJWZ7gpSeJIJdLslN+e/VNGH7x/X2/PGGOMMWaBWYBqjDHGmIXesKFD+Pt1V7DaiiPR2IZIBdUyqlkxyadaberq3q6j4HG4KIg6QuZIfBP3PjKO/Y44htbWtr7aWpeMWm4Zrr7sd6y/+gpI1koIgSRJ8mrMuiP8n9r/rIqKzkp0RJfy0BPjOPDwY/j4k4m9sY05Gjx4Uf504W/4+WnfoUEqSKUFF9uRWEFioD5FjTEiImRtbb0yGOzRJ54iakRk9j9eiwhbb7Rhj6+jq5597jn2GX0kb74/iRgdGiNoQKiACwSnRJlzGwevEacRkYCTgNcyvtzKT394Evvv+7Ve3YsxxhhjTE+xANUYY4wx/UJ+nP9KNl53dbyL4DKgAoTi0roQtfOVD54SvAqaKR6PJyUG4a4HnuCQbxy/0BznX3apkVzz+wvYbKP18EUFajU47eiF+tlfR3HgEqJ4Kup54PFxHHjY0Uya0reVqGma8M2jRnP+OWeSaoVUMxICXkOnj6vus3HAAG66+dYeXdPUqdN4++1/I8gce8aqRnw65yP+fWH80+M54LCjeGdSK5XSIAiKixEfMxwZkBFcJM7h+SJAgpJKxBNIJOAqrfzsRycx+uD9Z98iwhhjjDFmIWQBqjHGGGP6jcWGD+PqKy5kg7VWJrRVSKUJFxyJCyDtRNHapRKLK6ASqwPqcc6TRSUgRHX4tIHb73uYA488dqEZLLXUiBFcccFv2GrDtXFZO06UKCCJzytyBRDNj11XLyXvH1snquJ8goojKTXyxNPPs89BR/DJpMl9treqffb6Kmf98HukLiAaiQpIxBERArFSwbkE39DMk+Of6dG13Dl2LFkMhCziYoYjQnHPg0BACDEyfLHhPbqOrnjltdc54Ihv8u6kGWQxolkZUUUUnIBDcCL5ODZVvMaibjkfzoUqoop6IcaMkqswMKlw9pknc/jog/p6e8YYY4wx3coCVGOMMcb0K0ssNpzr/vh7ttpwI6SspJIgMeCIqGjtihJrVxAlc0omUBElOiFTJYgQsoxSUuLRJ8bztX0PYsaMhaMSdemRS3L1Zeex1y7bo6Ed54RyJcun05OHqFrtc4mgeBTf6WuI5H8mzhOjkKYDGf/sK+yy53688+57fba3qm8efRi7fXlHQgj4pAQoUlSjOlFCVCpBuHnM3Xw04ZMeWUNbWxsX/P6yfPq88wh5/1l1SpCY1z6LoCHwxW236JE1dNX4Z55ll30O5d3pgbKUcBJIta0I1vPngkiCw5PgSVCcKqgjkhCKvsFSDPEqlRIaY5mLfvkzjjjkIBsYZYwxxph+x366McYYY0y/M3z4UK7+82/ZZJMVUVoJwRNjQ1FhF4urKMZUN9eeoElaoqJKpvDgY09y5DeO5aOPP+7V/cyvoUOHcMG557DfHrvgKmV8jJSkBLH+OL/McaBUPeccIUSic7zx1r/56t778+57fR+iHn/s0TQ3NhCzT0+4r7YvmDh1Btded2OPfP+/33Ybr/3zbaIvkYmHogeqFMf2pegRWko9I5ZcokfW0BXjnn6GfY/4BpNa2mgvR2IUiAnonNsLRPEElxJdQpQEFQ8u36vEjAHe87tzfskeu+7aq3sxxhhjjOktFqAaY4wxpl8aOmQwV//hAjbbeE1Sn+K0AUfE5d09cepql8wlQM1CJEYlRJCkxD0PPspXdt+bf7zxz17dz/xqamzkwnN+xqF7784A75AQ8HU9UT8doH66Ryw4QlCCKoinHJV3PpjALrvvzdv//k+f7m/dtddkg7XXJJnNoCNVzfflPBdefAUfftS9wffLr77KKWf+hNa2mFdmiieqopKH814gEcVpxnqrr8IKyy3brd+/q5597jn2Ouwo3p00nZZKAOeJsdq6wc/x87QaoEoCziFwj4YAACAASURBVNUGkgmRQSn85udnsNceFp4aY4wxpv+yANUYY4wx/dawYUO55g8XseUm60C5Be9ANXQEa5IfVRZxc6zCVFVUHAFHJQplFf7z4QT2OehwXvnH6322t65IkoRf/fR0DthrF3zWinf5cKkQQm2/qpr3eFU328s5j4jLe426lHKEdz+axC677csLL77Sp/v79rFHkJXbOr3POVc7Sh7VMWHKdI49/nvd9j0/njCBb33n/5g6rQ3nGtCY917tCJ0VLwqhjA8VNt94/T492v7Mc8+xz4EH8sn01rySVAHNcAIiDkTyRrhFsF4vxkgMAdUIMVBy4EKZkgZ+96ufsdceX7GBUcYYY4zp1yxANcYYY0y/NmTRRfnzJeew0xc2pL11Jl7Ao8XxfaldcyaQd7ZEnUeSRmaWI2++/zFfP+Rw3n3/g17czfxL05Szf3I6hx60V9ETNQ8YO8Lk+vBY5nipSF7H61Iq0fHx5Onsc/BhvNqHYfI2W27Gumuv1ul9qtpxeQdJygOPPckvf3Uuqp+uVu2KTyZO5OCjj+W5V14nyzyiDqeRRCt56Wl1NFeMeAclpxyw9x4LuMv59/Irr7LPwUfw4YyMGBwuKIkGvGYIFVRCPlhtDp+fd0WNJAQSDVBpYdFGz3V/vJg9dtull3djjDHGGNP7LEA1xhhjTL83dMhg/njpeezxlf8hVDLyGUrzEp7mA4BqIao6KkHBp6hPeOv9D9j5q3vx8iuv9dpeFkSpVOLsn57BUaMPRCgqTgudj/DPJjgtwtNqiFrJIuITSFI+nDSNPfc/mLH3P9gn+2pqauLLO++E1EWA9QFqJYuURaChgR+f/UuO/da3mTR5cpe/TyXLeOiRR/jKvvvz+LMvEV0T+BICJBpItIIotVUISuKEUcsuzRqrr9qNO55348Y/ze57HcCH09rQ0kAIig8RH/MA1RNAYjFObPY8kEgeoKZSYZGS466br+cL221tlafGGGOM+a/gTz311B/19SKMMcYYs2CmT5/OkCFD+noZn2sNpRI7fXE7NAuMf/IFkBIqgGTgIlKdSC95ABYdeS/LWYMlcURVEMGL0NLayt13j2X7bbZiseHD+m6DXbDNlptSbm9h/Lhx4FIQj8Z82JFICiKIKEpANUPJQAKIEItI1TlPUCWLERXHzPYyY+64i1VWXpFVV1qx1/c0ZOgQrr/lDlorGQFHkARFUSI4RSUSYwBJeO0f/+LO28ey/HLLM2rUcvP09R9/6mnO/Nmv+MmvL+S9jyaj4vPnCxBRVAQVVwubIwngEVXOPPm7rL3mGj1+D2b17PMvsPdh32TCjHYqMaKV9iLwFBDJe5+q5P+YAHhCXmEsjih5GwJXDJGKqpSSjEGlwM3XXcW6a6/Z6/tZGE2ePJlBgwZZ0GyMMcYs5CxANcYYY/oBC1DnTUMpZdONN+DN/7zNK6+/WjuO7lxapKWuqB4UVKpv8anKvDwMUZIkIStntLS0cOstY9h2681ZYonF+2BnXZN4zzZbbAYojzz+JIojxpgf6a8NEyqOoYsiosU9meXwkkgRtuZhXJZl3H77GEYtvyxrrNa7FZfDhw3lqfHj+Oc/30SdL6plAY3Fg6gIgncJMcDEyVO55bY7uOHmm2mvVBg+bBjeexoaSpTLZSZPmcKUqdP4yw038v2Tf8h5l/yBl15/i/YAWosci/skHfcif9uhCE6VxYcswjk/+RENDaVevR/PPv88+x52NO9+Mo1MPE4DTisgSb7O2vrzx8+JgIMoCeoStOgL7AScOBqTlKHNCTdfexXrr7dur+5lYWYBqjHGGNM/SFtb24I1gTLGGGNMn1JV3n//fUaNGtXXS1lozGxt4YRTTuQvN9yNKw0nawcvRZWihLzyUiIqARfn3PFIgMRBbG+n5JTFhwzmqj9dwoYbLBwBUwiBX/z2Es4+9yIyPM4laO1Uf7W2suOYf5zDIW8nQlYp01RKcLFMohkXnvtLvrbn7r2zkcITT41j930OZEbwBF/K+9bGiEjMhyUpuKikzhMrAVSJLhBjQJyw/HJLs9ZKKzJhyhRee+MNWma0E6Pi0xQtBmhVY/X69gdUQ3XJZ25R/V7lMhecfSYH7vf1Xr0P4599jv0OO5r3J84gJg2ELMNrhSRWiK7hU4f1q+0bouSVu0F8rSI1IZBEZeiARv52zWWst+7avbqXhd2bb77JyJEjLUA1xhhjFnJWgWqMMcb0A1aB2jWlNGX7LbdmRutMnnjiBdKksQjaBKivWKRWqVcdtlSlCs47NGqtd+jMma3ceNNtfHH7rVhyIahEdc6x2cbr09jYyEOPPp63JoD8XjgpTnq7fEo7UvtzZpnUHlVJEo9IPrG9kgXuuWcsI0YsydprrtFr4dGIJZfk3vvu48OJEwkqtSrUfPXFfyKEEHHeowLBOSRJUUmYMr2F1//9Hu9+9AltmVCREsGlBBwx5nuPMcx1DcEpTvIhTbtsvxUn/9//kiRJr+wf4OWXX+brBx/Je1NayHAEBYj4fPRX8X86DQ4Tqfa4TVDxIA5RSAWcZgwqOW669nLWX2+dXttHf2EVqMYYY0z/YAGqMcYY0w9YgNp1DaUSO22/LaXE8fDDj+ATcF4JoYJz1ELRWXOPahCS9wiNqChS9E11SUJbJeOvN9/MlpttzNJLjeybzXWBd44tNtmAwYMX4Yknn6StXCFJPKoxD061Y7BUfTVqfSCUB3B5qKwISVqiEgK33n43iw0bwobr93xF7syZMxl95FE8+tQztAchuATE5ZWnCHlHhjwoFHHEYkCYuqLLreTtC2qXemJxFF+qH6tF8Di3hThoIDDAK1defgmLDR/e43uvenLcOL6234F8MqNMwAOKxIiXvJepSrWjb+fwlOKfCTRPVnFAyYFUWhnSXOLum//COtbzdL5YgGqMMcb0DxagGmOMMf2ABajzb8vNNsRR4dGnHkVjO0kpQfMkCcHVeqFW1YIQ0XwAlUSKbC6v7HNCuRK4ZcwdbLX5xiw1ckSf7KurNl5/HdZZY1Vuu+Me2isVnPN14Wn1XHrsFLp16OiniRMqWQDncT7lnnvvY+iQRdho/fV6bO1tbW1847jjuP3eh2kNDvUNRJfmQ5BUEZVilny+F5XqJUjRmCAPWfPHPL8ET1b8ef2h9/q65Lo7IIJzjpL3DG4s8YcLf8uGG/Tcnmf11LhxHHzUN3l/WoWggvt/9u48zK6qyvv4d+197q0hA4OAAqIIKmAjgogiDkyiiIiCCgqIyKBMKggi8zzJPCchIYSEebDVbrXbfu3WbrVt59ehHV6N3Yq0ImgDSaruPWfv9f5xTlUqkIIAoSZ+H579JMRbdfc+FZ/nPj/WXssrzBPBcx2eYs1IqMeHp0MiTjQoACsH2eB5M7j3lnm8csuxH4A1VShAFRERmRoUoIqIiEwBClCfmR22344YM9/7wffplCVmsRmmNBSg5qYnaHPdeSgMCakO0sybAUz1a0Io6HRLPveFv2OH127LC1+44TifcNVs+pKN2WTTTfg///w1up2KEHuaqDBjTWsDM7AwMlReXtUJjmcnFkXdI7Sp8Pzq177GjN5eXrvdtqt9z7//wx844uij+erX/42qmA5FD90MhECox2M1NaRNK4ah2VJDOThpqGPD8KvMrfnakmBDNZveXHMPzUMYEap6XckbgDVagc/fuZDXb//a1X7W0Xz/Bz/kgIMP4Q9/WQo9M8hVSfSyOYPXPwfqwDhSD4yq/wo3YbDX0XKs828iFS9Yeyb33DqPV22lnqfPhAJUERGRqUEBqoiIyBSgAPWZMTPesP329LTafOMb36JMTlG08So1QVmTMJnhIeAWcUI9YMojeMS9qW4kYEXEozHYGeSLX/4Htn/Nq9lokoSor3j5pmy5+Uv5yle/yaNL696m0QbxPIhZG7MEocJDwoFEIGDEpkozDLc4CGABslNYwde//m+sNXMa2267zWrb658ffJD3fPCDfOf//oIuPXRzJuc8HAbWxcNh6IL6cB2m4Zh7czW/+VOz+vfNMDGs/j64DQeQQ51UHcdiwN0pghFypiCzwdprcPctc8c0dPzO977PfoceyR+XVLgFrBwg4Li1hnuautehbzCjMAfzOkBuQuBiqL1Bq8C9w4brzuDOhXPZasstx+wcU5UCVBERkalBAaqIiMgUoAB19dhu222YOXMG3/r2tymrblOgVzTXv+OIXqBN1Wlz1f+xy91xvJlO3+ELn/88O77xDay//uS4zv/STTdh66025+++/Pd0uh3MItDG6Fl+eT2E4X6awR9/pX1IHqqA9MTX//Vf+ctDf2bHN7+JGOMz2uMDf36A/Q46kJ//6r8oUyT7ULXw8h6fy8PTJ2BhRJuC5cs8DFec+ogWBXXlqjd9RTNUgxRW8f599uSW+bN5ycYvfkbneip+9OMf854DDuahJV26blhOBK+adgth+Z5HDI3CjEwghfo1Q//EJkhds7fFvbcvZKst1fN0dVCAKiIiMjWEVXiNiIiIyHNCCIEjD/swV3zmHNoMEn2Q4IZ5geWi+bW5Gu551O/jPnTj30gEHh0s2Wvf9/PNb/37mJ7nmdjlzW/gC7ffwPPX7iUnw/I08BZ4G7yNeQsj1lfBR8mGHMgxUJljPT2UITLrpoUcdezxPLpkydPe29JlS/ngoYfy81/9lrI0oGgqgJ+6kI2Qw+MWBHII5DBUmUrdA5ZMKzqkDnSW8LIXrc+dC27g+isvZe211nzaZ3qq/uO73+Md+32IvwxCl4KUvf579ySRcaIgWUEmjmhHANGd9WdM4ytfvJdX/o16noqIiIiMpABVRERE5DH2f+8+XHnxBfSERGgGCXny5rK6YT7UF3UUzbXw7Eb2SI4tlpTO/oceyXe++72xPMozsv12r+GWudfx/HXXJAQnRnDPOJGcI/iTV3i6GdkCFYEcW+Sih9s++wUO/8Qnn1aI+rv7fs9+Bx3ED378nwx0nOSB4ULgVTRUDejuuGeKGPCcwDN4PTQqBiNXXWIAvCJSEXKHwrtUS/7KyzZ6PtdeegFf+8qX2G3XXZ7yOZ6J733ve3zww4fxl2UlA1WmTLnJQR0s1M0KfHmf2hACIdRhaR6qqG0qaYM5wRPrrDmN22+/gZe9dJMxPYuIiIjIZGCDg4O+Cq8TERGRCcrduf/++9lkEwUfq5O7c/udd3LsKWcx0IGimEGZAgTHrcQtNQHiSr7WIBvNBPiMeSYEMHfW6uvhzpvnsP3rxm7I0DP1w5/8nPcffBT3PfAgIbZJCaxo4STcEiF7Eyo/Xhoe1uSQE+0i1F1Eq5IdX78tty+YR39f3yrt4w/3/4Gjjj+Bb3z7+2RvUVZNZ1PzejXvBE1g6HGF/qdDzGw4YGwFo+x2m4CxebVDJoPVV/XJJeSK9daYyZt2eD3vfvdevP2tu9HTbj/zh/sUfe/7P2C/Dx3Kn/66hFT01OcYHoBV93fNvryNwfDV/Ua2omlDkCgsE6uSdadP5wv33soWW2w25ueZ6hYvXswGG2ygK/wiIiKTnAJUERGRSU4B6rPrlrvv4PhTTqfT6SV7XxPYVWAVeZTLPHXVJfXQIvemqhFCMELKrDm9zZwrL2aPt75lrI/ztP3opz/jwKOO5r9//2fM+sheNFfbE5YrLI/ykdIDWF2t6zkRzPCcKYqA5Q47v/H1LJhzLTNnTH/C97/vvt/zkSOO4Ds/X8xgx8HapJSwCFi3DlC9tcoBKtQT5y0NYmakVJHKavjnVFUV7d6CrV+xBa/acgt2321X3rjDDqwxc+bqfKxPyXe/+132P+Qj3PdwF7c2MS+rg1Mz6hw1kK3uN2Aj+56OYBbqZ2GJgop1pvVx7+2L2OqVGhj1bFCAKiIiMjUoQBUREZnkFKA+u7I793zuc5xw8tksWeZUHknJoYAc6onm5gw1yRweNORNNSDUeZV7JgQDdwrLUC7jussv4oP77TveR1xlP/3lLzjy2JP4yc9+R0UPHg1iIucO5rk5KBihObM1TQ9oQjsjp0SMAfdECI6lkh2224a7Ft7I9OnTVvq+993/B/Y/+BB+8tNfUsZ+sIgnx4qCnEuwqglQi+GfQR2gNpWYrPhx190pihZVZ4CdXrcVs666lFQl/DF9bYtWi/Wf/3za7daz+FRXzY9/9jP22vcDPPRol663cQKFD9YhcN1kgtwEqNEjwUJzdobD43omWgWeCDnxgrXX5G/vWMQWm6ny9NmiAFVERGRqUIAqIiIyySlAHRtf/PI/csTHjmNJxwnWT0WkG8u6yhTqO/sMTX7Po/ZITbmiCFBYYnoLLjjjVD54wP514DcJPPDnh9jvwKP5wX8upjKjoqLogZzKFQLUup2oUYxyLDMnpZJ2YXh3kO232Yo7Ft3EWo8ZxPTL//crPvDhQ/jtfX8he0GZV/5chzPsxsjnaQxVZWbc6/6mVWeQPXfflUWzr6Snp2c1PZ1nx3987/u890OH8lAnUVUQU90OIo/ybIO3CBYxr5/zcMiPk+MySCXrz5zJV//hi2z0wg3H+DTPLQpQRUREpobJ8UldREREZJy94+1v4+7bbmbd502nqpaCVYTcIngL8xYQR4Sno//36dBqUZmRY2Rpmfj4iZ/m6tmzx/Qsz8R66z6Pz94xmze+fjMCS2nHiHcg5DaWerDcxrxo0szRn4N70+rAwULBd37wIw780CH89+9+P/yan/z0Z+x/8GH81+/+RM6BVD29/+6fLZBDARYoouGdpez3rt256drLJnx4+p3v/YD3H3IkD3dhcDA1A7Pq4U8jjex3mkPdezaFTLaEW8ZDwkMFVckL1lyTe++4TeGpiIiIyCpSBaqIiMgkpwrUsfWzn/+cfT5wEH/+ywCVN9fJMTJ5uDcqjJ4dlqF+dRGA1KUnGl52OP7oozjlhE8SYxzT8zxdS5YuZf/Dj+Tr3/gxWE89eMkNzOrAji7ZKwpb+Xl8+NK5U+BEnNztsNbMGdx842xmzpzJfh88lIf++gilB7IV5AQ5pFEfbh6lAtWthVkk5C4xdTj4/Xtz+UXnTvhn/d3v/4B3HXQEf1kySCKQMYInWpYI7iTC8JN4/KCogJEIXv9ds5wwr9jkBetw56IFvPzlLxu3cz2XqAJVRERkalCAKiIiMskpQB17v/jlr9h7v4O4/89LKYp+OhVYDORQ4VbWV/pH3Cf3ERPqU7ThaenmiVag7klZJT519BGc8ulPjs+hnoaHH3mUw448nq/8y7cIRQ9mPVQJPBrJujhdgg/14VyR47g1w7XcsewEHE+J5605k3a7xYN/eZROmSBEslnzSFd+hR+zeipUI4+46m+hIAKFVxzygfdy/pkn0dfX+yw8kdXnq//yNQ476uP8ccCpKMjZmgYRiUhZP6uwvDfryPN6rKttA4mCTOElnkq22OQl3HLTPDZ9ycbjdKrnHgWoIiIiU4Ou8IuIiIg8RZtv9nI+d9ciNt34eeT0KL0Fw1WR/oQX1yG6EfPQCqQKPEUs9vCZq6/nkiuvWSFwncjWmDmDBTdcyU5v2Ipoy8AHm9M3w7RWGp0OWf6abEaZnYpIjm0eeuRh/vDnBxjMCY9FE55moFrlvY280l7kklYeZO/dd+HCs0+Z0OGpu3PbXXex/2Ef5ZFuAq8IuaQgEb0O3oee2UgjzxswgjvBIeZMSBWv2uyl3L5wvsJTERERkadBAaqIiIjI07DZy1/GPbfexPrPXwOng5GbmedPXGkWsxHd6spMD5hHjEj2gLV7ueDKq7jo8stJKY3ZWZ6JadP6ueWmOey4wzYEHySGZmCRW9MXdjQ+HDQ7AQ8F2SKZSAoGEUIMuIGbg6WmPcJo4fKKfx4sEEIgmEE1yJ5v2ZE511xKT097tZ19dcvZWbDoVo478RQGKqObI5ZLCi9pkSnIBPf6mTzm75mF5rwh1MGpO0XOeHeQHbbdhi/cczcbv+hF43Y2ERERkclMAaqIiIjI07TJxi/h3ltvZr21e2mzjDaZoiqIFGCZFDIpZjwYZpHoLRwnm5MNcjA8BLIFKgIeeiBM46IrZnHdnHnjfbxVNmP6DG66YQ5v2n47vFtReKRlPZAMD5HKoCKTyGQgYzh10Fevui8snnAy2QsyPSQ3sjc9Tz2AF83H16E1FFgHghuxKrHk5BzI2SA5oezwvj33YM61V9BuT9zwFODWO+/htHMvY5n30QU6eRluBZlIHmp5EIxgASPiKZJypPRItogTCR6bML8kp0Hevcdu3HXbItZYY+Z4H09ERERk0lKAKiIiIvIMbLF5fZ1/g/Vm4tUyeiLkMteT6Im4x2agT9ML1JZf8x9auVmdKlFmCK1ezr7wEi64+FKqatWvrY+nmTNmsOim69npzdtQVQ+TUocitCEX9bPwOOKjpzch33LW/Hn9JAx3w91H9I60EaFp8128/vOhLqtmdTVvIFCEQJFL3v22XZg760r6+/vH6lE8ZSlnblp0Cyeefi7/O5gpvQlDCfV4LQvkoaJeGzpxwK1ZYWQDiQxeYV7yrrfsyI2zr53QLQtEREREJgMFqCIiIiLP0GYvexl33DKf5683E8/LKMwIuSDkFngL89i0Bh19gjxmECMV0MVIIXLx1ddy+nnnj/Vxnrbp06exaP6V7LXnGwh5KSFVBI+E3MJyG3Krudbv9bX81cWoQ8bQhhCIlmHwUd6+yxuZdfWlxPhErQTG342LbuHT517AI92KXLTqdg4eid4etSWEWz2sy2NdxuuWwBJGRcwlu772tcy/4XqKohjz84iIiIhMNQpQRURERFaDV2y+OZ+9bQEvWn8tWlZhKRGyETyCD/XyzE/QwdPr+fKhrjisrCAXvVw9dwEnnXnOClPWJ7IZ06cx56pL2GO3HWiHipArCgzLUFirvopvNJWmy40cgvTY9USvG+JmuAWCgZWDvH3XNzN/9tVMnz5trI7+lLk7C2+5lZPOPp9HU6AbCkrPZAM8Yh4IrPy8ZgbmmIGZY5aIVuFpkHftthML58+a8C0LRERERCYLBagiIiIiq8krNt+cv73rVjZ90Xq0QxfKAeIK19NHr7o0jOABc6sDVyJOm9iaxqwFt3HCaWdOmuv80/r7mX/9Vezzjp1ohw6kZfQUAU/1tf3hGVMjjBqermKAGoBoGSsHeMdb3swtN82mv79vrI78lKWcuW7OHD595jlUOeI51BfwvcIsAWm4hcHKwlMz6k6ynomeaaUS6yzjza/ZmoXzb2DGjBnjej4RERGRqUQBqoiIiMhqtPGLX8zti+by8petR9FOuJfN/7Lyq9hDzKFwiDkQc8BygBwwb4G1mLfodk4+46wxOcPq0N/fxxWXnss+796Zdk8X8kDTwoAnDJIfx5/4tUPhYgyGlQPsvP2rmXv95bTbrWd2gGfZdbPncPZFl1HSghSIlRNzIlBhlJhlsNGrjs2hyFC408qZkBKv23orbr1p8gwfExEREZksFKCKiIiIrGabvGRj7lh0M1u94qVEugRyPUiegOFgdQ9QNx+OEg0wz4RmuFK0gJnhGXIGJ7Lgtrs56bQzKctJUok6bRpXX3IRxx75YdqtBFTN8CgDt1WLUW2UHqDUV/ZpAtTU7bD7jjtw9503M3369NV9lNUmpcR1N8zl7AsvpiSydDCRsxNSHq4mNauHQY2s0n1s/bK5E3CCOyFV7LnTm7j95gWsueaa43EsERERkSlNAaqIiIjIs2CjDTfk9vmz2HbzF1GUD9N2p219BK/DsRwyKWRy8PoCv0MO1fCqrCJZIsVEZY61+qisj1nz7+CUM84d7+Otst6eXk498VPMvuYiNnrhWmCJ6JGQIk4gP8lyAoRi+SKTgWQRjy0sRCxX7LHLG5g3+ypaE3xo0vVz5nHWxVeyNPTQyUZh4MGpCsMtEqwg0sJCASFiFsEiHgM5BjwY5o6RCbEid5fwnt13ZcG8OazzvLXH+3giIiIiU5ICVBEREZFnyYbrr88tN93Adtu+kmhdUrkM80jIBZYLoABCU41aX9f2lSxCoJszXXdCu5e5N9/K8SedTErpybYwYfzNFluwZMnSelxW09vzqTKa4JBMoCJ6SUwddtp+GxbccDUzZkzcytOcM7Nm3cA5F17CssFEshaJgmx1kLy8unTkczEykUxBJtZVt3Wtcv0cqy7v2eNtXH/15RoYJSIiIvIsUoAqIiIi8izacIP1uW3+bLZ55UuJDBKzEXJByK0mRA11GGZeT1ZayXKzugLRjNKMXLS4YdFtHHfSSZNmsNRFV1zFI0uWkt1Jnp+sJeyogieiVxS5IqYu79jljdy1cC79fRN3YFTOmWuum805F17BYC5I1sK9IFtBZZH8BGFytkC2MBycWhMke1my91t25uZ5s+jt7R3T84iIiIg81yhAFREREXmWrbvOOiyaP4fd3/JmLHUoyPTGAvLycfR1BWIA4uOWN7OUMoHkRrIWOfRw42138+nTzh7n0z253/z2t/zjP3+dRB0GWzDyUxkkNcLyqNEpOwO8b5930tvbsxp3u/pdP2cO53/mUpYmJ1uL5BH3+mO4121cCSEQQhgeimVmYJDdwZ0AFObEXBJSyd6778ysa68Y76OJiIiIPCcoQBUREREZAy9Ybz2uuvRC3r3njgRfRlkuI1r9USwP3coepSwzZCNkiDlgOZJTAFqE2MsNC+/k2BNOoSzLsT3QU7D4t//N4GBJcseDNYW1Ty9ATRbra+8WiK02//rNb6/2/a4uVVVx9gUXcM7Fl7PMrQ6Q3etYPCeiZ4InGOVZGEYkE5t2BSF3CNUA79rtTcyfcw19E7jqVkRERGQqUYAqIiIiMkbWXed5XHv1peyy83YUsQR/7PX7sNIV3ChyIDYreMQ8gkdyLJh7+1186uTTxulUT+7vv/wVBrslIRb4UGD8NDhGoiBZQaIOUh948KHVvd3V5jOXXsY1s29kMAVC0Ydb3cU05kzLM9ErAiU2ajWuPMaGpwAAIABJREFUU1ii8IqQu/jgEvbefVfmzb6WYoIPyxIRERGZShSgioiIiIyhvr4+bp47h112eC091qWVSlo51pWloSKHRDbqvqdmzQ3/5YODMMcCYEbGsNDCQpv5t97F8SeeMiEHSz3y8KMUoQVumENorqU/HW6BRCRZgcUWVTXxzptz5vJrZ3PJ9fNY5gUVRpnL+mdoQHDcUtO4IWDZINePxIkYBZYD0SN4wqzEqgHe8/a3MufaazQwSkRERGSMKUAVERERGWO9vb3cc9t89t1zV/ooiZ2KkI1sdXiaMdwibgYh42ZkM1JIpJDqoDV6PVgqg3vEYh/zF97Op048eUINlsrZGRzo4gm8ylgToq4OKVXE8DTLWZ8lKSUuv+pazrnkagZCP6W1ye4YmWyBFIwcIRnNcKiCusNpHYin5lfzOkAtgpPLAd791l1ZeOM8DYwSERERGQcKUEVERETGyVWXXcQhB3+Anh7HUknMBSEVRI8Eh4BjnqmnTa1chZMCVCGQWy3m3XIbnz751DE9x5MpioCZE2McUU379HhTiRtI9LYiniZOWAxw/Q1zueCqa0mxRVk57hG8qNdozMjB6v6wIZNJ9a+5S3fZMt6z+9u54frrxvIYIiIiIjKCAlQRERGRcdLT08MFZ53CSZ88kp6QKFKgyEbM9TX3Ojx9knLNIpJCpARSKAj905l3xz18/IQTJ8RgqRCMul1nJudq1IFJq84IQ8OXuoO8dJONV89Gn6GcMzfevIgzL7uSrrXIbsRWTxMWB/AItvLg2A2IYNExy8SYCVSkchkH7bsP8+dcS58qT0VERETGjQJUERERkXEUQuATx3yUk0/4GCEtI9KF3IWcwJvGmE8YogYsBEKsByuVuaCyNvNuuZsPH3Y0jy5ZOoanWbk115yJU5FzhRmYGcHiKn2tu5NzU4Fr9RT7AESvIHV461t2fnY3v4puvHkhp551Lku7MJBhMGdy1a1DcDMIgdAsM1thhWB1xbFDJBGrDqFcxgf23oOrLr2wqdwVERERkfGiAFVERERknIUQ+PjRh3PGSR+jGniIwgYJVmJDV/d99Cvv5hBywDzg2UgZoKDomc7nv/J/OOX0s8e9EnWvPd+BmdNqF00Y/PSv8FuMZM+0zFl/vbX5m1dssVr3+lTlnJlz442ceu4FLMt1pWnMEHMiUmKUOBm30dswhOyElAkp0XYnVCX777MX1155Me12a0zPIyIiIiKPpwBVREREZAIoisgnP3YkZ5x6PNG6GCXmvvIb7yOugkf3unoxB4LV09s9B3I2aPdw8z2f5ZAjP8ZfH354TM8z0tav2oqNNlqfnKomOm2utT+NILUqS3Cn7A6yzzvfydprr/0s7HjVpJS48trrOPnMc+nmSPKCmKHIUHgmeiKQwDL+mB+kNb1gDcPcaZnR8ky5ZCkH7PNurr/mCnp6esbtbCIiIiKynAJUERERkQnkuKOP4tRPfYKYBihySU9okXKXKnapgpNCIFGQKciEZsBUwq0O6iwGCEY2o8oFhD7+9otf4dCPHs3//u/4hKhrrbkme79tN3ro0vJExAi5oMg9hNyG1MK8Bd7CaTXxaq6XQQxN2OrQE0vaVtIXIsce+7FxOc+Q6264ifOunEOnNYNOdsxKCIaHgFvEKcBaGJHgkVDRrED0FjEXWCpIVOTYhTTIoQfsx2UXXzCu5xIRERGRFSlAFREREZlAWq0Wxx5zNKefcgLtNlSdZRQxggfMI+QIHvGmhrE2ok9qM+TezUgEyuyEVi///G/fYr8DP8j9//PHcTnXWaedxgvWex7mJXiq2xNYF6wE6+JW4qHEQxe3jGM4ofm1PpQbhAjRMqd8+gTWWWedcTlLWVVccvkVnHXRpQzmSEmBW4Fnb34SQ3sPdY9ab34oNrQAnJQTGLRbBakzwOEHHcBVl11Eb68qT0VEREQmEgWoIiIiIhOMmfHxI47g+E8cRW/Lm2vhBTFHolsTzWWwPPqAKYMcoMKpQoB2D9/+0Y/Z76CD+fNDD431kYgxctOs65k5rQ/LJSEkPJRkK8lW4ZbIIeHmJAtki2QLuBlujlsduubOMt6+05s4/LAPjfkZhlx02eV85ppZlKEged0yoV7FytsSmOFAjtYsyCFjLchW0ln6KB94915ccPYZhKCP5yIiIiITjT6hiYiIiExAMUY+efRRnHHy8YSqpOVgKRFxgjvmTdXpqG1EDQsRiwXJoZMcWn388Ge/ZJ99D+BPf3pgbA8EvObV23DBWaczrRWIJMiB4AXkgkAvltpY7gUPZDLZEzE45JKCRKgG2e0N2zN31tX09/eN+f5zzlx42eVcfN0NLKFgkEBqwlG8rjYdLc/GIJs3w6QSISQiFeYdDnjf3lx72aW0WhoYJSIiIjIRKUAVERERmaCKInLMEYdz+smfoLcoaYUuuRzASNjQUKLRAjsgeCAQCVaAF1QpQtHHj372K971ng/wu9/fN2ZnAQghcMC++/Clz93GS9Zfj+gQErQpsBKK3CZWBaFyLHUprCR3ltDKg6zZA+eddCx3LVpAf3//mO6b5tr+WeddxCVXziaHXlIOkME8EbzCLNf9T0cM+DKzFReQU4Jc0g5O7izhgL33ZO7Vl9PT0x7zM4mIiIjIqlGAKiIiIjLBfeLIw/j0cR8h+lLarYRRgTt1hrryElRzKBxiDsRcB6m5AssFsaef//ztf7PXfgfy+/v+MNbHYeuttuTLX7iD0084gnXWiOSBB2nbAEVaSuEDFNahr22kpf9LXyjZ951v4+v/8Pcce8yRtNvjEzSe/5lLuWbezeSin6rrFBkKzxReESnBMtly0+a0DkxHMozgTk+M9MTI4COPcOj++3GNBkaJiIiITHg2ODj4BHULIiIiMtG5O/fffz+bbLLJeG9FnkXZnauvn835n7mcLi0ykWzUw5WGJkc1DAc3jLD8Tz2T3evgNSSwhHnFy1/8Qu69dSEbv/hF43KuTrfLv37jG3z1n7/Gt7/zfR55ZAnTZ0xj5zftwGabb84+e+1JT2/v6J0KnmVlWXLhZVdz+TVzsJ4+lg2UFO02pKpOqcm4OZlQD7ny5X1QvRn1FcwIBlARcHxwgOOO/ghnnnqiep5OcYsXL2aDDTZ4XKAuIiIik4sCVBERkUlOAepzR86Z+QsWcvq5F7CsCyH20s1diAVuLbIblhPRE2aQ4/JwLqU0/PvQXCcPuSLkipe+eEM+f/dtvPCFG47TySauM865kCvn3sqgtTCaalMPOEUTkS7vomBAbIJUj4YFq9sUZCeQyLGLd7qccNSRnHLiJymKYpxPJ882BagiIiJTg/6Tt4iIiMgkEULgsEMO5uwzTiFaF0+DzdwiI1sgh4iHVr0sDod7DlgINPfLSe4k9/r1ReTXv/s973zf+1n82/8a7yNOGDlnzjj7PK6cM59ctMkEIGIehmp8hyt/h/6BugeqR8ODkciUuSLliuwVnSVLOOawDys8FREREZlkFKCKiIiITDIf+fDB9TCl3oC5D4d5bpEcWuTQJluLuhRy+aqv9AcsRHIIJKDCsJ5efvP7+9nnoEP4zeLfjvfxxl1VVZx27nlcPm8B9E4HIlgEL3Bv1f8+wshBUR4DHgIEA3OKAmLMWKr4+OGHccFZZyg8FREREZlkFKCKiIiITEJv2XknFs2bTW9hkLpEA8sZhiojzTCLo6yABYMQ8NCi9IgXffz6d//Dew48mN/+9+/G+3jj6uwLLuC6eQuoin6WlYlOzuBDtbwBs0AIK194HVJ7zk2LhEQaWMYxhx3M+WeeNt5HExEREZGnQQGqiIiIyCS16847cedNc1ijr4DuMshdLJcEc6INDZZ6/ApuFDkQPRI84jmSPOK0WXzf/7D7u/flV7/+zXgfb8x1y5KTzzyTa+ctIIUecjICAfNEpAJLZMs80QCB6ODdklAmigytquTEY47knDNOptVqjeFpRERERGR1UYAqIiIiMontutOO3DzrGtZdczot6qAvekXw1HzUe/wKXgd90Y2QAyEZlgLkCNbiDw/8mb3e+wF++p8/H+/jjanTzzqL2TctpLQ2WIsiQ+GZwiuilxgVbqkZHfV4Blh2WkR6QqRVJY4/+khOPfmEujpVRERERCYlfZITERERmeTe9pZduPOmWazZaxS5C54pUwVUuGWyQbZ68JGR8RHT4918+E/cM5UHQquP+//yv7zjPfvypa98Bfcnqrmc/FJKnHHeRVy34A7K0EsGcq7qJ9ScvZ6/tbzXKQTcAtnqnqdmAcOIsSTELjEPcuqnjuPEEz5BjPFJ9yAiIiIiE5cCVBEREZEpYPvttuXuhTfwgrWnE3KXEMAs4UC2QG6u9Js7GCSDZE42x8PI1aqv81uLh5d1OOSjR3HLHXeM9/GeNVVVcfo553HZtXPx3jXpegt3MK+Gg+dMwK3AiARiHZ4SSBbITS/Z7Bk8QyxpFRVXXHQWx3/iCAqFpyIiIiKTngJUERERkSlih+2358brr+R5a/UQfYDgENwxB8sBc8O8ALcVvm5kZaUNF5sGPMNgp+RTp57O3Z/7/Hgc6Vl35nnnM3vBLdDbT1k57hG8AIpRv8YNcqCp7k1UqYORMMvkziCfOvooDtjvfWN6DhERERF59ihAFREREZlC3vSGHbhn4Y08f80+Yqoo3InuBAfz0HTqXPEj4IpX0+vXOYaHFl70UGbjyE98kvkLF43TqVa/siw59ZwzuGrBQgatRWj1kLIvfz4+euVoblofOBkzJ0aIIWN5kDM+dQInHvsxXdsXERERmUIUoIqIiIhMMa/eehtuvWk+687sx6oBYi4JXldIMtz9dDl3H17BbThEdCLZ2nS9RUnBaedcwI0Lbxm3c61Op51zJrPm30xFmy6BgbLEAgx1inVshecykuHEYJhnCjJF7tL2Ltd+5lyOO+aI4SBaRERERKYGBagiIiIiU9B2227LovmzmNFfQBoghBKjniSP5Sf4yqEKzLrPZyaSKUi0WDZYccpZdYg6WQdLdcsuJ556MvMW3kU3T4NcEDPEnIheEihxS+SQH1eZO8Qy5G6XkBKhLAndQS4//2z23/e9qjwVERERmYJGb+4kIiIiIpPa6163HXfdehMHHX4Mf/zLo2CROgt8/DX+5ZZfY3dvrqobmBuhp5dO1eXTZ5wNnjn0Qwc94z2WZcWvFy/mkUcf5dElS/jV4sVUVWK9ddfhJRttxLT+fjZ72UtptVrP/L2qio+dcCx3f/5LVDYDs35CNVBXnVoGcjM0qglOWXklaTQoCPWgrlxy1ikncdD+H3jG+xMRERGRiUkBqoiIiMgU9vrXbsdtN81m/4MP58H/XUJKEYsByHgogIgB0ROBTGUJHw4O6ypT87pP6kCZKUKBe8WnTz+bnp5eDnz/vk95T3984AH+8Z/+iS/8w79w358e4NeLf0un0yF73V4g5Ca8zYl2q2CTjTfipZu+hPe/d2/euftbabWe3kfYU888i9s++yXK0AsZgnfAIA8HyvX7mhmBemUibgEHiuCQSjIdYgFpcIBzTv40x3z08Ke1HxERERGZHGxwcHBy3r8SERERaPpX3n///WyyySbjvRWZwP7vT3/Kvh88hAcefIRuNggFObTBCgwjeiJ6orTMyj8cOm71pf7gibZlQio578zT+Ohhh6zSHn7ys59z1XVz+MKXvkwOgcpalFX1+J6hTZcBMwNz3BOdzgCtaKw5vc0xR32UIw45lLXWWnOV3rcsS84893yuv/kWBkOb5KG5tg+5CUdp/r80fG0fMAski2QCAbDUIXpJ0crkcpDzTjuFj330cPU8lVEtXryYDTbYQH9HREREJjn1QBURERF5DnjVlltyx83z2GjDdWmRCTjB66v5uIFHnKK5vr9yBvVrMXIGa/Vw6jkXcssddz/hez+6ZAlXXjebXd+xH/d+8Wt0vJfBKpITBGuRE+BheJnFOuAFkjspOz19/RBbPNJ1zr/0at68+55P+r5DTj/3Qq696Q7K0A+xF6fpUzo8VOvx3CBZJlvGQyZbIhRQtICyy9GHfpijDjtEwZiIiIjIc4AqUEVERCY5VaDKU/HzX/ySd733QB746xJSaEPorSss3TEyyUp8lFCxmU1fT6E3h5SIRcRy4oIzT+bwD3/wcYHiw488wsFHHMW/f/enLOuAW4tshlnGU2e44nPkUCrPBhkgYwFyTsQYyJ7IDiEYOVW0C2Pvd+zBNRefy4zp0x+336qqOOPc87lm/m10Qw+ENiklMKfwkugJt/aIlgUrHBYPhoe63sA8UaQudJdy8nGf4MTjPr5a+rLK1KYKVBERkalBFagiIiIizyFbbL4Z9955Mxu/cF0iJXgXrMItjVqNSVN92lxsxwlUOVCFFmWOVNbihFPPYdYNN67wNQ8//DAf+NChfPM/fkTZdUJsU3c5zSQSZqH+fr78HYYHWFnALdb9SUMgueME8tCV+tgme8G9f/cP7H3AYTz00F9WeO+yqvjUyaczZ8HtVKFFpg5iDSM0x8z1Pf3l1/Yfs6I7VBWUJb2eaOcupxz7MU498XiFpyIiIiLPIQpQRURERJ5jXvk3r2D+nGt4/nozyT6A0YSooXzCELVm4IHsgeSRikgiQLuHsz9zGZdecQ0DAwM8/PAjfPDDH+WHP/wFuQzkHKi6XYyEWf1rfWU/Pn7VHUeb97IV/j2410OtmmFP5MyPfvhjDjn6OB55dMnwLk866RQW3f05utaPYxReUuSKwnMdjDZB8GiC1xW2bYweM6qBAY4/+khOPP641fiTEBEREZHJQFf4RUREJjld4Zen6yf/+XP2/8hR/Nd9f8KswLM33VFthV6oNvKSuxve9CalqSDFEoGS/iJgVZejDzuUKjtzblyE50B2I2GEViR5RQ4VDlhqr7TnavbmBj9O/bu6btXMseyYQcAwMq0ikqqKIgS2e/WrmHfd5Rz+0SP5wY9/yrJUUFovxIqQO+BF3evVrO5tak6kNWIP3tTZ1tGq5YoYAl51Ofe0T3HMEep5Kk+NrvCLiIhMDQpQRUREJjkFqPJM/PQXv+BDRxzN4t/9kZQiGCQi2Qrc64rP6FXdHzUEcs64OyEMVW8alkvMEyEGghntVosqJVLKTSA7mpVXgNb9UOv3cYeR2VMY8c2GrtrTVIzmzgCbbfFy/t/i35KDkc3qFgCEelgWda/VlHOzcyhCGzcjGWBOdMdSxshYKzOtFbjuovN417v2JAZd3pKnRgGqiIjI1KBPgSIiIiLPYVtuvjl3LbiRTV74AmLuYt5UX7phHla8Zr9SdUUoFsCN7LB0oEOVvOlbOponCpR8lN+P3mCgcsfaPfzq17+t92JxuGtrs8v6a0f0OMXqkDUZZMsQnOQVIUIMDp0BrrrgXPbZey+FpyIiIiLPYfokKCIiIvIct+nGG/P52xex4+u3JeZE8Fz3GoUm6Iz1pfZR0ku3CCGQMbIbFiNlSmRf/VV3bvXwp2wr/j4UkSo7od1LaoJcPGA+VH263MhBURlvrvNnslc4iWAVPTFz8blnsO973rXazyAiIiIik4sCVBERERHhhRtuwM1zZ/G6bbbEqi7mFcGa6/PWDGwyCCGMuL4/UvPi5gtiLEZ53ePVV/ZHfKcm3Bx6r/oqf71G/vnIu/3JHdotujmRzZ6wwnVkgOpkzJxAxryiTUlMHa76zLkccciHnsITFBEREZGpSgGqiIiIiACwxhozufeOBWz/mi0xH8TogJVgqV6Nx/ZzdIxMWOl6ImY2HIw+0WtWCDyDDVedPnZVZiQLuMXmvYfW6GFqywKhSsTs9OBMKwLXX3Yh73/fPk/p2YmIiIjI1KUAVURERESG9ff3M/f6q9h6q81w72BWgZW45VG/xs1wCytZT1wJuqpWrBhl5csMJ5CtXhCWX+EfZQ8GxOy0MNpAL87Ns65hv/e99xnvWURERESmDgWoIiIiIrKCjTbcgL+7fRHbb/M3BO/iuQJL5FDhIeHmdfpoDpYw8kpjTfPh361kQXYfvva/kq8eXs2b4WZNP9PHL3PDcIIv/w7D/7hj7phngmciUBhEc7J1wLr44KPccdMNvO2tu4334xcRERGRCUYBqoiIiIg8zhozZ/C3i+az42u3oYgOwSBUTSQJWGiqQofC0sevOsRcWXi6PEStv9djA9THvK6paB26jm++slVXkwZfHqK6Odma/Xo9dap+rZOrilxVYF36e+CeW+ezy05vHu/HLiIiIiITkAJUEREREVmpGTNmcOuNc3jz615NSB1ihuBG8Ih5BC+AYsJ/pHSLpNDCQ0EOkcodi5EQI7Esufm6a9ht113Ge5siIiIiMkFN7E+7IiIiIjKuZs6YwR3z57Lj615DqDIttzpIzYHgActFc61+4vIQyM3yABbAzGkH+OytC3nbbm8Z7y2KiIiIyASmAFVEREREnlB/fx+L5s5i1ze8jpC6WKqIXvc4najRac6ZnDPudQ9UyBiOp5KekOkLiVvnXKFr+yIiIiLypBSgioiIiMiTWmPmTG6dP4c3vHZrilBhVoJVQGrmQNnwmghG7se8InoJaYC2VYRqgDvmz+Jtb911vLcpIiIiIpOAAlQRERERWSX9fX3ctmAuO71xO6DEqDDL9dgno17jvcnGCgEqmXaEkEum9QRuXzCXnVV5KiIiIiKrSAGqiIiIiKyyGTOmc9MN1/CG121FTl3MIzE40UoiGcuZAmiRaVFh+BjtzMgWh5eFiDtUVUUMGaPDzP6COxfM08AoEREREXlKFKCKiIiIyFMyc8YM7l44n9132oHCO3gqcZyMNR8vI47hY3idv55jFcAMs7oHaoyBdquAqsuarciX772LN+3w+jHbk4iIiIhMDQpQRUREROQp6+vrZf7sq9ljtzeQ0wApO9khWUEi1r9agY/RpX6jbiEQcCKZggSpS8sTG629Fvfcdgtbv3LLMdmLiIiIiEwtClBFRERE5GmZMX06866/hve+a08sJ6yuOwULw1fpWc1VqO4rbwkQLGCeCAbRIJAovGKDdWbw95+7m9e8euvVug8RERERee5QgCoiIiIiT1tPTw/XX3oJH9j7ndBdRsglwYfC1KHK0HqY0+rg7sMh6shBUSlVhBCgKiEnChJves1WfPOrX2bTl7xotby3iIiIiDw3KUAVERERkWekv6+XKy88h7332I1QDULuDAepYyWEgLuTPVMEeNXmL+eWBXNZY42ZY7YHEREREZmaFKCKiIiIyDM2rb+fuddewV577Erh3fo6vYNh4IA7wWz4mr9RV5H6iDXEzes18s+Gvirk5n83sAAEjEAwAy8pLPPqLV7K/LnXscYaa4z5cxARERGRqUcBqoiIiIisFr29Pcy6+hLeu/fbqDodcm5hHihCAdmxnInuWE6QEzmwwkrNypbJoV4pGClEshVki5SxooqZZJGcCqL1YVWgcKdggDdu+wruumU+G79oo/F+HCIiIiIyRRTjvQERERERmTqmT5vGdZddQk+7n1vv+Xu67pTdTIytpoq0wIFMBvdRZkwF8Lz8X315jWrILcwKggeKGPHuILFwctVhu61fwT23LqS/v3/MzisiIiIiU58qUEVERERktWq321x72YVcfv7J9LYzrbaT0iAhRjKRRAunhWGYs5JlmIfm16HL+xlzJ+QeYiqIDiF3aRWJPPgw733n2/jsbbcoPBURERGR1U4BqoiIiIg8Kz584P7cceNsXv7iDQi5g3mJeYWXnaY3qkN2wuOCVMM8Yh4hO7iTq4pcdigcCneid/DuI0zvycy97hJmXX0xM2fOGO8ji4iIiMgUpABVRERERJ41u+34Zv7l7z7Hqccdwxo9huWl9PU6gUGCe/1hNGdC88E0AMFDs4xoEVJFINFuR1pWEdKjzOxNHPORA/jJ9/6N/d67N+1Wa7yPKiIiIiJTlA0ODvoqvE5EREQmKHfn/vvvZ5NNNhnvrYg8od/f9wfmzF/Aglvv5OEly0jWRywKPGdWaIbqEYhABhLuFSEYg0sf5cUbrschB+7Lge/fjxdt9MLxPI7Ik1q8eDEbbLABtvJmvyIiIjJJKEAVERGZ5BSgymTzwJ8f5J6//Tyf//I/8eMf/5gly5bh7oQQiDGS6qJUyIlpfX1Mn9bH7m/ZlT33eDs7vG5b1pg5c7yPILJKFKCKiIhMDQpQRUREJjkFqDKZdTodvvnv3+LBBx/EPcPQJ9NgPG/ddXnttq9h5nT1NpXJSQGqiIjI1FCM9wZERERE5Lmrp6eHXXbaeby3ISIiIiIyKg2REhERERERERERERmFAlQRERERERERERGRUShAFRERERERERERERmFAlQRERERERERERGRUShAFRERERERERERERmFAlQRERERERERERGRUShAFRERERERERERERmFAlQRERERERERERGRUShAFRERERERERERERmFAlQRERERERERERGRURTjvQERERGZGLrdLg8++CB//etfGRwcHO/tiIiMi97eXtZaay3WWWcd2u32eG9HREREJgAFqCIiIkK32+U3v/kNfX19rLfeehSFPiKIyHNTVVUsXbqU3/zmN2y66aYKUUVEREQBqoiIiMCDDz5If38/z3/+82m1WpgZZjbe2xIRGVPujrszY8YM/vSnP/Hggw+ywQb/n707j4+quv8//p5kkkxWEhLIQhLWAGVTIGyyQ9i3RFnsVwQs1dYFtWrVaqu0X1SwigWtKKKAVqAugBJZlEKEgOwBQRqBQBDIQgLZM5NkMvP74wvzI8IFRGCCvJ5/Ze4599zPveGRR/LmnHOj3F0WAABwMwJUAACggoICRUdHy8fHh+AUwE3r7M8/Dw8PBQcH6/jx4wSoAACAl0gBAADJZrMpICCA8BQAzgSpAQEB7AcNAAAkAlQAAHAW4SkA/H/8TAQAAGcRoAIAAImwAABq4GciAAA4iwAVAAAAAAAAAAwQoAIAAAAAAAANO7vbAAAgAElEQVSAAQJUAAAAAAAAADBAgAoAAAAAAAAABghQAQAAAAAAAMAAASoAALhiCxcuVHp6+nnHT5w4oblz56q6utotdQEAAADA1UKACgAAAAAAAAAGzO4uAAAA/PJ99913+vbbb1VWViZ/f3+1a9dOrVu3liSVlJRo06ZNys3NldPpVOPGjdW9e3eZzWZVVlZqwYIF6t27t7Zu3aqOHTuquLhYFRUV8vHx0YkTJ2Sz2dS8eXN17txZkmS1WpWamqrs7GxVV1crPDxcPXv2VGBgoCRp6dKlatq0qbKyslRYWChPT08lJCRo3759ysnJkd1uV69evRQdHS2dmU27fft2nT59Wt7e3mrXrp3atWvnxqcJAAAA4HpiBioAALimCgoKtGXLFg0YMECTJ09W//79XYGk0+nUqlWrFBgYqLvuukt33nmnysrKlJqaKkny9PSUJGVkZGjkyJFq0aKFPDw8dPjwYTVo0ECjR4/W8OHDtXv3bp0+fVqStHnzZlVUVGjs2LG66667ZDabtWnTJlc9Hh4eSk9PV58+fXTnnXfK19dXn3/+uZo3b66xY8eqZcuW2rp1q3Qm3F2zZo1at26te+65R8OGDdO+fft04MABtzxLAAAAANcfASoAALimKisrJUkWi0Umk0n169fXxIkTVbduXeXm5qq4uFhdunSR2WyWxWJRfHy8Dh06JIfD4RojLi5OwcHBMpv/b/FMUFCQYmNjJUnBwcHy8/NTQUGBJKlnz54aOHCgLBaLvL291axZM+Xl5dWoqWHDhvL19XXVExgYqIiICElSRESEioqKJEkHDx5UaGio4uLiZDKZFBISolatWun777+/Tk8PAAAAgLuxhB8AAFxT9evXV+PGjbVkyRJFRkYqNjZWzZs3l4+Pj4qKiuRwOPTee++dd15ZWZn8/PykM4Hpufz9/Wt8NpvNstvtkqTy8nJt3bpVeXl5cjgcNYLYC51vNpvl6+vr+uzh4eF6+VVxcbFyc3M1d+7cGucHBARc4dMAAAAAcKMhQAUAAFfM09NTVVVV5x232WzSmTDSZDKpX79+6tChg44ePaqDBw8qLS1NSUlJMpvN8vb21qRJky44/tkg08Oj5qIZk8l0wf4Oh0MrV65UTEyMxo0bJy8vL2VmZiolJeWK769Ro0YaOHDgFZ0PAAAA4MbHEn4AAHDFgoODlZ2dfd7xEydOKDQ0VCaTSQ6HQzabTcHBwbrllluUlJQkPz8/ZWZmqk6dOqqsrFRpaanrXLvd7gpgf6qysjKVlpaqbdu28vLykiSdPHnyiu+vTp06rr1Vz7Jara5gFwAAAMAvHwEqAAC4Yp06ddLRo0e1bds2nTp1Svn5+dq+fbu+//57devWTZKUnp6uzz//XIWFhXI6nSosLJTValVgYKDCwsJUr149bd68WTabTZWVlUpNTdXatWuvqB5fX195enoqJydHDodDR44cUXZ2tqqqqlx7sf4UcXFxKi8vV1pamux2u0pKSrRy5Urt3r37iuoDAAAAcONhCT8AALhi4eHhGj58uHbu3Kn9+/dLkkJDQzVs2DBFRUVJkn71q1+ppKREK1asUEVFhfz9/dW2bVs1atRIkpSQkKDU1FQtWrRInp6eatCggfr163dF9ZjNZvXo0UPbtm3Tli1bFBsbq0GDBik5OVlLlizR+PHjf9J4vr6+GjRokLZs2aKdO3fKYrEoLi5O7du3v6L6AAAAANx4TDabzenuIgAAwJVzOp3KyspSkyZNrniMnTt3qkOHDoZ7iwLAzcbpdGrXrl3q2LHjFY9x+PBhRUVF8bMVAIAbHEv4AQAAAAAAAMAAASoAAAAAAAAAGCBABQAAAAAAAAADBKgAAAAAAAAAYIAAFQAAAAAAAAAMEKACAAAAAAAAgAECVAAAAAAAAAAwQIAKAABksVhktVrdXQYA1BpWq1UWi8XdZQAAgFqAABUAACgkJEQFBQXuLgMAao2CggKFhIS4uwwAAFALEKACAACFhYWppKREWVlZzEQFcFOzWq3KyspSSUmJwsLC3F0OAACoBczuLgAAALift7e3mjRpovz8fB0+fFg2m83dJQGAW1gsFoWEhKhJkyby9vZ2dzkAAKAWIEAFAADSmRA1KipKUVFR7i4FAAAAAGoNlvADAAAAAAAAgAECVAAAAAAAAAAwQIAKAAAAAAAAAAYIUAEAAAAAAADAAAEqAAAAAAAAABggQAUAAAAAAAAAAwSoAAAAAAAAAGCAABUAAAAAAAAADBCgAgAAAAAAAIABAlQAAAAAAAAAMECACgAAAAAAAAAGCFABAAAAAAAAwAABKgAAAAAAAAAYIEAFAAAAAAAAAANmdxcAAABqh8rKSuXn56ugoEA2m83d5QCAW1gsFoWEhCgsLEze3t7uLgcAANQCBKgAAECVlZXKyMiQr6+v6tevL7OZXxEA3JzsdrvKysqUkZGhpk2bEqICAAACVAAAIOXn58vPz0/h4eHy8vKSyWSSyWRyd1kAcF05nU45nU4FBgYqNzdX+fn5ioqKcndZAADAzQhQAQCACgoKFB0dLR8fH4JTADetsz//PDw8FBwcrOPHjxOgAgAAXiIFAAAkm82mgIAAwlMAOBOkBgQEsB80AACQCFABAMBZhKcA8P/xMxEAAJxFgAoAACTCAgCogZ+JAADgLAJUAAAAAAAAADBAgAoAAAAAAAAABghQAQAAAAAAAMAAASoAAAAAAAAAGCBABQAAuIR169Zp48aN7i4DAAAAgBuY3V0AAAC4cf373/9WUVGR67PZbFZISIg6duyo2NhYt9YGAAAAAFcDASoAAPhZ2rdvr1atWkmSKisrdfDgQa1Zs0a33367QkND3V0eAAAAAPwsBKgAAOBn8fb2lr+/vyTJ399fnTt31g8//KDMzEyFhobKarUqNTVV2dnZqq6uVnh4uHr27KnAwEBJ0nfffadvv/1WZWVl8vf3V7t27dS6deuLtn344Yfq3r27GjVqJElauXKlSktLNXbsWEnSqVOntGzZMk2aNEmStHXrVmVmZqqqqkqhoaHq2rWr6tWrp8rKSi1YsEC9e/fW1q1b1bFjR7Vu3Vr79+/X7t27VVFRobi4ODmdTjc9XQAAAADuRoAKAACuOk9PTzkcDknS5s2bVVFRobFjx8rDw0MpKSnatGmTBg8erIKCAm3ZskWjRo1SaGio8vLytHLlSkVGRspkMhm2RUVFKScnR40aNZLT6dSpU6fk6ekpm80mi8WinJwcRUREyGw2a9OmTcrNzdWoUaNksVi0fft2rV69Wr/+9a/l6ekpScrIyNDIkSMVEBCg06dPKzU1VYMGDVJMTIwOHjyoTZs2KS4uzs1PFQAAAIA78BIpAABw1TgcDh08eFB5eXmuPVB79uypgQMHymKxyNvbW82aNVNeXp50Zsm/JFksFplMJtWvX18TJ05U3bp1L9p2NkCVpPz8fAUFBal+/fquY9nZ2WrQoIEkKT09XR06dFBAQIDMZrPi4+NVUVHh6itJcXFxCg4Oltls1pEjR1SvXj01bNhQHh4eatGiherUqXOdnyQAAACA2oIZqAAA4GfZvn27du7cKUmqrq6Wt7e3evbsqfDwcElSeXm5tm7dqry8PDkcDtfMVEmqX7++GjdurCVLligyMlKxsbFq3ry5fHx8LtrWoEEDbdy4UdXV1crKylJERIT8/f1ds1JzcnLUrl07lZeXq7q6WiEhIa5renl5yd/fXyUlJYqMjJQkBQUFudrLyspc2wucFRwcfM2fIwAAAIDaiQAVAAD8LO3atVPLli0lSWazWX5+fq42h8OhlStXKiYmRuPGjZOXl5cyMzOVkpIiSTKZTOrXr586dOigo0eP6uDBg0pLS1NSUpICAwMv2hYQEKC8vDxlZ2erVatW8vX11aFDh1RcXCy73a569erJarUa1n1ukOvh8f8X5VRXV8tkMtXoa7fb5e3tfVWfGwAAAIAbA0v4AQDAz+Lj46OgoCAFBQXVCE91ZjZnaWmp2rZtKy8vL0nSyZMnXe0Oh0M2m03BwcG65ZZblJSUJD8/P2VmZl60TZKioqKUnZ2t3NxchYeHKzQ0VIWFhTp+/LhrD1U/Pz+ZzWadPn3adc2qqiqVlZXVmHV6Lj8/P5WUlNQ4VlRUdFWfGQAAAIAbBwEqAAC4Znx9feXp6amcnBw5HA4dOXJE2dnZqqqqUmVlpdLT0/X555+rsLBQTqdThYWFslqtCgwMvGibJDVo0EAHDhyQv7+/fHx85OHhodDQUO3bt0/R0dGuGlq0aKG0tDSVl5fLbrdr27Zt8vPzc+2R+mOxsbE6efKkMjMzVVVVpe+++07l5eXX7ZkBAAAAqF1Ywg8AAK4Zs9msHj16aNu2bdqyZYtiY2M1aNAgJScna8mSJbrrrrtUUlKiFStWqKKiQv7+/mrbtq0aNWokp9Np2KYzM1CLiorUqlUr1/UiIiKUlpZWIxzt3LmzNm3apKVLl6q6ulrh4eEaPny4PDw8VF1dfV7NkZGR6tatmzZt2qTKykrFxcWpadOmcjqd1+mpAQAAAKhNTDabjb8GAAC4gTmdTmVlZalJkyZXPMbOnTvVoUOH8/b+BICbldPp1K5du9SxY8crHuPw4cOKioriZysAADc4lvADAAAAAAAAgAECVAAAAAAAAAAwQIAKAAAAAAAAAAYIUAEAAAAAAADAAAEqAAAAAAAAABggQAUAAAAAAAAAAwSoAAAAAAAAAGCAABUAAMhischqtbq7DACoNaxWqywWi7vLAAAAtQABKgAAUEhIiAoKCtxdBgDUGgUFBQoJCXF3GQAAoBYgQAUAAAoLC1NJSYmysrKYiQrgpma1WpWVlaWSkhKFhYW5uxwAAFALmN1dAAAAcD9vb281adJE+fn5Onz4sGw2m7tLAgC3sFgsCgkJUZMmTeTt7e3ucgAAQC1AgAoAAKQzIWpUVJSioqLcXQoAAAAA1Bos4QcAAAAAAAAAAwSoAAAAAAAAAGCAABUAAAAAAAAADBCgAgAAAAAAAIABAlQAAAAAAAAAMECACgAAAAAAAAAGCFABAAAAAAAAwAABKgAAAAAAAAAYIEAFAAAAAAAAAAMEqAAAAAAAAABggAAVAAAAAAAAAAwQoAIAAAAAAACAAQJUAAAAAAAAADBAgAoAAAAAAAAABszuLgAAANQuXx/7WiuPrFRmUabK7eXuLgcArgs/s58a1Wmk4U2Gq2d0T3eXAwAAahECVAAA4DJ923Sln06XzWGT2cusYO9gd5cEANeFw+nQ0dKjenffu/om+xs92elJd5cEAABqCZbwAwAASdJLW1/SjtwdqjZVy8vTSx4mfk0AcPPwMHnIy9NL1aZqbcvZphnbZri7JAAAUEvwlxEAANDao2u179Q++Xr7ursUAHA7X29ffZv3rVKOpbi7FAAAUAsQoAIAAK0+slrVqnZ3GQBQa1SbqvXF4S/cXQYAAKgFCFABAICOlRyTp4enu8sAgFrD08NTPxT/4O4yAABALUCACgAAVG4vZ89TADiHh8lD5fZyd5cBAABqAf5SAgAAAAAAAAADBKgAAAAAAAAAYIAAFQAAAAAAAAAMEKACAAAAAAAAgAECVAAAAAAAAAAwQIAKAAAAAAAAAAYIUAEAAAAAAADAAAEqAAAAAAAAABggQAUAAAAAAAAAAwSoAAAAuGKj40brg0EfKNI/8rpe92/d/qapXade12sCAADg5mR2dwEAAADAT/VN9jdyOB3uLgMAAAA3AQJUAAAA3HBWZa5ydwkAAAC4SRCgAgAA4LroWL+jhjcerpjAGJlMJp0oPaHVmau1OXuzq49JJt3e7Hb1ju4tfy9/HSk6og/++4FGx41WqG+ontn0jHRmCb/D6dDULf+3jH9q16kqqyrTsoxl+nWLX6thYENZ7VZtz92uxd8vVpWjyl23DQAAgBscASoAAACuuS4RXfTQLQ9p58md+mzPZ6p2VOu2qNt0f7v75e3prZTjKZKkUU1HKbFpolKzUvVN9jeK8o/SYx0eU7m9/KIhqN1hV6R/pO5qcZeWHFii7LJsdQrvpEmtJum07bSSjyRfx7sFAADALwkvkQIAAMA1NyZujHLKczQrbZZ25+3W3lN79fbet/VDyQ9KbJoonZl9OrDhQB0sPKi3976tb/O/1eqjq7X4+8WKDoi+6PhOOVXPt57e/e5dfV/wvYori/WfY/9RnjVPbcPaXqe7BAAAwC8RASoAAACuqVBLqML9wrXr5C455azRtjtvt0ItoQq1hCrEEqJAr0Dtzd9bo8+23G2yVdsueZ3iymIdLz1e41hBRYHqeNe5SncCAACAmxFL+AEAAHBNhVhCJEmnbafPayusKHT1qXZUS5KKKotq9HE4HTpZfvKS1ymuLD7vmMPpkIeJOQMAAAC4cvw2CQAAgGvK6fy/WacXCjJNMrn6mD3MNfrXGEPnHwMAAACuBwJUAAAAXFNnZ56G+ISc13bu7NSyqjJJUqB3YI0+JplUz7fedakVAAAA+DECVAAAAFxTBRUFyirLUof6HWrMQjXJpA71OyinPEcFFQXKLc+VrdqmW+rdUuP8+PB4+Zn93FA5AAAAwB6oAAAAuApui7ztgnuQ7j+9XydKT+ijAx/pkfaPaMotU/T1ia8lST2ieijSP1Kv735dklTtrNbXx7/WoIaDNOFXE7Tr5C41CGig/jH9daL0xHW/JwAAAEAEqAAAALgaEpsmXvD4/P3zdaL0hHae3KmZu2YqsWmiptw6RU6nUz+U/KCZu2Zqd95uV/9/H/i3vDy81C2ym3o26KkDBQc0c9dM/b7d73kZFAAAANzCZLPZ2JEfAIAbmNPpVFZWlpo0aXLFY4xYNkLBfsFXtS7ganqt92s6WX5SL21/yd2l4CZSWF6oFUkrrvj8w4cPKyoqSiaT6arWBQAAri/+Gx8AAAC1xpBGQ/RAuwdqHAv3C1eoJVRHi4+6rS4AAADcvFjCDwAAgFqjtKpU3SK7ycPkodSsVPmZ/TSq6ShVOaq07tg6d5cHAACAmxABKgAAAGqNjSc2yiSTBjcarIdueUhOOXWo8JDm7p2rnPIcd5cHAACAmxABKgAAAGqVDSc2aMOJDe4uAwAAAJDYAxUAAAAAAAAAjBGgAgAAAAAAAIABAlQAAAAAAAAAMECACgAAAAAAAAAGCFABAAAAAAAAwAABKgAAAAAAAAAYIEAFAADyM/vJ4XS4uwwAqDUcTof8zH7uLgMAANQCBKgAAEAxQTGqdlS7uwwAqDWqHdWKDYp1dxkAAKAWIEAFAAAa2WSkLCaLu8sAgFrD2+StUU1HubsMAABQCxCgAgAA9YrppdZhrWWttLq7FABwO2ulVbfWu1U9onu4uxQAAFALEKACAABJ0h87/VEd6ndQlb1KVdVV7IkK4KbicDpUVV0le5VdncI76bH4x9xdEgAAqCXM7i4AAADUHs90eUZfHf1KXxz+QlmlWbLamZEK4Obga/ZVVECURjQdof6x/d1dDgAAqEUIUAEAQA0DGg7QgIYD3F0GAAAAANQKLOEHAAAAAAAAAAMEqAAAAAAAAABggAAVAAAAAAAAAAwQoAIAAAAAAACAAQJUAAAAAAAAADBAgAoAAAAAAAAABghQAQAAAAAAAMAAASoAAAAAAAAAGCBABQAAAAAAAAADBKgAAAAAAAAAYIAAFQAAAAAAAAAMEKACAAAAAAAAgAECVAAAAAAAAAAwQIAKAAAAAAAAAAYIUAEAAAAAAADAAAEqAAAAAAAAABggQAUAAAAAAAAAAwSoAAAAAAAAAGCAABUAAAAAAAAADBCgAgAAAAAAAIABAlQAAAAAAAAAMECACgAAAAAAAAAGCFABAAAAAAAAwAABKgAA+EUaMmSI1qxZ4+4yrqtXXnlFTz75pLvLuKQbpU4AAABAkszuLgAAANQOBQUFevvtt5Wamqr8/Hx5eXnpV7/6lSZPnqwuXbpIkvLz8zV48GD985//dB27lBdffFEZGRl69913r/EdYNy4caqsrHR3GZd0NetcuHChli1bpuXLl//kc/Pz8zV9+nSlpaXJ29tbffr00eOPPy6z+cK/Iq9du1bz5s3TsWPHFBYWpsGDB+u+++6Tp6fnBft/9tln+uCDD5Sbm6umTZvqkUceUfv27X9ynQAAAHAvZqACAAA5nU5NmTJFn3zyiSIjIzVmzBh169ZNu3bt0iOPPKLDhw9LkjZu3PiTx76Sc3BlYmJi1LRpU3eXcUlXs04vLy/DwPNSnn32WZlMJr333nt67bXXlJaWprfeeuuCfffs2aPnnntOd999t5YuXaqnn35aH330kT7++OML9t+xY4f+/ve/68EHH9THH3+shIQEPfrooyooKLiiWgEAAOA+BKgAAEB5eXlKT09X/fr1NXfuXD3++ON6+eWX9eijjyohIUGFhYWaMWOGXnjhBUnSgw8+qD/96U+SpH379um+++5T7969NXDgQL3wwguyWq0qLCxUfHy88vLytGfPHsXHxyszM1NTp05VfHx8jWD1jjvuUHx8vAoLCyVJaWlp+u1vf6tevXqpb9++euKJJ5STk+PqP3DgQMXHx6ukpESSZLfbNX36dPXr10+DBw/W0qVLZTKZXP1PnTqlp556SgkJCerVq5ceeughZWVludr37NmjpKQkde/eXY8++qg+/fRTJSUlucZ+6aWXNGDAAHXv3l3jx4/Xjh07XOdu3bpVkyZNUs+ePTV48GD961//crXNnDlTU6dO1eOPP66BAwdq1qxZ+u1vf1vj2W/ZskXdunVTaWmpbDabpk+frqFDh6pHjx76/e9/rxMnTkiSSktLFR8frxUrVighIUEfffTRed/Hc5fGX6ruc/24zrPfk3NndR46dMj1zMvKyhQfH6/169frt7/9rRITE3XXXXcpIyNDkrRhwwaNHDlSycnJmjBhgoYMGaI//OEPKisrO6/OS/W12+168cUX1aNHDw0dOlSrVq3SmDFjtHr1akmS2Ww2DFAnTJigOXPm1Dj2xhtvaNKkScrMzNTOnTv11FNPqWHDhmrZsqV+97vfafny5XI6neeN5eXlpeeee07Dhg1TeHi4unXrpi5duujgwYMXvPann36q4cOHq2/fvoqIiND48eMVGRmpL7/88oL9AQAAUHsRoAIAAAUFBcnb21v5+fn67LPPZLVaJUnjx4/XtGnT1KFDBw0bNkxt27aVJN19990aPXq0rFarpkyZov379+sPf/iDevXqpWXLlmnu3Lny8/PTlClTpDMzDp9//nmFhYVdspaysjI9/PDDys/P1yOPPKLf/OY32rp160X3zPzkk0+UkpKi9957T8uWLVN6erqKiopc7a+++qqKior0ySefaOXKlfL19dXLL78sSaqqqtJjjz2mvn37au3atUpKStI777wjD4//+zVp2bJl2rNnjxYvXqyvv/5ad9xxh5599lnZ7XadOHFCjz/+uMaNG6eUlBS9+eabWrJkiZKTk6UzodvmzZvVqVMnLVmyRAMGDNCePXt0+vRpV23r1q1T9+7dFRAQoJkzZ+rQoUNauHCh/vOf/6hdu3Z68MEH5XA45OXlJUlas2aN5s2bpxEjRlz0OV6s7h/7cZ2XcjawXLZsmd544w0tX75cjRs3doWVZrNZeXl5yszM1Pvvv69ly5bpyJEjWrFixQXHuljfJUuW6Ouvv9aCBQu0aNEiffXVV8rNzXUF5F5eXq5n82MDBgxQSkpKjWMpKSkaPHiw/vvf/yoiIqLGv8nWrVursLCwRrh+VqtWrTR48GDpzIzt3bt3a8eOHerZs+cFr/3f//5XrVq1qnGsTZs22r9//yWeLgAAAGobAlQAACCLxaI//vGP8vT01LRp09SnTx+NHz9e//jHP/TDDz9IZ8KfBg0aSJK6du2qjh07yuFw6O9//7vmzZunxMRE3XfffdKZ5cve3t7q16+fJKlu3boaMWKEAgICLllLXl6erFarIiMjNWjQIN19992aP3++/va3v7n6LF26VOvXr3eNt379eg0dOlSNGjWSr6+vHnzwwRp7bD7zzDN65ZVXFBwcrICAAA0aNMgVZO3evVulpaWaPHmyfH191bt3b3Xq1Ml1bklJicxmswICAmQ2m5WUlKSVK1fKbDZr1apVatGihYYMGSJPT081adJEo0eP1ueff+4638/PT3feeafq1q2rVq1aKSoqShs2bJAkORwOff311xo0aJCqqqqUnJyse++9V/Xq1ZOPj49+97vfKT8/X7t27XKNd+59XszF6r6Qc+u8XLfffrssFoskuWYYn1VVVaWJEydKZ/59tWnTRkeOHLngOBfrm5KSomHDhqlZs2YKDg7WY489pvLycte5ZrP5ogFqRkaGjh8/Lkk6fPiwjh49qoSEBBUVFSkoKKhG/zp16kiSayb0hSxfvlxdunTRlClT9NBDD6lPnz4X7Gc0/sXGBgAAQO3ES6QAAIAkKSkpSb169dLGjRu1e/dubd++Xf/617/00Ucfafbs2YqPjz/vHH9/f+3fv1+fffaZ8vLy5HA4JKlGwPVTxcTEqGXLltq+fbv69++vuLg49ejRQ3feeaerz4+D2NzcXA0YMMD1uU6dOgoJCXF9zsvL0+uvv679+/erurpaVVVVrraTJ08qJCRE/v7+rmMtW7Z0BayjRo3S2rVrNWTIEHXt2lW9e/dWQkKCJOn48eOu7QnOFRER4fo6Ojq6RltCQoJSUlKUmJiob7/9VuXl5erZs6fy8vJUWVmpBx988LxnkpWV5Zr9++PxjFys7gu53HHPVa9ePdfX3t7estlsrs8Wi0WBgYGuzz4+PqqoqLjgOBfrm5eXV6O26OjoGt//i81AjYiIUJs2bZSSkqLx48dr3bp16tixo+FM6LNL98/d/uHH+vfvrzZt2mjfvn2aPXu2zGazhg8fbtj/x+NfbGwAAADUTgSoAADApW7dukpMTPWUF40AACAASURBVFRiYqKcTqfeeecdzZ07Vx9++OEFA9S1a9dq9uzZuvXWW/XCCy+oqqpK99xzz2Vd69x9Js+dLerp6al58+bpiy++0ObNm7Vr1y7NmzdPa9eu1UcffeRaWn+ucwPRs84GcHa7XVOmTFH37t316aefyt/fXykpKZo6daqrjh/Pyjz3GqGhofrwww+1e/dubdy4UbNnz9a///1vzZs3Tz4+PurTp49eeeUVw/v88dgDBgzQ4sWLZbVatW7dOvXu3VsWi0U+Pj6SpMWLFysuLs7wfi73hUkXq/tCb42/khcxXY8w0Ol0GgakusQMVJ0TWI8fP17r16/X6NGjJUnBwcHnvdDp7Odzw/cfCwwMVGBgoJo1a6aCggItWLDgggFqSEjIebNNT58+reDg4IvcLQAAAGojlvADAACtXr1agwcP1l//+lfXMZPJpBYtWkhnlpqf6+znffv2SZL69u2rli1b1th39FzV1dWur8/O9Dx58qR0JlTKzc11tZeWlmr//v3q06ePXn31VX311Ve67bbblJmZ6dpOwGaz1ZjlWq9ePWVnZ7s+5+fnu15CdPLkSeXk5OjXv/6169pn69aZ0PjUqVM1Zk8eOHDA9XV5eblsNpvat2+vhx9+WIsWLdK+fft08OBBxcTE6NChQzXu9dSpU4YzLXVmdmv9+vW1ZcsWrV+/XoMGDZLOBJ5+fn7nvZToQvtxXo6L1X05vL29a9zHuc/3eqpbt67rRVqSlJOTo9LSUtfndu3a6Te/+Y3h+QMGDNDevXu1f/9+ZWRkuLaVaNWqlfLy8mq8nGzPnj0KDQ1VZGTkeeP885//rLGNhM7MfjUKkVu1aqW9e/fWOLZ37161adPmsu4bAAAAtQcBKgAAUPv27WW325WcnKzx48dr6tSpeuKJJ/Tss89Kkmufx7N7Oi5atEj/+c9/XEvV165dq+TkZL3++uuqV6+ecnNztWHDBtey7AMHDmjhwoXKyclR69atJUkLFy7U8uXL9ec//7nGXpHff/+97rvvPj399NNKTk7W559/rsOHDysoKMh1vZEjR6pXr14qKSmRJN1222364osvdOjQIRUVFemf//yna2/OunXrytvbW7t375bdbte6deuUlpYmq9Wq0tJStW/fXp6envrggw9UVVWlb775Rtu3b3fV87//+7/661//qoKCAlVXVystLU2enp4KDw/X0KFDlZ+fr/nz58tmsykrK0sPP/yw3n///Ys+74SEBH344YcqLS1V165dXcfvuOMOvfPOO8rMzJTdbtfHH3+s//mf/6kRGF6ui9V9OWJjY117r1ZUVGjZsmU/uYaroVu3bkpOTtbx48dVWlqqWbNmyc/Pz9Wem5vr2uP0QsLDw9WqVSvNnDlTXbt2de1zGhsbq06dOmnatGn64YcftG/fPr355psaM2aM69yXX37ZFbbfeuutSk5O1vLly5WTk6Pt27dr0aJF6t27tyTpxIkTevHFF13/Ju+44w6tWrVKq1evVk5OjubMmaOioiINHDjwmj0rAAAAXBsEqAAAQOHh4Zo3b56GDh2qgoICrV69Wlu3blXTpk315z//WUlJSdKZfVIbNGigHTt2KDU1VYmJierTp48OHjyo9957T4888ojuueceORwOzZ8/X8HBwRo7dqwk6YMPPlBJSYkGDhyoxMRElZSUaO7cuRo6dKiaNm0qnVlu37FjRz333HMqLi7Wiy++qNmzZysmJkZvvPGGKxT9sYkTJ6pbt2669957NW7cOLVr104RERFyOp2yWCx6+umnNWfOHCUkJGjdunV69dVX1bhxYyUmJspsNuuFF17QqlWr1L9/f61YsULjx493zSx88sknZbfbXXvEzps3Ty+//LJCQkJUt25dzZw5U2vXrlXfvn01efJkdenS5ZLbGAwcOFC7d+9Wv379aiw//93vfqfOnTtr8uTJ6tevn9asWaM33njjsl6+9WMXq/ty3HfffTp+/LhGjBih+++/XyNHjpTOfI+up7vvvltt27bV+PHjdffdd2vIkCEKCgpybbOwdetWLVy48KJjnH3ePw4vp02bJl9fX02aNElPPfWU+vXrV+N7t2zZMtes5+7du+v555/X+++/r8TERD3//PMaOHCg68Vpp0+f1tKlS10zo9u3b69nnnlG7777rsaMGaMdO3Zo1qxZ571YCgAAALWfyWazOS+jHwAAqKWcTqeysrLUpEkTd5dyw6qqqpLJZHLtAzpv3jzt2rVLb775prtLw5ktG86G53a7XT179tScOXN06623urs04KIOHz6sqKgoXh4GAMANjhmoAADgpma32zVixAi99dZbstlsOnTokJYvX67u3bu7uzRI+uijj5SYmKjDhw/LarVq7ty5CgoKUsuWLd1dGgAAAG4SP/11qwAAAL8gZrNZM2bM0GuvvabFixerTp06GjRokGvrAbjX7bffruPHj+v3v/+9ysvLFRcXp1dffdVwOwcAAADgamMJPwAANziW8ANA7cQSfgAAfhlYwg8AAAAAAAAABghQAQAAAAAAAMAAASoAAAAAAAAAGCBABQAAAAAAAAADBKgAAAAAAAAAYIAAFQAAAAAAAAAMEKACAAAAAAAAgAECVAAAAAAAAAAwQIAKAAAAAAAAAAYIUAEAAAAAAADAAAEqAAAAAAAAABggQAUAAAAAAAAAAwSoAAAAAAAAAGCAABUAAAAAAAAADBCgAgAAAAAAAIABAlQAAAAAAAAAMECACgAAAAAAAAAGCFABAAAAAAAAwAABKgAAAAAAAAAYIEAFAAAAAAAAAAMEqAAAAAAAAABggAAVAAAAAAAAAAwQoAIAAAAAAACAAQJUAAAAAAAAADBAgAoAAAAAAAAABghQAQAAAAAAAMAAASoAAAAAAAAAGCBABQAAAAAAAAADBKgAAAAAAAAAYIAAFQAAAAAAAAAMEKACAAAAAAAAgAECVAAAAAAAAAAwQIAKAAAAAAAAAAYIUAEAAAAAAADAAAEqAAAAAAAAABggQAUAAAAAAAAAAwSoAAAAAAAAAGCAABUAAAAAAAAADBCgAgAAAAAAAIABAlQAAAAAAAAAMECACgAAAAAAAAAGCFABAAAAAAAAwAABKgAAAAAAAAAYIEAFAAAAAAAAAAMEqAAAAAAAAABggAAVAAAAAAAAAAwQoAIAAAAAAACAAQJUAAAAAAAAADBAgAoAAAAAAAAABghQAQAAAAAAAMAAASoAAAAAAAAAGCBABQAAAAAAAAADBKgAAAAAAAAAYIAAFQAAAAAAAAAMEKACAAAAAAAAgAECVAAA8LO9+eabio+P1yeffOLuUn6WyZMnKz4+XpmZme4uBQAAAEAtYXZ3AQAAoPZIT0/XggULtHPnTpWUlCgkJETdunXT5MmT1aBBA1e/NWvW6Nlnn9WWLVtkNl/fXydOnTql+fPna8OGDTp58qT8/PzUtm1bTZw4UR06dPhJY7344ovKyMjQu+++K0kaPny4OnbsqODg4GtUPQAAAIAbDQEqAACQJKWmpuqJJ56Q3W5XZGSkmjVrpoyMDH3++edav3693nnnHTVr1kyStHHjRrfUmJOTo0mTJik/P1916tTRrbfeqpMnT2rTpk3avHmznn/+eQ0fPvyyx9u4caOioqJcn5OSkq5R5QAAAABuVCzhBwAAqqqq0rRp02S323XvvfdqxYoVmjNnjr744gsNHjxYJSUleuGFFyRJY8eO1erVqyVJXbt2rbFsv7q6Ws8995x69Oih0aNHa+fOna623NxcPfnkkxowYIB69uypP/3pTyosLJQklZaWKj4+XhMmTNCCBQvUo0cP7d2797w6X3vtNeXn56t79+5KTk7WW2+9paVLl+rJJ5+U0+nU9OnTVVxc7BpvzJgx+uSTTzRkyBB1797ddY+FhYWKj49XXl6e9uzZ41q2f6El/B9//LFGjhyprl27asiQIXr77bdlt9slSRs2bFB8fLz+8Y9/6M0331Tfvn01ePBgLV682HV+Tk6OnnrqKSUkJKhHjx665557ajyXP/3pT4qPj1dKSspV/q4CAAAAuBoIUAEAgPbs2aP8/HxFR0fr3nvvdR338vLSk08+KR8fH+3du1c5OTl64IEHFBgYKEn6y1/+ovj4eFf/jz/+WOXl5Wrbtq0yMzP13HPPqbq6WtXV1XrooYe0YcMG3XvvvXrooYeUkpKil156SZLk4+MjScrOztaKFSt0xx13nLeMvrKyUhs2bJAkPf300/L19XW1jR07Vm3atJHNZtPGjRtd4x0/flypqal66qmn1Lx5cy1fvlyLFi2Sn5+fpkyZIkmKiYnR888/r7CwsPOey/z58zVjxgwFBQXpgQceUExMjN555x3NnDlTkuTt7S1JWr16tXJzc3XfffeptLRUr776qo4ePep6RqmpqZowYYL+8Ic/qLi4WA8//LArPAYAAABQu7GEHwAA6Pjx45KkFi1ayMOj5v+vBgUFKTY2VgcPHtSxY8fUp08fzZgxQyUlJRo2bFiNPVAbNmyoV155RQ6HQ8OGDVNubq5yc3N17NgxHTlyRH379tWoUaMkSWlpaVq3bp1OnTqlOnXqSJIKCgo0Z84c11YB5zp58qSqqqoUHBysyMjI89rbtGmjffv26dixYzKZTNKZmbV//vOfFRYWptDQUN1zzz368ssvNWHCBPXr10+vv/666tatqxEjRpw3nt1u1/z582U2mzVr1iyFhoZqzJgxGjRokJYuXaoHH3zQdR0fHx9NnTpVJpNJGRkZWr58ufbu3auGDRvq6NGj8vPzU//+/dWgQQN1795dxcXF8vPzkyQ9//zzeuaZZ2oEwgAAAABqDwJUAADg4nA4Lnjc6XRKkiswNHL2JU4eHh6KjY1VXl6eSktLXbMx169fr+7du9c459ixY64A1dfX94Lh6ZXWGBYW5ppZ2rBhQ0nSiRMnLjr+WTk5OSovL1d0dLRCQ0Nd9cXGxio9Pb3GOHFxca7rhoeHS5JKSkokSQMHDtSSJUs0atQoRUdHq3Pnzrrzzjtds1ctFossFstl1QQAAADg+iNABQAAatSokSQpPT1d1dXV8vT0dLUVFxfr2LFjNfoZObt0XmdCVJ0JNs8e79OnjyZOnHjBa+tMQGkkIiJCPj4+Ki4u1vHjxxUdHV2j/bvvvpMkNW7c2HWssrLS9fXZfUsvFQJfytmg9tyZul5eXq6vz45/tt/jjz+uTp06af369dqxY4eWLl2qVatWadGiRYqJiflZtQAAAAC49tgDFQAAqE2bNoqIiFB2drbeeecdV/hnt9s1c+ZMVVRUqHPnzuftE2o0G/THzgaFRUVFatu2rdq2besKaS939qXZbFbfvn0lSTNmzFB5ebmrbdmyZdq3b58CAwNrzHAtLi5WVlaWJOnAgQOSpKioqBrjVldXX/B6kZGR8vPzU05OjgoKCqQzL7s6evSovL29zwtwL8Rutys9PV0xMTGaOnWqkpOT9cADD8hqtWrbtm3SmZC3vLzcsA4AAAAA7sUMVAAAILPZrL/85S969NFHNW/ePH3xxReKjo7WkSNHlJ+fr+DgYD399NOu/kFBQcrLy9Ps2bM1aNCgS45/yy23qGHDhkpLS9PLL7+ssLAwvffee2rQoIEWLVrkCmwv5ZFHHlFaWpq++eYbjRgxQnFxccrPz1dmZqY8PT317LPPyt/f3zXb1NfXV88++6z69++vTz75RJI0ZMgQSXK9COvAgQNauHDheffh6emp3/zmN3rjjTf02GOPacCAAVq/fr1sNpvuueeeywp+KyoqdP/998vf3991zpYtWyRJzZs3l87sgfrVV1/plVdeUZ8+fS7rOQAAAAC4fpiBCgAAJEldunTR/Pnz1adPH1mtVqWlpcnDw0NJSUn68MMPFRsb6+o7ceJEBQQE6LPPPlNGRsYlx/b09NScOXPUr18/ffnll/rXv/6lrl27atasWTW2C7iUevXq6f3339fo0aPl6+ur3bt36/Tp0+rVq5fmzZunhISEGv0DAwOVmJio999/X/n5+Ro3bpzuvPNOSVJwcLDGjh0rSfrggw9ce5aea9KkSXriiSeUl5enWbNmKTs7W1OmTNH9999/WfX6+/tr9uzZioqK0uzZszV9+nSVlJRo2rRpatu27WXfNwAAAAD3Mdlstsub8gEAAGolp9OprKwsNWnSxN2l1Bp2u11du3ZV3bp19eWXX7q7HAA3qcOHDysqKupn770MAADcixmoAAAAAAAAAGCAABUAAAAAAAAADPASKQAA8ItjNpu1Y8cOd5cBAAAA4BeAGagAAAAAAAAAYIAAFQAAAAAAAAAMEKACAAAAAAAAgAECVAAAAAAAAAAwQIAKAAAAAAAAAAYIUAEAAAAAAADAAAEqAAAAAAAAABggQAUAAAAAAAAAAwSoAAAAAAAAAGCAABUAAAAAAAAADJjdXQAAAKidjp0q14Q3N6vEZr9ge1igj95/4DbVD/L5SeOW2Ozq+79rteThHmoWHnCVqsXP8coX/9XJIpte/p/27i4FAAAAqHUIUAEAwAXNWXvQMDyVpPySChWVV9YIUH//7jZF1PHV1NFtz+u/6UCeHvtglz57orfemtxZDUJ8r1ntknTHaxt1NL9MkuTpYVLdAG91bFxXd/dsohaRgdf02u6Q+n2eYkL91DDM/5J9bVXVWrk7S7d3ipEkjevaUJV2x3WoEgAAALjxEKACAIDzOJzSloP5kqTPnuh9Xtj5yMKd+j67WHX8vHWiwOpqT4yP0bRl+/TkyFby8/ascc6KXSfUo0U9RdSxKKKO5brcx+Q+TXV75xhV2h364VSZPt16TBPf3KyX72qvXi3rX5carpf5KRma1LvpZQWoe44Waum2Y64ANSbU7zpUCAAAANyYCFABAMB51uzJUrG1SpI06pWvL9gnqVOMNh/IU7G1ShN6NpYk9Wsdrr+v2K+v9mZrVMdoV99ia5W+3p+rv9/V4bwl/Laqav1jZbo2pJ9UsbVKbWKC9Zfb26pBiK+GzlivJ0e0Up9W4ZKkhxbsUG6hVR8/2lOSdCC7RBPnbNb6vwyQxev8rd0DLGaFnwlrY0L91L15Pf1jVbqmLdunFX/sIx+zh3IKbZqx4jt9e7RQXmYP3dooRE+NaKUQf29J0g+nyjX9s+/07Q8FCvH30YSejTWma6zySyo0ePp6/b/27j04qvIO4/hzdje7yWYJSZYEiAmQEG5ylwQqKOAFhdqqUKlKqZdaRx28MHRqnep4rVpa2/GCo7ZjvbV1KCIUpYJQuQwKck0odyEkIQmEJJsL2WR3s5f+kbASkkOCMhPB72dm/8g57zn7njeZSfbJ+/7eJfMmRgPIhRuLtHRrid5/YILW7zuuFz7eq9smZmnpliM6Wt2oG3PTdemAFL226oDKaho1PCNRz908SjarccZx8PpDmvT0Kv3xZ6P1jw2FqjzhU7zDpqdnjlT/ni7d++Zm5RfX6Dfv79BVw3rpmZkjtHxHmd5ad0hHqxuV5LJr9oRM3TK+r748WKWH3t2qUDiiy55cpffmjNfizcWtlvAv2lSshRuLVF7nU3qyU7Mvy9R1o9MkSbNf/UJTR6Ypr9CjokqvGptCmjttsK4e1usc/gQCAAAA3x1sIgUAANpYvPmIJOn+awdq67NTW72eu3mkJGnSkFSt33tco/slRa+z2yz64eg0fbSttNX9VuYfVVK8XZcO6NHmvf68fJ8OltfrnfvG67+PXa0RfZI052+bFY5IOVlu5RXVSJJC4YgOHK2TrymsmobmcHdHoUcj+ya1G56auWNSf3nqA9px2KNIRJr77lZ1d9q17NeT9c/7J6iyzq+nP/yf1DITd95725SV6tLHD1+hZ346Qi+v3B+dnXsmNotFFXU+eX1B/X3OeM2fNVrvrD+sJVuO6I27x2nRQ5dra4FHGw5UdDgONqshSVqy5YgW3Jmjpb+apMxUl15b/ZUk6fW7xsrlsGn+raP1zMwRKqzw6okPdurBqYO09vEpeuqmEXrxk33aXVKrcdluPXjtIA3qnaANT05RZkrrGaurdx3Tq6sO6LEZw7Tmsat11+T+enLxTu0prW15LkMLNxZp3nVDtGju5frF5P56fuluRSKd/hYAAAAA5xUCVAAA0Eq1N6DdJc2h5YKVB5Tz6IpWr98uzFdsjEXD+yTqUPkJDUtPbHX99NwM5RVVq7iqIXrso+2lun5MuqwWo1XbplBEH+8o1d1XZislwSGHzaJ7rspW5YmAth/2KLe/W/lF1ZKkfWV1Sk92amhGd+W1HNtRVK2x/d1n9XyJzhglu5pLD+wuqdWh4/WaO22w4h1WJbvs+uUV/bVhf4X8wbB2HanRkaoG3TtlgBKdMRrVN0nzbx0td7fObZzVFIpo5g/6SJKG92kepykjestmMeSKtSkr1aUjld4Ox+GkGbkZio1pLo2Qk+VW4fH6dt83w+3Uikeu0MTBqYqxGhqTmaw+PeK1t6yuwz7/e2uJfnTJRRrVN0k2q6Grh/fSsPRErdldHm0z6eJUpbWUbcjNcqu2sUkeb6BTYwIAAACcb1jCDwAAWlm6tURNoTNPJxyX3UP5RdXKyXLLaJ2JKivVpeEZifpoW4nmXDNQBcfrtbesVvNnjWpzn4o6nwLBsOa8taXNubLqRo3NduvZpbvkD4a1/bBHo/slKaVbrPIKqzV5SKryCqs1e0LmWT9jOByR1WKoxNMgt8uhRGdM9Fy/FJciEam81qcST4O6O2Pkcnz9J9P4gc2zaCtP+Dt8n3iHNVoL1mFr/r91cktpAEmKsVnkD4Y7HIeT4WtKwte1Y+02i3zBULvva7UY+k9emZZtK1GNNyCLxVBtQ5MCTe23P1Wpp0FXDO3Z6li/lHgdrWmMfp16Wj8kyd+JewMAAADnIwJUAADQyuf7Kzpsc/ng5uX7E4e0vxHT9NwMvb76gO6bMlDLtpVqXHYP9U6Ma9PO0TKb8v0HJmhAr27t3qtX91jtLa3V9kKPZuT2kbubXSuW7VGJp0G+QEhDLko4q+crrW5UTUOT+qXE61iNz7RdIBiW0RK2dtbpLQ0ZbdqcHjirE+PgD4ZNr23Ph1uO6O11BXrp9jEantEcvs5a8HnnLjYRaOmDpHaeCgAAALhwsYQfAABEbS3wRJfHm7EY0mWDUrTlUJXGZbetaSpJ14zoJa8/qO2HPVq5s0zTW3Z7P53bZZfTbtVXx060Ol5W/fVsx5wst7Yf9ii/qEYj+yZqYO8EFVZ6temrSo3JSm5TFqAjC1buV1pSnIZlJCrd7VRVvT9aU1WSCivqZTGktKQ4pbudqm1sUvUpy9NX7zqmLw9WRUNP/ynB4rFTZmmejc6Mw9nYWVSjcdnuaHh6whdUcaW3U9emu506VN66NEBhhTe6URYAAADwfUOACgAAog6VnzjjeYshXT8mXcdqfMrq6TLdvCk2xqqpI9O04NP9CoYimjS4/ZmqkvSTcX30188OqrDCq2AookWbijVrweeq9wclSbn93Vq+o0ypCQ4lxMXIZjE0sFc3LdxY1GH903pfUOW1Ph2tadSXB6s0991tWrf3uB6fMVw2i6GhF3VXds9uemXFfvmaQqqo8+svnx3UVcN6yWm3alh6ojJTXHrxk32qqPMrr6hav/twl0LhiLrF2pTojNG2gipJ0rEan9buKT9jf86ko3HoiCPGouIqr+r9QfVOitPBYydU7w+qos6vZ5fuUs/ucapoKTvgiLFGg+NTZ5ZK0o05GVq+o1S7SmoVDEW0Iv+o9pTWatqoi77xswEAAADnM5bwAwCAqDi7TTfmpOvhH18crW15unBE+sOy3Zo0pGe750+anpuh2a9+oZ9fnhndRb4991w1QA3+oO56Y5OaQmEN7J2gBXfkRuuO5ma59ejCfN009utZrCP7JumtdQUaazID9qQ31x7Sm2sPSZIS4mJ0SWay3r73Ug3s3bxM3jCk528dpRc+2qNpv1+jOLtVEwen6sFpg6PnX749R098sFM3/Gmd3C6H7psyIFoH9ZEbhuqlT/brX5uKleF26pZL+2nx5uIz9umbjIP/tJCzPdNzM/Tqpwe0+WCVnpo5QnlF1Zr6/BqlJjg077ohqsz264WP9yg53q4pw3vr3fUFum7+Gi24M7fVfa4c2lPFlV49tjBfnnq/+qbE65U7cpTd0/WNngsAAAA43xk+n6/zhb0AAMB3TiQSUVlZmbKysr71vYKhiH63ZJdW7CxT8AwbSY3JTNaLt41RXMsGSQCAtgoKCpSWliajswWMAQDAdxIBKgAA57lzGaACAM4dAlQAAC4M1EAFAAAAAAAAABMEqAAAAAAAAABgggAVAAAAAAAAAEwQoAIAAAAAAACACQJUAAAAAAAAADBBgAoAAAAAAAAAJghQAQAAAAAAAMAEASoAAAAAAAAAmCBABQAAAAAAAAATBKgAAAAAAAAAYIIAFQAAAAAAAABMEKACAAAAAAAAgAkCVAAAAAAAAAAwQYAKAAAAAAAAACYIUAEAAAAAAADABAEqAAAAAAAAAJggQAUAAAAAAAAAEwSoAAAAAAAAAGCCABUAAAAAAAAATBCgAgAAAAAAAIAJAlQAAAAAAAAAMEGACgAAAAAAAAAmCFABAAAAAAAAwAQBKgAAAAAAAACYIEAFAAAAAAAAABMEqAAAAAAAAABgggAVAAAAAAAAAEwQoAIAAAAAAACACQJUAAAAAAAAADBBgAoAAAAAAAAAJghQAQC4AFitVgUCga7uBgCgRSAQkNVq7epuAACAc4AAFQCAC4DD4VB9fX1XdwMA0MLr9crhcHR1NwAAwDlg6+oOAACAb89ut6uhoUGGYSg+Pl52u72ruwQA30uBQEBer1der1dOp7OruwMAAM4BAlQAAM5zhmHI4XAoHA7L5/Oprq5OoVCoq7sFAN9LVqtVdrtdsbGxcjgcMgyjq7sEAAC+JcPn80W6uhMAyxfPNQAAAQZJREFUAODbCwaDCgaDCofDikT49Q4AXcEwDFksFtlsNtlszFcBAOBCwG90AAAuECc/rBOeAkDXYtYpAAAXFgJUAAAuMHxwBwAAAIBzx9LVHQAAAAAAAACA7yoCVAAAAAAAAAAwQYAKAAAAAAAAACYIUAEAAAAAAADABAEqAAAAAAAAAJggQAUAAAAAAAAAEwSoAAAAAAAAAGCCABUAAAAAAAAATBCgAgAAAAAAAIAJAlQAAAAAAAAAMEGACgAAAAAAAAAmCFABAAAAAAAAwAQBKgAAAAAAAACYIEAFAAAAAAAAABMEqAAAAAAAAABgggAVAAAAAAAAAEwQoAIAAAAAAACAif8DLjH5c1XBeJ4AAAAASUVORK5CYII=" width="700" height="480" /><br>  </system-out>
  <testcase classname="dagserver.test.LoginTest" name="loginOk" time="2.287"/>
  <system-out>
Fotos tomadas durante la prueba<br> <b>loginOk-OK</b><br><img src="data:image/png;base64, iVBORw0KGgoAAAANSUhEUgAABVAAAAI4CAYAAACMfsLxAAAAAXNSR0IArs4c6QAAIABJREFUeJzs3XlcVNf9//H3sO87CoKKCwoq4o4L7kZMNYvWJWuzNrHRpHZJapN+01/atE3SJc3WpjGtMSZtTdXsMVGD4obGXVFBURCVRUBQthkY4PdH4IYRBomiQHw9H488MnfumXvPmUF9zJvPOcfUs2fPWgEAAAAAAAAAGnFo6w4AAAAAAAAAQHtFgAoAAAAAAAAAdhCgAgAAAAAAAIAdBKgAAAAAAAAAYAcBKgAAAAAAAADYQYAKAAAAAAAAAHYQoAIAAAAAAACAHQSoAAAAAAAAAGAHASoAAAAAAAAA2EGACgAAAAAAAAB2EKACAAAAAAAAgB0EqAAAAAAAAABgBwEqAAAAAAAAANhBgAoAAAAAAAAAdhCgAgAAAAAAAIAdBKgAAAAAAAAAYAcBKgAAAAAAAADY4XSlFxg/frzi4+ON49raWlksFhUUFOj48ePau3evysrKrvQ2AAAAAAAAAHDNXXGAWm/jxo0qLS2Vg4OD3N3dFRYWpvj4eA0fPlyrV6/WyZMnW+tWuMr8/f113333yc3NTSaTqdH5kpISLV26VCUlJW3Sv47iqaee0u9+97u27sa38uCDD2rv3r3avXt3W3cFAAAAAK5L/v7+uvvuu+1+Jy8tLdWyZctUWlraJv27Er/4xS++Vftz584pICBAzz///FXr07Xg6Oio+Ph4DRgwQJJ06NAhbd68WdXV1Zd9zRkzZqiyslJr165txZ7CnlYLUFNTU1VYWGjzXHBwsObNm6c5c+ZoyZIlOn/+fGvdDlfR+PHj5e7ubve8t7e33NzcGgWo8+fPV2BgoCSpurpaZWVlysrK0vbt25WXl3fV+93RPfXUU5LUKHSdP3++fH199dJLL8lsNtuci46O1qxZs7RlyxYlJSVdcR8+/fRT4x/hoKAgeXt7KyMj44qvCwAAAABomfj4+Ga/k3t5ecnd3b1DBqiSLhmG1oes586d05IlS/TDH/7wGvXs6hk7dqzi4uKM4/rHGzdubMNe4dtotQC1Kfn5+Vq9erXuu+8+jRkzRp999plxLiYmRiNGjFBQUJCqqqqUn5+vTZs2NapUHTdunAYNGiQ3Nzfl5ORo7dq1mjBhgnx8fLRkyRKpLtAbP368IiIi5OnpqYqKCmVkZCgxMdFm+YCIiAjFx8crNDRUknT27Flt3bpV6enpRpv7779fZWVlOnDggBISEnTq1Cl5eHjI399fL7/8cqMxPvbYYyoqKtLy5cuv6B6rVq1qxXf+yvTo0UOS9OqrrzYKvefOnauQkBCZzWb5+vo2Or9582bt3btXTk5OCggI0JAhQ3Tvvfdq1apVNu/B9cxeUNoci8Wi6Oho7d271+b5/v37q6KiotX6lpOTY3NtJycnAlQAAAAAuIbqv5O//vrrjb5zf//731fnzp1VUVHR5HfyjqClVagBAQH64Q9/qICAgKvep6utvvK0of79+xOgdiBXNUCVpOzsbOXk5KhPnz5GgDpgwADdfPPNOnjwoDZu3ChnZ2eNHDlSt912m/75z3+qoKBAqvuty9ixY3XgwAEdOnRIgYGBmjNnjiwWi6xWq3GP2bNny8PDQ0lJSSopKZGvr6/Gjh2r22+/XW+++aYkqWfPnpo3b55OnDihVatWyWQyadCgQZo7d65Wrlypo0ePSpKsVqs8PT01duxYbdiwQUVFRQoODta0adMUHh6u06dPG/ft2rWrvL29tXnz5iu+R3vRv39/eXh4SJIWLlzYZJs9e/aoZ8+ecnd31/bt223OWSwWozK1qKhIx48f1+TJkzV9+nS9+uqrqq6ulpOTkyZNmqQ+ffrIxcVFeXl5SkxMNMK7gIAATZs2TWFhYSovL1dycrL27NkjSRo6dKji4uLk7e2tkpIS7dix47qYbp6RkaEBAwbYBKhubm7q3r27Tp06ZdN2yJAhGj58uLy9vVVcXKzt27crJSVFkjRlyhS5ubnJbDYrIiJCHh4eOnjwoDZs2CA1mMLv4eGh0aNHq6amRlFRUXrttdea/dxcXV3185//XB9//LEmTZqkzZs3XxefCwAAAAC0pujoaKP6dP78+U222bdvn3r27Ck3Nzd99dVX17iHV6ajT8VvS4MHD9bIkSPl4uKiI0eONDrfv39/jRw5Ur6+viovL9fOnTuN7+UODg6aMmWKBgwYoIqKCm3cuFGjRo3S9u3bdfjwYXXr1k0TJ05UYGCgKisrdfToUX355Zc2GU6vXr3k7u6u7OxsrVmzRufPn5eLi4t+8pOf6NNPP9XEiRO1fft2jRs3TitXrrQpkLzzzjt1+vRpJSUlqXv37ho3bpxxr507d2rnzp2SpEmTJsnV1VVubm4KCwvTq6++eg3f4eZd9QBVkvLy8hQaGmoEN/7+/srIyNBHH31ktMnPz9f8+fMVFRWlLVu2SJKGDRumU6dO6eOPP5YknThxQmVlZZo5c6ays7OluhCpS5cu2rhxow4ePGhzz4iICDk7O6uqqkqTJ09WQUGB/ve//6mmpsa43oMPPqjx48cb4WZNTY1CQ0O1fPlyZWVlSZIKCgo0depURUVF2QSoUVFRslqtxg/uldyjvRgyZIgkKTExUcnJyTbn6qeLHzt2TIMHD9bWrVtbdM1t27YpLi5O3bp1U0ZGhiZPnqywsDAtX75cZWVlmjhxoubOnavXXntNVqtVs2fPVkZGht5//30FBQVp3rx5KioqUklJiaZMmaK33npLZ8+eVWhoqG6//XadOnVKZ8+evSrvx9XW0mrU48eP68Ybb7T5DWN0dLQyMzNt1kyJiorSxIkTtWLFCmVnZ6tPnz6aOXOmCgsLlZOTo+rqakVHR+v999/X+vXrFRgYqIceekgpKSnKz883rrN582Z17txZRUVF+vLLL6W6n+/mPjfV/YX99ttvsz4uAAAAAFyGwYMHS3VTu3fs2GFzLioqSrfccovS09MVGxvbqKCpI7he10BNSUmxmcJf/1xLBQcH64YbbtCqVauUmZmpfv36afLkyTp8+LBUV4g2ffp043yXLl00b948nTlzRrm5uRo6dKgiIyP19ttvq7S0VN/73vfk4+Oj2tpaSdLNN9+sLVu2aP/+/fLy8tKsWbMUGxurPXv2aNKkSQoKCtLy5ctVUVGh0aNHa968eXrjjTeMPKJfv3565513VFpaqu7duysyMtIIUD09PRUWFqa1a9fK19dXs2bN0ueff67U1FQFBARo7ty5qqioUEpKiqxWq/r166dt27bpiy++aMVP4MpdkwC1srJSkuTq6iqz2WxUbDZUX4Xp4+Nj/N/T07NRFVtqaqosFotxXFVVJbPZrJiYGGVmZurMmTOSpNzcXOXm5kp1H1anTp20detWmUwmOTo6Gq8/fvy4Ro0aJRcXF6OfZrPZJtgsLy/XyZMn1bdvX61fv954PioqSidOnJDZbL7ie7QHHh4e6tKli1SX+k+aNKlRm8rKSp0+fVpTp041QuxLqaioUFlZmfz8/CRJsbGx+uCDD4wgMCkpSUOGDFF4eLiqqqoUEBCgZcuWyWKx6NSpU1q9erVKS0vl5uam2tpamc1m1dbWKjs7W3/5y1+MP/DfZfW/ARowYIARXPfv3187d+5UdHS00S42Nlb79+83gv7U1FRlZ2erb9++RoVvUVGRsZxCYWGhSktLFRQUZBOgNqW5z62+CvbgwYM6d+7cVXoXAAAAAOC7y8PDw1gOcMKECZowYUKjNlVVVTpz5owmT57c5Hfy+Ph4jRkzpsnrb9261ShYa0utsQZqRxhnvU6dOqm0tFS7du0yvr8fOXJEZWVl6ty5c4v2jOnTp49ycnJ0/Phxqe6799ChQ43zRUVFeu2114xlLE+dOqVz584pJCREubm5ioyMVEpKijHjOzExUQ8//LAkyWQyycXFRRUVFaqtrVVJSYnefvtt1dbWytHRUTExMVq5cqWx5u6WLVs0bNgwde3a1fgZTElJMXK9I0eOaOzYsUZ+FhkZqcLCQuXn52v06NHKy8szChELCwu1Z88excTEGIFyZWWlMQvZnrb4/K9JgFo/Jbx+rUZXV1fFxcWpb9++8vb2lrOzs9G2foc5T09PSbJZw1R11ZvFxcXGcXV1tf73v//p5ptv1r333qvS0lJlZmbq0KFDRkhUH8qOGTPG7hvs7e1tbIJ18T1Vt0PajBkzjB++8PBw+fj4GD8QrXGPthYbGysnp+Z/JDIyMhQeHt5ordpLMZlMqqmpkaenp5ydnW3CusrKSpWUlMjPz09Wq1UVFRU2IfmJEyeMa6SlpWn+/PnKyspSenq6Dh482GhjpfboctY9vVj9mrlbt26Vj4+PgoKClJ6ebhOg+vv7G5XO9QoLC+Xr62scX7hwwea81Wq1+TPYlEt9bvUBantajgIAAAAAOpKYmJgWfScPCwuzW5BVHxxdnEu0p1CxNdZA7QjjlKSQkBDdeeedcnJyUlFRkdLS0mQymdSrVy/5+/vLarXq3XffNQoA7fH29m603m3D4qXa2lr1799fMTExxhIQbm5uxs+Tl5eXTZZWXFxs5C61tbVKSkrSjBkzFBcXp4yMDCMQ9fT0lJOTk2677bZGffLz8zMC1IbXPnbsmKZNm2bkZ3379jUCUz8/P3Xt2rXRz0DDnKLhtexpi8//mgSoYWFhKioqMqov582bp9DQUG3evFmZmZnGh9ZwfY/6Cs6mqgsvfi4rK0t/+9vf1L17d/Xq1Ut9+vTRgAEDlJqaarM5065du2ym+TfU8MNqOCW6XmpqqqZNm6a+ffsqNzdXUVFRslgsOnbsmE27K7lHW+vdu/cl2xw7dkx9+vRpFNI1x9fXV56enpesTHR0dFRVVZURol+strZWH374obZs2aLIyEgNGDBAY8aM0dKlSzvkwtnfVkZGhpydnRUaGqru3bsrNTW1xT9HDf8Rtvf+Xq6G1db1S1cAAAAAAL6dXr16XbJNenq6IiMjm92k+eJwqT2Fiq05Fb89j7PeiBEjjO/j/v7+8vf3tznv5OSkESNG2Cxx2ZSG37sbvrZebGysRo4cqZUrVxqh5r333mucN5lMjfKDhtna7t27deTIEfXq1UuRkZG6//779eGHHxrX+te//tXkrNX6fjXMAiorK5WRkaHevXuruLhYXbt21dq1a6W6Cuq0tDR98MEHdsfa0lzhWn/+Vz1AjYyMlL+/v7Zt2ybV/Qaha9eu2rFjh/Gc6tL0huqrVeurVxvy8/NrFMbV1NQoIyNDGRkZWr9+vSZOnKjRo0crPDzcpm1Lp51fzGKx6MSJE+rbt6+SkpIUFRWltLQ0Y+3HhgHe5d6jLXXr1k3dunVrtk1NTY3S09M1ZswY44e/JSZOnKiioiKdOXNGNTU1qqysVKdOnYxqRRcXF3l7e6uoqEhms1nu7u7y8PBQeXm5VLdUQv2SB66uriosLFRhYaG2b9+uBx98UH369DEWHP6uS0lJUVRUlHr16qU1a9Y0Ol+/6VlDgYGBV7xcRFlZWbOfGwAAAADg8nXt2lVdu3Zttk1NTY1OnDihUaNGad26dc22bRgktadQsbXXQG2v46wXFhbWKm1KSkrUvXt3m+cCAgKMafVhYWHKzMw08ihXV1ebyt3y8nJjWUXVzaJ2c3MzjuszmIMHD+rgwYOaPHmyBg4cqPT0dFksFgUHB9sEqD4+Po1mtzaUmpqqESNGqLi4WGfPnjVyg+LiYkVERNi09fDwkMViuaxCw2v5+TtczYuHhIRo+vTpKisrMxY/rk+nL36jhw8fLjWojisqKpLFYlHPnj1t2vXt29fmQw4NDdWtt94qV1dXm3YZGRlSXclyeXm5zp49q6ioqEbl8HFxcRo2bFiLxnP48GEFBwcrKipKvr6+Ngv+ttY92srFodvFampqtH//fvn6+io/P98Iji/m6uoqb29v+fj4KCIiQnPnzlXfvn31ySefGL9F2L9/v0aPHi0vLy85OTlp4sSJKisr08mTJ5Wdna2CggJNnjxZXl5e6tq1q6ZPny4HBwcNGjRIP/jBD4y/BIKCguTp6XldVJ/WO3jwoPr37y9nZ2djvd+G9u3bp5iYGIWGhsrBwUH9+/dXaGjot1qcup7VapWfn5/xZ6u5zw0AAAAAcPla8p38wIED8vHxUUFBQYvCpi1btrTLUPH5559v9r969WugXmo2a3sdpxosT3mlbTIyMhQaGqrIyEg5Oztr0KBB8vLyMs5fuHBBQUFBcnFxkZeXlxISEnThwgWjTUZGhmJiYuTr6ytXV1dNmDDBmA0eGBio+fPnq3v37jKZTPLw8FBwcLCRtezbt09jxoxRQECAkc3cd999cnFxsdvf9PR0BQYGauDAgcb0fdUtj+nl5aW4uDg5OjrKx8dHc+bMabTB1rdxrT7/VqtAjYqKMpJvFxcXhYeHG5WD7733nlFNeO7cOZWWlmro0KEqKChQVVWVBg4cKCcnJ507d07h4eEKDw/X6dOntX//fo0YMUIJCQlKS0tTp06dNGTIEJvUu6SkRL1799Ydd9yhXbt2qaSkRF5eXho1apSKi4uNyrsNGzZozpw5uuuuu7Rz505VVFQoMjJSw4YNM3YZv5SjR4+qsrJSkyZNMtZabag17tFWrFar9u7dqy+++KLZv4inTZvW7PT9sWPHauzYsVJdqJyVlaWlS5fq7NmzRpsNGzYoISFB999/vxwdHZWdna133nnHuO97772nGTNmaMGCBSotLdXGjRt14sQJmUwm+fn56e6775abm5tKSkq0c+fOb7WcQFtpuPZpSx7bU1BQoPLycrtjTktLU2BgoG655RZ5eXnp3Llz+u9//3vJDaKacvDgQd1666165JFH9PLLLzf7uTU1nQAAAAAA0DJVVVXat2+f1q9f3+x38qlTpzZaSrCjaY01UDuK8vLyRjOum2pzKadOnVJiYqKmTJkiV1dXHTp0SEeOHDGKEHft2qWwsDAjR0lMTFRGRoZuuOEGo6gxICBA9913n8rKypSYmKiwsDDV1NSosLBQa9eu1dSpU+Xj4yOLxaLjx48bG8Bv3rxZzs7OuvPOO+Xo6Kj8/Hy99957qqystJsFVFZW6sSJE4qMjNTHH39sM9bVq1drwoQJio+PV3l5uQ4fPqzk5ORv+c5ee6aePXte0Rbm48ePV3x8vM1zVqtVxcXFOnbsmLZv397ohyE8PFxTp05VUFCQKioqdOjQISUlJWngwIGaPHmyKisr9corr8jBwUE33HCDoqOj5ejoqNOnT2vt2rW6+eab5eDgoH/961+SpM6dO2vcuHEKCwuTq6urURW3efNmm8VnIyIiFB8fb1TnFRYWaufOndq/f7/R5q677pK7u7uWLFnS5HhvvfVW9e/fX1999VWTJfOtcY+24ODgoO9973vq37+/3UWra2trdfLkSb333nuqqqq65n3saOo3jrpcV7LhFAAAAACg43BwcNC0adMUHR3d7HfyrKwsrVq1iu/kHUS/fv00derURrOm61ksFn3xxRc2VZpXi5OTkzGb2GQy6ac//an++9//Njm7FY1dcYDaFhYsWKDi4mK9++67bd0VAAAAAAAAoN0aPHiwRo0apRUrVujChQsaOXKkBg4cqH/84x92l2iErau+idSVGDFihLp06WKzO1dAQIB8fHyUlpbWpn0DAAAAAAAA2rt9+/bJ399ft99+u5ydnXX27FmtXr2a8PRbaNcBqtlsVv/+/WUymXTw4EG5ublp9OjRqq6u1u7du9u6ewAAAAAAAEC7Vltbq8TERCUmJrZ1Vzqsdj+FPzY2ViNGjJCfn59qa2uVnZ2tjRs3Kjs7u627BgAAAAAAAOA7rt0HqAAAAAAAAADQVhzaugMAAAAAAAAA0F4RoAIAAAAAAACAHQSoAAAAAAAAAGAHASoAAAAAAAAA2EGACgAAAAAAAAB2EKACAAAAAAAAgB0EqAAAAAAAAABgBwEqAAAAAAAAANhBgAoAAAAAAAAAdhCgAgAAAAAAAIAdBKgAAAAAAAAAYAcBKgAAAAAAAADYQYAKAAAAAAAAAHYQoAIAAAAAAACAHSY3N7fatu4EAAAAAAAAALRHJrPZTIAKfMcVFRUpJCSkrbsBAAAAAADQ4TCFHwAAAAAAAADsIEAFAAAAAAAAADsIUAEAAAAAAADADgJUAAAAAAAAALCDABUAAAAAAAAA7CBABQAAAAAAAAA7CFABAAAAAAAAwA4CVAAAAAAAAACwgwAVAAAAAAAAAOwgQAUAAAAAAAAAOwhQAQAAAAAAAMAOAlQAAAAAAAAAsOOaBaiHTl/QL1ccVHF5lZ76X4oOnb5wrW4NdGh55836eG9OW3cDAAAAAADgunTNAtTK6hptSivQ9D9t0cYj+bJYa674mhZrjcb8ZoOOZLe/MLbEbNWY32zQ8bNlbd0VdGB558169O19yik2t3VXAAAAAAAArktOrXUhi7VGrk4O+ldShv6ZlKn7x0fogfE9ZLHWaNuxQi1NytCo3oH6f9/vp/+36rBe/Pyo7h/fQxOjg+1eM7OgXMs2Z2rniSKVmKsU5OWqsVFBum9chHzdnVur60C7VB+eTurXSQ9N7NHW3QEAAAAAALgutUqAmllQrsfe3qsxfYJ06PR5SVLSkXzlX7Bo+/Fz+v7wMJlMJpvXXHx8sUNnLuixt/epX5i3fj2znwK9XHSysFxvbcrUV+l79K+Hhl3yGkBH1TA8nT+5Z1t3BwAAAAAA4LrVKgHqvpPFKiyt1Ed7so3njp8tM6av+3u6aNG0SC1ctlcJz2+WJL3yg8EaEuFn95p//uyoBoT76MW7BsmhLift2clTw3v469erD+lkQbkigj0lSdlFZr245pjSckvUNcBDv53dXz3qzq3Zn6vlW08qt9gsfy8X3RbXVXPiwr/uw9p0XaiwysfdSbsyilRcXqUbB4YYgdX9S3bphgGddSCrWFmF5TJba7RgSi9N6tdJkmSuqtara9O19VihLlRUqV+Yj355c7S6+Lk1Gs+qnWf0n+QsFZRYFOTtqttGdtXsEeGt8fbjO2hzWoGKyyt1y9DQtu4KAAAAAADAda1V1kAd1TtArk4OcnY06dk5A7Ru8Tj99vv95eRokquTg0b3DpSLo4PG9Q3SJz8bo3F9g+TqZP/WucVmpeWU6K4x3Y3wtJ6Xm5P+fEes+oZ6G8+t3nVGT94SrQ9/MkaBXi56Y0OGJOlkQbme/fCIHpnSS1/8YpyeujlKr65L1+EzX6+Z6uRoUuLhsxoS4a9lDw/XS3cP0jvbTio9r/Tr8w4mrfzqtB5LiNS7j8TpB/Hd9adPj6q29uv7vvxFuk7kl+uN+4fqs8fHKqarnxYt36uaWts+nzhbplfXpet3cwboy1+O1zOz+mvJhgwdr7sPcLHZI8I1e0RXLVy2T7msfwoAAAAAANBmrjhAXbY5U7NeSpbFWqNpA0M0MTpYHi6OmtS/k6bFhMhirdFNf9mqPSeL9Id5MfL3dNEf5sWof7iP3Wtm1wVGPYI9WtSHmUO7KCLIQ34ezprUv5My87+ufA0PcNeHPxmt+D5BcnY0aUiEv7oGeigt95vgMjzAXWP6BEqSIoI8FOTtarxeksZGBSm0rqJ0aIS/zldU6VxZpaqqa7XmQK7uGxehYB9XuTo56IHxESosrdK+k8U2/Su1WGWS5OvuLEcHk/qH++izx+PVq7PXt3qvcX15aGIPJQwM0cK39xKiAgAAAAAAtJErnsLv6NCyDLbm4rLMZn3dtrqFr+ni7248dnVyUGV1TV3fTPriYJ4+3Zej8+VVcnAw6Xx5lSqrqo32wd6uNtdycTSpsrq2yfPOjl+Xw1Zaa1RQYlGltUaL3tnXqD85xWZFhnwTjvYP89H46GDNe227Bnf30+jIIE0b2Fk+bISFS6jfPOp3Hx3RKz8Y3NbdAQAAAAAAuO5ccYB615humj4oRLNf3q7PD+RqVGSghvcM0FfHz+nzg7lydXLQfxbEqaCkUr9ccVC/uClKf/w0TXeM6ma3CjU84OvK0/S8MnX2bbyeqLW6Vk6O38ztt7eX1Id7svXO1iz98fYYDQj3lSTd+8ZOmzaX2ofK3mmXuiUIlj08XL2bqCQtMVuNx44OJv16Zj/dMzZCW9IK9PmBXL295aSWPDDUqG4F7HloYg+VWqwtaAkAAAAAAIDW1iproCYfK5S5qlpV1bV68r0U3fDcJj31vxRZq2tlsdZoW/o5VVbXaFNagab/aYs2HsmXxVpj93qdfFw1INxXSzdlylptW4VaarHqB69/pU2p+ZfsV8qpCxre098IT0vMVp0qLG+FEUuBXi7ycHE01kutl9PEVGtrda2Ky6sUEeShu8Z005sPDlOgl4uSWjAGQJK8XFtlvzcAAAAAAAB8S60SoMZ291MnH1fdNDhUvTp5SpJ6dfbSLUO6KMjbVefLK/XimqMa1TtQX/xirEb1DtSLnx/VhiP2A8Sf3hipkwVlmr90j5LTC3XibJk2HMnXI0v3yMvdSXG9Ay/ZrxA/Nx3PK1Wpxar8Cxa98GmaOvm4qaC0sjWGrVuHhWnppkydLCiXtbpWq3ee0b1v7GxULfjxvhw9snSPThaWq6ZWyswv07mySpulBwAAAAAAAAC0P61S1hbm764VC0fKxclBSzdl6vjZDI2PCtYD4yNUaa1RcnqhnBxts1rTJebO9w311pIHh+mfSRl69oMjKrNY1cnHTVMGdNbdY7rJ1cmh2SpWSfr+8DDtzyrWLX/ZpmBvFz2WEKnCnpX66+dH5e9x5euPPjC+h8otVv1o6R5VVdcoMsRbf7kjVl6uTjZT+G8eHKrsogo9umyvzldUKdjbVXNHhGtc36Ar7gMAAAAAAACAq8dkNpu/ze5Ol23vyWItXLbXOH7lB4M1JMLvWtwauO4VFRUpJCSkTftQXl6ucePGNdvGyclJPj4+8vHxUY8ePTRw4EANHz5cUVFR16yfAAAAAAAADV2zhRVdHB00pk+gFs+7ZVT2AAAgAElEQVSI0nOfpMrVqVVWDwDwHWK1WnXu3DmdO3dOmZmZ2rBhgySpX79+uuOOOzRt2rS27iIAAAAAALjOXLMKVABtpz1WoEZERMjX19emTWVlpc6fP6+CggJVVjZeqzg+Pl6//vWv5e/vf036DAAAAAAAwNbeANrEwoULNWHChCbPVVVVKTU1VRs2bNAHH3ygCxcuSJK2bNmie+65R0uXLlVg4KU3kgMAAAAAALhSzKMH0O44OzsrJiZGjz32mD755BNNnz7dOJedna0f//jHMpvNbdpHAAAAAABwfSBABdCueXh46JlnntF9991nPJeamqp33nmnTfsFAAAAAACuD0zhB9AhPPLII0pNTVVycrIkafny5Zo9e7b8/Pzsvub48eP65JNPtG/fPp06dUplZWUymUzy8fFRZGSkxowZoxkzZsjLy6tFfVi3bp0+/fRTHTt2TOfOnZOfn5969OihWbNmaeLEiXJ0dNTHH3+sZ555RpI0adIkvfDCC01e6/Tp0/r444+1e/duZWVlqaSkRLW1tfL29la3bt00fPhw3XTTTQoLC7tkv6qrq7Vu3TolJSXp0KFDOnfunCTJ399fPXr00IQJE5SQkCBPT0+71/j973+v1atXS5KeeuopzZw5UykpKXrttdeUkpKimpoaPfPMM/rkk0+0ZcsWSdINN9ygP/zhDy1675588kmtXbtWkjR27Fi9+OKLbTqOKVOmtKjfAAAAAAAQoALoEEwmkx599FEjQC0rK9Pnn3+u2267rVHb6upqvfjii1qxYoVqaxvvk1dQUKCCggIlJydr2bJleu655xQbG2v33uXl5XriiSe0fft2m+fz8/OVn5+vr776SiNHjtTzzz9vrNequurZpixdulT/+Mc/ZLVaG50rKipSUVGR9u/fr6VLl+qhhx7SAw88YLdvaWlpWrx4sU6dOtXoXE5OjnJycrRt2za9+eabevrppzVy5Mgmr+Pi4mI8rqioUHp6uh5++GFZLBbj+dLSUk2dOtUIULds2SKLxSJXV1e7/ZMki8VivEaSbrzxxjYfBwAAAAAALUWACqDD6NOnjwYPHqy9e/dKkrZt29ZkgPrnP/9Z7733nnEcHByskSNHKigoSCaTSRkZGdq6dasqKyuVn5+vH//4x3rnnXcUHh7e5H2ffPJJm/A0MjJS8fHx8vX1VVZWltatW6ft27dr8eLFGjhwoNHO2dm50bVWrVql1157zTiOiIjQsGHDFBgYKKvVqry8PCUnJ6uwsFDV1dX6+9//Lh8fH82ZM6fRtVJSUmzCQXd3d8XHx6tnz55ydnbWqVOnlJSUpOLiYp09e1aLFi3SSy+9pLi4uEbXahg8WiwW/fWvf7UJHetNmDBBrq6uslgsqqio0I4dOzRu3Lgm37d6ycnJKi8vl+pC5Yvbt8U4AAAAAABoKQJUAB1KXFycEaDu3r1bVqtVTk7f/FWWmZlpE57Onj1bTzzxhBwcbJd8Pn36tObPn6/c3FyVlpbqjTfe0G9+85tG99uyZYtN9eS9996rBQsWyGQyGc/96Ec/0hNPPKHk5GTl5OQYzzdsI0m1tbVasmSJcbxgwQKbtV3r1dTU6O9//7uWLl0qSXr99dd10003yc3NzWhTXl6uxYsXG+HgkCFD9NxzzykgIMDmWj/72c/0zDPP6Msvv5TVatXTTz+t999/v1F1bMP38OTJk9q+fbsGDBigRYsWKTo6WlVVVVJdABofH68vv/xSkpSYmHjJAHX9+vXG44kTJ7aLcQAAAAAA0FJsIgWgQ4mJiTEeWywWFRUV2ZyvD/ZUV3n6+OOPNwpPJSk8PFwLFy40jpOSklRdXd2oXcMwduDAgVq4cGGjYNTf318vvviigoODlZmZabfvWVlZKigokCT5+fnp3nvvbbKdg4ODFixYoJEjR8pkMsnd3V0ZGRk2bVavXq3c3FxJUmhoqP761782Ch1VF3j+9re/VY8ePSRJhYWFWrFiRaN2jo6OxuPExER169ZNr7/+ugYNGiRXV1d5eXkZa8VOnTrVaLtp06YmlyKoV1lZqc2bNxvHF0/fb8txAAAAAADQEgSoADqUizeNKi4utjm+5ZZb9Oabb+q5557TU089ZROoXWzEiBHG47KyMuXl5dmct1gs2r17t3E8d+5cu9fy8vLSD3/4w2b73nDtTVdX10ZB7MWee+45JScn65NPPlF0dLTNufqNkiTp/vvvt7vequqmtd99993G8bp165q9b3l5uR566CGbStGG4uPjjY2cLly4YPMeXSw5OVllZWWSpICAAA0fPrzdjAMAAAAAgJYgQAXQofj6+tocnz9/3uY4KChIgwYN0pQpUxQfH9/stfz9/W2OG24AJUkZGRk262c2DFybMnXqVJsp5Bfr3Lmz8TgvL89mantTvLy8mrxeQUGBsrKyjOPx48c3ex3VhZ71jh492misDTk6OjY7Ld/V1dXmnomJiXbbNqwInjp1qk2g3dbjAAAAAACgJQhQAXQoF28IdKkd4GtqapSbm6sDBw5ox44d2rZtm/FfcnKyTRVoTU2NzWsb7gjv5eXV5NTyhry8vNS7d2+754OCgmxC2MWLF+v//u//tGvXrmanwV/syJEjxmMPD49L9kt11Z8Nq3dPnDhht22XLl2arQSVpISEBOPxxo0bG713klRVVaVNmzYZx9OmTWt34wAAAAAA4FLYRApAh3JxxeHFFan19u/fr3//+9/asWOHzdT5b6Ph+qpBQUEtek1ERIRSU1Ptnn/66af14IMPGut+rlmzRmvWrJGnp6eGDRumESNGKC4uThERES3qV3l5uYYNG9bCEX0jPz/f7rnAwMBLvj4uLk6+vr46f/68CgsLdeDAAQ0aNMimTcP3Pjw8XAMGDGh34wAAAAAA4FKoQAXQoZw5c8bm+OJp+JL00ksv6YEHHtCXX3552eGpJFVUVBiPW7qO5qU2KAoJCdHbb7+tefPm2VTPlpWVKSkpSX/84x81e/Zs3XbbbXr//febrEwtKSn5VuNoSv26pE25eJ3Zpjg5OWnSpEnGcVPT+BsuUXDx5lFqJ+MAAAAAAOBSqEAF0KHs3bvXeBweHi5vb2+b8++++66WL19uHPfr10+33Xab+vXrJz8/P/n4+MjB4ZvfHY0YMaLJ6eeSVFtbazy+1IZP9ZrbtKpeQECAHn/8cT3wwANKTEzUli1btGvXLpnNZqNNenq6fve732nlypV66aWXbCpgG/bfy8tLt99+e4v61lBkZKTdc87Ozi26RkJCgt5//31J0oYNG/TTn/7UOGe1WrVx40bj+OLp+2pH4wAAAAAAoDkEqAA6jJqaGm3bts04vnhTJ7PZrCVLlhjHkyZN0u9///tmN3ZqGJJerGHV6cVrr9rzbSpeAwICNHv2bM2ePVuVlZXau3evkpOTtX79emOKf1pamhYuXKh3333XCGcbVrm6uLjo4YcfbvE9W9OQIUMUFBSkgoIC5eTkKDU1VVFRUdJF0/ejo6PVvXv3Rq9vL+MAAAAAAKA5TOEH0GEkJiYqJyfHOG64I7sk7dq1ywjtHBwc9PjjjzcbnhYVFTUboDYM+M6fP9+iPjbceOrbcHFxUVxcnBYtWqSPPvpIjz/+uFH1mp6erjVr1hhtg4ODjcfFxcWqrKy8rHteKQcHB91www3G8Zdffmk8vtT0fbWjcQAAAAAA0BwCVAAdQnl5uf72t78Zxz169NDYsWNt2tRXbapuen/DgK4pu3fvbvZ8WFiY8biwsNBmTdSmmM1mpaWlNdumJRwcHDRv3jzNnDnTeG7nzp3G4/oqT9VV5R49evSK73m5EhISjMebN2+W6qbvJyUlSXVjmTp1apOvbU/jAAAAAADAHgJUAO1edXW1nn32WWVlZRnPPfjgg43WJW04zb4l61/+5z//afZ8jx49bI4brr/alPXr1zc71d9sNislJUWfffbZJfsmSX379jUeNwxv/fz81KtXL5v7Xkp1dbXWrl2r4uLiFt27pQYMGKAuXbpIdZWyZ8+e1a5du3ThwgVJ0vDhw23Wb22oPY0DAAAAAAB7CFABtGsXLlzQz3/+c61du9Z4LiEhwabysV7DoO7MmTOqqqqye9133nlH+/fvt9nIqLy83KaNn5+fTZXkBx98YPd6ZWVlev3115sdyx133KF7771XTz/9tHbt2tVsW0k2gXHnzp1tzt18883G45UrVyo7O7vZa33wwQd68skndcMNN+jZZ5+95L2/jYYVpsnJydq0aZNx3NTmUQ21p3EAAAAAANAUAlQA7dLx48e1ZMkS3XzzzcbUcNVN+/7Vr37V5GtiY2ONx2azWW+99VajNlarVW+88Yb++te/6tZbb1WfPn2Mc0eOHGnUfsaMGcbjxMREffjhh43aFBcX6yc/+Ylyc3PVr18/u2NquBbo4sWLm11CYPv27Vq5cqVxPHHiRJvzs2bNMpYYMJvNWrhwoU6cONHoOtXV1Vq1apVeeOEFqW7TrFGjRtm97+VoGGbv2LHD2OjLxcWlUb8v1p7GAQAAAABAU+zvrgIAV9HLL7/cZMBZWlqqgoKCJneznzBhgn7729/K3d29yWuGhIRo8uTJxmZG//jHP5SSkqLhw4fL2dlZp06d0oYNG5SXl6euXbtq0aJF+uMf/6jU1FRJ0ptvvqnKykp5e3trzpw5MplMmjlzplasWGFsDvXb3/5Wa9as0bBhw+Tp6amTJ0/qiy++UElJiW699VZ5eXnp8OHDTfbvzjvv1BdffKHMzEwVFxfr4YcfVo8ePRQTE6OAgACZTCYVFxdr7969yszMNF6XkJCgIUOG2FzL3d1dzz77rB555BFVVFQoKytLd9xxh+Li4tS3b185OzsrLy9PO3bssNl4a/LkyZo8eXILP6WWiYyMVI8ePZSRkaFNmzbJbDZLksaNG2ezEVdT2tM4AAAAAABoCgEqgDbRcHr6pXTr1k0PPfSQEhISGq17erHFixcrIyPDqGLcunWrtm7datMmKipKL7/8sry8vDR79mx9+umnUt00/L///e9SXWWkk5OTXF1d9dJLL2nhwoXG9PJdu3Y1moJ/00036Ze//KVeeeUVu33z8PDQ3/72Nz355JPat2+fJCkjI0MZGRl2XzNr1iw98cQTTZ6LiYnRG2+8oV/96lc6efKkrFZrk+NV3WZOc+fO1aJFi+ze60okJCTo9ddfN8JTtWD6fr32NA4AAAAAAC5GgAqgXXFycpK/v7+Cg4M1aNAgjR49WsOHD5ejo2OLXu/v76+33npLK1asUGJiok6ePCmLxSJvb2/17dtXM2fO1MSJE43rxcTE6LnnntOrr76q3Nxc+fj4aODAgTZro3br1k3//e9/tWLFCm3YsEGnT59WWVmZ/Pz8FBsbq7vuuksDBw6U6qaW12t4jXqdOnXSm2++qW3btmn9+vU6fPiwcnNzVVFRIZPJJG9vb3Xv3l2xsbGaPn26evbs2ex4o6Oj9d5772ndunVKSkrSoUOHVFRUpKqqKnl5ealr164aOnSobrrpJnXv3r3Fn8O3VR+g1vP29taYMWNa/Pr2Mg4AAAAAAC5mMpvNtS1oB6ADKyoqUkhISFt347rw7LPPGptN3XPPPXr00UfbuksAAAAAAOAKsIkUALSihut0+vv7t2lfAAAAAADAlWMKPwA04/z58zpx4oQyMjIUEBCgCRMm2G1rsViUkpJiHEdFRV2jXgIAAAAAgKuFABUAmvHWW29p+fLlkqTOnTtr9OjRcnFxabLthx9+qLKyMkmSl5eXBgwYcE37CgAAAAAAWl+7ncL/+H8O6IVP0q7JvTLyy/TV8XPX5F4AOpZbbrlFJpNJkpSXl6cnn3xSpaWljdpt2bJFL7/8snF86623ys3N7Zr2FQAAAAAAtD4qUCWtSzmrSmu1RvQKaOuuAGhnIiIidM899+itt96SJG3cuFEzZszQ6NGjFRoaakzbbzh1v3v37nr44YfbsNcAAAAAAKC1dIgAtcxSranPb9Lv5w7Qiu2nVVBilqerk/7v1n7q2clTiYfP6rV1x3XH6G76aE+2zl6waGTvAP3ypii5ODnohU/SVFFVrV/P7Gdc83t/3KLFN/XV0dxSLd+SKQeTSRuO5GvVY6O0J7NYr65L18mCMrk5O2pidLB+PK2PnB1Nbfo+AGgbCxYskMlk0rJly1RTU6PS0lKtXbu2ybaxsbF6/vnn5e7ufs37CQAAAAAAWl+HCFCd6oLLj/Zk6y93DpSbs6Oeef+wlmzM0B/mDpCTg0kFJRadvWDWsoeHq7yyWg//a7eWb83SA+Mjmr32gxN6KD2vVOEB7lp4Q29J0tOrDunBCT00Y3CoCkosevK9FH24+4xmjwi/JuMF0L6YTCYtWLBA06dP1wcffKDdu3fr1KlTKi8vl7u7uwIDAxUTE6MpU6Zo7Nixbd1dAAAAAADQijpEgFrvliFd5ObsKEkaEuGv/2zLMs5Za2p1+6hukiQPF0dNHdBZXx4+e8kA9WLWmlqVW6zycXOSk4NJIb5uWvLAUDk6UH0KXO8iIiK0aNGitu4GAAAAAAC4hjpUgBrk7Wo8dnY0yVJdYxx7ujrKz8PZOA70dlFBSeW3voeTg0k/mtxLv/ngsN7ZlqWRvQN1Y2yIugYwHRcAAAAAAAC43ji0dQe+DVMzRaDW6lqb49paU7Pta+2f0py4cK368WjNHBam9LwS3fX3HdqcVnAZPQYAAAAAAADQkXWoALU5FmuN8i9YjOOc4goF11Wsujg7qNL6TbVqmaVaFyqqmrxOba1UWFqpQC8X3TQ4VC/cNlC3Dg3TJ3tzrsEoAAAAAAAAALQn35kA1cXJQf9MypC5qlpniiq0Zn+uxvYNkiR1DfBQak6JKiqrJUn/3pYlF6dvhu7q7KjsIrNKzFZlFpRr7ivJ+upEkaw1tTpXWqkTZ0vVxd+tzcYGAAAAAAAAoG10qDVQm+Ph4qiYrn66/bUdKi6v0sR+nXTXmO6SpBtjQ7TjeKFue22HAjydNWt4uEJ93Yxp/wkxnfXM6sOa+8p2ffTTMfrZjX30l8/SlHveLC83Z42ODNCDE3q28QgBAAAAAAAAXGsms9nc3HKgHcKm1Hw993GaPns8vq27ArRLRUVFCgkJaetuAAAAAAAAdDjfmSn8AAAAAAAAANDaCFABAAAAAAAAwI7vxBR+AM1ryyn8RUVFbXJfAAAAAADw3eLv798m9/3ObCIFoH1qq7/cAAAAAAAAWgNT+AEAAAAAAADADgJUAAAAAAAAALCDABUAAAAAAAAA7CBABQAAAAAAAAA7CFABAAAAAAAAwA4CVAAAAAAAAACwgwAVAAAAAAAAAOwgQAUAAAAAAAAAOwhQAQAAAAAAAMAOAlQAAAAAAAAAsMOpqKiorfsAAAAAAAAAAO2Sk7+/f1v3AcBVxi9KAAAAAAAALg9T+AEAAAAAAADADgJUAAAAAAAAALCDABUAAAAAAAAA7CBABQAAAAAAAAA7CFABAAAAAAAAwA4CVAAAAAAAAACwgwAVAAAAAAAAAOwgQAUAAAAAAAAAOwhQAQAAAAAAAMAOAlQAAAAAAAAAsIMAFQAAAAAAAADsIEAFAAAAAAAAADsIUIF2Lu+8WR/vzWnrbgAAAAAAAFyXrjhAHfObDa3Tk1b20D9369/bslrtes+8f1gvfJLWorb3/GOnVn51utXujetX3nmzHn17n3KKzW3dFQAAAAAAgOuS07W+YX3guvXpic22s1hrtDQpUxuOnNXZCxY5mKSoLj56YHwPDYnwu0a9BdpOfXg6qV8nPTSxR1t3BwAAAAAA4Lp01QLUlgal9vzp0zQdyS7RL2b0Vc9OXiqvrNb7u87op+/u0zs/ilN4gHsr9xhoPxqGp/Mn92zr7gAAAAAAAFy3rnkFakvtOVmsO0d105AIf0mSn4ezFkzppfAAdzk4mCRJ5ZXVeunzY0pKzZejg0kTo4P1WEKkXJy+XpmgsrpGT686pK1HC+Th6qSfTIvUpH6dJEnZxWa9uOaoDp2+oOqaWk2IDtZPboyUm7OjJOn9XWf0ztYslZirNHVAZ9XWftO3Fz5JU0VVtX49s5/x3Pf+uEWLb+qrcVHBjcby3o7Ten/XGeWdNyvEz02LpvXRiJ5fj+u+N3Zqcv/O+mx/jnoGe+rZOQOu5tuKDmJzWoGKyyt1y9DQtu4KAAAAAADAde2abCI15jcbvvVaqT2DPfXZ/lydKbJd+/GWIV3Uxc9NkvTq2nRlFZZr6UPDtOTBYTpw+oL+tSnTaPvxnhxNHxSqj34arxmDQvXnz46qplaqqZUe//d+dfF31+pFo7Ti0ZHKL7HoT58dlSQdzyvVnz47qp/cGKlPfz5WUWE+2nK04LLGvi4lT29vOan/N6uf1i0ep0em9NIT/9mvM0UVkiRnRwd9vDdbP7uxjxbfFHVZ98B3z+wR4Zo9oqsWLtunXNY/BQAAAAAAaDPXJEC9HI9P7ytvdyfNezVZP/jHTv3ps6PanFYga83XpaDW6lqtTcnT3fHdFernri5+bvrVLdEa0v2b9VFH9g5QXK8Aebo66sbYEBWXV+lcqUUHsop1+lyFfjS5l9ycHeXn4awHxvfQupQ8VVXXamNqvvqF+Si+T5CcHU2aMSj0spcM+GhPtm4e0kV9Q73l6GBSfJ8gDYnw1+cH8ow2g7r5aWgPf3m5tduCYLSBhyb2UMLAEC18ey8hKgAAAAAAQBtp1cTuStc9baiTj6tevDNWeefN2p1ZpH0ni/WHj1Ll5+msv941SLW1taqorFaY/zfBZp8QL5trdGlwzrVuWn9Vda2yi82y1tRq8h+SGt03v8Si/AsWhdRVudbrFuhxWePILjZrT2amlm3OtHk+wMvFeBzGeq6wo37zqN99dESv/GBwW3cHAAAAAADgutPuSx47+7rpe7Gh+l5sqEotVj305m79OzlLd4zqJkmqabg46UVMdp53cTTJ281Jnz8xtsnzVdW1jV5rqaqRl6v9ftrrhaujgxYlRGpOXLjd1zo52Osp8HWIWmqxtnU3AAAAAAAArkvtcgr/6XMV+r+VhxqFRl6uTuoe7Kkyc7WCvF3l5uygzIJy4/zhMxf08d6cS14/PMBDJWarcs9/My26orJaRWWVkqQgb5dGU6ZPFX5zHxdnB1Vaa4zjMku1LlRUNXmvsAB3peeV2jyXW2xWjf3cF2jEy7Xd/64DAAAAAADgO6ldBqidfFyVllOixf89qD2Zxco7b9apcxX6T/IpbTtaoLF9A+Vgkm4cGKK3NmXqZEG5zhRV6E+fHdXpc+WXvH5UF29Fd/HRS58fU3F5lUrNVv1lzTE9veqQJCmuV4AOnbmgTan5Kq+s1uqdZ1RYWmm8vmuAh1JzSlRRWS1J+ve2LLk4Nf1WzhwWpnUpeUpOL5S1plb7Thbrnjd2at/JolZ7vwAAAAAAAABcHa1a1tZw7dOWPLbHxclBr90zWP/alKnffXREBSUWOTs6qHdnL/16Zj+NiwqWJD2aEKm/fHZUD765Sy5ODpoQHaz7x/doUV9/M7u//vLZUX3/pWS5OjloaA9//XpmP0nSkAh/PTq1t178/JhKzVYlDAzRpP6djOUCbowN0Y7jhbrttR0K8HTWrOHhCvV1k7W6cVnp6MhA/WhyL/3ps6M6V1qpUF83/Tiht4ZE+LeonwAAAAAAAADajslsNl/RZPL6jaMuV2tsOAWgeUVFRQoJCWnrbgAAAAAAAHQ4VxygAmj/CFABAAAAAAAuT7tcAxUAAAAAAAAA2gMCVAAAAAAAAACwgwAVAAAAAAAAAOwgQAUAAAAAAAAAOwhQAQAAAAAAAMAOAlQAAAAAAAAAsIMAFQAAAAAAAADsIEAFAAAAAAAAADsIUAEAAAAAAADADgJUAAAAAAAAALCDABUAAAAAAAAA7CBABQAAAAAAAAA7CFABAAAAAAAAwA4CVAAAAAAAAACwgwAVAAAAAAAAAOwgQAUAAAAAAAAAOwhQAQAAAAAAAMAOAlQAAAAAAAAAsIMAFQAAAAAAAADsIEAFAAAAAPz/9u48zq+6vvf4e/ZMMtkmewhZIGEJIUDYRLYiYlAp0qqt9nqpuKAiKnqV2uXWXq9Wqy3qVVygGsXai9alVxRBEGS1CgYIBJJAQhayZ5xJJstv9vtHcCSGLwImzCDP5+ORx+M355zfOZ/fPB755zXf8zsAQIGACgAAAABQIKACAAAAABQIqAAAAAAABQIqAAAAAECBgAoAAAAAUCCgAgAAAAAUCKgAAAAAAAUC6j7UXunOyR++Ocs37RjoUQAAAACAfaB2oAcoef3lP8/qlp39PzfW12TGuGG54LTpefGsMQM62xPd+XBLpjQ3ZuqYoWmsr8lnzz8mk0cNGeixAAAAAIB9YNAG1CR546nTc+68SUmSHR09+fEDG/PBb96fL7/luMya2DTQ4yVJvn77qrzh5GmZOmZoaqurMm/6qIEeCQAAAADYRwZ1QB3WUJMJI3+zmvPtLzkody7bkluXbs6siU254Iq7cuYRE3Ltfetz0Lhh+chr52RDWyWXXbcsD6zZlrra6sydOjLvO3tWRg+rz00PbsrlNyzPX7x4ar6/cF02bevIi2Y256//+LDU1+7+NoNv/fyxfO/utdm4tZKJo4bkkrMPyQkHjU6Sva63dVdXFq3Zmr/79gM5Y/b4vPfsWTn7E7flqrefkIPHD8u6tko+9aNlWfzYtvT09uWPDh+X9758VobU1aS7py+fum5ZblmyJTs7ujN93LBcfNZMARYAAAAABpHn3Xeg1tfWpKd39+u6mupcc8+6/I+XH5IP/vFh6etLLr16UUY01uU/3n1SFrz1uLS0d+Zj1yxJktRWV2VLe0c2bavka287Pt95z0l5ZOP2fP2O1UmSGx7YmKtuX5V/+NPZueGDp+Wilx6cS//vfVnbuutJr/fZ849JU0NtPvKaOfn78w7fY87evhHyJ5cAAB0lSURBVOQD/35fJo9uzHcvOSnffNeLsrm9I/987bIkyfcXrsv9a7bmqxcelx//1Wk579jJ+YfvLk53b99z+wsFAAAAAIqeNwG1u7cv1y/akCXrt+VFM5v7tx89dVSOnTE6TUNq8+DabVmxeUcuPmtmhjXUpLmpPm88dVrufLglHd29/ed5/UlTkyRD62vysjkTctvSzcnjUfPceZNz6KThqamuyimHjM286aNz3aKNT3q9p7JodVse+9WuvOPMgzOkriajhtblzafPyA0PbExXT1/aK12pralO05C61NZU5dx5k/O9S16c2uqq/fQbBAAAAACeqUF9C/+Xbl6RL9+yMknS2d2T4UPqcukrD83cA0f2H3NAc2P/67WtuzKmqSGjhtb1b5s6Zmj6+pJN2zqSx78W4In7xwyvz5b2ziTJurZKFq5cma/dtnKPOZqb6p/0ek9lXVsl3b19OfNjt+y1b3N7R845ZnJufmhzzvvUHTnh4OaccsjYvOSI8U/r3AAAAADAc2NQB9TXv2hqzjlm90OkhtRVZ+zwhr2OeborNjt/vQK1Z89b5Pv6qlL1+CkaaqpzyfxZee2JU4rnebrXq6+pyvAhtbnu0lOLxyx46/G5b3Vb7ny4JV/4yfJ85661+fwbj0mNVagAAAAAMCgM6lv4RzTWZkpzY6Y0Nz5pPP1tBzQ3pmV7R9p2dvVvW92yM9VVyaRRux9G1dHdm82Pr0ZNkvVtuzLu8XMf0NyYRzZu3+OcG9oqeTZfSzqleWjaK93ZsLXSv21XZ09ad+xe7bqzsyeVrp4cPW1ULnrpwVlw4fFZvHbrXtcHAAAAAAbOoA6oz9TsySNy8PimfOHG5al09WTzto585daVOWP2+Aytr0mS1NdW58u3PJpKV0/Wtu7Kj+7bkFMPHZsk+ZPjDsgND2zMzx5pSXdvX+5d1Za/vOKu3LuqtXjNhrrqrPnVzmzv6N5j+2GTh+fwySPymeseTtvOrmyvdOeyHz2cv//O4iTJx69Zkn/8/pK07uhMT29f7lvdlprqqowf8btDMQAAAADw3BjUt/A/U1VVyYdfc0Q+/aNlOe9Td6axviYnzxqTi86a2X/M0PqaHHngqLz+8p+nbWdXzpg9Pm84eVqS5MWzxuQdZx6cf752WX61vTOTRg7Je+bPzLzpo4vXPHfe5HzpphW5e0VrPvSns/fY9+HXHJHLrl2WV3/mZ2morc6xM0bnQ3+y+5j3nj0rn/jhsrzucz9PV09vpo0dmo++dk5GD6svXAkAAAAAeK5VVSqVZ3GD+vPTrUs25+PXLM21HzhloEeB51Rra2smTpw40GMAAAAAPO/8Qd3CDwAAAACwLwmoAAAAAAAFL6hb+OGFyi38AAAAAM+OFagAAAAAAAUCKgAAAABAgYAKAAAAAFAgoAIAAAAAFAioAAAAAAAFAioAAAAAQIGACgAAAABQIKACAAAAABQIqAAAAAAABQIqAAAAAECBgAoAAAAAUCCgAgAAAAAUCKgAAAAAAAUCKgAAAABAgYAKAAAAAFAgoAIAAAAAFAioAAAAAAAFAioAAAAAQIGACgAAAABQIKACAAAAABQIqAAAAAAABQIqAAAAAECBgAoAAAAAUCCgAgAAAAAUCKgAAAAAAAV/cAH11iWb84pP3j7QYwAAAAAAfwBqB3qAp7Jsw/ZccMVdSZK6mqr89G//aKBHAgAAAABeQAb1CtQZ44blmxe/KO+ZP2ugRwEAAAAAXoAG9QrUupqqTGluzOhhdXts39BWyWXXLcsDa7alrrY6c6eOzPvOnpXRw+qTJFVVybX3rs8VP300uzp7csohY/OBVx6SIXU12dBWySevXZoH1mxLX/oyZ8rIXHrOoZk4csgAfUoAAAAAYLAa1CtQn0xfX3Lp1YsyorEu//Huk7Lgrcelpb0zH7tmSf8xOzt78osVrVnw1uNyxZuOzT2r2vLVW1clSS6/cXmahzXkP9/74nz3khdn3PCGfPbHjwzgJwIAAAAABqvnXUB9cO22rNi8IxefNTPDGmrS3FSfN546LXc+3JKO7t4kSWd3b972khkZPaw+08YOzSuOmpg7H96SJGmvdGVIfXUa62vS1FCbS885NB997ZwB/lQAAAAAwGD0vAuoa1t3ZUxTQ0YN/c1t/VPHDE1fX7JpW0fy+K3/k0Y19u+fNKqxf98Fp03PTYs35dWf+Vk++cOluW912wB8CgAAAADg+eB5E1Crqqp+5zGdj69Abait2WtfQ93ubUdNHZXvvOekvHv+zHT19ObSq+/P529cvh8mBgAAAACe7wZlQP367auy4NaV/T9v29Wd5qbdD4g6oLkxLds70razq3//6padqa5KJo3a/SCo7R3dadne2b9/fduujBvekCRp2d6ZhtqanH7YuPzNuYfn7151eP7zl2ufw08HAAAAADxfDMqAOnJoXf7tjtW5demWLF67Ld/5xWM5aeaYJMnsySNy8PimfOHG5al09WTzto585daVOWP2+Ayt373KtL62Ov/600dT6erJurZKfrRoQ04/bGx6evvy5n+9O9+4c3UqXT2pdPVk8dptmTy68XdMBAAAAAC8EFVVKpW+gR7it/X1JVfcvCI/uHd9unv6cvIhY3LJ2bPS1FCbJFnVsjOf/tGyPLSuPY31NTl51phcdNbMDK2vyU2LN+XyG5fnjadNz5dveTS7Onty2qFj84FXHpr62uosXrstn7n+4SzfuD211dWZfcDwvOfsQzJ97NCB/tiw37S2tmbixIkDPQYAAADA886gDKjAviWgAgAAADw7g/IWfgAAAACAwUBABQAAAAAoEFABAAAAAAoEVAAAAACAAgEVAAAAAKBAQAUAAAAAKBBQAQAAAAAKBFQAAAAAgAIBFQAAAACgQEAFAAAAACgQUAEAAAAACgRUAAAAAIACARUAAAAAoEBABQAAAAAoqG1tbR3oGQAAAAAABqXa0aNHD/QMwH7mDyUAAAAAz45b+AEAAAAACgRUAAAAAIACARUAAAAAoEBABQAAAAAoEFABAAAAAAoEVAAAAACAAgEVAAAAAKBAQAUAAAAAKBBQAQAAAAAKBFQAAAAAgAIBFQAAAACgQEAFAAAAACgQUGGQ27i1kmvuWT/QYwAAAAC8IO2XgNrV05fP37g85152R8697I5cfuPydPX07Y9L7eG8T9+ZGx7Y+Izf117pzskfvjnLN+3YL3PBs7VxayXvuurerG+rDPQoAAAAAC9I+yWgfummFfnGnavTsr0zLds78+93rs4VN694xudZuLI1J3/45nzk/z20P8bs11hfk8+ef0wmjxqyX68Dz8Sv4+lLZo/PhWfMGOhxAAAAAF6Q9ktAvf7+DXtvW7T3tt/lB/duyEtmj8/ND27K9o7ufTTd3mqrqzJv+qg01tfst2vAM/HEePr2Mw8a6HEAAAAAXrBqB3qAkvZKd3764KZc+ZbjsrplZ258YFPOO3Zy//7unr58+rpl+cmDm1NfW503nT49VU94/5uuvDtnHjE+96xsy8otO9JQW53/9eoj8u1fPJb712xNpbs3l77y0Jx4cHPaK905+xO35aq3n5CJI4fkZf90a/7xz+bkm//1WLa0VzKsoTb/87zZOWj8sAH5XfDCc9vSLWnb2ZlXHTtpoEcBAAAAeEHbLytQz5478WlteyrXL9qQA8cMzcHjh+XsuRPyg996iM73frk2ty1ryRcvmJer33lilq5rz9adXf37a6ur8oN71udvzj0s33rXSRk9rD7v/No9eflRE/ONi07MOUdPyhd+snyv69bW7M6w31+4Lpf9t7n51rtOyvRxw3LlTx99RvPD7+M1J0zJa044MBd/7d5s8P2nAAAAAANmnwfUpevbM6apPq85YUqam+rT/PjrMU31Wbq+/Wmf5wf3rs/ZcyckSc6aMyFL12/L8o3b+/ff8tDmzD9yQqaNHZrG+pq87cyD0tnTu8c5Tj5kbJqb6lNdlRwxZUQmjRqSo6aOSpLMPXBk1rTsKl7/VfMmZ0jd7lv6500fnVWbPWCK59aFZ8zI/LkTc/FV94ioAAAAAANkn97Cv3jttrzzqwvT1dOXA0YPyWmHjk1fX/Kzh7dkbWsl9bXV+dxfHpMjDhjxlOd5cO3uWHrW6+cmScYOb8hxBzXnmnvW55KzZyVJNm3ryJlH/OahTyMb6zJ6WP0e5xk7/Dc/19fWZPTQuv6fa2uq0tndU5xh7PCG/td1NVXp+K04C8+FXz886qPffyifPf+YgR4HAAAA4AVnnwbUq/9rTbp6+pIka1srWfvLdXvs7+zuzdX/tSb/+9VHPOV5rrlnfXr7kj//3M/7t3X39GbJuvZc9NKDU19bne7evqSqao/3dXTtGUT33Ju9jn8qz+BQ2K8uPGPGfn2IGgAAAABl+zSg3r9m6+99zK7Onvxk8ca8/xWH5PiDmvu3d/f25cIv351bl2zOS+dMyNim+mxo+80t+FvaO7Kjo7yiFJ7PmhoG7fPeAAAAAP6g7dPvQG3d3vl7H/OTBzelpro6rzx6UqY0N/b/mz52aM48YkJ+cO/uh0mdOLM51y3amOWbdmTrrq586aYV/d9ZCgAAAACwL+zTgDrqt76D9Nkcc83C9Zl/5ITU1+492jnHTMpdK1qzvq2SN5w8LSccNDrv/OrCnP/Fu3LkgSMzYWRD+vp+r48AAAAAANCvqlKp7LPk+OP7N+aTP1yanZ1Pfiv90PqavP8Vh2T+3In76pLA09Da2pqJE/2/AwAAAHim9mlABQYnARUAAADg2dmnt/ADAAAAAPwhEVABAAAAAAoEVAAAAACAAgEVAAAAAKBAQAUAAAAAKBBQAQAAAAAKBFQAAAAAgAIBFQAAAACgQEAFAAAAACgQUAEAAAAACgRUAAAAAIACARUAAAAAoEBABQAAAAAoEFABAAAAAAoEVAAAAACAAgEVAAAAAKBAQAUAAAAAKBBQAQAAAAAKBFQAAAAAgAIBFQAAAACgQEAFAAAAACgQUAEAAAAACgRUAAAAAIACARUAAAAAoEBABQAAAAAoEFABAAAAAAoEVAAAAACAAgE1yXmfvjM3PLBxn5/31iWb84pP3r7PjwUAAAAAnhu1Az3AU1m5ZWe+dtvK3LWiNe2Vroxtasiph43NBadNz8jGuoEe70nd+XBLpjQ3ZuqYoZk7dVQ+9udzBnokAAAAAOBZGrQrUBev3ZY3X3l3trR35EN/MjsL3np8Ln7ZzNyzsi3v+MrCVLp6BnrEJ/X121dlTcuuJMmooXU5auqogR4JAAAAAHiWBu0K1H+5dlnmTBmRT73h6FRX7d520PhhOX7G6Hzou4uzasvOHNDcmPn/dFv+9lWH5/IbHsmbTp+RVx9/QO5a0Zorb16RFZt3ZFhDbV73oil5/UlTkyTdPX359HXL8pMHN6e+tjpvOn16qp5w3UpXTz7340dyx8Mt2barK7MPGJG/PvfwTB41JEnypivvzllzJmTR6rasbtmZSndv3vnSg/OS2ePzrqvuyaI1W/N3334gZ8wenz86bGw+fs3SXPuBU5LHo/DlNyzPsg3taaitzqmHjs37Xn5I6mv37NjdPX351HXLcsuSLdnZ0Z3p44bl4rNmZt50MRYAAAAAnkuDcgXqhrZKlq5vzxtOntYfT3+taUht/uUvjsqhk4anrmb3+DfcvyGfv2BeXnHUxKxrq+SD37w/rz7+gFx/6an59BuOyrd/sTbX3rs+SfK9X67Nbcta8sUL5uXqd56Ypevas3VnV//5/8/1j2TF5p254k3H5toPnJojDxyVS75+T3r7du+vra7Kt3/xWN49f1a+cdGJOf+UafnnHy5LX1/y2fOPSVNDbT7ymjn5+/MO32Puvr7kb//jgRx54Ij88P2n5Mq3HJeFK1vz7V88ttfn//7Cdbl/zdZ89cLj8uO/Oi3nHTs5//Ddxen+9RAAAAAAwHNiUAbUdW2VJMmMcUOf1vHz507MtDFD01hfk+sXbcghE5syf+7E1FRXZca4YTnvuMm59r4NSZJbHtqc+UdOyLSxu49/25kHpbOnN0nS1dOXHy3akAtOm55xIxrSUFudN58+PS3bu3Lvqrb+65162NhMenxF6rHTR2frrq78akfnU85YVZUseOtxefPpM9JQW53Jo4bkxJljsmR9+17Htle6UltTnaYhdamtqcq58ybne5e8OLW/XZMBAAAAgP1qkN7Cv3ulZc/TXHF5wOjG/tfrWitZtGZrTv7wzXscM3Hk7uC5aVtHzjxiSP/2kY11GT2sPkmypb0jnd29ueTf7t3rGusfj7pJMm54Q//ruprdUbOzu/d3zvng2vZcdfuqPParnamursrOju4cf1DzXsedc8zk3PzQ5pz3qTtywsHNOeWQsXnJEeN/5/kBAAAAgH1rUAbUKc27V54+snFHJowcstf+7p6+1Nb8ZjXmE1/X11bltMPG5WN/NudJz93d27d7OegTdDz+QKpffxfp1952fGZOaCrO92zWga7YtCN/8637c+k5h2X+3Ampra7KZ65/eI8w+2tjmuqz4K3H577Vbbnz4ZZ84SfL85271ubzbzwmNVahAgAAAMBzZlDewj9+REPmTBmZBbeuTHfPnqtQt3d05/wv/iK3Ltn8pO+d0tyY5Ru377GtZXtnOh5fITq2qT4b2nb179vS3pEdHbsD6pim+gytr8kjv/X+J4ucz9SS9e0ZMbQurzx6Yv+t+A+t2/v2/STZ2dmTSldPjp42Khe99OAsuPD4LF67da+5AAAAAID9a1AG1CR538tnZdWWHXn7goX52SMtWbFpR25+aHMuWrAwTY21OXHmmCd93/wjJ6Zle2euun1VKl29Wd9Wyfv//b58445VSZITZzbnukUbs3zTjmzd1ZUv3bQiQ+pq+t9/3nEHZMGtK7Nqy8509/Tlu3etzRuvuCvbO7qf1twNddVZ86udex0/ceSQbNvZlUc378iOjp58+ZZHU+nqScv2vb879ePXLMk/fn9JWnd0pqe3L/etbktNdVXGj2jY61gAAAAAYP8ZlLfwJ8mhk4bnyrccly/f8mg+8p8PZUdHd8aPGJKXzpmQ/37y1DTUVvevKn2i5qb6/NPrjszlNzySr9zyaEYNq8/L5kzI+adOT5K84eRp2dBWyTu/ujANdTV58+nTs3jttvQ9vtD1zafPyM6O7rxjwcJ09fRm1sThuewvjkpTw9P7VZ07b3K+dNOK3L2iNefOm9S/fd70UfnjYybl7V9ZmCH1NXn18Qfkb889PJf827259OpFOefo3xz73rNn5RM/XJbXfe7n6erpzbSxQ/PR187p/65WAAAAAOC5UVWpVJ7ek5qA563W1tZMnDhxoMcAAAAAeN4ZtLfwAwAAAAAMNAEVAAAAAKBAQAUAAAAAKBBQAQAAAAAKBFQAAAAAgAIBFQAAAACgQEAFAAAAACgQUAEAAAAACgRUAAAAAIACARUAAAAAoEBABQAAAAAoEFABAAAAAAoEVAAAAACAAgEVAAAAAKCgtrW1daBnAAAAAAAYlGpHjx490DMA+5k/lAAAAAA8O27hBwAAAAAoEFABAAAAAAoEVAAAAACAAgEVAAAAAKBAQAUAAAAAKBBQAQAAAAAKBFQAAAAAgAIBFQAAAACgQEAFAAAAACgQUAEAAAAACgRUAAAAAIACARUAAAAAoEBABQAAAAAoEFABAAAAAAoEVAAAAACAAgEVAAAAAKBAQAUAAAAAKBBQAQAAAAAKBFQAAAAAgAIBFQAAAACgQEAFAAAAACgQUAEAAAAACgRUAAAAAIACARUAAAAAoEBABQAAAAAoEFABAAAAAAoEVAAAAACAAgEVAAAAAKBAQAUAAAAAKBBQAQAAAAAKBFQAAAAAgAIBFQAAAACgQEAFAAAAACgQUAEAAAAACgRUAAAAAIACARUAAAAAoEBABQAAAAAoEFABAAAAAAoEVAAAAACAAgEVAAAAAKBAQAUAAAAAKBBQAQAAAAAKBFQAAAAAgAIBFQAAAACgQEAFAAAAACgQUAEAAAAACgRUAAAAAIACARUAAAAAoEBABQAAAAAoEFABAAAAAAoEVAAAAACAAgEVAAAAAKBAQAUAAAAAKBBQAQAAAAAKBFQAAAAAgAIBFQAAAACgQEAFAAAAACgQUAEAAAAACgRUAAAAAIACARUAAAAAoEBABQAAAAAoEFABAAAAAAoEVAAAAACAAgEVAAAAAKBAQAUAAAAAKBBQAQAAAAAKBFQAAAAAgAIBFQAAAACgQEAFAAAAACgQUAEAAAAACgRUAAAAAIACARUAAAAAoEBABQAAAAAoEFABAAAAAAoEVAAAAACAAgEVAAAAAKBAQAUAAAAAKBBQAQAAAAAKBFQAAAAAgAIBFQAAAACgQEAFAAAAACgQUAEAAAAACgRUAAAAAIACARUAAAAAoEBABQAAAAAoEFABAAAAAAoEVAAAAACAAgEVAAAAAKBAQAUAAAAAKBBQAQAAAAAKBFQAAAAAgAIBFQAAAACgQEAFAAAAACgQUAEAAAAACgRUAAAAAIACARUAAAAAoEBABQAAAAAoEFABAAAAAAoEVAAAAACAAgEVAAAAAKBAQAUAAAAAKBBQAQAAAAAKBFQAAAAAgAIBFQAAAACgQEAFAAAAACgQUAEAAAAACgRUAAAAAIACARUAAAAAoEBABQAAAAAoEFABAAAAAAoEVAAAAACAAgEVAAAAAKBAQAUAAAAAKBBQAQAAAAAKBFQAAAAAgAIBFQAAAACgQEAFAAAAACgQUAEAAAAACgRUAAAAAIACARUAAAAAoEBABQAAAAAoEFABAAAAAAoEVAAAAACAAgEVAAAAAKBAQAUAAAAAKBBQAQAAAAAKBFQAAAAAgAIBFQAAAACgQEAFAAAAACgQUAEAAAAACgRUAAAAAIACARUAAAAAoEBABQAAAAAoEFABAAAAAAoEVAAAAACAAgEVAAAAAKBAQAUAAAAAKBBQAQAAAAAKBFQAAAAAgAIBFQAAAACgQEAFAAAAACgQUAEAAAAACgRUAAAAAIACARUAAAAAoEBABQAAAAAoEFABAAAAAAoEVAAAAACAAgEVAAAAAKBAQAUAAAAAKBBQAQAAAAAKBFQAAAAAgAIBFQAAAACgQEAFAAAAACgQUAEAAAAACgRUAAAAAIACARUAAAAAoEBABQAAAAAoEFABAAAAAAoEVAAAAACAAgEVAAAAAKBAQAUAAAAAKBBQAQAAAAAKBFQAAAAAgAIBFQAAAACgQEAFAAAAACgQUAEAAAAACgRUAAAAAIACARUAAAAAoEBABQAAAAAoEFABAAAAAAoEVAAAAACAAgEVAAAAAKBAQAUAAAAAKBBQAQAAAAAKBFQAAAAAgAIBFQAAAACgQEAFAAAAACgQUAEAAAAACgRUAAAAAIACARUAAAAAoEBABQAAAAAoEFABAAAAAAoEVAAAAACAAgEVAAAAAKBAQAUAAAAAKBBQAQAAAAAKBFQAAAAAgAIBFQAAAACgQEAFAAAAACgQUAEAAAAACgRUAAAAAIACARUAAAAAoEBABQAAAAAoEFABAAAAAAoEVAAAAACAAgEVAAAAAKBAQAUAAAAAKBBQAQAAAAAKBFQAAAAAgAIBFQAAAACgQEAFAAAAACgQUAEAAAAACgRUAAAAAIACARUAAAAAoEBABQAAAAAoEFABAAAAAAoEVAAAAACAAgEVAAAAAKBAQAUAAAAAKBBQAQAAAAAKBFQAAAAAgAIBFQAAAACgQEAFAAAAACgQUAEAAAAACgRUAAAAAIACARUAAAAAoEBABQAAAAAoEFABAAAAAAoEVAAAAACAAgEVAAAAAKBAQAUAAAAAKBBQAQAAAAAKBFQAAAAAgAIBFQAAAACgQEAFAAAAACgQUAEAAAAACgRUAAAAAIACARUAAAAAoEBABQAAAAAoEFABAAAAAAoEVAAAAACAAgEVAAAAAKBAQAUAAAAAKPj/JYx1kBOApGwAAAAASUVORK5CYII=" width="700" height="480" /><br>  </system-out>
  <testcase classname="dagserver.test.LoginTest" name="loginNOK" time="4.781"/>
  <system-out>
Fotos tomadas durante la prueba<br> <b>loginNOK-OK</b><br><img src="data:image/png;base64, iVBORw0KGgoAAAANSUhEUgAABVAAAANJCAYAAADqdxchAAAAAXNSR0IArs4c6QAAIABJREFUeJzs3XmYXUWd//F31Tm3OwkhLEqAsIPooMjgys8RHdERQZFhE9kEBAJi2IkQNjdcGBFmUEaiSBLAIPsaEBUZkUXcGEFFRRbBIYDsJOntnlP1++PebhKSqwihO8v7xVNy+/Rdqk6Iz30+z7fqG/r6+jKSJEmSJEmSpIXEkZ6AJEmSJEmSJC2pDFAlSZIkSZIkqQMDVEmSJEmSJEnqwABVkiRJkiRJkjowQJUkSZIkSZKkDgxQJUmSJEmSJKkDA1RJkiRJkiRJ6sAAVZIkSZIkSZI6MECVJEmSJEmSpA4MUCVJkiRJkiSpAwNUSZIkSZIkSerAAFWSJEmSJEmSOjBAlSRJkiRJkqQODFAlSZIkSZIkqQMDVEmSJEmSJEnqwABVkiRJkiRJkjowQJUkSZIkSZKkDgxQJUmSJEmSJKkDA1RJkiRJkiRJ6sAAVZIkSZIkSZI6MECVJEmSJEmSpA4MUCVJkiRJkiSpAwNUSZIkSZIkSerAAFWSJEmSJEmSOjBAlSRJkiRJkqQODFAlSZIkSZIkqQMDVEmSJEmSJEnqwABVkiRJkiRJkjowQJUkSZIkSZKkDgxQJUmSJEmSJKkDA1RJkiRJkiRJ6sAAVZIkSZIkSZI6MECVJEmSJEmSpA4MUCVJkiRJkiSpAwNUSZIkSZIkSerAAFWSJEmSJEmSOjBAlSRJkiRJkqQODFAlSZIkSZIkqQMDVEmSJEmSJEnqwABVkiRJkiRJkjowQJUkSZIkSZKkDgxQJUmSJEmSJKkDA1RJkiRJkiRJ6sAAVZIkSZIkSZI6MECVJEmSJEmSpA4MUCVJkiRJkiSpAwNUSZIkSZIkSerAAFWSJEmSJEmSOjBAlSRJkiRJkqQODFAlSZIkSZIkqQMDVEmSJEmSJEnqwABVkiRJkiRJkjowQJUkSZIkSZKkDgxQJUmSJEmSJKkDA1RJkiRJkiRJ6sAAVZIkSZIkSZI6MECVJEmSJEmSpA4MUCVJkiRJkiSpAwNUSZIkSZIkSerAAFWSJEmSJEmSOjBAlSRJkiRJkqQODFAlSZIkSZIkqQMDVEmSJEmSJEnqwABVkiRJkiRJkjowQJUkSZIkSZKkDgxQJUmSJEmSJKkDA1RJkiRJkiRJ6sAAVZIkSZIkSZI6MECVJEmSJEmSpA4MUCVJkiRJkiSpAwNUSZIkSZIkSerAAFWSJEmSJEmSOjBAlSRJkiRJkqQODFAlSZIkSZIkqQMDVEmSJEmSJEnqwABVkiRJkiRJkjowQJUkSZIkSZKkDgxQJUmSJEmSJKkDA1RJkiRJkiRJ6sAAVZIkSZIkSZI6MECVJEmSJEmSpA4MUCVJkiRJkiSpAwNUSZIkSZIkSerAAFWSJEmSJEmSOjBAlSRJkiRJkqQODFAlSZIkSZIkqQMDVEmSJEmSJEnqwABVkiRJkiRJkjowQJUkSZIkSZKkDsqRnoAkSVo86rqmp6eHnp4eqqoa6elI0nKpLEvGjBnDmDFjKIpipKcjSZIWg9DX15dHehKSJOnlqeuaZ555hrFjx1IUBSGEkZ6SJC2Xcs7Udc3cuXNZeeWVDVElSVoGuIVfkqRlwNy5cxk7dixlWRqeStIICiFQliUrrrgic+fOHenpSJKkxcAAVZKkpVzOmb6+PsrSk3kkaUlRFAV9fX3k7IY/SZKWdgaokiQtAzzzVJKWPP5/syRJywYDVEmSJEmSJEnqwABVkiRJkiRJkjowQJUkSZIkSZKkDgxQJUmSJEmSJKkDA1RJkiRJkiRJ6sAAVZIkSZIkSZI6MECVJEmSJEmSpA4MUCVJkiRJkiSpg3KkJyBJkpYMxx9/PLfccssC11ZeeWU23HBD9t13XzbffHMA7rvvPj7+8Y9z5plnstlmm43QbF+8hx9+mJkzZ/KLX/yCJ598krIs2Wijjdhpp514//vfP/S8D3/4w+yyyy7ss88+r+h8Jk2axKhRozjttNNe0c+RJEmStHgYoEqSpCFrrbUWn/rUp4Z+fvLJJ7n66qs5/PDDmTp1KptsssmIzu8f9eSTT3LYYYcxfvx4Jk2axJprrsmcOXO4/vrrOfnkk6mqim233RbaweaGG2440lOWJEmStIQxQJUkSUNGjRrFm9/85gWuvfvd72b33Xfn0ksv5aSTThqxub0UN910E48//jjTpk1jpZVWGrr+1re+lf7+fu68886hAHWbbbYZwZlKkiRJWlIZoEqSpL+pu7ubjTbaiIcffrjjc2644QYuuugiHnzwQUaPHs2//du/MXHiREaNGgVAXdfMmDGDG264gccff5xx48ax5ZZbcvDBBzN69GgA7rzzTs4++2zuv/9+6rrmNa95DRMnThw6OqCqKs477zxuvPFGHn30UcaPH8+uu+7KDjvs0HFezWZz6LUvdPLJJy/w8wu38F999dWcf/75PP3007zhDW/gqKOO4mMf+xif/exnee9738uVV17JtGnTOOWUUzjjjDN46KGHGDduHHvvvTcf+tCHXvT9/cxnPgPAFltswcyZM3niiSdYZ511OPLII3nDG97wot9HkiRJ0ivDJlKSJOnvevTRR1lttdUW+bubb76Zz3/+87z1rW9l2rRpHHfccfz4xz/mq1/96tBzLr74YmbOnMkBBxzA9OnTmTJlCrfccgtnn302AL29vUyZMoX111+fb3zjG0ydOpWNNtqIY445hueeew6As846iwsvvJC99tqLGTNmsOuuu/K1r32NWbNmdZz3FltsQYyRyZMnc+utt9LX1/ei1vv73/+er371q2y55Zacc845bLvttnzuc58DIIQAQFmWzJ07l3PPPZeTTz6Z6667jg984AOcdtppPP744y/63pZlyV133cXdd9/Nt7/9ba666ipWWmklTjnllBf9HpIkSZJeOVagSpKkBcxfrfn0009z2WWX8eCDD3LYYYct8vkzZ85k880356CDDgJg7bXX5qCDDuILX/gCBx54IOPHj2frrbfm7W9/OxtttBEA66yzDu973/u4/fbbAXjssceYN28eW2+9Neuvvz4Ahx12GFtttRVdXV3MnTuXK664gr322mtoq/3aa6/NPffcw8yZM9luu+0WObf111+fL3/5y5x++ukcd9xxlGXJJptswtvf/nY++MEPdgyFr7/+elZZZRUOOeQQiqJgvfXW47HHHuPee+9d6F7tueeejB8/HoAPfehDzJgxg3vvvbfjey9KX18fhxxyyFDF7vvf/36+9KUv0dfXN3RNkiRJ0sgwQJUkSUPuu+8+3vve9y5wbcUVV2TKlCm87W1vW+j5KSX++Mc/st9++y1w/U1vetPQ+40fP56VVlqJ73//+5x66qk8/vjjVFVFb2/v0Pb9ddZZh3XXXZeTTz6ZHXbYgbe97W1svPHGQ+/z61//mqqqFprD5ptvzqxZs+jp6WHMmDGLXNM73vEOLrroIn7729/yi1/8gjvuuINp06Zx3nnnceKJJ7LVVlst9JqHHnqITTfdlKIohq69613v4pxzzlnouYOh8OC9ApgzZ84i59LJWmuttUBQOm7cuKH3MUCVJEmSRpYBqiRJGrLOOuss0Ciqu7ubddZZh7Jc9FeGvr4+6rpm2rRpzJgxY6HfP/nkkwCcccYZ/OAHP+Coo47ijW98I93d3VxwwQXccMMNABRFwde//nUuuOACrrnmGr75zW+y+uqrs//++7PNNtvQ09MDwOGHHz60hR4g5wzAU0891TFABYgxstlmm7HZZpux//7788gjj3DiiSdy6qmnsuWWW9JoNBZ4/rPPPsurXvWqBa7N34Rqft3d3QtdG5zXi7Wo93gp7yNJkiRp8TNAlSRJQ7q6uvinf/qnF/38UaNGUZYlO++88yK30a+yyirUdc21117LPvvswwc+8IGh382dO3eh506aNIlJkybxwAMPcNFFF/GlL32JDTbYgBVWWAGAk046iQ033HChzxncQv9C8+bNo6+vb6EwdM0112TXXXfli1/8Io888gjrrrvuQvehv79/gWuDZ7FKkiRJWr7YREqSJL1kMUZe+9rX8thjj7HeeusNjQkTJlCWJePGjSOlRF3XQ9vSaQebt91229DPs2fP5uabbx76eYMNNmDy5MnEGHnggQfYaKONaDQaPP300wt8zrhx41hppZXo6upa5PwmTZrE5z//eVJKC/3uwQcfJITAyiuvvNDv1l57bf7whz8sUAE6//wkSZIkLT8MUCVJ0suy++67c9NNNzFz5kweeugh/vSnP/GFL3yBSZMmMW/ePBqNBhtvvDHXX389Dz/8MPfeey9Tpkxhiy224LnnnuPBBx9k9uzZnHTSSVx44YU8+OCDPPTQQ5x77rnEGHn961/P2LFj2X777Zk+fTo/+tGPmD17NnfccQdHHXUUX/7ylzvObeLEidx1110cddRR3HDDDdx1113cfvvtfO1rX2PmzJnssMMOCwS7g7baaisee+wxzjnnHGbPns0Pf/hDbr311lf4TkqSJElaErmFX5IkvSz/+q//yoknnsjMmTM555xzGDt2LJtuuilnnHHG0Nb7KVOmcMopp7DPPvuw5pprsv/++/P617+e3/72txx00EFMnz6dKVOmcNFFFzFt2jSKomD99dfni1/84tD2+kmTJjF27FimTp3Kk08+yaqrrso73/lOJk6c2HFu73znOznjjDO4+OKLmTp1Kk899RSNRoP111+fI488ku23377j6w444AAuu+wyLrnkEjbffHMmT57M/vvv3/G8UkmSJEnLptDX12d3AkmSlmI5Z2bPns0aa6wx0lNZZuSceeqppxY4O/XOO+/k0EMPZcaMGYs8h1WSXujRRx9lwoQJCzS/kyRJSx+38EuSJL3Ar3/9a3bccUfOPfdc/vKXv/Cb3/yGM888k0022YQNNthgpKcnSZIkaRhZgSpJ0lLOCtRXxvXXX89FF13E//3f/zF27Fje9KY3cfDBB7PaaquN9NQkLSWsQJUkadlggCpJ0lLOAFWSlkwGqJIkLRvcwi9JkiRJkiRJHRigSpIkSZIkSVIHBqiSJEmSJEmS1IEBqiRJkiRJkiR1YIAqSZIkSZIkSR0YoEqSJEmSJElSBwaokiRJkiRJktSBAaokSZIkSZIkdWCAKkmSJEmSJEkdGKBKkiRJkiRJUgflSE9AkiQtHo8++uhIT0GSJEmSljkGqJIkLSM23HDDkZ6CJGk+999//0hPQZIkLQZu4ZckSZIkSZKkDgxQJUmSJEmSJKkDA1RJkiRJkiRJ6sAAVZIkSZIkSZI6MECVJEmSJEmSpA4MUCVJkiRJkiSpAwNUSZIkSZIkSerAAFWSJEmSJEmSOjBAlSRJkiRJkqQODFAlSZIkSZIkqQMDVEmSJEmSJEnqwABVkiRJkiRJkjowQJUkSZIkSZKkDgxQJUmSJEmSJKkDA1RJkiRJkiRJ6sAAVZIkSZIkSZI6MECVJEmSJEmSpA4MUCVJkiRJkiSpAwNUSZIkSZIkSerAAFWSJEmSJEmSOjBAlSRJkiRJkqQODFAlSZIkSZIkqQMDVEmSJEmSJEnqwABVkiRJkiRJkjowQJUkSZIkSZKkDgxQJUmSJEmSJKkDA1RJkiRJkiRJ6sAAVZIkSZIkSZI6MECVJEmSJEmSpA7KkZ6AJEmSlk+9ff385S9/ob+/n0f++ldu/+WveObZZxk1ahSvWmVVNt/0DawxfjVWGjeOtddea6SnK0mSpOWUAaokSZKG1U233Mb3vn8DN9/+C37/hz9Q1RUJqHMmkckZihwIOZHritVXfRWvf93G7LzTv7P11v/GOoapkiRJGkahr68vj/QkJEnSS5dzZvbs2Wy44YYjPRWpo2eefZZvnnse5373Eh5+9AmazUQg0uhqUFUVOQAhkFLrekoJUk0jBlLVpAhAXTFmTINddvp3jpg0idds5H/zWrLdf//9TJgwgRDCSE9FkiS9DAaokiQt5QxQtSR78umnmXb++Zx97vk8+tQcUugixZJUQwHUdU2IAVImxkhOmTplYhGJAUg1gUyqm5ATJRUxJHJd8/GP7cGhnzyYjTZYf6SXKS2SAaokScsGA1RJkpZyBqhaUt3/5wfZ+6BPcPc991OlQCi6qSiocyQDMScAQobY/kYagATkAIEMOZFz1X7HTEkiksm5JldNVhq3Iod/8iCOPvwQQyotcQxQJUlaNsSRnoAkSZKWPRdcehlbbrsdv7vvERKjKRtjSSkSayirTFEnAomQE5HWKPKCI+bWcyBDSBAyORQ0U6BOkRQbzJnXxxdOOZ2JnzyCp55+ZqSXLUmSpGWQAaokSZIWq29Nm84Rxx5Pb7Mm5YIqBaoqt8pKyYR2YNp6nFsBKbkVkA5dG/w9hBAY/KdOEGJBiCUhltQEclHw3cuuYrtdPsZjjz8x0suXJEnSMsYAVZIkSYvFnDlzOOjQwznh5FOo6KKqInVVEQJkUntkcsytvfo5tOPUQBUCzRBoxkAVW1lrawRCKAihJISSSBh6XSaQY0EdI6Gri9/c/Qd2+ujePPiX/xvpWyFJkqRliAGqJEmSXra/Pv44u+y5DxdfeS39uaCZC5o5EuKiv26+1EP4h4JTAjk8/5gQCbHg7j/+iX32P4jHn3jyZa1HkiRJGmSAKkmSpJflxptu5j0f2pHbf/1bqtjNQIoM5AhFN3kxtyvNIbaC0xDIxNYIkZSBGEghcMddd7P3fhN57LG/Lt4PlyRJ0nLJAFWSJEkv2fe+/wO2+8ju/OWxp0ixm4oIsdHamp8zOUPOmbyYktQYCmIoibF4foSSWBTUQCISyga3/fx/2Wb7nfnd3X9YLJ8rSZKk5ZcBqiRJkl6SWdf/gH0mHU25wipUdaZKiZRS+1TTRKB+GZv1F6VVYZrCYBuqBX9maHt/pGx08+c/z+aju+/H7T//1WKcgyRJkpY3BqiSJEn6h8267nvsc/DhPJe66K0gxkBs7aIn5kyRa4pcExbjZ7ai2MGt+/OfgUp7PH8tpUDZGMVjjz/Dznvsy4WXXbnYqmAlSZK0fClHegKSJElaulx+zSwOOvJTDBApqgFiDEBJyokQWpWgg4WnnSLLvxVl5g6xa+t6av82z/cmrSshtx7nHKjjYLiaaA7UTDryGObOmccB++75UpctSZKk5ZQBqiRJkl60a7//Aw4+5njm1RFyoEEm5UAdYjs8XTAcfak1n51CVEiLuBYIGcLgawIQYuuZZUGMmZwSJ3zuC/T2zuOQT0wkhMVZGytJkqRlmVv4JUmS9KJc/b3r2W3iwTzbn6hDF+QuMuWS8ZUyACEMjee39UNdVRAiPf0DfO6LX+HLp54+0rOVJEnSUsQKVEmSJP1dl19zDQd86jjqrhVIqYRctgLKnMhhcTeL+se1d+8/b/7HsaBZ1xRFg2au+coZZ5FS5ugjDmH0qFHDP1lJkiQtVZaAcgFJkiQtya6adR0TDzuKec1ElQJQEHIgB6gjpLCENGeKYWjkwNAgBEKM5BAhNshETp86nU8cMYV5PT0jPWtJkiQt4axAlSRJUkeXXH4FR5z0JebUXQQyIWdCTq0Sz5CoY0XMmZBH/kzRRZ2OyuDufiCF2CpVLbpoVpnLrrmeTOKs0/+DFcaMHubZSpIkaWlhBaokSZIW6Yqrr+awY0/iqZ6KUI4h1hBTIqaaSE2gIodEXiIqUP92gJtDbIe+kZChbHQRyi6unHUdk46cbCWqJEmSOjJAlSRJ0kIum3Utux92FM80a8qqSXezjxAahFBChJSakDJlihS5IIQwNIbL/J8ZQiBSLDBCjpBa+/hDDoQMIdcQEqQ+AgNQdHPZrB+y1/6fNESVJEnSIhmgSpIkaQGXXHEVBx75KUJjDDUFKWQyadFVnosoPh2JMPXFCe2vv8/PK2coygY3/M9NHPCJQ3nuuTkjOkNJkiQteQxQJUmSNOTSy6/hoKNOYl5/QX9/pibQDIkqdDphdGFLWoCaiK0RQnsM/hwJRUlVJ7pGj+EHN97Exw84iGeeeXakpyxJkqQliAGqJEmSADj7nGl8YvKn6akKchxFCF2QCzKB/IIwdP6ANOc8NAZ/N3h9cQSpL3zff/Q1YYHK0zBfJWokpUwsSuoEFCU/vu3n7HvAwTz+xJMva86SJEladhigSpIkicuvuprjv/AVeuoaQiAkKHKgyBBzXGj7/vxh5mB4uqiwdHGEp4Nh6Et+j8HKUyKJ8HwlantNCdrXG6RQcusv/5ePfmw/nnjyqZf1uZIkSVo2GKBKkiQt5y67/Ar2/uTRPJtHUVEB/YQ8QJESZTtIbYWoixZCIMa4RG3bX/AYgUgeHCG2Kmrbo/1sEoFmytDopr8O3PmHe9lmh114wkpUSZKk5Z4BqiRJ0nLsssuv4JDJx5GLkpDbXZVyhpwI1ATy89WnIbUGGcjkoR3xBVC0GjIVgTGjGoQykgKDtZ20NtIXBIpFN6Pq4IVHBQx2rQrE9gjtTfmJnDMxQMyZIkRyjqRcEmI53/MG5ef/lYAciCFSVzUhFjRr+NODs9l+1z356+NPLM5bLkmSpKWMAaokSdJy6rIrruDAIyYzp7+GVFHWPRS5BMrWtncSdcjkMHgGajt0DPOFp7H1IMbImNFdFFUfp33uWN73r+8A6qHwNFISKIGiFbj+A5WqCxwXEGh9hc0FORWEXJBTTVlEiqqfT+y7JyU1VE3K2IAwCihaAWpoh6i5VX8ayZBC600T5NRaX84JCBTlaO6572F2/MjHeOyvf13s91+SJElLBwNUSZKk5dDFl13OwUdMpj+XVLFBHRokSuY/bXTocc6tkDGXkAvIBSHHoUGsCUWTZu+znHnqyez1kR058dADWXOlFQkpQm6QKMi0qlJTTOSQXtK8UyipQ0E9uBW/fXxAERN77LwNJ085jP323oUiDBAZoKAi1dV8lbODWlv4Q4yEEAkxQgjPN8wKgaqqybHgngf+zI677MGf7r3v5dxySZIkLaUMUCVJkpYjOWcuu+JKDj16CnObgYFcUoXWqEOH7fVD54iWrRCVgphjq8lUgpJEUffy9S9/ht132RGAt/7zG9nvoztSMBi0hva2/0wOiRReSmOo0A5hI9A6czXVTSKZ1VYZx4lTJjOqu4svnXQcH9/rI+TmPGLuI4Z6cJ9+ewTIsTVCAbGA0D4ftR2iptx6xUBVU+XAH+97iO122JUbf/yTl/+HIEmSpKWKAaokSdJy5D/P+C8+fvAhzG0mqthFFQpSKNoNlhjqeB9CoCiKFzSHChAyIWciiYKarphZbcVRnH/W1/jY7rst8FknHjeZd77tnylp0qCC1CSGVkSb0kurQA1ATDUhNSlIjC4Da66yAt+7+DusM2EtALq7uvjK5z/DgfvsRoM+Iv3kXBHaVa8hREIoCKEkEwffdb4RIMShkXJBLhs88ew8Prrn/nz/hhtf9p+DJEmSlh4GqJIkScuBqqo5d+aFnPqNc2jGLtJQe6jQDkRrYv4boWYruYSQiLFub48fYNUVu7juku+w3Qe2XuTLpp7xJTbZYDyxOYdRMVHUTYqUaYTiJawiU1BThkRBBc15vHpMF9dccj4brL/eAs8sy5IvfuYETjz2cMhNYmyd3TrfYtpVtYHUrmodbHeVaD0GWmfBhkiVCwZSoCq62fvASVw569qXMH9JkiQtjQxQJUmSlnF1XXPqaf/FIcecxJN9kIquoQixFRfWxNwagU5b6xMhJEKsCaGiLDMbrrsGN153Ga977cYdP3vttdbkku9O573veht13xzKlCgSxJeyg5/cahA10EsjNdl43TW59qoL2Pg1Gy3y2V1dXRz5yU9wxKGfIKaKnBJF0T6mIAfIDDXIGmorNdgwKwx1rGqFqBkoGtQh0ltn9p50KJdec81LWYQkSZKWMgaokiRJy7ivf2Mqp505lQTEqh/qTMolIQeKTGtQEENJSUVBDYOnhmaIpFbASk2RKkLdZP0Jq3PVRTNZe+21/u7nT5iwJpdcfD5nn3U6E9Z4FY0YiCnPdyxAJBRd1BSk2KCmJIdGK9DMNSHUhDBADAPUaR5djQEOnrg7N1x/Ga95zYZ/9/M/feQhnHXayYwuCnLdRZG6KEJNEeYRwgBQt85GDbm16tBsj8GzUxM5ZAhQp0SmQV01+OThx3L5lYaokiRJyzoDVEmSpGVUzpmrZ83ii6eeTm+GRCC0t+0TCkKIFCG0d7a3z/1sV4a2trYX5NDqTl+EQJFqQl2x8boTuPqSC5gwYc1/aD4f2Wl7brr+Mo46ZD9WHFPCQC9dBRS5JlX9xJwoAoRUkas+CipirijSALl3DmFgLtu/793ccPXlnPzp41ll5ZVe1Oc2ypI9d9mJM770afLAXEKsW1v6Ce0zX8PzjaWGmmgtWCIbQvvIgxjJGbq6xjDQhE8e/ikuvfzKf+g+SJIkaekS+vr6XtIGKkmStGTIOTN79mw23PDvV+Jp+XLOjBkcffynqeMoelMkxEgcClFjuwK09d/QYKOolBIpRlJsQCgoSJTUFKlJI1e8bqP1uPSCGay55hova27zenr54Y03Mf287/DAnx/iwdmPUtWJsiyp6wSpogiw0frr8C9bvJV3v+udbPOBrRk3duzL+tyrr/s+nzz6OJ7tgUAXKSRyjkDR2tJPBWGgfRrqor8m1xlSrhnTVZKbffTPfYaZ077FTjv8+8uam5Y9999/PxMmTBj6uyZJkpZOBqiSJC3lDFD1QnVdcf4FF3Dsp7/AvCYMhC6q9sajGKBI7d7zLwhQAWoCKZTkWBBCoKCmkSu6qFh//KpcN+tSVh8/frHOd+68efz+D3+krqr2lQA5M2bsCrx249cwqrt7sX7eFbOu5YBDT6R3YBRFWZNTABrEUJByBaECmvM1nVpQCpk6VQQyjZghVZS5YuoZp/HRnXZcrHPV0s0AVZKkZUM50hOQJEnS4lNVFd+eMYPjP/d5BlIXVWyQQmxt2c/5+fM+eT7QGQpSB3+Xp+n9AAAgAElEQVRut1QKOdFVQlnXbLDmalx96QWLPTwFGLvCCrztLW9e7O/byY7bfYicCw467CR6mk1iLCG1QtvYvi2t81fTIl+fA4RYEsjUuaarMYr+/l4OPnIKOWV222WnYVuLJEmSXnkGqJIkScuI/v5+Tv6PUznzW9NIXWPJA00YPOEzp/maQQVCiAtVxQVaDaPazecpY6YrJzbZcG0uOn/aP3zm6ZJspw9vQ6OMTDz8WPoGKnJK1LmkCLHdOKp1DuyixAQ5ZAKBnAN1E0IuqXPkE0ceQ86Z3T+y8zCvSJIkSa8Um0hJkiQtA1JKnHDSZzjrW9MZKEfR00ytdlEZQs7t8DQRcyaETAhACNBujtSqPs1E8tC5p7FussGar+bimdOXqfB00Ie33ZrzvvU1VugOkCuKmNvhaeuO5Ha1aR7KUQdbcAWKHIkZCgpSlYixQUqBipJDJk/hzLOmjuziJEmStNgYoEqSJC3l+vr6OGrK8Uz97iU0iy66q5oVEtR0kSgIGYocCBTkUAKZlAdo5op+oBkjKWZCAWXZahzVSP28bp3VufqSmay5xstrGLUk2/o97+KKC6azzhqvhmZFyJEQGuQQSUVNihU5VqRYk0ImhUAKUIdEHVo7/2mUrcZbRUmI3TTrkhM++x/891lnM9BsjvQSJUmS9DIZoEqSJC3F+vv7OfqY45nx3ctIsZsqR2ri4CmmC5x12tIKUgPlfKMgUhAJpLqiCLD+2mtyzRUXseaay254Oujtb9mc8875GquvMYqU55KoCbFByK37AyXkov3sNN8ZskOnxbYH1DmTyga5u5vPf+WrfP6LX6Yaao4lSZKkpZEBqiRJ0lJqYGCAw4+ewsxLrySXoxlIgWaONENBFTt/zcsUhNAg0CBQUFBQEilyoMg1G62zJrMu+y7jV3v1sK5nJL1580258LyzWHe9cdSpj5QyRSqIqSSmRjtADQsFqAuOSC4idRHIRUFPVTP13POZdNRkevv6RnqJkiRJeokMUCVJkpZCvb29TD7mGGZecRVVYzR9dSbErtbW8zDYBul5IYShQbv5UQiBGAK5rugqAlQDbLzuWlx50fnLReXpC715s825Yub5bL7JRoSqj4JErDNUmYKide9ibhf1LipADdQhUOVMFUvq2KC3ysy84moOOOJoenp7R3qJkiRJegkMUCVJkpYyVVVx1LHHc96l11AVJc12C6iYWw2gCDU55gVC0wUHEDIhJIpQM6YBqX8ur9tgAldc/J0RaRiVgYGBJv39/fQPDJBzHvY5AGy8wUZcMfNs3vz69cjVMxRhgDJkyINttmiFpblYxIiEDDFHcoJEJDRGk2M3V1zzfT520CFu55ckSVoKhb6+vpH5dipJkhaLnDOzZ89mww03HOmpaBj09PRw8KGHc+UNt1CVY2jW89qhXUHIAUICmuQQIY8ael2r8rT9mAQhQHubf6z6+eeN1+PSC2awxuqrD+t67rjzf/nhjT/mj/c+wC23/4pnn+tlzJgxbPGWzdls03/iw9u8j3967cY0ynJY5/X0M0+z2z5787Nf/o4cxpFjN3VMpFC1gtJULPJ1OdZATcgAiZAzIbRud93sZZt3v4Pzzp7K2LErDOt6NDLuv/9+JkyYsMDfP0mStPQxQJUkaSlngLr8GGg2mXz8p/nOxVfQTxd1aJBzLyG3WkOFHAghQ6hbL0gFORRkAiFEIBNJ5NiqQI20zjxdd/VX8aNZl7Paq4fvzNOf/+oOTv/vb/Djm2+mr7dJit0kCnKOhBzIZEKuKEPNO7d4C8cceQj/uuW/DNv8AJ586in2PmAit/7sd9RhNDk2qFKi7CqpU9UOSWlXpLYDslDBUEup1t/PECAGyFTk/h62ec87mTnjHEZ1dw/rejT8DFAlSVo2uIVfkiRpKTAwMMDkEz7NtEtm0RPHknIgVn3EVEAuybkdloYGmVGE3KCgJuREIpJC62tfK9hLFDnRnZq8eeMN+eHVlw1beNrX38+RJ0xhu9324Lr/+QXzmt004wqk0IAQCRFCEYmxJMYuQhzF/9z8Kz6y18Hssd+h/PXxJ4ZlngCvWnVVZk6fxgfe9w5C7iGkRFceQ6oyhIpcVBAroGqF1mGwwVRu/y8QAplAlaHKkdwYzfU/vo1ddt+Lnp6eYVuLJEmSXjoDVEmSpCVcT28vhx0zhfMvn0UquqhTbp8R2nkjUQ6RFLtIsUGOJTmU7X8XdMWC0Gzylk035ZILz2P18asNyzp6e/s4dPKxnH/xLHqrEtqVsTFGcs4LjNYaIJFpNBo0m02u/d4P2PEju3HPPX8alvkCrLzSSnzrzDPYbtutiLkXmEcEYu4ipgYhN4DB7fzpb/6ZkFu1qbHR4Cc//Tn77j+RuXPnDtdSJEmS9BIZoEqSJC3B6rrm6JM+w4XX3Uh/MzBQQcq5XePYWSaQYqMdoBYQn28gFaoB/uXN/8yF55/Nq1ZdZdjWcuY3z+Hya/+Hvqqbim7qlEgpLRSezh8Np5whBnIMhLLgD/c9yAd33JVbbrt92Oa90rhxTP3PU/nwNu+iu+ijzBVFCsRUEFJJ60wEyCF1fI8QIiFGcm6F27lo8P0f38Iee3/cxlKSJElLOANUSZKkJVRPby+Tjj6S71x2Db0VDIRIpiaGRCC0t7y3KjhjuyFUaoeSKeehcDLkTJEzXbkm9c3j3Vu8hYu+M41VVll52Nbyv3f+hv/42jdphgZVCqQUmP9UyDjfOjKZKifqnEhACoHc7sRUh5LHn53HoUccw7x5w7cFftyKK/Kdc6ZywtGfpEjzoO6HuoaUW2e2htbRCEP3v33vB2UyOQRCUZIpyUWD3DWKG277BTvvsQ9z5liJKkmStKQyQJUkSVoC9ff3c/jkY7noqh+SKAmpSdEeMbeaRCWKVgOjtlaFaWtEIJIoQk1JTRdNqHp486avY/q3zmTcuBWHdT3/8V9nUseClBIh1xS5c9VlHtq+3+7NFCC1f06UELp45MlnOO2//ntY1wBwxOGTOPrwiZRxHqReijBfSBogxLDAn8PC6wqkEKlzQQoNYvcK3HDLz9jvoEPp6+sb9vVIkiTp7zNAlSRJWsL0DwxwxNFHc/k1P6Cv6qauM7EeoMgDlFQUObUbvy/8Va5VxRmIEcqQaZAoQ02o+3nbGzfhyovOZ5WVh6/yFODue+7hxz+7nf66IuWKyAAFL2LbemCB7fw5BGoidQ70V4lzz/8usx959JWe/kKmTD6SE485lEbZJISKQKsKtXWmayDGQIgv7LoegPh8iEqgSoE6RGJjFD/8yS3sute+NpaSJElaAhmgSpIkLUF6ens59NgpfGfW9fSGghghpNza9k0JoYQYCQGKkChzk4JWRWomkHIm5AQ5QVEQqIjVXLZ+99u58DvnDOuZp4P+eO8DPNsDZRhFkSAQqUPZ/ioaFhqBRMwVISdCTuTcPpIgZ1KdyCHSTJEnnuthxnnfHfb1xBg56tDDOP6oQ6D5LEXuJdaJRuqizBDI5JipYqIiU+dAToGYMzFDSBBDQSBCjq0wNTS46fZfsce+B9hYSpIkaQljgCpJkrSEqKqKQyZPZublV9Mfu0khQBogBMihIIeCRITBZlAh09ol3joPNYWCPPT7SKprcrOfd73tTXzzzP/iVauuOiLr+sGNPyHEbqpmItKqnE1hsHP9ogLUMPQThFbjpRzIuXW9VZUaoWjw41tuo9lsjsi6jjzsk3z2+CPpCv00YiKmTMgF0P5zoIAQaf0DIWdCnm+lobXSlKDOEIoubrr1Z+y25z4jtiZJkiQtzABVkiRpCTB33jz2POATXHj1D6hjd6s/UUrk1kmgzz9xvp3hGahDgzq2Rg4FxAJCQRED9Pex1f97O+dPO5uVV1ppRNYF0NPbQzUwQKOrsVjfN6XEz39xB889N2exvu+LVRQFRxw6idO+8nm6y4pQzyMTyTQgdxFpUOaSRrt+uJNYlIRQkHIrXP7Zr37Nu97zb/zxnj8N63okSZK0aAaokiRJI6y/v59JRxzN1T+6lbocTZUbkNsNotpVpkONiWCB7u4pRBLPV54CFDEQ6ibbvmdLzp8+dUTDU9qVtUWjQVXVL/IVkUAxNJh/zNeYqShLmlWTlNIrNvcXY+/dd+M/v3Iyo0dFQsiQIdSBgnKo+jT+jQA151ZZaiKSQkkdS/5w35/Zebe9+N3dvx/WtUiSJGlhBqiSJEkjqKenh30OOJCrrv8hdWxt5w4ZYphvu/r8AWoIQwFqCIGcEjnVhFxTkmhQEes+tt96K6af/XXGrbjiSC8R2iHqC7vSdxIIhFAQQtH6uprD0Bh8h5wzKSXKovg77zY8dtt5R7515umsPCZS5gFGNQpyVZOBFDIpdA5QAQgFOURyLBmoA3SN5s+PPMGHdvwIP//lr4ZrGZIkSVoEA1RJkqQRMnfuXA6cdCjX3fQz+uMoIhVFblLkiiKnVoAaWl3bO4kkylBTUjOqyJR1P3vttB1nfe2rjB27wrCup5Px41enKApS/WIrUOc/E/WFjaael3NeoBp3JIUQ+PAHP8CsS2ew1qtHk5rzCEUgB6hioP6b2XHrl5lADhHKBlUuiF2jea5vgB333Ifbfvbz4VqKJEmSXsAAVZIkaQRUVcUBBx3MtT+6mf7QTR0aFDlR5JoiZ2LO7QrU2NoS3t4C3soLQ+tahiJAETJlqKj75rDDtu/jtFNOZszoUSO9xCEf3vp9RDIhRvJgo6j84qpRCSwQnOb5HocQKIuCsixfgVm/NG98w+v57rnfYrVVViDkJoRMCqHVEAwWOM82QPs+tINToE5QpUAKkToH+urMM3PmseMeH+OXd9wxQquSJElavhmgSpIkDbN58+ax694HMOunv6E3jiGkitjsJ+XRJLpJFNQJUgqEVLbC1FS1z0QtgYKYoUyZGEpCrgmph08dsi/Tv/l1urq6RnqJC3jNBuuxzqpjqGgyELsgl5QZEs+PKqWhUVOTQmvkUJNj63HreqYOgRQg55pN37AJY1YYM9JLXMA/v3FTrr1kBuMa/XTXvXQ1A92pixieD7xDSlADdSAkCPn5c1xzzu0gFQjdlI2x9PTU/PvOu3PzLbeO6NokSZKWRwaokiRJw+j/Hp7NR/fejxt++ksGUiARCCETQ25t4R6sNQ2BECIhRHIoSLEkx4IcylaIGloNleqBfkYVBUcfNJETj50y0stbpHXXnsBmm7+RVlJYtwYLbuef/4zXzmelts9+zXnoaIPf33svX/ryV4ZhFf+Y1712Yy6/YAarrTqWkPvJOZEpSe2RQ0mOkVwEcpyvKvUF9yGFwEBK5LKgp9lkj30+zk9vv31E1yZJkrS8MUCVJEkaJn9+8CF23Gt/fvK/vyeFblKC3K48fGFmuEDTqFhSxy5S6CK3g9RWuBoYXcBhB+zNCcdOHplFvQh3/uY3/PRntxNbtaYQKnJYOECNMRLj3/56Goa2wAfqHGhWma9/45sce9wJNJvNV3AV/7j/9/a3cuqXP8O4FSIp9ZEpyDRINEixQSoKUpHJL2gwtUCAWkTqIlIXBals8HRvHzvvtTe33vbTEVuXJEnS8sYAVZIkaRjcd//97Lvfgfz+z7PpSyX9dYYQnz/RM0RihwrMDKQMdc6kVLe2gZNIA70ccuDenHDc0X83eBwpd/3mt3x07/2YO6+XGCKB3PonpKEGUIPr7dQUavCexBjnC1Ahx4KKglx2MfXb0znxsycP48penH/fdhvOPP0Uxo0uKKggJYoch76G55haJzMsogI3k1vJeoykUDCQAqF7DHMGanbedz9uNkSVJEkaFkvmN21JkqRlyH0PPMAuH9uHX99zLylDIEGuiblJyIlMIBHb2/YXsYU9t55RUFOSGFVkYt3PMYdO5ITjltzK0z/ddx977DeRvz7bA6GLkApCKlp1pLkdEL5I89+XVgjbOv6gDgV1KIndY/jW9Jkcc8JnqOv6777fcNr+g9sw/ZtnMH6lLsrcR8w1RcqEdiMwFlF9PCS3Gk0FIjmUVHUghS7m9Nbsstd+/PwXvxr29UiSJC1vDFAlSZJeQb/53e/Yafc9uP/Rx6nLbnJqUtQDlHmAIjfb29oDmaLjexRDJ2fWNEJN1TtnKDwtis6vG0l3/vYutvvIjjz412fIdEPqIleRkBuQy9Z6X3x+2pYZrM1sCQxGy80UoGww9dvnctSnjluitvOHENj6ve/he5eex1qvXoGy7qfMmTJDkQKx033IUORIzBBTIOQAKUIqCKFBbzOx/W578RMbS0mSJL2iDFAlSZJeIXf/8Y/svv+BPPDYk/TXUBMIKbcqSnOer/CwtZU/pppA3d66DYRMhFYjqVTRFRNVz9McffDHmXLMkSO6tr/lvgf+zE577MMjj88jUdJfJfqaTUIMZNJQDDr/1v2FhfZX1dh6HFJ7tLfzP99ui0SA2Gg15WqMYvp3L2X/gybx9NPPDOu6/57XbrwxF5//bdZ49VjKNECRM0UuWyFwSAsMQmgd8ZBzuwK1VYlKKMgE6gy5iMwbqPjoPgdw9vTzRnp5kiRJyywDVEmSpFfAL391BzvvuS9/eeI5enMJKRKqRA4lKTRIoYs6l+RcEAjEnAkpQaZ1PmiEQCs4I2fGdHdDs5dPf+pQTlqCt+3/9u672XbX3XlyTqKuVyTVkZQTFIlm7v//7N13mF1V1cfx79r7nDszKUBAiqGHFooKIiKgVAEBAemhd6RJFARfINKRJr0GCCSEEkKRLtgQUFqAqBQFBakBkpCezMw9Z+/1/nHOnRIyISGZmSSuD8/RmcnM3L3PvXmeyW/WXouoGWgojqbP3KqgpCIoDqWoVFURVBR1OSIOJ45EwFMEzJTH+IOrECQlJvU8/MSTDDjocMZ8/ElX34LZ+tp66/Kbkbew0rI9CY1TaPApISpBIkEisYyYowOcK6tti2YHxX0pAuMoQoYSnWNaU5VfnH4WV10zmDzPu3uLxhhjjDGLHAtQjTHGGGPms5dGj2b/w4/ig3ETaM4UJQESUPf5hpclFSkms7sEdSkqHnUexJM4j1arnDrweP7vpBMX2IFRr77+OnsedAifjB2HiCuraOf++xTVueVV6wFaXu0+r+3EekCjlh9zRHG8+PJo9tjvED6bMGH+bXI+WGutNbn77qGsuspXycI0EhVcTItLE0STYt98vpdr20FTGiEEcEkFl1Q467yLuPCSK7tlT8YYY4wxi7IF86dvY4wxxpiF1GtvvMEeBxzCB59NIfd1BBLQWnja8Y9eiisCVElRScB5RFwRlDU3c8pxR3LST4/v0r3MjX+9+W/23P8QPh4/CVwdIcsRUdo2Ou2o4nRmRf1pwKE4BKflFTvu9yoieAegBFWiOIJLeO1f/2a/g4/gk08/nR/bnG/WXGN1Rt5xMysssziJKEn0+JDgYoJTV9Yet79/bRVhsgfnCSrkKqhPueSKa7n4squIMXb5nowxxhhjFlUWoBpjjDHGzCejXnmF3fbZl3HTZpD5hDwWw6FqlZMqijjBOYdz7nOBoiqoRtBIguJiRpg2mbNO+Qn/d/JA/IJaefraG+yy536MmzSDoCnVUBwvV2lfQSki7fZdC/na3gdVJWoOGpCQIwIxKjEIMZZvx9jua4sLnIBzDu8cKp4oKST1vPj319h5z31557/vdul9+SL911yDR34zglWW64OPTUielWFx0fu0LENt0bb6FOcQnyKuCNxz8cSkQkwqnH3hrznv4kvtOL8xxhhjzHyyYP4UbowxxhizkBn18ssccPiRjJsyA0iQCC4oLkacBpCcKO0DrbaBmAg4Il4iCTmSz8BlMzj9lOP42cCju21fX+Sf/3qTAQcfydhJUwkkBKmULQuk7Nw5Z1SLYFREqHhfVJ86cDHicXjxeJKZ7lkH7RDKBgBRHEEcgYR/vf0uuw44kP++u2CFqCutsDz3j7iV1VdemkSaSTS2DBiT2d0+dagmKAlRiirU5hCJPiHp0YuLr7iW0888rwt3Yowxxhiz6LIA1RhjjDFmHr340kvssf+BjJs8nUxTYhbwIeJDwIccTwAC6kL7I9ltgkAvQiKRlEhCoN4pF519Gqf+fGB3bm22Xn39DXbea18+GjceFU+WBSAtBj+1lE52cAS9pT1qOSRJlSQpjugv22cJzjrtZCppgvceJ4LDlQOkBFdW8c5OVAgqxfH2GPF19bz74UfsvNe+vP76G/P5Tsyb1VZdhQdHDucb6/SD0FTGv3PSPrY2bMsRxbcExlkEkpSb77iLM845nyzLumQfxhhjjDGLKgtQjTHGGGPmwQujRrHfYUcxsTEwvRlyPNGlxXx4J+CgOGzuEU2LY/oo0SnRRSIRCEAxhV0ksljFceUF53LMEYfOcd/QrvaP195gwGHH8NmUZnJNqUZBfULMmxEtju5HHLHYLUoEieWxdEVESZ2SoriYk0jAOyVUZ3D6ySdw4tGHcMMV57H8cj0R14hKXt7HHDQHjUh56yREiAEVbblw4JzinELiyTQQRHj/40/Zftc9ePfd97r5Dra3wvLLc/vQG1l/vdVIQiOSKUmo4DQHyYhOCU6IIiBlj1gtLinbPtQGaUUcpPU0B7jsmsEMOuvc7t6eMcYYY8xCzQJUY4wxxpgv6W9//wf7H3okn3w2hSwmqPNFD1OEiENFikuLI9eiCaquCBbLSfEqIEhRSyjK4vUJQ669gv332bO7t9ehf775Fgce+mPe/2gsktYTEFQcqhERRagNMCpaE9SugpaH7AEVYow4AU/AZY1cfcEZHLxvsfc9dv4BD909lK/1XwUvGY6AosURfXUovvzmRblm7ei+0v6Yf0QJCjgPLmHKlOnsttf+PPfCS910B2dtxRX6MnzodazTfxU8OaLgFARXHNnHF68nKO9hLK9axaqUw6eELA9EhLoevRh801BOPOkXhBC+cA3GGGOMMebzLEA1xhhjjPkS/vrcC+y490F8OqWKVnoR8BRRV2uAqDpz9agQxBMlQcUVR/jLoUqikbrYzD1Db2L7bbZaYCtPn33+BXbdY1/eG/MJSZrS3FxFY8fNOjvqWVpEfx7EEfOcJAauuuhcjjrkgHZfv+rKK/HMEw+z3x47kWoVSIlUiKRESYjOEbygruP7JVoEkOBRFXxdA+99/Cl77ncwj//+D/PpzswfKyzflwfuGc43N+gP+XRcTHGhgmha7IPWgWRtff4eC+CohkBdz17cdOtwTjn1DDIbLGWMMcYYM9f8oEGDzuruRRhjjDFm3kydOpU+ffp09zL+Zwy/425OOOl0xjflVDUBnxJRRCOOUNQBOt9SddkSbImgLi0qCGtDozRQ5xwNHu657SY223Tjbt5dx4bfeTeHHzOQqY1VAp4gDsR9ruKzXZg3iynylHWoiU8RAmRNXHv5hRwwYK8OH3vbrbekecYMXnz5NaCo5C0zQqKLxdvBgQqoFFWbtUvBaVGZqdparZqFnN8+/iirrrwKa/dfqytu4Rzp0aOBbbfZkv/8+z+8/Z8P8L5ClgUkSdpUnmrHtRACIsWfqUJUJa3U89LLrzBhwni233abrt3Q/7CJEyfSu3fvBfYXIsYYY4yZMxagGmOMMYsAC1C7Rh4C1904hDPPvZCpTRlVpJiAXv55ccg64pwvA9QiMFRVnCsGIBWhV8SLUvGRiuYsVnH87sGRbLThN7ttb2PHf8a48Z/x2YSJTJo0iUlTpjBt2jTq6+txIlx02VWcecGlZFFRV0x+1y8IT4tLP1d9CpA6h+RVekjk2isuZN+9dp9tyOS9Z4vvbUp9Qz1PP/0MvvaprmgJUHQGkJbxVMX3Kt8uQ9XiuH8xdElFiOLIqlUee/z3LL5Yb771zQ06+S7Pud69erH7j3bi/ffe49XXXsOnSdFP1pV9ZFuO6xfa3nMV2jRRcEjZk1eSCq+MfoW3332XTb+zMT0aGrptf/8rLEA1xhhjFg1Jdy/AGGOMMWZhcfk113LxldfRXAV1CYlmCErAFxPiFUT8bOenO83w5RAgqTazZO8ePDDiDtZZu3+X7gXgr88/zx/+/DSjX3uDv7/2T8ZPmoKLAdWIE0daSfnGOmtTX1fHsy+NJpDgEke1WkW8L3tx1vba8TH+tlSLzwuhipsxhUuuupR999ptjr7WOcfAHx9Mfeo469xLaA6uvPegIuW9n5Vak1QFYjloqlhzklSIqpx02i+pVDyHHXTQHK2lK3jvuery81HJGfHQ4ygJQlKEoV90v8teqbGsxq11k/CVBkbc8wAfjfmYEUNvYvHFFuuSvRhjjDHGLMykqalpzn7aNcYYY8wCSVUZM2YM/fr16+6lLLJijFx61dVceMU15NSRZUXPUu+qBEkI4kF8MTqqPCOuZZinKKgWAauAE8VJJORNLNmrnofvvouvf229LtnHjMZGXnp5NHeOHMnzo0bx4cefkqkjUwGXgnO4qGXQWPBlcBlFCEEJUXHOt8R3Kg5R7TBAFWJ5ZL54rXrviCFCcyNXnnc6Rx5x6FzvI4TIX559nr33P4rG4FpaCYirBYXSEtSCFuWYSvlsKCq1Kk4liRmpFzRmpBI495en8+MjDl+gKgabq1WOOfEU7n74CaJUygC1vLef67OrRNGiAlWLG++ltWYioQnRgOTNbL7JRtx64/V8ZamlunpL/zPeeecd+vbtu0C9nowxxhgz9yxANcYYYxZyFqB2rjzPOeeCC7hx6N3MyFLyCEIOEollD0ptG9hJOTldhOiK49QexUUtMjsfQAN9F+/NI78ZyRqrdf7z9p93/sstw0cw8oFHGfvZRNQVR9ihFmy2+eSWY/BlL82WP2gbSs4ZQUk1ElFyUaJGKt4Tm5q49Lwz+fHhB87Tvp58+mkO+vFPGD8pkKYNiFSJePJyWr3TiCMnxkioPT1SBMLlZpGYFT1FVRENJA7OPe0XHHfMkfO0ts5w9MCfcef9DxK1UrRQSBQ0KYZjIWUwHCRs3KYAACAASURBVIrXX63RLkpsM+RLJMERSTQnJWODdftz+9AhLLvsMt25tUWWBajGGGPMoqGDzvPGGGOMMQbgvAsv5IZbhlPVCtXoCCJEqRU1ClpGjC09KCn6bEYpJsOrUwKRSCyqTzWywlJL8cA9d3V6ePqX515gv8OOYZud9+L6oXcybtI0pNKDWAvckFm0G2jzflmMWlxz/zv3YtxR0XPUO08i4LImrrzg7HkOTwG22nxz7rplMF9ZsgENM4gxFH1CRVBxZZ/WpKhObekR6lqP9JdTqLS8cJ6ojrMvupTrBt88z+ub3668+EL2230XelQECVW8Ck4FUYeoR9SD+vYhODMP9SqHaeGIKrw0+m/sf9DBTJg4sZt3Z4wxxhiz4LIA1RhjjDFmFrIs57TTz+K6wXeQ04umTMiB4KRl2Htb7UIqJ6h3qBPECc4LaSLE0MwKS/XhgRG3sfZaa3Ta2seNH8/xJ/4fu+x3OI8/9RyTmyJVUjJJaAqAn7M2+KpKjJEY45cKUAEyFdR5Qp6zWCVl8BWXcNjB+32p7zUr393kO/zm9ptY4auLozGgMZalsw51jihJ0V5BXIfhaW38F5IS1dGURU47+1ecftbZNDU3z7e1zqu6ujquu/wy9t9jV3o4JYkUIWr0uOgRTRBNi8YLtcFZCE58y0UZnEcpWjdUGnrx8j9eZ98DD+GTT8d29xaNMcYYYxZIftCgQWd19yKMMcYYM2+mTp1Knz59unsZi5RTB53BsNtH0kQDzdETnIPUg5Q1lUIRypUVfqqt0+ZbKzsjaE594sinT2PpxRfjwXvuoH8nhqdjPv6EAYccxu//8jzB1RPwRPEEFXAJUQENuA6HELWf7N72/9t91myOJNfuhaqSpB6vSu+K55YbruBHP9xhvh9n7vvV5djiu5vy178+z8RJkxCXEGuhNkXrBBFmUW1bVtciSC0Rd47EpYDw0ouj+OjjT9l6y++Rpul8XfOXJSJ8f+staZwxg1Evvlyu1bcEwiJFhUSt2lZwqLYJjaX4nKKVgSfLAz6t8MFHH/HMM8+w7TZbs9hivbt7m4uMiRMn0rt3bzvCb4wxxizkrALVGGOMMaaNCZMmceBRR3PriPupUiGKIE4Rp1B018QjOG0NT2cORxLx+AguKBUEV62y4jJL8ej9d7F2/zU7be0ff/IJAw44hH/++z2CpOTqCThqLTA1hpaayznVrrJ2Lj4/xrLJQWxmiR4Jd916PTt8f6svt7E58LV11ubuYYPZeP11cNl0XKjiYoaLoay5TBBcecS99VJJgKQ86p+CJAQVxKWIa+De+x7myKN/yrRp0ztt7XMrSRIGnXoKPzv+KGLzdHysFoOhCLTmxK682oanxVW0N3AEBPUVMhI0aeDVt95mh9334d33P+juLRpjjDHGLFAsQDXGGGOMKY0bP55DjjmWR//4NNNzT5UKSEDIcFRxmuE14CP42PGPUU7BR+iRpEg1Z8WlluJ3jzzAOmv377S1jx07lj323pc333mf5mbFuXpUFY0KMeIoLq95Mb39S5jTMFVVSdMU7xy96xxDrruMLb+3yZfc2Zxbrd/K3H/nrWy12Ub4vAkfqnjNivrMWkWmyExX0fsU8ai4YiCTFL1QkYQQhN//6Wn2HHAQn302odP3MKfSNOGXp53MST87FtEqjgyRHCRrqS51ziNt2hdI26FnxauBiCfgCZIQovDuBx+x+z778/Z//9vdWzTGGGOMWWBYgGqMMcYYA4wbN479Dj2Cvzw7mjwkRPHkHmJtXJQqrpyoVBz71vLQdEsHTbwU89CVHCSQNU1nvTX78dD9I1hpxRU6df2nnHom77w7lhBT1CXkeRUhLy4NOA3lVHpF1AEJqEcoe2MGRSJELYcwQe3cezmIyIF4cCAugtRCWIdTj9MENEG16PuqsUq9jwy94Rq+v+Xmnbr3tnr37sVtN1/NJhuth3OhGAwVFULAiQORohDTRZwLxbR6VZTiOY1aXgIZCpUKQRwv/u1VBhx8BP95590u28ucOOXnJ/CLU47H+ww0QxQ0BETzYgpYGRT7os62aGdQViQLbVqlOiG4BJKUf7/7PrvuuS/vvvted2/PGGOMMWaBYAGqMcYYY/7nvf/B++yz3wD+PvoNJDagoYI4iNJMlDIeVQ+x6CcZRMlFEZXygsS5ImCNsagEdE18e4N1eHDkbayy8oqduv5ht93Ob3//F2bEOqpaIQrFGogIkTIOLQ5yq0PVgTpQiHlA87wIgDUiEomatxzDL6oXPRodSlJMrBdtF6CKFkOMnHrAIxrp6XKuv/Qcvr/VFp2691lZfLHFeOCuYWy12bcIovjEkXglhJwoSnAKkiNSLe9RMVpJiURRokRyjQQHVY1k4iCt54W/vc4Ou+/HP177Z5fvqSNpkvDzgccy+OqLqE8iLuR4iajmRRheNm0QaAnQHa2/DJDyNaIaiS5BJcWn9Xw0Ziw7/2hP3nrr3929RWOMMcaYbmcBqjHGGGP+p3340UfsdeDBjH7rfaqunkwSYll56bT92KH2R7890aVF6OQS1DlUXDFsSCNfW2N1hg+5nmWW/kqnrv+d/77LJVdcR3ME0jpyVxzHzimqaIN4ohTH0REP4kh8xGsTjiqERshmoNWpxOpUXNMUkmwGiTbTkDiclJPcfQUXU1xMkViBmJQriKjkRJehLoPQhFSbOH/Qqez1ox/NYmxT1+jZowfDbriGXbbeGLLpiAgu8WUVbYK6FJV0pmP9rW8jUobFxdt5jCRphbGfTWCfg47g+Rdf6qadfZ6IsOcuO3P3rTewRC/BUYSnESUAQaTlmL5+wTOiCFEEdY4xn47jR7vvw3vWE9UYY4wx/+MsQDXGGGPM/6x333uPXfcawL/eG0uz60mWNBThEdLuqHNbLQGbE6LzROdRV9QvilOyvMo3+q/J3cNuou9yy3b6Hi687Co+njgVrdRRFS3CMvFEKQJULSe0F9PZI45AaJ5OQxLYeatNOPVnRzPkust485VnefOV53j9xWe47NxB7PmDralzAUKVxBfHwp06vCa4mCAkZU1rJLoyQJUc54qWBm/9681ykFT3WXyx3tx67RXsssPWiGY4iUSNRdMFSVGpdNAXtQhTVRwtNZoKKh6XVBg/cSIHHX4Uz77wYrfub2Zbb/E9RtxyA3W+iE5VIxFFxRGcEGQOfvQXUHzx2knq+HTiVHbadQ+ee/6FrtiCMcYYY8wCSZqammbxTwNjjDHGLCxUlTFjxtCvX7/uXspC5b3332e3/Q/gv+9/QrM0kEsFVMqq04gQQEJx1H0mIoK6IqQkBhw5ieYkBNZfpz8jht3EMksv1el7ePX1N9h29wNpDtAYILiiwrC2B+eURASvEa02IzHn2+t/jWOPPpTvb7UFvXr2mO33n9HYyG133MPNw+/mP+98hFBHiBGXeAKBKAGVWNwnYnF8P49UJNKggXtHDGPTTb/T6ffhizQ2NXH6uRdx6x33U5UKUX1Raxm1eC5VUS36uhbFx7GcWO9a+9+2tEJQEs1InLJ4r17ccPXlbNOFPV7nxJPP/IWDjj2RsZOm4Sq9iDhEwauCFj19QREp2hZALANiKXv9UvbKpTzq38xXl16Cu4bdwvpf/1p3b2+h8s4779C3b98vHLxmjDHGmAWbHzRo0FndvQhjjDHGzJupU6fSp0+f7l7GQuODDz9k1333470xnxG0QsCVw6BiS0/IImSadeghIjgRlIgnJ5WID03stPXmXH/VpSy37DJdso8zzjmf1956l2qMBCJIGZxC0dM0ZojmVAj0rnhuvOpizjz9ZNZdey0qlfQLv3+apnzrm99g7913ZtmvLMHf/v4yzdUmnHMEirNMKpT9UMtHLifahxCQGNhxh+264lbMfh9Jwlbf24yvLrMUf/jTU6RphZjn+JaQtFCc1pcyRBWiFNW7lO9LrY+sU2KIVLPIo4/9jrX7r8nqq63ajTtsb9WVV+Ib667FI799nCyrlqFoxIu2O8Jf7FNRLeoptByy1TIaTYqOqc47Jk+ZwkMPP8Z6665Nv1VX6b7NLWQmTpxI7969LUA1xhhjFnJ2hN8YY4wx/1P+9ORTbLHdDnwwZjzNmSNQh0dIYkaiGZ6sqD6F2f+opIrEKqkLaHUGe+60PbcNGUzfry7XJft4419v8chv/wAKqhHnBSFDyHGa4zXHS6BOIhutuyZ/evw37LrzjnMUnM5sicUX45gjD+bWGy+ndw8hxma8a9MTtjaUCk8goTkqoVLPHQ89xkdjPu6U/c+tSiXlsAMHcMOl59JAoN4LqSsD0XZH9yl7oBb9T7U2Yqp8W8vj/M57ojqqueOwo0/kscd/391bbGebLTbn3qGD6VkRCM04zXAaWgaKAaCtoXDLh8q9RikbPkhClIRKQw8mTJnCgUccyYOPPNodWzLGGGOM6TYWoBpjjDHmf8Yjf3iMA489mgnTc5rzCuIrRK0W/SLbBGStVXqKU4dQ9BJVcXiX4GJxHLoudYRqE3v+cHuuvfIynOu6H63uvf9BmvNA0ADOAQlIHSIVcK4IVGNOv+WX485hN7N6v3mvkPzeJt/hrqGD6VUfEZqLo+4qiCY49fgIqQZSJ6hGshgZMnT4fNnv/DJgj1247vJzqE8hRkHU4xGcFIGzqKIxgehxsaii1Vh+vBagklCNHvUJzSEji4EjB/6chx97vLu3187mm27CiJuvZcnejkgkkxSngUQjCQ6vHheTordt+b5Xh1NBNCISEMnJY6ApREjraczgyGN/yv0PWohqjDHGmP8dFqAaY4wxZpGnqtx170iOHHgC0xozInVETYkK4iIqEMsRS4prU5OnxSR2hCgQBVTK3pExR7Mqe++8I9dfeRmVSqVL9/TAo79FXVLWEwqqDlUP6nBOQCP1iefic8+gT58l5tvjfmfjbzPwuB+TSiDmGeAIQRGV4u5pxGkRNTrnGHHvfYQQ5uA7d50f/fAHDL3xCpbo04PEF31PnasQYlIOlxKQlmcetLVqs9wZiCePsRg6JsKMpoyjTjiZx59Y8CpR77l1CItVBM0aUc2L9hRaHNVXrQ0a8wgOKVsVFC0siv6o6srBUgixrDI+7qcnc/e9D7Qc/zfGGGOMWZRZgGqMMcaYRd4tQ4dx4smnMWO6B3oRY1Ic0S6PK89OFAiiqIvgI0EzxEUSF9l9+60Zct2V1NXVddleACZOmsT7H32Mii8qZ8teloLiHS1Dow4esDdbbvG9+frYToSfD/wJW272nSJS04hzruWaudfjmI/H8ZsHH56va5gftt1yMx4beSNrrLYUIlVUK6C9URqIHtTnbXqitt+Tlv1ea8f5Qxm6V7PAUT8ZyCOPPtZt+5qVTTfemIdHDKPfcr1Ac6JGIkpACE4IkhDEd/j1UstItdin856gwvEDT2bkffd32T6MMcYYY7qLBajGGGOMWaTdftfd/PL8C2mOKSE2EGJaVJWKoFLMINfZZKgqERUtjvnHnNQrmjex6/Zbcd2Vl3blVlr85qFHCThCWRVYqxp0Al6LP1lh2aX4+U+P67Q1XHjOL6l4EC3iw2KSfftqREWQpMJ9DyyYx73XWXMN7h06mLXXWBEHpL6BGB3eOZzTlkLktgGq1o7ySxmiihCigk/IFapBOeqEn/HYAlaJutGGG3LbjdezUt9lgYBqBFe2JHCz+EWCtH1TcGV4ivNUQyRTJSQJJ/3iVIbfeVeX78cYY4wxpitZgGqMMcaYRdZNtw7jpNPPpimD5lA7fqwEiUQJqFAEqbNJUB1FRWeiUNGANE1n7522Y8j1V1FfX9+l+6n551v/waUN5FJU0gquqJbUgJdIbJ7BMYcfxNJfWarT1tBv1VXYd49dIeaEkLcEqJ870p3U8fRzL/D+Bx922lrmxYrLL8/9w29ig3VXQuJU6itAjGgUavOWWqbU1/ZYdMdtmVKvQIiKOk81CNXoOOjIY7hz5L3du7mZbPjNDbh3+E2stcoK+NCIxGrR55TYfrhUGZq2DNZqaWtR/F2JLiGIIxdheq6ceNqZXH7Ndd22L2OMMcaYzmYBqjHGGGMWSUOGDuPUM8+hGiLR16HeE8lQqqhUUcmL6tLPzSFvz2sxMCqJEapV9t5lR667qmsHRs3s+VEvEXBEqfVnLcIvJ+BFWaxHPfsP2KvT1zFgz93oUVdH4n27SfatimhuyrRGHv/dHzp9PV/WcssszYhbLmej9VdE8ilUxONi2m5PbS+ttX9oW4la9kaN4skVXJJy6hlnLXDH+ddecw1uu/Eq1uy3AppNx8VmnGY48tl/YVmBqmXUGqV4/QU8eYRzL/w1N9w8pKu2YYwxxhjTpSxANcYYY8wiJctzrh08mF8MOoNcHbk6sjwWA+PJieUFoTxk3nZolJT/K63vhUgKxGozA3b9IddcfmmXD4yaWRYUFYeUPVBpOcIv5CFnuaW/wpJ9+nT6Ojbe6JusvtrKoNomPC3vpRa9EfKgpPUNnHXeRfz12eeIccEcOrTsMktzx5Ar+fYGa+KikkgdIkUw7ITyEpy4tq+O1srM8v08KLiEiKexmnPUTwby+BO/69S1NzU1MWnyZCZOmsSkSZPJsmy2n79O/zW5+7ab6bfCMkjIEA0tPXRbzeIXC7UQVVpDVJxHfEpAOOeCizjp1FO/8PGNMcYYYxY2FqAaY4wxZpHyi/PO5+TzLqDJ1xF8HSopQopIipcKiaSkpPjoSYKQhIhEUHWIehweJw6ngsORpoFqNo0D996Fm7thYNTMJkyaxKRp00CEFIcmjkSEijpUICaOnXf4QZesJfGezTf6JokoSESjlgPrHZST3XEJmTpmxIQ99j2CCy68bIEN2Jb+yle485br2WyzbxEkItGTuhRRxaniIriQkETw5EXwGIvwsTZYSpwnREc1CtWYUNU6DjvuJB5+9PH5ts5Jkyfz/KhRXHztDRx07E/4zvY70Xfdb7DCeuvTd92vs/OAA7jsmuv515tvdfg9+q26EvfdeQsbrLsaWVBy9XgXSAS8pDhNEU2Ask2B86grqm9r4WpR+OyJ6nBJPU2559bh93DGORcyo7Fpvu3XGGOMMaa7WYBqjDHGmEXGNYMHc8ttt1Op71lUBLY5Ti4zVQy2FYGIEJwSNOC8EDVHJFBtnMGA3Xbhiot+1cW7mbVp06bTnGXkISeG0K7nqKrS3NSEpEmXredr666Nxlg8/kwVjEWVohIEggi5c1x27fXsvf+hfDTm4y5b49xYconFufXq89l2i2+iOo0sa8JJPaoNKHVliAiowsz9Xss6zoIQFaIKM6o5x598Go88Nm8h6u/+9GeO//n/scn3d+T7u+3LmRddzgNPPMm/3x+Dr+tF9PVEX88Lo1/jnEuuYrtd9uKiy6+iqbl5lt9vjdVXY9jga1lrxWXwoYkQAlG1WDdFz+CIR2f+J4O2fzsiRG1tYTBk+J2cMugsmjt4XGOMMcaYhY0FqMYYY4xZ6FWrVS6/9mpOPe9c8ig0N2WgnpDHNp/V8dFxFQhOUYnglBCrJAlUp03ksP334uZrLqO+vnsrT2uWWrIPvXv2BMB73y4kBnDe07Nnry5bT89yLcw0rb4mOiWWAWomoGmFZ158iW132o3Hf7dgTaqvWWqJxRh29QWc9JNDEBcQKkADKvWocy35+6z2q7iWnqjiPAHBJymTG6vsd+xAzrnokg4DzVmZPGUqd917P9/dfmf2PPjHDBv5KGPGN0GyGCQ9qOaOXFMyTYiunujqyaWO3KVMzuBXV1zHWedf1OH3X3WVlbjr5mtYc8WvEENGjKEclOUIIsSWNhGzFrUI7iNCngecT6hG5ba7RvDL886nsckqUY0xxhiz8LMA1RhjjDELtekzGhl42qmc/evLkLQOSPCu1r/Sl5PTA1Fju69rOzHeO0i9Aw2I5hCruLyRnx5/JJdddN4sg7Lu0rNHD+rqKkjZ71Q1EtvsBRGqXXhE3jvXcn9mHVErKlqE1AhVFXJJ+Wj8RA456liuun7wXAWKXaV3z56cedJJnHz8UYhW0ZDjnSBI672eVQWqtA6Wilo8H0ULXkemCZffcBMn/uIUqtXqbB//+VGj+Plpg9h859048sT/4x9v/ZfoGohSTzV6AikhOqJLUVKUBCRBXIUsKIGE3FfQtAc3DLuDIbcO6/Cx1ltnbe4YMpjVV+qLixkSc4SIxkixhdZ/MqgWlcbF3x9aWheAQJKSBQUEl1QYfOtQTjz9dGY0Ns7LU2GMMcYY0+267nyXMcYYY8x8NmNGIwN/MYi7H3gYfB0OB2XfxkItWKwFXa1BqJaDj6gd74+BOudJULKpkznjl6dywnFHk3jfDTubvdogJin3gbaGek4c06dM7rK1TJrc5rFmESi6qK1NE1QQSYgRkIQgkTPPu4Q/PvkUw268niWWWLzL1j2nTvvpsfTu0YMLLr2epqriXIo4X4TWnx+zRMtupTgKj0YEiEHxaT0hKCPuf4S3//suV1x8CWutsTqNTU1kWcaTTz/Dcy+O4oknn+aDDz+mqopSD74X1TwUr1RXPAqqeKTlpS2xTbuKojkpMUKUBO8buOL6m9jhB9vT96vLzXKf6/Zfi9/ccQs77b4fn3wygdzX4Z0Dda0BqtYeu3XjURyiSqz9rXO+/GWF4pN67v3NozQ3Vrnm0ovp0dAw358fY4wxxpiuYBWoxhhjjFkoTZ8+nYEnn87I+x5DXC8k1hOrvhh8o6685rByNCiJCkmM1Gnk0gvO48QTjlsgw1OA1VZdZaborgzMNILAn57+S5etZXaDigRIFLyCL7ojIOoQdThJqQbBV+r563Oj2HGX3fnrs8932brnlPeenx5zOFddchrLfqUOH4uhYyIyi8rkog9oMc++uELZC1WcJ1ZzJDhE6njxlX+yxU57stehx7LB5tvSb72vc/DRxzP49pH856OxNPt6ct+TQB0xpIhUcE4QchxVPFW8BrzG8mp9O4k5XjMQyPG4up58MG4iD31BD9bVVl2ZB0YMZc1VV0KyRhLNSDQrhmUxi7S4pOLKSlRpeV/wSPTELPLAQw9zwkknM33G9PnynBhjjDHGdDULUI0xxhiz0Jk6bRqHH/dT7nvkCTSpQ9WjMSXxPdCyClDL3qZIMUxKBSJaDrzxOEnLCeORSgVi3oiPVYbdeDVHHXFId29xtrb57iYQc0QgDYJTKXu4KuD4YMxYPvxwTKevY/qMRv7wzLPkKFEVRNoM64pAMaFe2hWmavlcQBYhVyFIwr/eeZ+99z+ESy6/utPX/WXss9vu3HnzdSy7REpChgNUBXyKuqQoOiWUV+0VWCvYlLIaVcF7mnMlugpNufDbp57jk8+mEFwPgqsn14Q8CEEFVXBCy5iz2mgnylc5ohRpbvzc2yIR0YAjEkMOLuGVf7z2hfvsv9Ya3DH8Bjb65tpozFHxhDxHNS/+/ohDxSO4MhDX4iqf+dYKXE8eFPEpuJQHH/ktRx0/kGnTLUQ1xhhjzMLHAlRjjDHGLFSmTpvGHvsfymNPPUsVIRKLnoziyFSIoqiEYiBUmwCVlgC1GPLjfKU4Bu0gq06ldy/HPbcPZrttt+7uLX6h9dbuD9UmQt5MQy64CMFFAorzCZOmNnLbXfd2+jpGjR7Nmx98QCaR8tFRqbVQKAK9KBBc20sJLhKd4pOUiBBcQiYpjeo5/9KrOfToExg//rNOX//c+tY31+e+ETexXJ86fMwRIERQ58sAUfEacBoQjVD23W2JUxPIUGKakokjL4PQXIVMUtRXUATvHC4GvOagVUQyREKb7+XK1zEdXI6Ix6EkEpBQRWPAJ+kc7XON1Vbl4fvu5HubbkjenOESDxJQ51CfEl0KJDg8rvw1hLSc63fFACoETVKqESIpGSlP/OEZdtp9X6ZOndaZT5MxxhhjzHxnAaoxxhhjFhoTJ05ijwEH8sLoVxHni4I+l7RW43UwxgiKIFWcwwl4UULehCOQOKHBeW675mq23HzzrtzOl7bZxt+iZ0Md3ilRY9H/NBaVnnk1o1JXx7Dhd/Lpp2M7dR2vvPIK5FUSgahFz8+IoJKgLi3D1Fmf+26tFJZy6FBCiIpLUh546DG22n4XfvvE7zt1/V/GOuusw8g7htJ/teVJtIkKOaKRIJ4gabmfWZnNa3O+86C+6AccPaoer54N1ltvjr9Dzx49GDHkenbcamNC07SWQWVRKQNcTxTf8bn+koojIjhxqDj+/vo/2Wu/gxbIgNwYY4wxpiMWoBpjjDFmoTBp8hT2OeRoRr32NtFVCHkEhRhj+RnlEeYOSHHoGC/gyfFUSSTgm6Zz3WUXs+33F/zK07YG7PZDNGRlVa0iUYuBTQrVrMqnn33GuRdc2KlrOOGYo7n+kl+RkCMxFlWXCIhDXRmwtfSj/fwVpaikrIWoQYUsKJokfDphIgcfdTw77rY3o17+W6fuY26tu05/Rgy7ie0234iKVEnIi/VLgn6uL2rXK/qwJoBHVEjEkTrHhuvPeYAKsPhivblzyDVs891vIxrQGEAjqrVmArPrEdwajqu0PtfiE14Y/Rq773cIEyZOmue9GmOMMcZ0BQtQjTHGGLPAmzBxIrvvfxgvvvomzepRfFFlJ8U09KK6L5QHmFtpWTVHGaDGXPGiiFZJJKNnoowYNpi9d9+1m3b25f1op+2pOG2paxRVJJaH50XQJOH2kfcx/I47O20NSZIwYM/deeD2W1i2T09caMbHKo4AeYYXEHGIeER8+aNn20tQkeLIuYLzHvEeFU8WIcPxwiuvssOP9uGMcy7io48/7bS9zK2VVlie24fcyC7bb0Eam0mIzKreVlWJMRJiJLa5Zqc2oEpEiNr6NbXX8hdSipVoEWP6mPPtDdZlww2+Mdf7rK+v565bbmDHLTfDhWZSIk5zEi+odrwPbWklUA7TUiFo0Tc2uoS/v/EWe+5/qFWiGmOMMWahYAGqMcYYYxZokyZPWmCsFAAAIABJREFUZsDhx/DS6/8mK/OaYvq5a42rWobnxA6PSos4KmkdzY0z8F5JtcqwG69h2+9v04W7mX++tcE36L/aKogvh/a0qUBFKHpVJj048bQzGXHvfZ26li0224T7ht1E/1WXx4dmJGsicYrmzeVnyOeuYmq7K/umSrtKVBVPEE8kQSUlugrX3Hgb2++yH8++MKpT9zI3KpUK111xGbtsvxV1kpNqbPfyaxuEujZvy1xUqc7u6zr6uLri74RKDpoR8kZOO2Xgl97nYr17MfS6y9nuexsj2QwqLqJZE/WJlC2GZ7WnovJUZ65ERQgh4L3jb6++zt4HHMJEq0Q1xhhjzALOAlRjjDHGLLAmT5nKTnsO4PmXXyWILwbsiJJXM1AprpaaP/1cBWpbRZ2q0qNnAz0qjnvuuG2hDU8BevfuxY8PPxitdROdKcTKY8Sl9VQl5cc/+Rlnn/crxo4b32nr+eb6X+fp3z/E7jt9nzrJcLGZOi/ls/P5ALVWfaozvV0bR6Tlx4IKiidKwqfjJrLLPgfz89PPYuq0BWMQUX1dHbdcfzU/2GozNG9E2r0G24efzrmWa04VXyez/JqOg1UFF4CMGBrZfeft2GTjjeZpn7179WLkrYPZfqtNic0z8JoRqo3lnLaOg+HWELX1/TTxEAOo8vdXX+cHP/yRhajGGGOMWaD5QYMGndXdizDGGGPMvJk6dSp9+vTp7mXMV6NffYMDjjyBf779IVESYigOA6tGfJK0BKIteVxL+FY7Hl4c84/qEEnLz2ukdwVGDBnMFt/7bndvcZ6tvlo/nn3uWT4ZO55MUqKvgAheMzxKLr44Qu09z77wEr956FGaqlXWWmM1ejQ0zPZ7P/n0M/RZog/19XVzvJ40SfjB9tuw0orL84e/PMOMLBTBGiCSoFEQp+ByRHJEi8n1om2nuFMGwq3PbSTiU0+mOeKF50eN4pm/PMe2W29B79695/EuzjsRYYvvbsqTf3yCcRMmgQoxg0pSAY3FXp3WSkPLhhId/9c2ZG5Tl4tIOQytFsjiyq8oX+/qCBHEJXgcLmtmhy2+w41XXUalks7zPpMkYYdtt2L82LGM/sdrSFKHc0Uf1JZWGbUgVYq5btJmxy3vaa3LgCDeM3HyFP789DPstP229OzZY57XuSCZOHEivXv3nquqY2OMMcYseKSpqakrR4IaY4wxZj5TVcaMGUO/fv26eynzzeh/vMq+hx3DJxNmkOcBca5d/0edzUzzYnhO63vOCSEGUq/4bBIP3X0Xm2+6Safvoau88NIr7LDnAeSV3jTnQkIkjY1AoOqKAA9VEhQNGYn3LLlYPXvs+kM22nBDttliCwCampv541NPMfofr/K7Pz3Fp2PHs9LyKzB88NWs3X/NuQ6A3n73PQ45/me88fq/iK6OvCpIUkckAjkqscOCYZEwUyVnG+WwqoZKwjJ9ejNy+FD6rzX36+sMb775JjvtcxCfTphBmjRQzYtq0Ci1/rxzv8ZajW6tKreVQ9QVRdiUrSvKKtcYAhXN2WW7zRl89a+pr6+fn9ukubmZ40/+JXfe9xBJpQd5CC2VtW37u3bUs1XK9YoWz6UXxTth7dX78cDI21lyyUXnl0HvvPMOffv2XSBen8YYY4z58ixANcYYYxZyi1qA+tLof7DP4Ufz2aRp5KEIZGY+vjy7AJWWADWA5Din5HkzS/as57Zrr+T7W2/dyTvoWiFGBp1zPtffdg8ZdTh1uJghRDLngIjESAw5aeoh5CBahF15Bq6oiizuseKcR3FEdeRZRu+6hHMHncwRhxww12ubPGUqVw6+kauvv4Vq7hHfUB7JL9alNM/y66QcPVTTLodTJfUe0YCEjB71FS4+/2z23Xu3L3X/5rfH/vhnDjjiWJqq4HwPVJIi+JSIUJ3r76cym+P+6sq+vxEnAQh4BxWUi888nYP2G4D3ft421IHGxiZ+cca5DL/3MdR5Qgif+7va8dCr1ufXoZBX6dFQR2NTE+uvtSpDh9zEKqus3Cnr7moWoBpjjDGLBjvCb4wxxiwCFpUj/C++MppDjz+JTyZMJQsC+vnenl/EqSsCOAmIBGJoYpmlFuPX553DLjvs0Knr7w5OhM02/jZ/fuopPvl0HIIQAy1Hq2t3LklTosai16hLCHhcWl8OavIEPEhCjJBFIUoKLiWK8Ps//pHmGTPY6FsbUEnn/Ch4fV0d393kO6y26sq8+NKLNDY2lUfNfRkqhll+XWtnW/lc1abgiVq20ETIcuXx3/+JukqF73x7wy99H+eX1VZZid69e/LX555Ho4KkiFSIQRE36/3OTMvXPQKqrvXYPorTYra9d0Io2wN4AmkS0Gw6662xKrdedzW77PCDueq1OrfSNKGSJvz7vx8w5uNPi19q1NY92/C03GN5qF9VcYknywLOC+PGjuPhhx/l29/+Fn2/+tVOW39XsSP8xhhjzKLBKlCNMcaYhdyiUoE6ecoUvr7ZNoyfMgN8hRjBdxDCzK4C1ZV9NZGIagaS4xNBYuSXA0/g2KOPomE+H2leELz/4Uf8cI8D+OjTieAqNFczvPOoaHFcHiVKeefEt5sl2jbccXlGLANVFUgl4GKVUJ3B+mutzsP3j6RPnyXmen3vvPsuBxx1LG+89T5B63EuIdeOKlCZqQJV2/2pKK2H2kXQEAjNzey203YMvvZievXsOdfrm59UldtH3MMpvzyXaTOUJO1FQMhpmuUrd+ZwTVXbhKjFnzkUyZtBc2K1iksTghN6pJ6l+ixOv1VW4KD99uVHP9y501/fU6ZM4exfXcBtI+6hKr2IKu3C06LHacf/xCg63tY6FmvrcX4ULxCzjB71KX9+4mHWXGO1Tt1LZ7MKVGOMMWbRYAGqMcYYs5BbFALUyVOmsO/BR/LC62/RlEVijHhxlA0eP6ejAFUAp60zv6OGIqRxDgQS59h84w24+ZrLWWqpJTt5V13v5dF/Z7/Dj+eT8ZNIKg2EahFkqUSiRFSKELWo0q0FqK1RlwBJDEQcQRzqBNEMT07qQLPIGqusyEXnn8WW39t0rtc3fcYMTj7rbG67+0GUShnklo/dJmCSmZ7glgBVKFoz1NatELV4flPvyaZPY+stN2HYDVey5AJQkf2XZ5/np6eczlv/+QiX9qAqYdav2w6qrEUETyRvbqRHJWHbLTZlxRWWZ+stvkuaJrgkYcmllmTN1Vajvm7Oh33Ni3Hjx7P/oYfxtzffoRodaEqeh6KStFbx+gUBakRQkZbQ1JX9bqUMjr0qhIyvr7069909nKWX/kqX7K0zWIBqjDHGLBosQDXGGGMWcgt7gFqtVjnq+IE88oenaCYhRHBKWaM26/6Nsw9QY8tEd9Wif6ZzxTR6lwhOq2y4zhrcc/uQBSJkm99eHv139j38GMZPmEqM9UU0JVqM7XEBJeLK/wrapsJTiwBVHEFqd7Hs3RnB+TpEI/WJ48bLL2DHHbYjSZKOFzMLWZYxdOQ9nHrWBTRlrqw1dUjZi1VQiDrrABUFycqEFUJs81qISiXxVBunsNHX+vPg3XctECH51KnTOOuCX3PHiN8wpZgqBSJlX9fiHhftFqSszSyHMGkk5FXWXmVFTjrhaHbYbmuWWrJ79zNh4kT2OegQRv3tNWKlZ9H+IY/4mYe8fcHx/dYAFYRQDsoqnnONxV1JPWjWxDabb8pdw4eQzkXriAWJBajGGGPMosF6oBpjjDGLgIW5B+qQYXdww623kwXFiS+HlUu7UUIzX7MjokWfz1r7TAcqWoSIGgDHx+MmMGrUKHbbece56um5MOj71eX4wTZb8Ndn/syn06Yi4kATNAoOoeg+6sthW7X57rHl/4Mr7l3tniGg4ou+qbGo5I0x8sDDjzJ27Fg2/+6mcxVuee/Z8OtfY8Ovr8uzTz/N1GkzwNWRS4UYPaLFmrSsmNVyDbVLyphVkCJPVS0DdyEAaVrh07Hj+N3jT7DWGquz8sorder9/iJ1dRW232ZLdtv5B8SmaUwc+zGTJ30GGvDiUAHnKsQQCdUmXGhmpWUWY7cdtuL8Qafwq7NOY/2vr0ePhoZu3cfkKZMZcMhhPP/6O+S+F0RBYhEIt7x6VNv/PRUhqhJVi9C4/LjUWhLUQlMF1SJGhaLyOToQL7z99tusvPzyfOPr63Xr/r8s64FqjDHGLBqsAtUYY4xZyC3MFagffPgh2++6D2PGfUbEFdPZpRatyBeGpbNSOw7ckeK4NKQETjnuCH7x859+6fUvyD6bOJFf/fpKbho2ksQ3lIOhFHFlUK2ujLMCSmiJveJsgh6NghPwRCouEqtNbL/15tx52y1fao0fjfmYA448jhf/8W/U9yCPkDiPlxwlb33cNhWNoqHdx2t/plIEeF4gIVAn0OCFi351LvsO2PNLra8zTJgwgdf++U9+/+STTJwwEQCRBEVYcaUV+OG229C371fps8Tc95ntLE3NTRx9wgk8+uRzTI9F0O1jhos56sqBYLOoPBURYoztj/fPNBqs7XMIFAG6L6qmUxfRaiN9+/Thz3/4Lcsuu3QX7Xj+sQpUY4wxZtFgAaoxxhizkFuYA9TDjz6eBx5/kqCePM+RNClOb0uZiDH3ocPsAtRiuJQrTlHHjF4u8sDI29loo2/N404WXG+8+W9OOe1snn7hb0haX9xfBSet1afaprZ3dvGzKnhR/p+9+w6zq6r6OP5de59zpySBNEpCD7333pXyKoKASG+hiiDyWl7pClgRFZSOiEqTokgJNfROQq+CAkonpCdT7j17r/ePc+6dOyEJmWQKGdeH55DJZMre5977PJNf1l7LiSIx4CU/Nr/40EW4/OLz2XD99bocFE2fMZPvn3oWV/31dtQ3ECXBkeEkFt+zc8CGdqxQa8Ok8qeLohCKdQmkolTa2jlo/734+U/P7PMqzoXVFVf/hR/86Ce0aErQlBgVH8s4zcAl3RygFlXjDpxEEg34LHDskaM584cn9dKOu48FqMYYY0z/YAGqMcYYs5BbWAPU/7zzLlvvuBtTWwKZ5se0IwquWnkqxXFuOk/4/owei17m9GfVBosexOE04LXMsosP4/nxj3Xz7j5fZra08qdrrueMX5xHazmiCOIc3jlCDNXz1gB5+4NiQFOHPHUViUX4lQeuDnACxAqDBw3gxO9+m6NGHzxfazzvosv54c/PI0qKJJ5yuR3nHCLS+fGWvN+m1tZVrFAU1QAa8ZoPDMvDVNDQzlabb8R5v/wFK45afr7v43+jCRMnsd72X2Jae6ASIEbBofiY4TTmFaj62X1P6836TyPVz5XqICkhP8IviouRBudpbkh5/P4xLDViyR7YZc+xANUYY4zpH9w8fIwxxhhjTLf707U3MK09EiUFUqLmR/i1Wk0oWgvPZhfOVN8/6zVH2pG3KUIWlIjnn/95l+tv/FvPbraPDWhu4pjDD+bem69hw9VHkRCIWZmoWUejWByQh8vVeKsj9JG6/1O0V3DFsKmE6BuZ0lLm5DN+xndOOp2p06Z3eY3fOno0v/3ZqQxpVLL2FpIkwXv/6ce0GMJUW1ft94KKA0lQSQh4ok/JJIW0iYceH8eX99ibp8Y9TYxzb/NgOpx7yeVMb20nhoDEDE+G01Dcbz9fVeKzyttq5I+j1KWrIUKmQobnk0lTefixJxZ8Q8YYY4wx88ECVGOMMcb0iauu+ytBUiIelSI8FSkuLY5kd7fqcW8B51HxlJoGcP6Fl3T7d/q8ERHWWmM17r/zb4w+YE8aGpL8/bX/V0PU+rfdLO/vkM+L90QcQRztlUj0KX+4+i/sfcjhfPTxx11an3OOg/ffm5uuvYJlRy6OhkAIASeCcy6vRnWu+L7uU5dKXq2Kc6j3RHFEfB7w4ik1DuCDTybx5T325pxfn9eNd7b/evf9D7ju77fmcXloJ4llEq0UASrEHvqrRLWIPBYDzDKFpHkA5/z2wh75fsYYY4wxn8UCVGOMMcb0uifGj+ejiZOI4jpNe5ciPBHtOL4/J9WqtVmPxnYMoOp85ZWKLp/frjGvdHN5GPfKP17nxZde6uFdf36cfeZpXPf73zJ80WbQCs5rfpRfFNUMIeRxqYJTwWl+XP/T9zXvmRqj4tKUciWASxn3zPPsue/BvPr6P7u8tg3WX5dbr/0D66+xYv5ccE0ELeX9V10EqSAu5A9n8Z+DYo3SEfVqxzT4KEJLJeAbmsnw/Oyc8/jBKT9kxsyWHri7/cfd99/PxxMnAtTutHTqTSy1Vg+feh1+xpF+ncMVi+cZCA5X9FFVQog8+/yLTJw8pWc2a4wxxhgzFxagGmOMMabXjXvmGTRJqGgEF0BCR39NFVx0uChzPBxcH57Oa4CqOJC06K2a1zFGjQSBthB5+JH+3Qe1XpJ4dthua+69+S/svO0mZG3T8UlEJQPJgFgEzXWVp6KdA2mKKU4xIqoQFec8UR2RhNfefIedv7oPt91xT5fXt9Ko5Xno9hs58oC9CG1lRB3eJcSsjHexeDTzgM2T9+R0RCRqcUWE6hUIopCklBVi0oCUBnDZn65jz30O4aOPJ3Tz3e0fyuUyf73lVrwIIQgqjURSAknR/RaEQH2dePW1OL/hqQKZQiDv4+FU8mpUAXGOxsYB3HHX2J7duDHGGGPMbFiAaowxxphed+sdd5IkaachQPNv3r5APrC9c/Vc9fdJWuLRxx5f0IUsdJZfdhmuvOxCLjznxzRLBZe1gToiKVE80TnUCeoVdXO+z/XBqrj8OH2ISmt7mcOP/Q5XXntDl9cmIpxz1omcdeoxNKcthHIbiRsIWQkXS0j0ecCrUhe/zfGr1aoaQcii4pKEJ8Y/y177jeb9Dz7s8vr6uxkzZ/Lscy/ifdpxa/twEFJUxacl3n7r7T5bgzHGGGP+e1mAaowxxpheN3XKdNrbKyQ+WeCvNe/Dv4venip1PT3zEDWo4+XX36SltXWB17OwaSiVOHi/r/PY2FtZa6VlqgfiiyFBEJ0SvBLn8lNjbagUQtTi9+IIOFqD49snncllV1xJJcu6tDbvPSccfSi3X38Fgwc1EjPBxQQfHZ6kU5uHuXV8EC0O92u+PnxCe4j4hkZefuNtvrz7/ox75vkura2/e/e992lrLZNloFqtLO279STeoyo8/NiTfbcIY4wxxvzXsgDVGGOMMb3qk4mTmTa9Be8TouZHgFW1duy3/mi+qiLFEKF61Y+PMX5qonr1fTHGWY4SS12I6jqHqL7Ev995n7a2tl65B59Ho1ZYnltuuIY9v7QdkrXiJUM0P86PKnGW9GzW49qaN5UlVqtRxZHFiHhHOSjfPeXHfOcHpzGzi31HnXNsvP563HzN5Sw7YhiEVrxWcKFM4vJHUIvR7XNq60DRGoJi2JSKgE8IIgQR3nz/Q768x37ccvtdC3QP+5OHH32MNG3ESQkRP8ePq74WP+vY/tw+v/oarr7Wq49f/eMZo9JQamDixEnzuSNjjDHGmPlnAaoxxhhjetXHEz5hxoy2IjTpHJr2vLrq01olqiOqUA4QstALa/j8GjZsKJf/9mxOPuFwStJOSTK8BpzCXE7wo+KIOOIsISoIhAqJE5xPuf6vYzjkyGNpnY+gesP11uK6P5/HhuuMQnUmKm2oVqg2ydS5/FhbX1VLsc5YhKfqAjjIcBxxzP9y1bXXd3lt/VFWCcQgxCi1vzL03QF+ao9dufLf/Ro1xhhjTN+wANUYY4wxvSqrZMTocOLzw99zGQjV7bSu/2ntOL+AuPxotyFJPCd/93iuvew8BjcnOI14pdNx+VlpUQWquFolan6sH0QraKUdL57WcmTsw0/ypT334cVXXu3y2tZYdSVu/9u17Lrz1njXToztoHGW3rZzXGBRgVq0GxAhCkQXyLRCe1ahPcAxJ5zIGT/+OTNbulYp299UsowYQWNv/ePGZxDIskDJp329EmOMMcb8F7IA1RhjjDG9yqcJFVGCKt7N/UeR2YWrsx71d851uuZ8pDgSpEwkQyWgLqJOUQFxQoxd68/Z3+34he3469WXs8yIRcmigmsoJt4LTh3EvLJTxONUcTHDaQZF6wRViCpkLiWWGmknQEkg9Tz90ivsvt8hPPTIY11eV2NjI5ee/1u+e9xROJ2Jk1Y0tCMhQ12GiqI4hBSRBIdDJIIEICAaIWq+/ijEzJP4RpzzqAguLXHO7y5m/0OP5t33PuiRe7tQqFbpKsTqvy7MJkedteUGXawor2/RUW3ZMbvPj+IoO0+WzLmdgDHGGGNMT7EA1RhjjDG9asCAATQ2NuC8oHEePmEuZhe0zK2aVTWAxOLYt9a9P+JTj7jPQaXd58gG667NLddeyUZrr4oLZRDBO48KqPjiygeBueqhfSmGtUtR2SueIALeoShRI96XmDJtBnvseyh/vXkMWejasezGxkZO+f53ufz8XzOoQWhKFSexaCPgUZJ8bQjRgaJ5L9faY67FU0BwJMQoSLEvnMOVGrn/kcfYcvsv8fAjjxO6uL7+QEQQB+IpehX37RApyB+bUmNjHy/CGGOMMf+NLEA1xhhjTK9afpmRLDZkIKFS6ZGmivPTEsCJMmqZpWhqaur+BXXBzJYW/vXW27z9n//wwUcf9elaqkYttyxj/3oV++y6A2ggxAzvfV6h6DzqPMy1krhjWFc+jMgRo5KFSGNTI0cddwIn//AssqzrFcB77f5V7r31JlZbfiRNXhBNkJjkR/SB6JQoAZU5J/WxrmdrLC5xHudLTJ/Rwl77j+ak089iytRpXV7fwmyZZZYiK7fhRTuGOvXlglRxBNZZZaW+XIUxxhhj/kslfb0AY4wxxvz3GbroIsT4LqKu6JTZtdK2eQ1G648Uz+nzRAQvsOYqKzGgublL61hQLa2t3DzmDm656x7+8do/aJsxk6kzpiNAqZQyZPAQFl10UbbacnM232xTdtx2a5Kk9398K5VSLjjnJ6y77jqcfNYviqP7Do0Z4lNUFTeHxySvS1XQSCxKjp3mgWt7pQLOc+kVVzJ1ylR+eubpDBs6pEtrW22Vlfn7dVcx+qjjuX/8q+A8QiTTCETEK4rkFaezW584RJWYR6coEFQRhLSxmXJ7C5dccSVPjR/Pny67iOWWXaart2+htOWmmyASUCqI5C0Z9DNep/XH+LubaMRFZYN1VuuRr2+MMcYYMzdWgWqMMcaYXveFbbYkSRxB4zyXtc0ahs7JnKpPZ1eZWn07ViqsvNKo+d1Ol0yZOpWbbr2NQ7/xTZZeZS2O/s4PuPXu+3njPx/wzoTJTGutMLW1wsdTWnj93+8z/sXXOPeiP/D1Aw5j9U225qyf/4p33+/93pwNDSW+dcRB3PiH81lsUAMS2yglELNWkllaH3TuQyugrvix0xXDqPKKz6zok+p8iev+eis777Y3r/3jjS6vbfHFFmPMTddy0nGHUoqtSGjDa4Yn5j1QmfNzQRGiuGLAlIPiUvGUs0j0JSQp8dJrb7DDLrtxw99vXuB7uTBYZNAgRi65GKHSijC7nsKz11MD4YRI1jqdDTfeqFu/rjHGGGPMvLAA1RhjjDG9bu01V0dU8f7zcRhGiOy8w/Y99vU/mTiJW8bcxbdPPJ1tv7I3B33zu9ww5j60YRCZlIgkZOpQKaHSgEoDkjSCayCSgiY0JE1MmjCV35x/Kbvsvh8XXHYFrW1tPbbmOdn5i9tx7R8vZtUVliK0TafBKzErz+GjBYrAtP4of/X3QSGiBAWXNvDW2++x+9cPZfwzz8/X2k77wQn88qwfsGiTo0ECKZAouDlmf4IW3VurIWr1OL+KFMf78ytTx8RpLRx57An84jfnMbO1db7WuLAYNGggW2++KU4iC9yseD7Vh7Hee0qibLrhen2yFmOMMcb8d5O2tra+bgdvjDHGmAWgqrz//vuMGtU7FZTdIcsyRqy5MTNCii+moucFbh1DfmY1P0eDZ50KXp3yjQho/osTWHLRJh6/7zaGDena8fHZybKM519+mXvvu5+xDzzIW2+9Q3umzGgpE9RRkYRYnCeXkIETnEAMebVkVV7Al1fxlQRiuYLzgkhx3FyULTbdhMt/dw5LLLH4Aq+7qyZPmcphx53AA48+TpBGovriuH7er1KKoU1KihZDptBY/FnI/0yzPE6tDnSKiveeppLj5z89jf33/lptQvu8UlWeee4FDjj8OD6cOJUgjogvGgmE4pt1VMVmVPt7FtGpVjuo5uFqvtZI6oVQbsGnCZoFNlhvbc758RlssO7aPXF7Pxduuu12DjrmBCRtJta//LRrLTS6or5yVcTls8hQEonsu+uOXHjuL7v8NfvSm2++yciRI7u9ItcYY4wxvcsqUI0xxhjT65IkYbeddyCRSFAl4IqgrVS0aBeYZfDP7I7gq2qtr+bsdDpKrBFfBJeR/Jh2guJihe232LhbwtN333uPb333/9juK3tzxnm/5/EX/sWHMzImtWaUxZG5PKjzqnhVnPN5aKoO5zwiWruoTY6PlDUSUk/FCZW8sydR4dEnnmTrnXZl7P0PLvDau2rI4EW58pLzOWK/PUlCBcETpUSFEoEUUUg0IFQQAkpARVEHWhs+lYJLwHnwAilEl9FSbufb3zmFX593QZfXJSJsuP663Hbjn9h6i/WJLkFpJJESXhTvMryLiCQQG/Eq+WOhgqgDPJGEgCc4JYgQRKgoaNJIUI/6BsY//xp77Hsof77mOlr7aTXqF7bdmuWWX56KBtRF1GkeQNdem93zV4n613W1BljFEcWhqiSiUG5hty/t1C3fzxhjjDGmq/ypp576o75ehDHGGGMWzPTp0xnSDQFgb4pR+estYxBxtWPeUq1sk2pv1Hmo2tJ567co5NWm1aPZGgPeQZKVufj8X7P48GELtJ877r6bw489nkfGP4ekTXkAVO0D2ml9c16rzGVIT626s24iugDtbe3cMuZOVhq1PKutuvIC7aGrSqUSO33xiwwdMoTHnniSGPMKU9BWTGGAAAAgAElEQVTaltUVVYRze4zk03sPIfD0c8/zr3/9i2232YpSqdSltQ0dMoQ9vvIlJk+exDPPPIPzxXF9TVHSPKaTiCsKkuVTj5EUhZb5nReRjl6qColPaC+3c8/Ye3nh+efZfrttaO7lIWQ9rbGhgTfefItxz72MI0GKPrZoNTjtnoNsHfdeccUdj+IB8v66ocyyIxbj1BO/R1NjY7d8z94yefJkBg0aZBWoxhhjzELOKlCNMcYY0yd23G4rNlhrVZxW8AScxiJE07p+mfNiXkOc6lfPZ62n3pOI8qUdtmXN1VaZ731kIePciy7isG99mzc//IRy0pRXK3bjNPJqn06tBXuuU3/OchY48PBjuOyKP1OpZN32fefVkYfuz01XXcSywwcw0FXwZESETJLZVg7n8kCzo+eoq+0zKKSNDbRngatu+Bu7fm1/pkyZ2uV1NTU2cu6PT+XS885ikYGOhqQRDU2oNhEdRN8OonMefKSz793qvCcLAecTKhHGPvQ4W3/xS4x/+tkFv5mfMyccfThNPoHMITHBadpxT6S7e6N2fo16JxAqSFbmoH33Ysjgwd38/Ywxxhhj5o0FqMYYY4zpEwMHDOBru+xMKvmB6aSICPO5Q/qpWLT+2H59b9Ou9MjM26wqGiOECkMGNHLS909YoH387pLL+PlvzqdNS2SukejSWr/IeZlGXtvPXPJWlWrAmHfqhI7fhyiEIPi0gVN/9BPO+OkvyLLeD1E33WgDxtx4JWutsiwutOAlgIOoSoyRGGNtr3nrBQXnQHxtLypFlahztGWBiiqSlHj59X/ytf0O4eOPJ8zX2g742u5cd8XFDB8yKG/bIEAMeE/Ri1U/1S83f9xcx6UdIWoI+dorIYJL0aTER5On8/VDj+LpZ+dvANbn1fLLLMXBe++eNzWIIJki6kEUlbpK47rHtv5+Mg+9UOvvfa54rYeMhtQxsCnl0IMP6KktGmOMMcZ8JgtQjTHGGNNnDtxnL1ZYekk0a0fIoFaFWndkvbtIUcmp4J0gGjj8oH1Zc43V5vtLPvHUOH5z/qW0h4QsJoh6XCXLBybNg04h09w+jqLtQF2IWq3ajMWQJJWETB3nX/J7fnDqj/okRF12maW5/qrLGb3fnrjQisRycaS/Q31Ilu8pDyo79lTszztU8j6p5QDPv/YmX9hlbx57cvx8rW2LjTbg4duvYauNV0KyKaQS0Er8jALmYtiUurpKVAdSVAMX978SheBKTJzWxm4HjGbc08/M1xo/r0753nGsttII0La8TUPxfP2sWVLVwW1dqcbO+xPnd9oTodzGcUcdzvBhC9ZiwxhjjDFmQVgPVGOMMaYfWBh7oAI0NzezxOKLceuYO0mSBkKk46i6U6Qud1nQHoKqSoyaV6xqZPP11+LXPz+DUimdr683bdo0Dhx9DB9PnkmmKSEKLkZSDYhSBIOz0/UeqHk/yDw8/dSXDQ4t4uYsZJTSlGeeeZb29na23HxTfF5m2Wuam5v50o5fxBF56umnCVFqe+40AEwkHyRVpGX1j7WiRTjncc5DUMAzs6WNm269hVHLL8Pqq3a97cKA5iZ233Unpk77hOeefQHvmoqK3tlTdR2H90WKNWrdQ1gX+OLAeSrlCnfceRdbbroxI0cs2eU1fh4NHNDMcsuMZMwdtxOKAWwqEUSLIWiz/7xqgMo8vH7rnxviHN47EgfDF2nikgvOpbGhofs31gusB6oxxhjTP1iAaowxxvQDC2uACrDCcsvy6OPjePPf75KUmslixAuIaqfOk1R/FfmM2lRXO2RTDRydzwc6uTQhZO0st8RQbrr6coYPnf979vNfnced9z1Oe9A8PFNFJO/iGQVUZu2dOetuZgmVBNTlwaFKR4WfdvqQmF8CItVK3erHRpwXshhISylPjRvPJ59MYKcdvtgn4c3mm2zEissvxyOPPUq5XCZEJbq8UYN3eW/Uangpdfeu9hiry9cdtdrcAQQqMXL7XWNpbmpi4w3W6/LeSmnKzl/YnmGDF+XxRx7LA14VBE/UYqKUg4DiXFIEgIITQRXEJShZ3maiqJ51Rc9OUPApM1raufP2u/j6nl9l0MABPXJ/e9uKo1Zg6aWW5La77yIA4lKCOlx1aFitQ6/UnuVa9xyvf5yii6jLO506imBaiuFxKIkIDU4okXHFxb/t9eFo3ckCVGOMMaZ/sADVGGOM6QcW5gA1SRI222QjbrrtTiZNnY5zCR7BF1WIs4sf53wgWFCSWkgZNaKah444IWtvYa1RS3P3Tdew1AJUB06ZOpWjvvVd2oPLvwcBESWKEmq9M+centZWXK28EyGKFKFpUdUo+ZWHi7EWUtVtl1j0olQ0Dx5dHhZnwPinn+OlV1/hyzvuQJrOX6Xt/HLOseZqq/CFrTfngYceZGZrmSwKzjfkfURjzFsSaEQ070vqip6aTh1OHaJFAO4EKcI1cSnlLHDf/Q/y77fe4gvbbk2pVOry+jZcf1222HhdHrz/EWZMm45GxScJ6pQo+WAzDVkeWCuIOETy4/wZWX6SXz2S12DiCHgyQpoSo1DJIq+/+iq7feV/SJLerQLuKWutsTqjVliaBx59hEprgJgiZHWdeak2Yihep58OTwGiD6hTfHQ49UgUootEr5S84GNGmDmN07/3bfbd52t9tNvuYQGqMcYY0z9YD1RjjDHG9LkVV1iOS8/9Bc2poKFMCIEo8/NjSjW8qXXUxDvykC60s/JSw7ntuj8zcskFO1p9/0MPM6OlJR+MNNdD+fNOFJx6nCbF5WuXzLXZZF04q3nLUdW8DtCnKbfefg+HfeNY2tvbu2GVXbfuWmtx+w3XsOM2m+HJEAlEFHEOh+bVxnXbqw2TEldU4nb0e1URKiHgnMclCTfcdAtHLsDeNt98c2752x/ZcN0VkcpkQssEBrlWlhvayNLDGkmzKfjyFErSSuoqRC0TtIJzKRIbQEuIJoAvjvNDrFRI0oQsRu57+HHG3HF3993Mz4F9dt+day4+n8WHNNHo2vJ/nKgzuyFSs/LBk4T8eS4keSsH8UVAHSFmHHf0YRx//DG9sCNjjDHGmM9mAaoxxhhjPhe+sO0WXH7BLxnYnBI1EGKAOU3wnks1l9OI07xisyFxSIyUVDnm4P14YMzNjBwxYoHX+vobb0CtwlXncWTUPKid33edLp3l952uIrwDQbW4IoQghOjwaQN3jX2I/Q46jPc/+LC7VtolI0csyZUXn8teu3wBKi04Ak7AF8f2qz+QRlw+WApP9U+qwWk1SBXniaqoeFypkdvvfZDNtt2BF156eb7WNmr55bjtb9fyxEN38M5r43n92cd45sF7eeaB+/jPy8/x8J1/51tHHMDggSkNScQnsaiQzQNANEFxefUwghchZJW8ijhJOfvc39HS0tKt97OvbbfV5jww5kY232A1XF3z2vrwdG6vCqcOH/Kha1oM5cqHRik+ZnzjkP054/STemk3xhhjjDGfzQJUY4wxxnxu7P6Vnbngl2cysNEhmk+Rn93R1+qx99kfi9VaL8UQMpwTBg9ehM033pDFFxveLevMsgxVRURwzs338dz6cFgQRANohoYyaIYjELP2osLV1S4R33EhefUernbMXIpqPpWEEIUgjvsefIR9DxrNm2/9u1vuQVeVSiUu+tVPOfqgvShpG1ppwRHRmBWPWV5lGsWjeBAHdcOztBjUpJr3l404KlHwDc28/d7H7Pq1A7jr7nvna21NTY2ssfpqDB06hEUGDWJAczMDBwxgyODBbLDuuvz4tFMY/8BdfPcbo1liUBOJlklE8U6QkIEKEUcQV/TuzQPVdo28+Orr3HnX2G6/n31t+oxpfDDhg3wAWN3r0TlXvCbm8tcMVYiRiKJEogYaPLhyOwfuuSsn/+C7vT78zBhjjDFmbqwHqjHGGNMPLMw9UGe1xmqrsNyyI7nz7rGoSwgh4r3vXIlaDSxnKXKTWtyWD1zyTtAYaGlt4d77HmTUMkux+uqrLvAan3/xJe576FFwaW2KPHQMfJI59DudlYhQqVTw3hNChpDlfUCJOAcxlElSh+CKI87V0Lj+yoOqar9Qat+5oxerkIdWkz6ZxNh77+Mru3yJQYMGLvB96Ko0Sdh+6y1YZsTijL3vvryiFM2rSmvH9Iuj3EgeonbK4TruqxbT2lUFdZ5yiNx86xiyENlq8026vedkc1MT22y5GXt99cu88PzzvPvR+1SyMkmpIQ8CJX8e+HxyEtHllbOJ9/zr9X9w+KEHdut6+tI7777LfoeO5l/vfUgW/Bye63N5DYjmBdQeXCIkVPBZG98+/GB+dNpJDGhu7ukt9BrrgWqMMcb0DxagGmOMMf1AfwpQAdZcfVXWX3cd7nvocdra2j91jF+KKfXILO+vDbHJ344h5GGk5EVvt95+DzNbZrLlZpssUIXboossyjU3/I1KkLoAVYqp7MUU+XkIUDXGfBBUVkEINJWEkcMHs+QSwxm6SDNDBg2gZeZ0ovhagMosAaqIq+VU1dshaK1is3pfSqUSIcuYNGkSd9x5L9ttuzXDhw2d73swv7z3rLv2mqy1+qqMfeARyllAJMkfNfHg8on3eSVttbVrXqGab7njzmo1SM3LIHGJ54GHH2balMlst81WONf9h60WGTSIr+76P7z59r948+23yELM110MD0uIIEJwDnXgRZj4wYdss+VmLLPMUt2+nt728ccT2O+AA3nprXcoS4pq/uKqvkY7B4Uym7cAp0Sv4AQhENtmcOIJx3Dayf/X68POepoFqMYYY0z/YEf4jTHGGPO5tNP2W3P3X//EmisuhWggFkej8/6mGU7KiAScxKJbpiDqQBwR8tE2Lj/Grq5EWwaZL3HeRX/glDN/TiXL5nttK684iiMO3hdHW17xGhtQBhBoIDhPQInkAVGIWVGhWFSoist7p8Z2KE9l9eWGc9SBu3Hj5b/loTE38fTD9/LMA3fx7ENjGf/g3dxz03Xsuv2m+DCdEFoIkuWZrTp8yAMoNKAEIvmx6IAUwWIswlSlPcuIiUcbSrz+zjt87YAjGP/sC935kHXJLjvvyN1/u5KVlhqJhBKEJoiC03aglSjtRGkHKkUU7HAkiGpHdCqKihIlkgGtwZE0DeaiK67j8KOP55NPJvbI2gc0N3P+2T9l2802JJVI4hSNiscT1RWhYsChhBjRhgbG3LnwH+Of2dLC6GOPZfw//oVGIa1keOqP7XeEhIqSUUGikmaetJKQBo9XwQENQKoVtHUqxx9xECd9/zt9ujdjjDHGmLmRtra2bpt7YIwxxpjep6q8//77jBo1qq+X0iM+mjCBPfY/gpfe+DeVSqShlFDJ2nG+fnhS9fy8IC50mgLeKdRRRTTiYzvHHXEoZ5x2IkmSzNe6pk2fzmln/Zirr7sNlQFU1JFJhiQBYgWPAy2CpEpGkibESt6TddRyS7PHl3fk63vsxqjll6OpsXGu3yuEyK133MG3TjqdiTPKaExIpBENEXyW95GMsbZH1bz21Nd6HGgeKRe9YVUdXhyDmlL+fs0VbLzRBvN1D7rDhx9N4JBv/B9PPvsqmQaEMpIkBJVajwZRqXusQxGPa1FyW+wNh2pCgpA6cKGNNVddjquuuIyll+qZys8Jn0xkq5335KNJ04mkRHV4AlECmYsEDTSVSkiWseFqK3HPLdf3SFVsb5gxYwaHHnU0dzz8OFFKOM3bFahPi5rvzmIR6acxJdE0713rIjEJ+fCwmOFF+dYRh3Dqid/rtz1P33zzTUaOHGkVqMYYY8xCzo7wG2OMMf1AfzvCX2/ggAHs+uWdeOLxp/howkSQBNUE0VIxgd5Vz3GDKLPmFFJ3rL5SrlAqpTiBZ55+hvb2drbYfNP5Cm8aGhr40o470pB6XnvtNWZMm0TqAiWfUZKAjwFCO1TaaUxgnVVGceh+e/HDE/+Xn5z6A7bbeksWHz6cdB4CXOeE1VZZhV122oEHH3qIyVOnEaNDXAou5Kfbi33W/+okn3COEzqNqxLBO097ucJtY8aw5uqrsuKoFbp8D7rDwIED2G2XLzJl8oe89OJLNCYDqZTJB2Gpzxtl5iW3dU1vOzV7rb3hUFBBXIp6z4SpU7n1rrvY/cv/w6CB3d/zdUBzM0uPHMFtd9wNzhNxCBFEiaKIE4gRYmDSxEns9dVdGDJ4cLevo6fNnDmTfQ84iAefepaKbyQjKeL5uQ+LEgQn+UAwdRCTSPSRVCNJyDhm9EGccfpJC22oPC/sCL8xxhjTP1gFqjHGGLOQ6+8VqFUffjyBfQ/9Js++/DoqTaAJIWQkqRBCBSSvTBRhthWoqvmRfmLASyQVRbMyRxx6EL846/QFCjg++WQiz73wEmPvu5dyexuTp0xm6OCh+CRhgw3WZ9ONN2bkyBE0lEoLfB/e+s87HPyNE3jxtf9QzgTnA6qxU5/Y6ttOBa1Wa9Yde3fiCFnAo6Qukgr8+hc/4YB99+qzoCfGyLm/u5RzfvVHKjgqEtEILknJNENdBgQ0VsPuolFDEaxK3loT8EQ8znnUBRqbE5YZtgi3XftnRi65RLevu1yusNs+B/Pk86+TaYrTSJRIcBE8SIw0OKEycwa333AlW2+xWbevoSd99PFHnPD9E7l97ENUXInMlYg4QHEaSWZTf9rpOaRF/17vCNoGrkLS1s63jziMH51+Ur+tPK2yClRjjDGmf7AKVGOMMaYf6M8VqFUDBwxgl52/yCOPP8aHH03MB/Ykjiyr4IpCy9llFB0VmUXMJtWj4PmgpWdeeImPPprAtltvPk/VoLPT3NzMqBWWZ4cvbM/OO+3I7rvtxs477ciOO3yRtdZcgyGDB5N0U1A0ZNFF2Wn7bbj73vuZOHkKKsWR/aIHpaoixRAm1by9QUSLAVT519D64VMqxKDcM/Y+nPNsusmGfVIRKCJsvtlGLL3UCO5/8D4qoR1RR4zkFbQuohIREqSoou38+cXwLM2HOeEEcXlV8sypk1m0uYktNtuk29ftvWfAgGZuvuMeoi/lPVpFiS7vPetE8j65wIjFh7PtVlt0+xp6ytv//g8HjT6cBx4fR/AloiQoSVHFrIjEoiftp4lI3npB8rFuohlNqaDtrfzv0Udw5g9P6deVp1VWgWqMMcb0D/3/pxZjjDHG9BuLDR/G9X+8mLVXW47EtxFiCz6JefWpAjrnH220bnJ9RMhUIGlE0iYuv/paTj3rZ2QLMFiqNy09cgTX/v63rLTMYojGTn+Wh6dFQOp8MSHeESXfdywGTEUBxeXVhC4lRs/Zv7qAM3726z7bF8A+e+/CX666kKWXHIhz7XhfVDhqfULuip63rrjyCV3Vx9gR8URcLONDO8cesj/f/fZxPbbmnXfYnjT16CyPRT2flpj48cc9tobu9vo//8k+hx7Fc6+/Q0wbUaHoe6p4jTjtqPjueM7VXdWGCyJ4JzSlKXFGC9858gjOOO3kvt6eMcYYY0yXWIBqjDHGmIXKYsOHc+OVl7DeGqNIfMBJRDUWxZXVUff18kpAROl01th5MlUqWcA3NHHplddw5Anfo71c7tX9zK+VV1yB6/94EUstMQxHJIaMGLXW47R6P8RVqzU7fuxTqN0nEUclRKJPKEfh3Iuu4OQzfkaWhb7aGltsujG33vgXNt94HdA2RLJ81SrVxRcdNmu7LD6zaNeAEkMFr4Fs5hQ22XijHl1vc1MTK49aHl/3HJO6GVdaDDp7b9LkHl1Hd3n9n/9i39FH8dI/36adhCBFSF0c23dFFJ//mqs9EkWAWpQE4wS8KFlbK987/hucdsr/9enejDHGGGPmhwWoxhhjjFnoLLn4Ylz/p8tYd5WV0EqAIGgMpJrh1OE1xUuCOCFKJPoMlYDTrKi5LMIfzfuDZhXFSxO33HoPR37zBFpaW/t6i/NklZVX5O9XXsyoJRehJLFoUeAhgoYMIcuDLiHfa8xLTyU4XHQQhaiKS1Myp4QU1Dt+c8GlnPLDs/p0b8stswx/u+YPHLTP/yA6hZLLSBRUyigV0AgqOBUcAUcEdURxZM6TiSMgaHR8aacde3y9m22wNhLaUEJ+dF8FHx1OPaoeJeHddz7s8XUsqJdfeY2vH/JNXn9nErgUF1rwMRJJ8ipmp+DBOY+TBOcV78BJgpCg6ggomUR8gwNtw2czOOV7x3DySd/p9z1PjTHGGNM/WYBqjDHGmIXS8GFDue7Pl7L2aivS1FQChPZMAV/8iFOd4O5Bk+J4f329XMelCiqOcoz8/Y47OeSIo4lxzsexP09WX3UVrrniMpZachhJtRrXp0Rxtb6wIlLrkQrgZjluPavmpgFcdMWVnHzaGZ2GU/W2UqnEOT/9MVdfegEDvJJQrYrNj+sreWAa8gP7UK2uBcTlj2s59M7jmKZpHurOVl4tO3PmzF5Zy/x69bV/sPchR/LmOx+Q4Yjq8tdQfWuMTk+Xog5VPEE8UTwqHhGHF0cst1OKkbNOPZH/Pf6YPtiRMcYYY0z3sADVGGOMMQutJRZfjFuu/xOrLTuCNPF47/MhQuqKKwFNO65ZgtPqJd6ToUTn8I3N3PHAw+x1yOjPfeBVtdYaq3P7DVez8nIjSCSQxQyXJJ8KSWsh6lzCU1TJRPBpAxdf8WeOOPpYJk+e0vubKqRJwpd32pF7br2BjdZaGdEMiLXT/LEIUbU6FKu2jXxwVmNjY6+ss1Ku4P2ch5Ap0F6u9Mpa5sfzL77ILvsfyNsfTyR4T6ZCVEE1QefyV4Y81k7IJCGIR51HxONVKYWMX/74dI45avR/xcAoY4wxxvRf9pOMMcYYYxZqQ4csyt9v+COrLj8C7xTnlEjA+7wSTvD55Hbxxdv5lVfWVS9Bo4J4sigkjc3c+cDDHHLMcbS3t/f1FufJcssuzY1/vpR1V1+R1EVEAyJSq6St1d6KfGrwTz11nhCVoIBPufHWOzj0qGOZ1IchKsBqq6zMdX/+PbvtuB0+VEg04CUPfJ04Zq2Tdc4RY+y1xy+qgiqqEVX9VOWuqtLQUOqVtXTV888/z4GHH8kHU1up+JSyatFJVlBxiPM452oBfP2lEaJWZ7gpSeJIJdLslN+e/VNGH7x/X2/PGGOMMWaBWYBqjDHGmIXesKFD+Pt1V7DaiiPR2IZIBdUyqlkxyadaberq3q6j4HG4KIg6QuZIfBP3PjKO/Y44htbWtr7aWpeMWm4Zrr7sd6y/+gpI1koIgSRJ8mrMuiP8n9r/rIqKzkp0RJfy0BPjOPDwY/j4k4m9sY05Gjx4Uf504W/4+WnfoUEqSKUFF9uRWEFioD5FjTEiImRtbb0yGOzRJ54iakRk9j9eiwhbb7Rhj6+jq5597jn2GX0kb74/iRgdGiNoQKiACwSnRJlzGwevEacRkYCTgNcyvtzKT394Evvv+7Ve3YsxxhhjTE+xANUYY4wx/UJ+nP9KNl53dbyL4DKgAoTi0roQtfOVD54SvAqaKR6PJyUG4a4HnuCQbxy/0BznX3apkVzz+wvYbKP18EUFajU47eiF+tlfR3HgEqJ4Kup54PFxHHjY0Uya0reVqGma8M2jRnP+OWeSaoVUMxICXkOnj6vus3HAAG66+dYeXdPUqdN4++1/I8gce8aqRnw65yP+fWH80+M54LCjeGdSK5XSIAiKixEfMxwZkBFcJM7h+SJAgpJKxBNIJOAqrfzsRycx+uD9Z98iwhhjjDFmIWQBqjHGGGP6jcWGD+PqKy5kg7VWJrRVSKUJFxyJCyDtRNHapRKLK6ASqwPqcc6TRSUgRHX4tIHb73uYA488dqEZLLXUiBFcccFv2GrDtXFZO06UKCCJzytyBRDNj11XLyXvH1snquJ8goojKTXyxNPPs89BR/DJpMl9treqffb6Kmf98HukLiAaiQpIxBERArFSwbkE39DMk+Of6dG13Dl2LFkMhCziYoYjQnHPg0BACDEyfLHhPbqOrnjltdc54Ihv8u6kGWQxolkZUUUUnIBDcCL5ODZVvMaibjkfzoUqoop6IcaMkqswMKlw9pknc/jog/p6e8YYY4wx3coCVGOMMcb0K0ssNpzr/vh7ttpwI6SspJIgMeCIqGjtihJrVxAlc0omUBElOiFTJYgQsoxSUuLRJ8bztX0PYsaMhaMSdemRS3L1Zeex1y7bo6Ed54RyJcun05OHqFrtc4mgeBTf6WuI5H8mzhOjkKYDGf/sK+yy53688+57fba3qm8efRi7fXlHQgj4pAQoUlSjOlFCVCpBuHnM3Xw04ZMeWUNbWxsX/P6yfPq88wh5/1l1SpCY1z6LoCHwxW236JE1dNX4Z55ll30O5d3pgbKUcBJIta0I1vPngkiCw5PgSVCcKqgjkhCKvsFSDPEqlRIaY5mLfvkzjjjkIBsYZYwxxph+x366McYYY0y/M3z4UK7+82/ZZJMVUVoJwRNjQ1FhF4urKMZUN9eeoElaoqJKpvDgY09y5DeO5aOPP+7V/cyvoUOHcMG557DfHrvgKmV8jJSkBLH+OL/McaBUPeccIUSic7zx1r/56t778+57fR+iHn/s0TQ3NhCzT0+4r7YvmDh1Btded2OPfP+/33Ybr/3zbaIvkYmHogeqFMf2pegRWko9I5ZcokfW0BXjnn6GfY/4BpNa2mgvR2IUiAnonNsLRPEElxJdQpQEFQ8u36vEjAHe87tzfskeu+7aq3sxxhhjjOktFqAaY4wxpl8aOmQwV//hAjbbeE1Sn+K0AUfE5d09cepql8wlQM1CJEYlRJCkxD0PPspXdt+bf7zxz17dz/xqamzkwnN+xqF7784A75AQ8HU9UT8doH66Ryw4QlCCKoinHJV3PpjALrvvzdv//k+f7m/dtddkg7XXJJnNoCNVzfflPBdefAUfftS9wffLr77KKWf+hNa2mFdmiieqopKH814gEcVpxnqrr8IKyy3brd+/q5597jn2Ouwo3p00nZZKAOeJsdq6wc/x87QaoEoCziFwj4YAACAASURBVNUGkgmRQSn85udnsNceFp4aY4wxpv+yANUYY4wx/dawYUO55g8XseUm60C5Be9ANXQEa5IfVRZxc6zCVFVUHAFHJQplFf7z4QT2OehwXvnH6322t65IkoRf/fR0DthrF3zWinf5cKkQQm2/qpr3eFU328s5j4jLe426lHKEdz+axC677csLL77Sp/v79rFHkJXbOr3POVc7Sh7VMWHKdI49/nvd9j0/njCBb33n/5g6rQ3nGtCY917tCJ0VLwqhjA8VNt94/T492v7Mc8+xz4EH8sn01rySVAHNcAIiDkTyRrhFsF4vxkgMAdUIMVBy4EKZkgZ+96ufsdceX7GBUcYYY4zp1yxANcYYY0y/NmTRRfnzJeew0xc2pL11Jl7Ao8XxfaldcyaQd7ZEnUeSRmaWI2++/zFfP+Rw3n3/g17czfxL05Szf3I6hx60V9ETNQ8YO8Lk+vBY5nipSF7H61Iq0fHx5Onsc/BhvNqHYfI2W27Gumuv1ul9qtpxeQdJygOPPckvf3Uuqp+uVu2KTyZO5OCjj+W5V14nyzyiDqeRRCt56Wl1NFeMeAclpxyw9x4LuMv59/Irr7LPwUfw4YyMGBwuKIkGvGYIFVRCPlhtDp+fd0WNJAQSDVBpYdFGz3V/vJg9dtull3djjDHGGNP7LEA1xhhjTL83dMhg/njpeezxlf8hVDLyGUrzEp7mA4BqIao6KkHBp6hPeOv9D9j5q3vx8iuv9dpeFkSpVOLsn57BUaMPRCgqTgudj/DPJjgtwtNqiFrJIuITSFI+nDSNPfc/mLH3P9gn+2pqauLLO++E1EWA9QFqJYuURaChgR+f/UuO/da3mTR5cpe/TyXLeOiRR/jKvvvz+LMvEV0T+BICJBpItIIotVUISuKEUcsuzRqrr9qNO55348Y/ze57HcCH09rQ0kAIig8RH/MA1RNAYjFObPY8kEgeoKZSYZGS466br+cL221tlafGGGOM+a/gTz311B/19SKMMcYYs2CmT5/OkCFD+noZn2sNpRI7fXE7NAuMf/IFkBIqgGTgIlKdSC95ABYdeS/LWYMlcURVEMGL0NLayt13j2X7bbZiseHD+m6DXbDNlptSbm9h/Lhx4FIQj8Z82JFICiKIKEpANUPJQAKIEItI1TlPUCWLERXHzPYyY+64i1VWXpFVV1qx1/c0ZOgQrr/lDlorGQFHkARFUSI4RSUSYwBJeO0f/+LO28ey/HLLM2rUcvP09R9/6mnO/Nmv+MmvL+S9jyaj4vPnCxBRVAQVVwubIwngEVXOPPm7rL3mGj1+D2b17PMvsPdh32TCjHYqMaKV9iLwFBDJe5+q5P+YAHhCXmEsjih5GwJXDJGKqpSSjEGlwM3XXcW6a6/Z6/tZGE2ePJlBgwZZ0GyMMcYs5CxANcYYY/oBC1DnTUMpZdONN+DN/7zNK6+/WjuO7lxapKWuqB4UVKpv8anKvDwMUZIkIStntLS0cOstY9h2681ZYonF+2BnXZN4zzZbbAYojzz+JIojxpgf6a8NEyqOoYsiosU9meXwkkgRtuZhXJZl3H77GEYtvyxrrNa7FZfDhw3lqfHj+Oc/30SdL6plAY3Fg6gIgncJMcDEyVO55bY7uOHmm2mvVBg+bBjeexoaSpTLZSZPmcKUqdP4yw038v2Tf8h5l/yBl15/i/YAWosci/skHfcif9uhCE6VxYcswjk/+RENDaVevR/PPv88+x52NO9+Mo1MPE4DTisgSb7O2vrzx8+JgIMoCeoStOgL7AScOBqTlKHNCTdfexXrr7dur+5lYWYBqjHGGNM/SFtb24I1gTLGGGNMn1JV3n//fUaNGtXXS1lozGxt4YRTTuQvN9yNKw0nawcvRZWihLzyUiIqARfn3PFIgMRBbG+n5JTFhwzmqj9dwoYbLBwBUwiBX/z2Es4+9yIyPM4laO1Uf7W2suOYf5zDIW8nQlYp01RKcLFMohkXnvtLvrbn7r2zkcITT41j930OZEbwBF/K+9bGiEjMhyUpuKikzhMrAVSJLhBjQJyw/HJLs9ZKKzJhyhRee+MNWma0E6Pi0xQtBmhVY/X69gdUQ3XJZ25R/V7lMhecfSYH7vf1Xr0P4599jv0OO5r3J84gJg2ELMNrhSRWiK7hU4f1q+0bouSVu0F8rSI1IZBEZeiARv52zWWst+7avbqXhd2bb77JyJEjLUA1xhhjFnJWgWqMMcb0A1aB2jWlNGX7LbdmRutMnnjiBdKksQjaBKivWKRWqVcdtlSlCs47NGqtd+jMma3ceNNtfHH7rVhyIahEdc6x2cbr09jYyEOPPp63JoD8XjgpTnq7fEo7UvtzZpnUHlVJEo9IPrG9kgXuuWcsI0YsydprrtFr4dGIJZfk3vvu48OJEwkqtSrUfPXFfyKEEHHeowLBOSRJUUmYMr2F1//9Hu9+9AltmVCREsGlBBwx5nuPMcx1DcEpTvIhTbtsvxUn/9//kiRJr+wf4OWXX+brBx/Je1NayHAEBYj4fPRX8X86DQ4Tqfa4TVDxIA5RSAWcZgwqOW669nLWX2+dXttHf2EVqMYYY0z/YAGqMcYY0w9YgNp1DaUSO22/LaXE8fDDj+ATcF4JoYJz1ELRWXOPahCS9wiNqChS9E11SUJbJeOvN9/MlpttzNJLjeybzXWBd44tNtmAwYMX4Yknn6StXCFJPKoxD061Y7BUfTVqfSCUB3B5qKwISVqiEgK33n43iw0bwobr93xF7syZMxl95FE8+tQztAchuATE5ZWnCHlHhjwoFHHEYkCYuqLLreTtC2qXemJxFF+qH6tF8Di3hThoIDDAK1defgmLDR/e43uvenLcOL6234F8MqNMwAOKxIiXvJepSrWjb+fwlOKfCTRPVnFAyYFUWhnSXOLum//COtbzdL5YgGqMMcb0DxagGmOMMf2ABajzb8vNNsRR4dGnHkVjO0kpQfMkCcHVeqFW1YIQ0XwAlUSKbC6v7HNCuRK4ZcwdbLX5xiw1ckSf7KurNl5/HdZZY1Vuu+Me2isVnPN14Wn1XHrsFLp16OiniRMqWQDncT7lnnvvY+iQRdho/fV6bO1tbW1847jjuP3eh2kNDvUNRJfmQ5BUEZVilny+F5XqJUjRmCAPWfPHPL8ET1b8ef2h9/q65Lo7IIJzjpL3DG4s8YcLf8uGG/Tcnmf11LhxHHzUN3l/WoWggvt/9u48zK6qyvv4d+197q0hA4OAAqIIKmAjgogiDkyiiIiCCgqIyKBMKggi8zzJPCchIYSEebDVbrXbfu3WbrVt59ehHV6N3Yq0ImgDSaruPWfv9f5xTlUqkIIAoSZ+H579JMRbdfc+FZ/nPj/WXssrzBPBcx2eYs1IqMeHp0MiTjQoACsH2eB5M7j3lnm8csuxH4A1VShAFRERmRoUoIqIiEwBClCfmR22344YM9/7wffplCVmsRmmNBSg5qYnaHPdeSgMCakO0sybAUz1a0Io6HRLPveFv2OH127LC1+44TifcNVs+pKN2WTTTfg///w1up2KEHuaqDBjTWsDM7AwMlReXtUJjmcnFkXdI7Sp8Pzq177GjN5eXrvdtqt9z7//wx844uij+erX/42qmA5FD90MhECox2M1NaRNK4ah2VJDOThpqGPD8KvMrfnakmBDNZveXHMPzUMYEap6XckbgDVagc/fuZDXb//a1X7W0Xz/Bz/kgIMP4Q9/WQo9M8hVSfSyOYPXPwfqwDhSD4yq/wo3YbDX0XKs828iFS9Yeyb33DqPV22lnqfPhAJUERGRqUEBqoiIyBSgAPWZMTPesP329LTafOMb36JMTlG08So1QVmTMJnhIeAWcUI9YMojeMS9qW4kYEXEozHYGeSLX/4Htn/Nq9lokoSor3j5pmy5+Uv5yle/yaNL696m0QbxPIhZG7MEocJDwoFEIGDEpkozDLc4CGABslNYwde//m+sNXMa2267zWrb658ffJD3fPCDfOf//oIuPXRzJuc8HAbWxcNh6IL6cB2m4Zh7czW/+VOz+vfNMDGs/j64DQeQQ51UHcdiwN0pghFypiCzwdprcPctc8c0dPzO977PfoceyR+XVLgFrBwg4Li1hnuautehbzCjMAfzOkBuQuBiqL1Bq8C9w4brzuDOhXPZasstx+wcU5UCVBERkalBAaqIiMgUoAB19dhu222YOXMG3/r2tymrblOgVzTXv+OIXqBN1Wlz1f+xy91xvJlO3+ELn/88O77xDay//uS4zv/STTdh66025+++/Pd0uh3MItDG6Fl+eT2E4X6awR9/pX1IHqqA9MTX//Vf+ctDf2bHN7+JGOMz2uMDf36A/Q46kJ//6r8oUyT7ULXw8h6fy8PTJ2BhRJuC5cs8DFec+ogWBXXlqjd9RTNUgxRW8f599uSW+bN5ycYvfkbneip+9OMf854DDuahJV26blhOBK+adgth+Z5HDI3CjEwghfo1Q//EJkhds7fFvbcvZKst1fN0dVCAKiIiMjWEVXiNiIiIyHNCCIEjD/swV3zmHNoMEn2Q4IZ5geWi+bW5Gu551O/jPnTj30gEHh0s2Wvf9/PNb/37mJ7nmdjlzW/gC7ffwPPX7iUnw/I08BZ4G7yNeQsj1lfBR8mGHMgxUJljPT2UITLrpoUcdezxPLpkydPe29JlS/ngoYfy81/9lrI0oGgqgJ+6kI2Qw+MWBHII5DBUmUrdA5ZMKzqkDnSW8LIXrc+dC27g+isvZe211nzaZ3qq/uO73+Md+32IvwxCl4KUvf579ySRcaIgWUEmjmhHANGd9WdM4ytfvJdX/o16noqIiIiMpABVRERE5DH2f+8+XHnxBfSERGgGCXny5rK6YT7UF3UUzbXw7Eb2SI4tlpTO/oceyXe++72xPMozsv12r+GWudfx/HXXJAQnRnDPOJGcI/iTV3i6GdkCFYEcW+Sih9s++wUO/8Qnn1aI+rv7fs9+Bx3ED378nwx0nOSB4ULgVTRUDejuuGeKGPCcwDN4PTQqBiNXXWIAvCJSEXKHwrtUS/7KyzZ6PtdeegFf+8qX2G3XXZ7yOZ6J733ve3zww4fxl2UlA1WmTLnJQR0s1M0KfHmf2hACIdRhaR6qqG0qaYM5wRPrrDmN22+/gZe9dJMxPYuIiIjIZGCDg4O+Cq8TERGRCcrduf/++9lkEwUfq5O7c/udd3LsKWcx0IGimEGZAgTHrcQtNQHiSr7WIBvNBPiMeSYEMHfW6uvhzpvnsP3rxm7I0DP1w5/8nPcffBT3PfAgIbZJCaxo4STcEiF7Eyo/Xhoe1uSQE+0i1F1Eq5IdX78tty+YR39f3yrt4w/3/4Gjjj+Bb3z7+2RvUVZNZ1PzejXvBE1g6HGF/qdDzGw4YGwFo+x2m4CxebVDJoPVV/XJJeSK9daYyZt2eD3vfvdevP2tu9HTbj/zh/sUfe/7P2C/Dx3Kn/66hFT01OcYHoBV93fNvryNwfDV/Ua2omlDkCgsE6uSdadP5wv33soWW2w25ueZ6hYvXswGG2ygK/wiIiKTnAJUERGRSU4B6rPrlrvv4PhTTqfT6SV7XxPYVWAVeZTLPHXVJfXQIvemqhFCMELKrDm9zZwrL2aPt75lrI/ztP3opz/jwKOO5r9//2fM+sheNFfbE5YrLI/ykdIDWF2t6zkRzPCcKYqA5Q47v/H1LJhzLTNnTH/C97/vvt/zkSOO4Ds/X8xgx8HapJSwCFi3DlC9tcoBKtQT5y0NYmakVJHKavjnVFUV7d6CrV+xBa/acgt2321X3rjDDqwxc+bqfKxPyXe/+132P+Qj3PdwF7c2MS+rg1Mz6hw1kK3uN2Aj+56OYBbqZ2GJgop1pvVx7+2L2OqVGhj1bFCAKiIiMjUoQBUREZnkFKA+u7I793zuc5xw8tksWeZUHknJoYAc6onm5gw1yRweNORNNSDUeZV7JgQDdwrLUC7jussv4oP77TveR1xlP/3lLzjy2JP4yc9+R0UPHg1iIucO5rk5KBihObM1TQ9oQjsjp0SMAfdECI6lkh2224a7Ft7I9OnTVvq+993/B/Y/+BB+8tNfUsZ+sIgnx4qCnEuwqglQi+GfQR2gNpWYrPhx190pihZVZ4CdXrcVs666lFQl/DF9bYtWi/Wf/3za7daz+FRXzY9/9jP22vcDPPRol663cQKFD9YhcN1kgtwEqNEjwUJzdobD43omWgWeCDnxgrXX5G/vWMQWm6ny9NmiAFVERGRqUIAqIiIyySlAHRtf/PI/csTHjmNJxwnWT0WkG8u6yhTqO/sMTX7Po/ZITbmiCFBYYnoLLjjjVD54wP514DcJPPDnh9jvwKP5wX8upjKjoqLogZzKFQLUup2oUYxyLDMnpZJ2YXh3kO232Yo7Ft3EWo8ZxPTL//crPvDhQ/jtfX8he0GZV/5chzPsxsjnaQxVZWbc6/6mVWeQPXfflUWzr6Snp2c1PZ1nx3987/u890OH8lAnUVUQU90OIo/ybIO3CBYxr5/zcMiPk+MySCXrz5zJV//hi2z0wg3H+DTPLQpQRUREpobJ8UldREREZJy94+1v4+7bbmbd502nqpaCVYTcIngL8xYQR4Sno//36dBqUZmRY2Rpmfj4iZ/m6tmzx/Qsz8R66z6Pz94xmze+fjMCS2nHiHcg5DaWerDcxrxo0szRn4N70+rAwULBd37wIw780CH89+9+P/yan/z0Z+x/8GH81+/+RM6BVD29/+6fLZBDARYoouGdpez3rt256drLJnx4+p3v/YD3H3IkD3dhcDA1A7Pq4U8jjex3mkPdezaFTLaEW8ZDwkMFVckL1lyTe++4TeGpiIiIyCpSBaqIiMgkpwrUsfWzn/+cfT5wEH/+ywCVN9fJMTJ5uDcqjJ4dlqF+dRGA1KUnGl52OP7oozjlhE8SYxzT8zxdS5YuZf/Dj+Tr3/gxWE89eMkNzOrAji7ZKwpb+Xl8+NK5U+BEnNztsNbMGdx842xmzpzJfh88lIf++gilB7IV5AQ5pFEfbh6lAtWthVkk5C4xdTj4/Xtz+UXnTvhn/d3v/4B3HXQEf1kySCKQMYInWpYI7iTC8JN4/KCogJEIXv9ds5wwr9jkBetw56IFvPzlLxu3cz2XqAJVRERkalCAKiIiMskpQB17v/jlr9h7v4O4/89LKYp+OhVYDORQ4VbWV/pH3Cf3ERPqU7ThaenmiVag7klZJT519BGc8ulPjs+hnoaHH3mUw448nq/8y7cIRQ9mPVQJPBrJujhdgg/14VyR47g1w7XcsewEHE+J5605k3a7xYN/eZROmSBEslnzSFd+hR+zeipUI4+46m+hIAKFVxzygfdy/pkn0dfX+yw8kdXnq//yNQ476uP8ccCpKMjZmgYRiUhZP6uwvDfryPN6rKttA4mCTOElnkq22OQl3HLTPDZ9ycbjdKrnHgWoIiIiU4Ou8IuIiIg8RZtv9nI+d9ciNt34eeT0KL0Fw1WR/oQX1yG6EfPQCqQKPEUs9vCZq6/nkiuvWSFwncjWmDmDBTdcyU5v2Ipoy8AHm9M3w7RWGp0OWf6abEaZnYpIjm0eeuRh/vDnBxjMCY9FE55moFrlvY280l7kklYeZO/dd+HCs0+Z0OGpu3PbXXex/2Ef5ZFuAq8IuaQgEb0O3oee2UgjzxswgjvBIeZMSBWv2uyl3L5wvsJTERERkadBAaqIiIjI07DZy1/GPbfexPrPXwOng5GbmedPXGkWsxHd6spMD5hHjEj2gLV7ueDKq7jo8stJKY3ZWZ6JadP6ueWmOey4wzYEHySGZmCRW9MXdjQ+HDQ7AQ8F2SKZSAoGEUIMuIGbg6WmPcJo4fKKfx4sEEIgmEE1yJ5v2ZE511xKT097tZ19dcvZWbDoVo478RQGKqObI5ZLCi9pkSnIBPf6mTzm75mF5rwh1MGpO0XOeHeQHbbdhi/cczcbv+hF43Y2ERERkclMAaqIiIjI07TJxi/h3ltvZr21e2mzjDaZoiqIFGCZFDIpZjwYZpHoLRwnm5MNcjA8BLIFKgIeeiBM46IrZnHdnHnjfbxVNmP6DG66YQ5v2n47vFtReKRlPZAMD5HKoCKTyGQgYzh10Fevui8snnAy2QsyPSQ3sjc9Tz2AF83H16E1FFgHghuxKrHk5BzI2SA5oezwvj33YM61V9BuT9zwFODWO+/htHMvY5n30QU6eRluBZlIHmp5EIxgASPiKZJypPRItogTCR6bML8kp0Hevcdu3HXbItZYY+Z4H09ERERk0lKAKiIiIvIMbLF5fZ1/g/Vm4tUyeiLkMteT6Im4x2agT9ML1JZf8x9auVmdKlFmCK1ezr7wEi64+FKqatWvrY+nmTNmsOim69npzdtQVQ+TUocitCEX9bPwOOKjpzch33LW/Hn9JAx3w91H9I60EaFp8128/vOhLqtmdTVvIFCEQJFL3v22XZg760r6+/vH6lE8ZSlnblp0Cyeefi7/O5gpvQlDCfV4LQvkoaJeGzpxwK1ZYWQDiQxeYV7yrrfsyI2zr53QLQtEREREJgMFqCIiIiLP0GYvexl33DKf5683E8/LKMwIuSDkFngL89i0Bh19gjxmECMV0MVIIXLx1ddy+nnnj/Vxnrbp06exaP6V7LXnGwh5KSFVBI+E3MJyG3Krudbv9bX81cWoQ8bQhhCIlmHwUd6+yxuZdfWlxPhErQTG342LbuHT517AI92KXLTqdg4eid4etSWEWz2sy2NdxuuWwBJGRcwlu772tcy/4XqKohjz84iIiIhMNQpQRURERFaDV2y+OZ+9bQEvWn8tWlZhKRGyETyCD/XyzE/QwdPr+fKhrjisrCAXvVw9dwEnnXnOClPWJ7IZ06cx56pL2GO3HWiHipArCgzLUFirvopvNJWmy40cgvTY9USvG+JmuAWCgZWDvH3XNzN/9tVMnz5trI7+lLk7C2+5lZPOPp9HU6AbCkrPZAM8Yh4IrPy8ZgbmmIGZY5aIVuFpkHftthML58+a8C0LRERERCYLBagiIiIiq8krNt+cv73rVjZ90Xq0QxfKAeIK19NHr7o0jOABc6sDVyJOm9iaxqwFt3HCaWdOmuv80/r7mX/9Vezzjp1ohw6kZfQUAU/1tf3hGVMjjBqermKAGoBoGSsHeMdb3swtN82mv79vrI78lKWcuW7OHD595jlUOeI51BfwvcIsAWm4hcHKwlMz6k6ynomeaaUS6yzjza/ZmoXzb2DGjBnjej4RERGRqUQBqoiIiMhqtPGLX8zti+by8petR9FOuJfN/7Lyq9hDzKFwiDkQc8BygBwwb4G1mLfodk4+46wxOcPq0N/fxxWXnss+796Zdk8X8kDTwoAnDJIfx5/4tUPhYgyGlQPsvP2rmXv95bTbrWd2gGfZdbPncPZFl1HSghSIlRNzIlBhlJhlsNGrjs2hyFC408qZkBKv23orbr1p8gwfExEREZksFKCKiIiIrGabvGRj7lh0M1u94qVEugRyPUiegOFgdQ9QNx+OEg0wz4RmuFK0gJnhGXIGJ7Lgtrs56bQzKctJUok6bRpXX3IRxx75YdqtBFTN8CgDt1WLUW2UHqDUV/ZpAtTU7bD7jjtw9503M3369NV9lNUmpcR1N8zl7AsvpiSydDCRsxNSHq4mNauHQY2s0n1s/bK5E3CCOyFV7LnTm7j95gWsueaa43EsERERkSlNAaqIiIjIs2CjDTfk9vmz2HbzF1GUD9N2p219BK/DsRwyKWRy8PoCv0MO1fCqrCJZIsVEZY61+qisj1nz7+CUM84d7+Otst6eXk498VPMvuYiNnrhWmCJ6JGQIk4gP8lyAoRi+SKTgWQRjy0sRCxX7LHLG5g3+ypaE3xo0vVz5nHWxVeyNPTQyUZh4MGpCsMtEqwg0sJCASFiFsEiHgM5BjwY5o6RCbEid5fwnt13ZcG8OazzvLXH+3giIiIiU5ICVBEREZFnyYbrr88tN93Adtu+kmhdUrkM80jIBZYLoABCU41aX9f2lSxCoJszXXdCu5e5N9/K8SedTErpybYwYfzNFluwZMnSelxW09vzqTKa4JBMoCJ6SUwddtp+GxbccDUzZkzcytOcM7Nm3cA5F17CssFEshaJgmx1kLy8unTkczEykUxBJtZVt3Wtcv0cqy7v2eNtXH/15RoYJSIiIvIsUoAqIiIi8izacIP1uW3+bLZ55UuJDBKzEXJByK0mRA11GGZeT1ZayXKzugLRjNKMXLS4YdFtHHfSSZNmsNRFV1zFI0uWkt1Jnp+sJeyogieiVxS5IqYu79jljdy1cC79fRN3YFTOmWuum805F17BYC5I1sK9IFtBZZH8BGFytkC2MBycWhMke1my91t25uZ5s+jt7R3T84iIiIg81yhAFREREXmWrbvOOiyaP4fd3/JmLHUoyPTGAvLycfR1BWIA4uOWN7OUMoHkRrIWOfRw42138+nTzh7n0z253/z2t/zjP3+dRB0GWzDyUxkkNcLyqNEpOwO8b5930tvbsxp3u/pdP2cO53/mUpYmJ1uL5BH3+mO4121cCSEQQhgeimVmYJDdwZ0AFObEXBJSyd6778ysa68Y76OJiIiIPCcoQBUREREZAy9Ybz2uuvRC3r3njgRfRlkuI1r9USwP3coepSwzZCNkiDlgOZJTAFqE2MsNC+/k2BNOoSzLsT3QU7D4t//N4GBJcseDNYW1Ty9ATRbra+8WiK02//rNb6/2/a4uVVVx9gUXcM7Fl7PMrQ6Q3etYPCeiZ4InGOVZGEYkE5t2BSF3CNUA79rtTcyfcw19E7jqVkRERGQqUYAqIiIiMkbWXed5XHv1peyy83YUsQR/7PX7sNIV3ChyIDYreMQ8gkdyLJh7+1186uTTxulUT+7vv/wVBrslIRb4UGD8NDhGoiBZQaIOUh948KHVvd3V5jOXXsY1s29kMAVC0Ydb3cU05kzLM9ErAiU2ajWuPMaGpwAAIABJREFUU1ii8IqQu/jgEvbefVfmzb6WYoIPyxIRERGZShSgioiIiIyhvr4+bp47h112eC091qWVSlo51pWloSKHRDbqvqdmzQ3/5YODMMcCYEbGsNDCQpv5t97F8SeeMiEHSz3y8KMUoQVumENorqU/HW6BRCRZgcUWVTXxzptz5vJrZ3PJ9fNY5gUVRpnL+mdoQHDcUtO4IWDZINePxIkYBZYD0SN4wqzEqgHe8/a3MufaazQwSkRERGSMKUAVERERGWO9vb3cc9t89t1zV/ooiZ2KkI1sdXiaMdwibgYh42ZkM1JIpJDqoDV6PVgqg3vEYh/zF97Op048eUINlsrZGRzo4gm8ylgToq4OKVXE8DTLWZ8lKSUuv+pazrnkagZCP6W1ye4YmWyBFIwcIRnNcKiCusNpHYin5lfzOkAtgpPLAd791l1ZeOM8DYwSERERGQcKUEVERETGyVWXXcQhB3+Anh7HUknMBSEVRI8Eh4BjnqmnTa1chZMCVCGQWy3m3XIbnz751DE9x5MpioCZE2McUU379HhTiRtI9LYiniZOWAxw/Q1zueCqa0mxRVk57hG8qNdozMjB6v6wIZNJ9a+5S3fZMt6z+9u54frrxvIYIiIiIjKCAlQRERGRcdLT08MFZ53CSZ88kp6QKFKgyEbM9TX3Ojx9knLNIpJCpARSKAj905l3xz18/IQTJ8RgqRCMul1nJudq1IFJq84IQ8OXuoO8dJONV89Gn6GcMzfevIgzL7uSrrXIbsRWTxMWB/AItvLg2A2IYNExy8SYCVSkchkH7bsP8+dcS58qT0VERETGjQJUERERkXEUQuATx3yUk0/4GCEtI9KF3IWcwJvGmE8YogYsBEKsByuVuaCyNvNuuZsPH3Y0jy5ZOoanWbk115yJU5FzhRmYGcHiKn2tu5NzU4Fr9RT7AESvIHV461t2fnY3v4puvHkhp551Lku7MJBhMGdy1a1DcDMIgdAsM1thhWB1xbFDJBGrDqFcxgf23oOrLr2wqdwVERERkfGiAFVERERknIUQ+PjRh3PGSR+jGniIwgYJVmJDV/d99Cvv5hBywDzg2UgZoKDomc7nv/J/OOX0s8e9EnWvPd+BmdNqF00Y/PSv8FuMZM+0zFl/vbX5m1dssVr3+lTlnJlz442ceu4FLMt1pWnMEHMiUmKUOBm30dswhOyElAkp0XYnVCX777MX1155Me12a0zPIyIiIiKPpwBVREREZAIoisgnP3YkZ5x6PNG6GCXmvvIb7yOugkf3unoxB4LV09s9B3I2aPdw8z2f5ZAjP8ZfH354TM8z0tav2oqNNlqfnKomOm2utT+NILUqS3Cn7A6yzzvfydprr/0s7HjVpJS48trrOPnMc+nmSPKCmKHIUHgmeiKQwDL+mB+kNb1gDcPcaZnR8ky5ZCkH7PNurr/mCnp6esbtbCIiIiKynAJUERERkQnkuKOP4tRPfYKYBihySU9okXKXKnapgpNCIFGQKciEZsBUwq0O6iwGCEY2o8oFhD7+9otf4dCPHs3//u/4hKhrrbkme79tN3ro0vJExAi5oMg9hNyG1MK8Bd7CaTXxaq6XQQxN2OrQE0vaVtIXIsce+7FxOc+Q6264ifOunEOnNYNOdsxKCIaHgFvEKcBaGJHgkVDRrED0FjEXWCpIVOTYhTTIoQfsx2UXXzCu5xIRERGRFSlAFREREZlAWq0Wxx5zNKefcgLtNlSdZRQxggfMI+QIHvGmhrE2ok9qM+TezUgEyuyEVi///G/fYr8DP8j9//PHcTnXWaedxgvWex7mJXiq2xNYF6wE6+JW4qHEQxe3jGM4ofm1PpQbhAjRMqd8+gTWWWedcTlLWVVccvkVnHXRpQzmSEmBW4Fnb34SQ3sPdY9ab34oNrQAnJQTGLRbBakzwOEHHcBVl11Eb68qT0VEREQmEgWoIiIiIhOMmfHxI47g+E8cRW/Lm2vhBTFHolsTzWWwPPqAKYMcoMKpQoB2D9/+0Y/Z76CD+fNDD431kYgxctOs65k5rQ/LJSEkPJRkK8lW4ZbIIeHmJAtki2QLuBlujlsduubOMt6+05s4/LAPjfkZhlx02eV85ppZlKEged0yoV7FytsSmOFAjtYsyCFjLchW0ln6KB94915ccPYZhKCP5yIiIiITjT6hiYiIiExAMUY+efRRnHHy8YSqpOVgKRFxgjvmTdXpqG1EDQsRiwXJoZMcWn388Ge/ZJ99D+BPf3pgbA8EvObV23DBWaczrRWIJMiB4AXkgkAvltpY7gUPZDLZEzE45JKCRKgG2e0N2zN31tX09/eN+f5zzlx42eVcfN0NLKFgkEBqwlG8rjYdLc/GIJs3w6QSISQiFeYdDnjf3lx72aW0WhoYJSIiIjIRKUAVERERmaCKInLMEYdz+smfoLcoaYUuuRzASNjQUKLRAjsgeCAQCVaAF1QpQtHHj372K971ng/wu9/fN2ZnAQghcMC++/Clz93GS9Zfj+gQErQpsBKK3CZWBaFyLHUprCR3ltDKg6zZA+eddCx3LVpAf3//mO6b5tr+WeddxCVXziaHXlIOkME8EbzCLNf9T0cM+DKzFReQU4Jc0g5O7izhgL33ZO7Vl9PT0x7zM4mIiIjIqlGAKiIiIjLBfeLIw/j0cR8h+lLarYRRgTt1hrryElRzKBxiDsRcB6m5AssFsaef//ztf7PXfgfy+/v+MNbHYeuttuTLX7iD0084gnXWiOSBB2nbAEVaSuEDFNahr22kpf9LXyjZ951v4+v/8Pcce8yRtNvjEzSe/5lLuWbezeSin6rrFBkKzxReESnBMtly0+a0DkxHMozgTk+M9MTI4COPcOj++3GNBkaJiIiITHg2ODj4BHULIiIiMtG5O/fffz+bbLLJeG9FnkXZnauvn835n7mcLi0ykWzUw5WGJkc1DAc3jLD8Tz2T3evgNSSwhHnFy1/8Qu69dSEbv/hF43KuTrfLv37jG3z1n7/Gt7/zfR55ZAnTZ0xj5zftwGabb84+e+1JT2/v6J0KnmVlWXLhZVdz+TVzsJ4+lg2UFO02pKpOqcm4OZlQD7ny5X1QvRn1FcwIBlARcHxwgOOO/ghnnnqiep5OcYsXL2aDDTZ4XKAuIiIik4sCVBERkUlOAepzR86Z+QsWcvq5F7CsCyH20s1diAVuLbIblhPRE2aQ4/JwLqU0/PvQXCcPuSLkipe+eEM+f/dtvPCFG47TySauM865kCvn3sqgtTCaalMPOEUTkS7vomBAbIJUj4YFq9sUZCeQyLGLd7qccNSRnHLiJymKYpxPJ882BagiIiJTg/6Tt4iIiMgkEULgsEMO5uwzTiFaF0+DzdwiI1sgh4iHVr0sDod7DlgINPfLSe4k9/r1ReTXv/s973zf+1n82/8a7yNOGDlnzjj7PK6cM59ctMkEIGIehmp8hyt/h/6BugeqR8ODkciUuSLliuwVnSVLOOawDys8FREREZlkFKCKiIiITDIf+fDB9TCl3oC5D4d5bpEcWuTQJluLuhRy+aqv9AcsRHIIJKDCsJ5efvP7+9nnoEP4zeLfjvfxxl1VVZx27nlcPm8B9E4HIlgEL3Bv1f8+wshBUR4DHgIEA3OKAmLMWKr4+OGHccFZZyg8FREREZlkFKCKiIiITEJv2XknFs2bTW9hkLpEA8sZhiojzTCLo6yABYMQ8NCi9IgXffz6d//Dew48mN/+9+/G+3jj6uwLLuC6eQuoin6WlYlOzuBDtbwBs0AIK194HVJ7zk2LhEQaWMYxhx3M+WeeNt5HExEREZGnQQGqiIiIyCS16847cedNc1ijr4DuMshdLJcEc6INDZZ6/ApuFDkQPRI84jmSPOK0WXzf/7D7u/flV7/+zXgfb8x1y5KTzzyTa+ctIIUecjICAfNEpAJLZMs80QCB6ODdklAmigytquTEY47knDNOptVqjeFpRERERGR1UYAqIiIiMontutOO3DzrGtZdczot6qAvekXw1HzUe/wKXgd90Y2QAyEZlgLkCNbiDw/8mb3e+wF++p8/H+/jjanTzzqL2TctpLQ2WIsiQ+GZwiuilxgVbqkZHfV4Blh2WkR6QqRVJY4/+khOPfmEujpVRERERCYlfZITERERmeTe9pZduPOmWazZaxS5C54pUwVUuGWyQbZ68JGR8RHT4918+E/cM5UHQquP+//yv7zjPfvypa98Bfcnqrmc/FJKnHHeRVy34A7K0EsGcq7qJ9ScvZ6/tbzXKQTcAtnqnqdmAcOIsSTELjEPcuqnjuPEEz5BjPFJ9yAiIiIiE5cCVBEREZEpYPvttuXuhTfwgrWnE3KXEMAs4UC2QG6u9Js7GCSDZE42x8PI1aqv81uLh5d1OOSjR3HLHXeM9/GeNVVVcfo553HZtXPx3jXpegt3MK+Gg+dMwK3AiARiHZ4SSBbITS/Z7Bk8QyxpFRVXXHQWx3/iCAqFpyIiIiKTngJUERERkSlih+2358brr+R5a/UQfYDgENwxB8sBc8O8ALcVvm5kZaUNF5sGPMNgp+RTp57O3Z/7/Hgc6Vl35nnnM3vBLdDbT1k57hG8AIpRv8YNcqCp7k1UqYORMMvkziCfOvooDtjvfWN6DhERERF59ihAFREREZlC3vSGHbhn4Y08f80+Yqoo3InuBAfz0HTqXPEj4IpX0+vXOYaHFl70UGbjyE98kvkLF43TqVa/siw59ZwzuGrBQgatRWj1kLIvfz4+euVoblofOBkzJ0aIIWN5kDM+dQInHvsxXdsXERERmUIUoIqIiIhMMa/eehtuvWk+687sx6oBYi4JXldIMtz9dDl3H17BbThEdCLZ2nS9RUnBaedcwI0Lbxm3c61Op51zJrPm30xFmy6BgbLEAgx1inVshecykuHEYJhnCjJF7tL2Ltd+5lyOO+aI4SBaRERERKYGBagiIiIiU9B2227LovmzmNFfQBoghBKjniSP5Sf4yqEKzLrPZyaSKUi0WDZYccpZdYg6WQdLdcsuJ556MvMW3kU3T4NcEDPEnIheEihxS+SQH1eZO8Qy5G6XkBKhLAndQS4//2z23/e9qjwVERERmYJGb+4kIiIiIpPa6163HXfdehMHHX4Mf/zLo2CROgt8/DX+5ZZfY3dvrqobmBuhp5dO1eXTZ5wNnjn0Qwc94z2WZcWvFy/mkUcf5dElS/jV4sVUVWK9ddfhJRttxLT+fjZ72UtptVrP/L2qio+dcCx3f/5LVDYDs35CNVBXnVoGcjM0qglOWXklaTQoCPWgrlxy1ikncdD+H3jG+xMRERGRiUkBqoiIiMgU9vrXbsdtN81m/4MP58H/XUJKEYsByHgogIgB0ROBTGUJHw4O6ypT87pP6kCZKUKBe8WnTz+bnp5eDnz/vk95T3984AH+8Z/+iS/8w79w358e4NeLf0un0yF73V4g5Ca8zYl2q2CTjTfipZu+hPe/d2/euftbabWe3kfYU888i9s++yXK0AsZgnfAIA8HyvX7mhmBemUibgEHiuCQSjIdYgFpcIBzTv40x3z08Ke1HxERERGZHGxwcHBy3r8SERERaPpX3n///WyyySbjvRWZwP7vT3/Kvh88hAcefIRuNggFObTBCgwjeiJ6orTMyj8cOm71pf7gibZlQio578zT+Ohhh6zSHn7ys59z1XVz+MKXvkwOgcpalFX1+J6hTZcBMwNz3BOdzgCtaKw5vc0xR32UIw45lLXWWnOV3rcsS84893yuv/kWBkOb5KG5tg+5CUdp/r80fG0fMAski2QCAbDUIXpJ0crkcpDzTjuFj330cPU8lVEtXryYDTbYQH9HREREJjn1QBURERF5DnjVlltyx83z2GjDdWmRCTjB66v5uIFHnKK5vr9yBvVrMXIGa/Vw6jkXcssddz/hez+6ZAlXXjebXd+xH/d+8Wt0vJfBKpITBGuRE+BheJnFOuAFkjspOz19/RBbPNJ1zr/0at68+55P+r5DTj/3Qq696Q7K0A+xF6fpUzo8VOvx3CBZJlvGQyZbIhRQtICyy9GHfpijDjtEwZiIiIjIc4AqUEVERCY5VaDKU/HzX/ySd733QB746xJSaEPorSss3TEyyUp8lFCxmU1fT6E3h5SIRcRy4oIzT+bwD3/wcYHiw488wsFHHMW/f/enLOuAW4tshlnGU2e44nPkUCrPBhkgYwFyTsQYyJ7IDiEYOVW0C2Pvd+zBNRefy4zp0x+336qqOOPc87lm/m10Qw+ENiklMKfwkugJt/aIlgUrHBYPhoe63sA8UaQudJdy8nGf4MTjPr5a+rLK1KYKVBERkalBFagiIiIizyFbbL4Z9955Mxu/cF0iJXgXrMItjVqNSVN92lxsxwlUOVCFFmWOVNbihFPPYdYNN67wNQ8//DAf+NChfPM/fkTZdUJsU3c5zSQSZqH+fr78HYYHWFnALdb9SUMgueME8tCV+tgme8G9f/cP7H3AYTz00F9WeO+yqvjUyaczZ8HtVKFFpg5iDSM0x8z1Pf3l1/Yfs6I7VBWUJb2eaOcupxz7MU498XiFpyIiIiLPIQpQRURERJ5jXvk3r2D+nGt4/nozyT6A0YSooXzCELVm4IHsgeSRikgiQLuHsz9zGZdecQ0DAwM8/PAjfPDDH+WHP/wFuQzkHKi6XYyEWf1rfWU/Pn7VHUeb97IV/j2410OtmmFP5MyPfvhjDjn6OB55dMnwLk866RQW3f05utaPYxReUuSKwnMdjDZB8GiC1xW2bYweM6qBAY4/+khOPP641fiTEBEREZHJQFf4RUREJjld4Zen6yf/+XP2/8hR/Nd9f8KswLM33VFthV6oNvKSuxve9CalqSDFEoGS/iJgVZejDzuUKjtzblyE50B2I2GEViR5RQ4VDlhqr7TnavbmBj9O/bu6btXMseyYQcAwMq0ikqqKIgS2e/WrmHfd5Rz+0SP5wY9/yrJUUFovxIqQO+BF3evVrO5tak6kNWIP3tTZ1tGq5YoYAl51Ofe0T3HMEep5Kk+NrvCLiIhMDQpQRUREJjkFqPJM/PQXv+BDRxzN4t/9kZQiGCQi2Qrc64rP6FXdHzUEcs64OyEMVW8alkvMEyEGghntVosqJVLKTSA7mpVXgNb9UOv3cYeR2VMY8c2GrtrTVIzmzgCbbfFy/t/i35KDkc3qFgCEelgWda/VlHOzcyhCGzcjGWBOdMdSxshYKzOtFbjuovN417v2JAZd3pKnRgGqiIjI1KBPgSIiIiLPYVtuvjl3LbiRTV74AmLuYt5UX7phHla8Zr9SdUUoFsCN7LB0oEOVvOlbOponCpR8lN+P3mCgcsfaPfzq17+t92JxuGtrs8v6a0f0OMXqkDUZZMsQnOQVIUIMDp0BrrrgXPbZey+FpyIiIiLPYfokKCIiIvIct+nGG/P52xex4+u3JeZE8Fz3GoUm6Iz1pfZR0ku3CCGQMbIbFiNlSmRf/VV3bvXwp2wr/j4UkSo7od1LaoJcPGA+VH263MhBURlvrvNnslc4iWAVPTFz8blnsO973rXazyAiIiIik4sCVBERERHhhRtuwM1zZ/G6bbbEqi7mFcGa6/PWDGwyCCGMuL4/UvPi5gtiLEZ53ePVV/ZHfKcm3Bx6r/oqf71G/vnIu/3JHdotujmRzZ6wwnVkgOpkzJxAxryiTUlMHa76zLkccciHnsITFBEREZGpSgGqiIiIiACwxhozufeOBWz/mi0xH8TogJVgqV6Nx/ZzdIxMWOl6ImY2HIw+0WtWCDyDDVedPnZVZiQLuMXmvYfW6GFqywKhSsTs9OBMKwLXX3Yh73/fPk/p2YmIiIjI1KUAVURERESG9ff3M/f6q9h6q81w72BWgZW45VG/xs1wCytZT1wJuqpWrBhl5csMJ5CtXhCWX+EfZQ8GxOy0MNpAL87Ns65hv/e99xnvWURERESmDgWoIiIiIrKCjTbcgL+7fRHbb/M3BO/iuQJL5FDhIeHmdfpoDpYw8kpjTfPh361kQXYfvva/kq8eXs2b4WZNP9PHL3PDcIIv/w7D/7hj7phngmciUBhEc7J1wLr44KPccdMNvO2tu4334xcRERGRCUYBqoiIiIg8zhozZ/C3i+az42u3oYgOwSBUTSQJWGiqQofC0sevOsRcWXi6PEStv9djA9THvK6paB26jm++slVXkwZfHqK6Odma/Xo9dap+rZOrilxVYF36e+CeW+ezy05vHu/HLiIiIiITkAJUEREREVmpGTNmcOuNc3jz615NSB1ihuBG8Ih5BC+AYsJ/pHSLpNDCQ0EOkcodi5EQI7Esufm6a9ht113Ge5siIiIiMkFN7E+7IiIiIjKuZs6YwR3z57Lj615DqDIttzpIzYHgActFc61+4vIQyM3yABbAzGkH+OytC3nbbm8Z7y2KiIiIyASmAFVEREREnlB/fx+L5s5i1ze8jpC6WKqIXvc4najRac6ZnDPudQ9UyBiOp5KekOkLiVvnXKFr+yIiIiLypBSgioiIiMiTWmPmTG6dP4c3vHZrilBhVoJVQGrmQNnwmghG7se8InoJaYC2VYRqgDvmz+Jtb911vLcpIiIiIpOAAlQRERERWSX9fX3ctmAuO71xO6DEqDDL9dgno17jvcnGCgEqmXaEkEum9QRuXzCXnVV5KiIiIiKrSAGqiIiIiKyyGTOmc9MN1/CG121FTl3MIzE40UoiGcuZAmiRaVFh+BjtzMgWh5eFiDtUVUUMGaPDzP6COxfM08AoEREREXlKFKCKiIiIyFMyc8YM7l44n9132oHCO3gqcZyMNR8vI47hY3idv55jFcAMs7oHaoyBdquAqsuarciX772LN+3w+jHbk4iIiIhMDQpQRUREROQp6+vrZf7sq9ljtzeQ0wApO9khWUEi1r9agY/RpX6jbiEQcCKZggSpS8sTG629Fvfcdgtbv3LLMdmLiIiIiEwtClBFRERE5GmZMX06866/hve+a08sJ6yuOwULw1fpWc1VqO4rbwkQLGCeCAbRIJAovGKDdWbw95+7m9e8euvVug8RERERee5QgCoiIiIiT1tPTw/XX3oJH9j7ndBdRsglwYfC1KHK0HqY0+rg7sMh6shBUSlVhBCgKiEnChJves1WfPOrX2bTl7xotby3iIiIiDw3KUAVERERkWekv6+XKy88h7332I1QDULuDAepYyWEgLuTPVMEeNXmL+eWBXNZY42ZY7YHEREREZmaFKCKiIiIyDM2rb+fuddewV577Erh3fo6vYNh4IA7wWz4mr9RV5H6iDXEzes18s+Gvirk5n83sAAEjEAwAy8pLPPqLV7K/LnXscYaa4z5cxARERGRqUcBqoiIiIisFr29Pcy6+hLeu/fbqDodcm5hHihCAdmxnInuWE6QEzmwwkrNypbJoV4pGClEshVki5SxooqZZJGcCqL1YVWgcKdggDdu+wruumU+G79oo/F+HCIiIiIyRRTjvQERERERmTqmT5vGdZddQk+7n1vv+Xu67pTdTIytpoq0wIFMBvdRZkwF8Lz8X315jWrILcwKggeKGPHuILFwctVhu61fwT23LqS/v3/MzisiIiIiU58qUEVERERktWq321x72YVcfv7J9LYzrbaT0iAhRjKRRAunhWGYs5JlmIfm16HL+xlzJ+QeYiqIDiF3aRWJPPgw733n2/jsbbcoPBURERGR1U4BqoiIiIg8Kz584P7cceNsXv7iDQi5g3mJeYWXnaY3qkN2wuOCVMM8Yh4hO7iTq4pcdigcCneid/DuI0zvycy97hJmXX0xM2fOGO8ji4iIiMgUpABVRERERJ41u+34Zv7l7z7Hqccdwxo9huWl9PU6gUGCe/1hNGdC88E0AMFDs4xoEVJFINFuR1pWEdKjzOxNHPORA/jJ9/6N/d67N+1Wa7yPKiIiIiJTlA0ODvoqvE5EREQmKHfn/vvvZ5NNNhnvrYg8od/f9wfmzF/Aglvv5OEly0jWRywKPGdWaIbqEYhABhLuFSEYg0sf5cUbrschB+7Lge/fjxdt9MLxPI7Ik1q8eDEbbLABtvJmvyIiIjJJKEAVERGZ5BSgymTzwJ8f5J6//Tyf//I/8eMf/5gly5bh7oQQiDGS6qJUyIlpfX1Mn9bH7m/ZlT33eDs7vG5b1pg5c7yPILJKFKCKiIhMDQpQRUREJjkFqDKZdTodvvnv3+LBBx/EPcPQJ9NgPG/ddXnttq9h5nT1NpXJSQGqiIjI1FCM9wZERERE5Lmrp6eHXXbaeby3ISIiIiIyKg2REhERERERERERERmFAlQRERERERERERGRUShAFRERERERERERERmFAlQRERERERERERGRUShAFRERERERERERERmFAlQRERERERERERGRUShAFRERERERERERERmFAlQRERERERERERGRUShAFRERERERERERERmFAlQRERERERERERGRURTjvQERERGZGLrdLg8++CB//etfGRwcHO/tiIiMi97eXtZaay3WWWcd2u32eG9HREREJgAFqCIiIkK32+U3v/kNfX19rLfeehSFPiKIyHNTVVUsXbqU3/zmN2y66aYKUUVEREQBqoiIiMCDDz5If38/z3/+82m1WpgZZjbe2xIRGVPujrszY8YM/vSnP/Hggw+ywQb/n737jo6qTPw//pmUSSGkEdLooRoBKUEIQZoBAcUfxYIUUUHQL0UUO2BZEQs2iroCsrAooAhBQYogRHBFIEBABAQSiiGkDCQhbZJJMr8/hFkCuYAsMlHfr3M8O/PMnWc+d5KTw/nsc58b7uxYAADAyShQAQCAsrKyVLNmTXl4eFCcAvjbOvf3z8XFRf7+/kpJSaFABQAA3EQKAABIVqtVPj4+lKcAcLZI9fHxYT9oAAAgUaACAIBzKE8B4L/4mwgAAM6hQAUAABJlAQCUw99EAABwDgUqAAAAAAAAABigQAUAAAAAAAAAAxQ9X60+AAAgAElEQVSoAAAAAAAAAGCAAhUAAAAAAAAADFCgAgCAa+bbb7/VuHHjnB0DAAAAAK4ZN2cHAAAA+LOxWq369NNPtW3bNlmtVtWvX19Dhw5VnTp1nB0NAAAAwDXGClQAAIDfacGCBdq7d6/Gjx+vN954Q76+vnrjjTdUVlbm7GgAAAAArjFWoAIAgKv2yy+/aPbs2UpLS1Pjxo114403lnt906ZNiouLU2Zmpnx9fXXHHXeoV69ekqSSkhLNnTtXmzZtko+PjwYNGqS4uDj169dPHTp00N69e7VgwQKdOHFCnp6eateunR544AG5ubmpqKhICxYsUEJCgvLy8tSwYUM9+uijCg4OliQ9/fTTiomJUXx8vMLCwpSYmKjnnntOzZo1c2SbOHGiIiMjNXDgQO3Zs0eLFy9WSkqKvLy8dMcdd6h3796SpPnz5ys/P195eXk6dOiQZs+eLbvdrgcffFCNGjWSJN13330aM2aMLBaLIwMAAACAvwZWoAIAgKtSUlKit99+W61atdLcuXM1YMAArVu3zvH6iRMnNHPmTA0aNEjz5s3T6NGjtWDBAh0+fFiStHr1aiUkJGjKlCmaOnWqtmzZIovFIpPJJEl67733FBsbq/nz5+v111/XoUOHtH79eulsqXn8+HFNmTJFc+fOVePGjfXKK684VoC6ubnp22+/1bBhwzR69Gg1b95c27dvd2TLysrSwYMHFRMTo4yMDE2dOlU9e/bUvHnzNGnSJK1evVrx8fGOuXbt2qVmzZrprbfekiSNGDFCzZs3Lzef2WyWn5/fdfnuAQAAAFw/FKgAAOCqHDx4UGfOnFHfvn1lNpvVsGFDtW3b1vF6WFiYPvroI0VFRcnNzU2RkZEKCwtTcnKyJGn79u3q2LGjateurapVq+r++++X1WqVJJWWlspqtcrHx0eurq4KCgrSa6+9ph49eqikpETfffed7rrrLgUGBspsNuuee+5Rdna29u/f7/j8yMhINW3aVN7e3oqOji5XoG7btk01atRQnTp1tGnTJtWtW1e33HKLXFxcVLNmTXXv3t1RoEqSp6enevbsWWFBWlBQoFmzZqlfv37y8PD4w75vAAAAAM7BJfwAAOCqnDp1Sj4+PvLy8nKMhYeHKzExUZLk4uKizZs3a+PGjcrNzZXJZFJubq5sNpsk6fTp0woNDXW8NzQ0VN7e3pIkV1dXDRw4UDNmzNCXX36pFi1aqFOnTgoLC9Pp06dls9k0efLkizJlZGQ4thEICQlxjLdp00YfffSRkpOTFRERoa1btyomJkaSlJ6erl9++UX33HNPubmCgoIcj8+f63wWi0WvvfaamjZtqn79+l3lNwkAAACgMqNABQAAV8Vmszkutz+nuLjY8Xj9+vVavny5nn32WcdeoU8//XS5493cjP8p0qtXL7Vv3147d+7U9u3bNX78eD3xxBNq0KCBJGnq1KmXvOu9q6ur47G3t7duuukmbdu2TcHBwdq3b58efvhhSZLZbNbNN9+sJ5980nCuinIeP35cr776qnr06KG+ffsavhcAAADAnxuX8AMAgKsSGBio3Nxcx2X3kpSamup4/Msvv6h58+aO8jQ/P7/c676+vkpPT3c8t1gsKigokCTZ7XZlZ2fL399fXbt21TPPPKPY2Fht2LBB/v7+8vT01LFjx8rlycjIuGTe6Oho7dixQwkJCapbt67CwsKksytfjx8/Xu7Y7OzscmXwhTIyMjR58mTdd999lKcAAADAXxwFKgAAuCqNGzeWh4eHli5dqsLCQu3bt89x+b4kVa9eXcePH1dBQYFOnz6tWbNmKSgoSFlZWZKkFi1a6LvvvlN6eroKCgr0ySefyNPTUzp7A6rRo0drz549Ki0tVU5Ojn799VfHHe67d++uL774QidOnFBJSYnWrl2rp59+2lHAVqRNmzZKTU3Vhg0b1L59e8d4x44dlZWVpbi4OBUXFysjI0NTpkzRV199ZTjX3Llz1aJFCzVr1kynTp1y/Hep0hUAAADAnxOX8AMAgKvi5eWlp556SnPnztWqVavUpEkT9e7dW6tXr5Yk9ezZUwcOHNDIkSMVGBiooUOHKjs7W3PnzpWvr6/uvPNOpaam6plnnpGvr6/uv/9+HTx4UCaTSTVr1tTw4cP18ccfKzMzU97e3mrdurXuvfdeSdI999yjwsJCTZo0SSUlJapbt64mTJjg2EPVKG+LFi20fft2jR071jHu5+enp59+WgsWLNCSJUvk6+urDh06GK4stVqt2rlzpySVu9GUJD3xxBNq167dNfl+AQAAAFQOJqvVand2CAAAcPXsdrtSU1MVERFx1XPs2LFDrVq1umhP0z9aUVGR4871paWlGjJkiF544QU1adLkuuYAgAvZ7Xbt3LlTrVu3vuo5kpOTFR4eft3/tgIAgGuLS/gBAIBTrFmzRmPHjlVKSoqsVquWLFkiHx8f1atXz9nRAAAAAMCBS/gBAIBTdOvWTenp6Xr55ZdltVpVp04dPfXUU44VqQAAAABQGVCgAgAAp3B1ddXQoUM1dOhQZ0cBAAAAAENcwg8AAAAAAAAABihQAQAAAAAAAMAABSoAAAAAAAAAGKBABQAAAAAAAAADFKgAAECenp4qLCx0dgwAqDQKCwvl6enp7BgAAKASoEAFAAAKCAhQVlaWs2MAQKWRlZWlgIAAZ8cAAACVAAUqAABQUFCQcnNzlZqaykpUAH9rhYWFSk1NVW5uroKCgpwdBwAAVAJuzg4AAACcz2w2KyIiQhaLRcnJybJarc6OBABO4enpqYCAAEVERMhsNjs7DgAAqAQoUAEAgHS2RA0PD1d4eLizowAAAABApcEl/AAAAAAAAABggAIVAAAAAAAAAAxQoAIAAAAAAACAAQpUAAAAAAAAADBAgQoAAAAAAAAABihQAQAAAAAAAMAABSoAAAAAAAAAGKBABQAAAAAAAAADFKgAAAAAAAAAYIACFQAAAAAAAAAMUKACAAAAAAAAgAEKVAAAAAAAAAAwQIEKAAAAAAAAAAYoUAEAAAAAAADAgJuzAwAAgMqhuLhYFotFWVlZslqtzo4DAE7h6empgIAABQUFyWw2OzsOAACoBChQAQCAiouLlZSUJC8vLwUHB8vNjX8iAPh7KikpUX5+vpKSklS/fn1KVAAAQIEKAAAki8Uib29vhYSEyN3dXSaTSSaTydmxAOC6stvtstvtqlq1qtLT02WxWBQeHu7sWAAAwMkoUAEAgLKyslSzZk15eHhQnAL42zr398/FxUX+/v5KSUmhQAUAANxECgAASFarVT4+PpSnAHC2SPXx8WE/aAAAIFGgAgCAcyhPAeC/+JsIAADOoUAFAAASZQEAlMPfRAAAcA4FKgAAAAAAAAAYoEAFAAAAAAAAAAMUqAAAAAAAAABggAIVAAAAAAAAAAxQoAIAAAAAAACAAQpUAAAAAAAAADBAgQoAAAAAAAAABihQAQDA/8Rut1+zsWs51+8ZAwAAAAAjFKgAAOCq2Gw2TZkyRYMGDdIHH3xgOHby5Ek9/vjjGjp0qNatW2c4lpCQoGHDhunRRx/VwYMHf9fY4sWLNXjwYE2cOFFnzpypcKyibAAAAABwORSoAADgqmzZskWJiYkqKSlRfHy89u3bV+HYl19+qRMnTshqtWrevHkqKSmpcGz+/PnKy8vTqVOntGjRIkm6ojGLxaJly5bJZrPp4MGD+uabbyocqygbAAAAAFwOBSoAALgqbm5uFz2vaMzV1dXx3MXFRSaT6bJj5+a5krHzn19qrKJsAAAAAHA5FKgAAOCqtG3bVu3atZOnp6d69OihRo0aVTjWt29f1a1bVz4+Pnr44Yfl6upa4dhDDz0kf39/hYWFadCgQZJ0RWMBAQEaOHCgvLy81LRpU3Xv3r3CsYqyAQAAAMDlmKxWK3dSAADgT8xutys1NVURERFXPceOHTvUqlUrmUyma5oNAP6s7Ha7du7cqdatW1/1HMnJyQoPD+dvKwAAf3KsQAUAAAAAAAAAAxSoAAAAAAAAAGCAAhUAAAAAAAAADFCgAgAAAAAAAIABClQAAAAAAAAAMECBCgAAAAAAAAAGKFABAAAAAAAAwAAFKgAAAAAAAAAYoEAFAAAAAAAAAAMUqAAAAAAAAABggAIVAADI09NThYWFzo4BAJVGYWGhPD09nR0DAABUAhSoAABAAQEBysrKcnYMAKg0srKyFBAQ4OwYAACgEqBABQAACgoKUm5urlJTU1mJCuBvrbCwUKmpqcrNzVVQUJCz4wAAgErAzdkBAACA85nNZkVERMhisSg5OVlWq9XZkQDAKTw9PRUQEKCIiAiZzWZnxwEAAJUABSoAAJDOlqjh4eEKDw93dhQAAAAAqDS4hB8AAAAAAAAADFCgAgAAAAAAAIABClQAAAAAAAAAMECBCgAAAAAAAAAGKFABAAAAAAAAwAAFKgAAAAAAAAAYoEAFAAAAAAAAAAMUqAAAAAAAAABggAIVAAAAAAAAAAxQoAIAAAAAAACAAQpUAAAAAAAAADBAgQoAAAAAAAAABihQAQAAAAAAAMAABSoAAAAAAAAAGHBzdgAAAFA5lBbbZE3PVFF2jsqKbc6OAwBO4WJ2l4e/rzxDguVqdnd2HAAAUAlQoAIAAJUW25RzMEkmk+Tq5S53H09nRwIApygrLVXxmVwV5eTKr1F9SlQAAMAl/AAAQLKmZ8hkkty8PeTi6ursOADgNC6urnLz9pDJRSpMS3d2HAAAUAlQoAIAABVlnZGLBxemAMA5LmY3FWfnOjsGAACoBChQAQCAymw2Vp4CwHlcXF1VZmM/aAAAQIEKAAAAAAAAAIYoUAEAAAAAAADAAAUqAAAAAAAAABigQAUAAAAAAAAAAxSoAAAAAAAAAGCAAhUAAAAAAAAADFCgAgAAAAAAAIABClQAAAAAAAAAMECBCgAAAAAAAAAGKFABAAAAAAAAwAAFKgAAAAAAAAAYoEAFAAAAAAAAAAMUqAAAAAAAAABggAIVAAAAAAAAAAxQoAIAAAAAAACAAQpUAAAAXJHEObP18ycLrvm8toICrR4xXLkpKZc9Nn3XTq1/fNw1zwAAAAAYcXN2AAAA8NewadIE5aenV/hak7vuVr3ut133TOckzJgmr4BA3Th4iNMyXAulRUU6sfVH1e7YydlR/meZe/bIOyREVUJC5ObhoZvHPymv6tWdHQsAAAC4CAUqAAC4ZiJ69FTNmA4XjZurVnVKnr+arOQkpWze9JcoUJPWrFJEj56qEhIik6urqjVu4uxIAAAAQIUoUAEAwDVj9vFRlZAQw9f/88o/FNamjVK2/KCqYeFqev9QrR83Vs2HPqj9S5eoYe87VadLV50++IsOfPGF8tNOyuzrq9CWrdSobz+ZXFy0/7PFshUWylaQr+ykZN369jtKmPauPPwD1GzoA5fNmLF7t/Z/tkgNet+p4xs2yJqTI9/atXXTsOFy8/KSJCWvXqXj38XLlp+vgEaNdOPAQfKqFiRJOha/Ucc2fKuirCx5Va+uiG63KTw6+nedn2X/Ph1cHqf81FS5enmpXmy3cit0K/r8/IwM7ZgxXWWlpfpmzCi1f36CfMLCy51bidWq/Z8tVvqunTK5uiq0VSvdcM8Aubi7X5St5SOPqsCSqX2LFio7+YhUVqqQVq0VOeA+uXp4OM71yJrVshUWKvzmm2W64Ls8un6djn8XL+vp0/IMClLkvfcpKDLyt+9i8isKb9tWWYcOKT89XaVFRWpy990KbR2lbW+/pazDh7Xrnx8qtHWUIu8bqPXjxqrDCy+pas2ayj5yRAeWfKbcX3+Vi9mskBYtFDlgoFzc3S/6eR7buEFH130ja3a2PP39VSe2u+p27XrZ3wMAAADgSlGgAgCA68bk5qpfv9+spoOGyLdOHUchlrp9q6KfflYeAQGyZmVp+3vv6oYB96lmdHvlpaVp+3vvyuzrq3rdusvF3V2Z27ap/u23q9nZS/LD27aTm6fXlWVwdZE1O1t5J08qesJElRYV6ftXXtaJH/6jOrfGKnXbVh1Zv06tR42Rd0iw9i9erMTZsxX97HNK25GgQ3HL1Hr0WPnVq6f0xEQlzv5I3mGh8q9b74rOr8CSqZ0fvK8bBw9ReJublZ+WpoTp78ns46Ma7WMu+fmN+/VX6tYf1X7CpArP7Zcvlig/PU0xk16U3V6mne+/r8MrvlKjfv0vymYvK9OOGTNU7YYmajniEZUWF2vP3I/186KFav7Ag8pN+VX7Fn6q1qPGKCgyUqnbtmr/4kUKb9vut3PatlVJq1cpauw4+daqpcyfftKOmdPV4aV/qEpwsEyuLjq24VvdPP4peQcF6fim77T3k08U2qq1bh7/pNY/NkbNhw1XcPObZCso+O9J2O3a9eEHCm/XTm0eH6+inGxtf/cdHdu44aJtIPJOnNCBJZ8r+tnnVLVmLeUcPaqEae+qWqOGqlqz1tX9kgIAAAAXoEAFAADXzMHlcTq04quLxru+9Y7czq5qDGzYSNVuuEGSVGqzSZJqtItWldBQSdLxDd+qSmio4zJ131q1VCsmRmk7d6pet+6SJDdPD9Xteqtj/vB20b8rZ1lJiSJ69JQkuXp4yK9uPeWlpUmSTvzwH9WIbi//iAjp7P6tlgP7ZS8rU8r33yu8fYwCGjaUJIVFReno+nXK2LVL/nXrXdH5HV33o3xr1VKNs0WkT3i4anfqrJQf/qMa7WMu+fmXO6fUrT+qxcMj5VWtmiSp+UMPqehMruOY87OdPnRQ+Rnpaj9holzNZrl6eKhB7zu19a031XTQYKXt2iW/uvUUfNNNkqSaMR10bMO3jrlSvt+sWrd0lF+dOpKk4JtuUrXGTXRy649q0PvO38ZatJR30G8rd6s1biJbfp6KcnPl4etrfCImk2ImTpKbl5dc3N3lHVRd1W9sqpyjRy861FZYKJPJJPcqVWRycZF/RIRufXeaTC7cJxUAAADXDgUqAAC4ZurGdqtwD1Q3s9nx2Ds4+KLXvc+7eVCBxaKq4TXKvV4lLEwpP26p8Pir4Wo2y93b+7/P3d1VWlz82+dnZiqkRSvHax5+fo6yMz8zU8EtW5bPFhqiwlOWKz+/zExlHT6s1SOGlzvGKzDwsp9/KcVnzqikqKjcZ/nWql0+x3nZCjMyZS8t1Tej/++iuaw52bJmZck7qFr5cw0J/e95ZGTq1IEDSlr1dblj3H3/u9+tp7+/47Hr2dW4577nS8k+ekRJq1apIDNDkkmlRVZVO7s1wPn8IyIU3LKVNk2aqMCGjVS9WTOFR7eXuUqVy34GAAAAcKUoUAEAwDVzuT1QJcnF1fXiwYrGLlBmK3E8Nl3B8ZdkunA3z/Kv2WX/XdOdn+1y5+dqNiukZSu1evTi4vJqP//c+yTJbjd+7/nZXMzucvf2Vux70ys8tqykRLpg19NSW7Hc5e14f+S9A1Tn1thLRLrE92wg78QJ7fzwAzUdPEQ12kXL5Oqq/Z8tVsF5JbVjfhcXtRj+sPJO3q6M3buVuvVHJa1epejnJjhWvgIAAAD/K65vAgAAlYp39erKPZFSbiz/5El5B/9vq06vVJXq1ZV/8qTjefGZHB3+eqXKbDZ5BwcrL/VE+Wxp6fK+TGl8vorOr+jMGcfl/pf6/Evx8POTq9msvLT/vjf76BGlfL/ZIEewbAUFKjx1yjFWUlSk4jNnpLOrRy8sLfPT08u9/0xK+fMoPGW57FYDl5Nz9KjcvauoZkwHR1GeXcHl+zpb8try8uQTFq6IHj0V/dwEefj5KSNx1/+UAQAAADgfBSoAALhmbPn5KrBYLvqv6GwpdyXC27VTfnq6Ur7fLHtpqXKOHtWv//leNaNjDN+T+uMWZSQmXpNzqBHTQak/bpFl/z4VnzmjA8uWKmPPbrm4u6tWhw5K3bJF2UeOOPYczTl6ROE3t73y+du1U1FOjpJWr1JpcbEKLBYlTHtPyWtWX/bzXdzdVZRzRra8vIsKVZOLi2pER+vwyhXKP3lS+RkZ+vmTT5SfkVFhDr+6deVfp672f7ZYtrw82QoKtG/hp0qcPUuSVL1pU+UcOaL0XTtVYrXqWPxGFefkON5fp1Nnndy2VRk//SR7aalOHzqo//zjZWUdPnRF34OLu7sKMjLK30BKkmdQNdkK8pWXmqqSwkIdWvGVyoqLVJSdc9EcKd9/ry1vvq78tDTZy8qUf/KkinLOyOvs6tOjG75V6nlbPwAAAABXg0v4AQDANZO0epWSVq+6aLxakya6+Yknr2gOT/8AtXzkUR366ivt/2yxzH7+atDrdtXu1MnwPalbf5SHf4CCW7T4n/JLUlhUGxVlZ2vPx3NUWlQk/4aN1HLEI5Kk0FatlZ+ert0fz1bxmTOqEhKiqMfGqWrNmlc8v9nXT63+b5R++eILHV7xlcw+VRXetq0a9Lr9sp9fvWlTHVm7VhufeUpR4x5XYMNG5eZucs8A7Vv4qX547VWZ3NwU1jrKcUOnitw0cqT2LVqojc89Ixc3d1Vr0kQ3DX9YkhTYqLFuuOde7Vu8SCWFharRtp1Co9rIbv9thWn15s3VuF9/7fv0ExWdyZFXUJBuGHCfAhs1vqLvoVbHTvpl2VJZ9u/TTcMedoxXa9xEtTp00I9vvCYXs1l1ut6qZg88pG3vvq0dM2eoZkzMeXN0VIElU1vfelO2ggJ5+vurbmysQlr8tk+t5ac98vAP+N03GQMAAADOZ7JarVexyRYAAKgs7Ha7UlNTFXH2ru1Xw7JjjzwCq17BkQDw91F0OldBrZtf9fuTk5MVHh5+VfsBAwCAyoNL+AEAAAAAAADAAAUqAAAAAAAAABigQAUAAAAAAAAAAxSoAAAAAAAAAGCAAhUAAAAAAAAADFCgAgAAAAAAAIABClQAAAAAAAAAMECBCgAAAAAAAAAGKFABAAAAAAAAwAAFKgAAAAAAAAAYoEAFAAAAAAAAAAMUqAAAAAAAAABggAIVAAAAAAAAAAxQoAIAAAAAAACAAQpUAAAAAAAAADBAgQoAAAAAAAAABihQAQCAXNzdVVZa6uwYAFBplJWWysXd3dkxAABAJUCBCgAAZPb3VVlRibNjAEClUVZcIrN/VWfHAAAAlQAFKgAAkFdosOxlZSopLGIlKoC/tbLSUpUUFsleWiav0BBnxwEAAJWAm7MDAAAA53M1u8uvcUMVpmWoOOeMbMUFzo4EAE7hYnaX2a+qvEJD5GrmEn4AAECBCgAAznI1u8undg1JNZwdBQAAAAAqDS7hBwAAAAAAAAADFKgAAAAAAAAAYIACFQAAAAAAAAAMUKACAAAAAAAAgAEKVAAAAAAAAAAwQIEKAAAAAAAAAAYoUAEAAAAAAADAAAUqAAAAAAAAABigQAUAAAAAAAAAAxSoAAAAAAAAAGCAAhUAAAAAAAAADFCgAgAAAAAAAIABClQAAAAAAAAAMECBCgAAAAAAAAAGKFABAAAAAAAAwAAFKgAAAAAAAAAYoEAFAAAAAAAAAAMUqAAAAAAAAABggAIVAAAAAAAAAAy4OTsAAACoXL75+Rst27FMSRlJyi/Kd3YcALguqnhUUYOQBrqr9V26NfJWZ8cBAACVCAUqAABwmBA3QZ4enhrfc7zC/cJVxVzF2ZEA4LrIL85Xak6qFm1bpPiD8XqlzyvOjgQAACoJClQAACBJen7Z86oTUkcjY0Zq9erVGv76cB09elRnzpxxdjQA+EP5+vqqbt26ev755/XC7S/og80faELcBL3a91VnRwMAAJUAe6ACAAB9vedrmdxMGhkzUq+99ZoGDhyoPXv2UJ4C+Fs4c+aM9uzZowEDBmjqu1P1f7f8n0pNpVq7d62zowEAgErAZLVa7c4OAQAArp7dbldqaqoiIiKueo7h84br0dhHlf1Ltu666y65VXVTzdtryq+xn9x93a9pXgCobGxnbMr5JUcpX6eoJLdEy5cvl2ddT30c/7FmDZ111fMmJycrPDxcJpPpmuYFAADXFytQAQCAjlqOqnFwY82YMUOSVLtPbQW1CaI8BfC34O7rrqA2Qardp7YkaebMmapfvb6OZB5xdjQAAFAJUKACAAAVFBXIx+yjxMRESZLfDX7OjgQA113VhlUlSXv37lWQd5Dyi/KdHQkAAFQCFKgAAMAhJydHkuTq4ersKABw3blX+W3VfVpamrOjAACASoQCFQAAAAAAAAAMUKACAAAAAAAAgAEKVAAAAAAAAAAwQIEKAAAAAAAAAAYoUAEAAAAAAADAAAUqAAAAAAAAABigQAUAAAAAAAAAAxSoAAAAAAAAAGCAAhUAAABX7YHWD2jdQ+tUy6/Wdf3c9+98X9N7T7+unwkAAIC/JzdnBwAAAAB+rw3JG2S3250dAwAAAH8DFKgAAAD401m6d6mzIwAAAOBvggIVAAAA10X72u01oPkA1QusJ5PJpGNZx7T056XakLTBcYxJJg1tNVQ9GvWQj4ePDloO6v0t7+vB1g8q2CdYI+JGSGcv4S+1l2rsirGSpBm9Zyi3KFcLEhdoRJsRalCtgfKL8/X9se/10baPZCu1Oe28AQAA8OdGgQoAAIA/XKd6nTSxy0T959h/9OnGT1VaVqqu9bvquU7PycPVQ6sPrpYkDWwxUINaDNK6w+u0IWmDavvX1ivdXlF+cb6KS4sN5y8pK1Etv1p69OZHNWv7LKXkpOiWurdobPuxyszP1Gd7PruOZwsAAIC/Em4iBQAAgD/cQ1EPKSUnRf/Y8A9t/XWrEk4k6M1NbyrpdJIGtxwsnV192jeyr37O+FlvbnpTCScStOznZZq1fZbqBtS95Pxl9jKFVg3Vu/95V3vT9yrbmq0VB1YoLS9NrWu0vk5nCQAAgL8iClQAAAD8oYKrBCu8ari2/LpFZfaycq9t+3WbgqsEK7hKsIKqBMnP0087Tuwod8ymI5tUYCu47OdkW7N1JOtIuTFLvkWBXmuTFm4AACAASURBVIHX6EwAAADwd8Ql/AAAAPhDVatSTTpbZl7odOFpxzGlZaWSpKzCrHLHlNnLdDL35GU/J7sw+6KxMnuZXEysGQAAAMDV41+TAAAA+GPZf/sfk8lkfIjdLncXd8djAAAAoLKgQAUAAMAfKjM/U5IU5B100Wvnxiz5FuUW5UqS/Dz9yh1jkkmhPqHXJSsAAABwIQpUAAAA/KEsBRYdzzmu6NrR5S6nN8mk6NrRSslJkaXAohNnTqjAVqA2NduUe39M3RhVMVdxQnIAAACAPVABAABwDdxa/9aL9i6VpMSTiTqWfUwfb/9YL8W+pEldJ2nNwTWSpG4NuqmWfy29suEVSVKpvVRrD61V38i+Gh09Wj8c+0F1A+rqjiZ36Fj2set+TgAAAIAoUAEAAHAtDGoxqMLxaT9M07HsY/rh+A+atG6SBrUYpEldJ8lutyvpdJImrZukrb9udRw/e/tsubu4q2tEV3Vv0F0/Z/ysF9a/oGc6PsPNoAAAAOAUFKgAAAC4avN2zNO8HfOu6Nitv24tV5ZWxFZq07QfpmnaD9PKjQd4Behk7knH81FfjSr3+vhV4yucz2gcAAAAuFL83/gAAACoNPo37a/nOz9fbqyGbw1Vr1JdSaeSnJYLAAAAf1+sQAUAAEClkVuUqy4RXeRictG6w+vkY/bRwJsGylZm04oDK5wdDwAAAH9DFKgAAACoNL459I1MMql/0/6a2GWiyuxlOpB5QFM3T9WJMyecHQ8AAAB/QxSoAAAAqFTWHlqrtYfWOjsGAAAAILEHKgAAAAAAAAAYo0AFAAAAAAAAAAMUqAAAAAAAAABggAIVAAAAAAAAAAxQoAIAAAAAAACAAQpUAADgEBQUJEmy5ducHQUArrtzf/uqV6/u7CgAAKASoUAFAADy9vBWdmG2mjZtKknKPZzr7EgAcN3lHvrtb1/z5s2VVZilKh5VnB0JAABUAhSoAABA9arX02HLYY0ePVqSdDzuuE7tOCVbHitRAfz1FZ8plmW7RcfjjkuSxowZo0OZh1Svej1nRwMAAJWAm7MDAAAA57sn6h6t2L1CL9/xsp5/8XlNeXmKjiw84uxYAHDdTXp5kjp16qQJX07QgJsHODsOAACoBFiBCgAA1O3GbrKX2vX+pvf11LintG3bNt1///2qUaOGs6MBwB+udu3auv/++7Vt2zY9MfYJzfxupswms7re0NXZ0QAAQCVgslqtdmeHAAAAV89utys1NVURERH/81zPLXtOaXlp6h/VXzfXvlnBPsHXJCMAVHZpuWlK+DVBSxOWqoZvDU3uM/l/njM5OVnh4eEymUzXJCMAAHAOClQAAP7krmWBKkkrdq/Qsh3L9OvpX1VQVHBN5gSAys7bw1u1Amvp7qi71at5r2syJwUqAAB/DRSoAAD8yV3rAhUAcG1QoAIA8NfAHqgAAAAAAAAAYIACFQAAAAAAAAAMUKACAAAAAAAAgAEKVAAAAAAAAAAwQIEKAAAAAAAAAAYoUAEAAAAAAADAAAUqAAAAAAAAABigQAUAAAAAAAAAAxSoAAAAAAAAAGCAAhUAAAAAAAAADFCgAgAAAAAAAIABClQAAAAAAAAAMECBCgAAAAAAAAAGKFABAAAAAAAAwAAFKgAAAAAAAAAYoEAFAAAAAAAAAAMUqAAAAAAAAABggAIVAAAAAAAAAAxQoAIAAAAAAACAAQpUAAAAAAAAADBAgQoAAAAAAAAABihQAQAAAAAAAMAABSoAAAAAAAAAGKBABQAAf0k9e/bU2rVrnR3junrrrbf09NNPOzvGZf1ZcgIAAACS5ObsAAAAoHLIysrSRx99pO+//14Wi0Xu7u664YYbNGzYMLVt21aSZLFY1KNHD73//vuOscuZMmWKkpKS9PHHH//BZ4B7771XxcXFzo5xWdcy5/z58xUXF6fly5f/7vdaLBa9/vrr2rVrl8xmszp37qzx48fLza3ifyKvX79ec+bM0a+//qqgoCD16NFDI0aMkKura4XHf/nll1qwYIHS09NVv359PfbYY2rZsuXvzgkAAADnYgUqAACQ3W7XmDFj9MUXXygsLEx33323oqOjtXPnTj322GNKTk6WJG3evPl3z30178HVqVWrlurXr+/sGJd1LXO6u7sbFp6XM2HCBJlMJs2dO1fvvvuudu3apX/+858VHrt792698MILGjJkiJYtW6Znn31Wn3/+uZYsWVLh8QkJCZo6dapGjRqlJUuWKDY2VuPGjVNWVtZVZQUAAIDzUKACAABlZmbqwIEDCg4O1qxZszR+/Hi9+eabGjdunGJjY5Wdna033nhDr776qiRp1KhReu655yRJe/fu1YgRI9SpUyd1795dr776qgoLC5Wdna2oqChlZmZq9+7dioqK0tGjR/XSSy8pKiqqXLHav39/RUVFKTs7W5K0a9cuDR8+XB07dlSXLl305JNPKi0tzXF89+7dFRUVpdzcXElSSUmJXn/9dXXt2lU9evTQsmXLZDKZHMefOnVKzzzzjGJjY9WxY0eNHj1aqampjtd3796tvn37KiYmRuPGjdPSpUvVt29fx9yvvfaaunXrppiYGA0ePFgJCQmO927dulUPPPCAbrnlFvXo0UOffPKJ47V33nlHL730ksaPH6/u3btr2rRpGj58eLnv/scff1R0dLTy8vJktVr1+uuvq1evXurQoYMeeeQRnThxQpKUl5enqKgorVixQrGxsfr8888v+jmef2n85XKf78Kc534m56/qPHz4sOM7z8/PV1RUlDZu3Kjhw4erT58+GjRokJKSkiRJmzZt0p133qmVK1fq/vvvV8+ePfX4448rPz//opyXO7akpERTpkxRhw4d1KtXL61evVp333231qxZI0lyc3MzLFDvv/9+ffjhh+XGZs6cqQceeEBHjx7Vjh079Mwzz6hOnTpq0qSJRo4cqeXLl8tut180l7u7u1544QXdfvvtCgkJUXR0tNq2batDhw5V+NlLly7VHXfcoS5duig0NFSDBw9WWFiYvvnmmwqPBwAAQOVFgQoAAOTr6yuz2SyLxaIvv/xShYWFkqTBgwdr8uTJatWqlW6//XY1a9ZMkjRkyBDdddddKiws1JgxY7Rv3z49/vjj6tixo+Li4jRr1ix5e3trzJgx0tkVhy+++KKCgoIumyU/P19jx46VxWLRY489poceekhbt2695J6ZX3zxheLj4zV37lzFxcXpwIEDysnJcbz+9ttvKycnR1988YVWrVolLy8vvfnmm5Ikm82mJ554Ql26dNH69evVt29fzZ49Wy4uv/0zKS4uTrt379aiRYv03XffqX///powYYJKSkp04sQJjR8/Xvfee6/i4+P1wQcfaPHixVq5cqV0tnT74Ycf1KZNGy1evFjdunXT7t27dfr0aUe2DRs2KCYmRj4+PnrnnXd0+PBhzZ8/X99++62aN2+uUaNGqaysTO7u7pKktWvXas6cOerdu/clv8dL5b7QhTkv51xhGRcXp5kzZ2r58uWqV6+eo6x0c3NTZmamjh49qn//+9+Ki4vTkSNHtGLFigrnutSxixcv1nfffad58+Zp4cKFWrdundLT0x0Fubu7u+O7uVC3bt0UHx9fbiw+Pl49evTQ/v37FRoaWu538sYbb1R2dna5cv2cyMhI9ejRQzq7YjsxMVEJCQm65ZZbKvzs/fv3KzIystxY06ZNtW/fvst8uwAAAKhsKFABAIA8PT311FNPydXVVZMnT1bnzp01ePBgvffeezp+/Lh0tvypUaOGJKldu3Zq3bq1ysrKNHXqVM2ZM0d9+vTRiBEjpLOXL5vNZnXt2lWSFBgYqN69e8vHx+eyWTIzM1VYWKiwsDDddtttGjJkiP71r3/pH//4h+OYZcuWaePGjY75Nm7cqF69eqlu3bry8vLSqFGjyu2x+fzzz+utt96Sv7+/fHx8dNtttzmKrMTEROXl5WnYsGHy8vJSp06d1KZNG8d7c3Nz5ebmJh8fH7m5ualv375atWqV3NzctHr1ajVu3Fg9e/aUq6urIiIidNddd+mrr75yvN/b21sDBgxQYGCgIiMjFR4erk2bNkmSysrK9N133+m2226TzWbTypUr9fDDD6t69ery8PDQyJEjZbFYtHPnTsd855/npVwqd0XOz3ml+vXrJ09PT0lyrDA+x2azaejQodLZ36+mTZvqyJEjFc5zqWPj4+N1++23q0GDBvL399cTTzyhgoICx3vd3NwuWaAmJSUpJSVFkpScnKxjx44pNjZWOTk58vX1LXe8n5+fJDlWQldk+fLlatu2rcaMGaPRo0erc+fOFR5nNP+l5gYAAEDlxE2kAACAJKlv377q2LGjNm/erMTERG3fvl2ffPKJPv/8c02fPl1RUVEXvadKlSrat2+fvvzyS2VmZqqsrEySyhVcv1etWrXUpEkTbd++XbfeeqsaNmyoDh06aMCAAY5jLixi09PT1a1bN8dzPz8/BQQEOJ5nZmZqxowZ2rdvn0pLS2Wz2RyvZWRkKCAgQFWqVHGMNWnSxFGw/r//9/+0fv169ezZU+3atVOnTp0UGxsrSUpJSXFsT3C+0NBQx+OaNWuWey02Nlbx8fHq06eP9uzZo4KCAt1yyy3KzMxUcXGxRo0addF3kpqa6lj9e+F8Ri6VuyJXOu/5qlev7nhsNptltVodzz09PVW1alXHcw8PDxUVFVU4z6WOzczMLJetZs2a5X7+l1qBGhoaqqZNmyo+Pl6DBw/Whg0b1Lp1a8OV0Ocu3T9/+4cL3XrrrWratKn27t2r6dOny83NTXfccYfh8RfOf6m5AQAAUDlRoAIAAIfAwED16dNHffr0kd1u1+zZszVr1ix9+umnFRao69ev1/Tp09WiRQu9+uqrstlsevDBB6/os87fZ/L81aKurq6aM2eOvv76a/3www/auXOn5syZo/Xr1+vzzz93XFp/vvML0XPOFXAlJSUaM2aMYmJitHTpUlWpUkXx8fF66aWXHDkuXJV5/mdUq1ZNn376qRITE7V582ZNnz5dn332mebMmSMPDw917txZb731luF5Xjh3t27dtGjRIhUWFmrDhg3q1KmTPD095eHhIUlatGiRGjZsaHg+V3rDpEvlruiu8VdzI6brUQba7XbDglSXWYGq8wrrwYMHa+PGjbrrrrskSf7+/hfd0Onc8/PL9wtVrVpVVatWVYMGDZSVlaV58+ZVWKAGBARctNr09OnT8vf3v8TZAgAAoDLiEn4AAKA1a9aoR48eevnllx1jJpNJjRs3ls5ean6+c8/37t0rSerSpYuaNGlSbt/R85WWljoen1vpmZGRIZ0tldLT0x2v5+Xlad++fercubPefvttrVu3Tu3bt9fRo0cd2wlYrdZyq1yrV6+ukydPOp5bLBbHTYgyMjKUlpam++67z/HZ53LrbGl86tSpcqsnDx486HhcUFAgq9Wqli1bauzYsVq4cKH27t2rQ4cOqVatWjp8+HC5cz116pThSkudXd0aHBysH3/8URs3btRtt90mnS08vb29L7opUUX7cV6JS+W+Emazudx5nP/9Xk+BgYGOG2lJUlpamvLy8hzPmzdvroceesjw/d26ddNPP/2kffv2KSkpybGtRGRkpDIzM8vdnGz37t2qVq2awsLCLprn/fffL7eNhM6ufjUqkSMjI/XTTz+VG/vpp5/UtGnTKzpvAAAAVB4UqAAAQC1btlRJSYlWrlypwYMH66WXXtKTTz6pCRMmSJJjn8dzezouXLhQ3377reNS9fXr12vlypWaMWOGqlevrvT0dG3atMlxWfbBgwc1f/58paWl6cYbb5QkzZ8/X8uXL9fEiRPL7RX5yy+/aMSIEXr22We1cuVKffXVV0pOTpavr6/j8+6880517NhRubm5kqT27dvr66+/1uHDh5WTk6P333/fsTdnYGCgzGazEhMTVVJSog0bNmjXrl0qLCxUXl6eWrZsKVdXVy1YsEA2m01btmzR9u3bHXleeeUVvfzyy8rKylJpaal27dolV1dXhYSEqFevXrJYLPrXv/4lq9Wq1NRUjR07Vv/+978v+X3Hxsbq008/VV5entq1a+cY79+/v2bPnq2jR4+qpKRES5Ys0cCBA8sVhlfqUrmvRO3atR17rxYVFSkuLu53Z7gWoqOjtXLlSqWkpCgvL0/Tpk2Tt7e34/X09HTHHqcVCQkJUWRkpN555x21a9fOsc9p7dq11aZNG02ePFnHjx/X3r179cEHH+juu+92vPfNN990lO0tWrTQypUrtXz5cqWlpWn79u1auHChOnXqJEk6ceKEpkyZ4vid7N+/v1avXq01a9YoLS1NH374oXJyctS9e/c/7LsCAADAH4MCFQAAKCQkRHPmzFGvXr2UlZWlNWvWaOvWrapfv74mTpyovn37Smf3Sa1Ro4YSEhL0/fffq0+fPurcubMOHTqkuXPn6rHHHtODDz6osrIy/etf/5K/v7/uueceSdKCBQuUm5ur7t27q0+fPsrNzdWsWbPUq1cv1a9fXzp7uX3r1q31wgsv6MyZM5oyZYqmT5+uWrVqaebMmY5S9EJDhw5VdHS0Hn74Yd17771q3ry5QkNDZbfb5enpqWeffVYffvihYmNjtWHDBr399tuqV6+e+vTpIzc3N7366qtavXq1br31Vq1YsUKDBw92rCx8+umnVVJS4tgjds6cOXrzzTcVEBCgwMBAvfPOO1q/fr26dOmiYcOGqW3btpfdxqB79+5KTExU165dy11+PnLkSN18880aNmyYunbtqrVr12rmzJlXdPOtC10q95UYMWKEUlJS1Lt3bz366KO68847pbM/o+tpyJAhatasmQYPHqwhQ4aoZ8+e8vX1dWyzsHXrVs2fP/+Sc5z7vi8sLydPniwvLy898MADeuaZZ9S1a9dyP7u4uDjHqueYmBi9+OKL+ve//60+ffroxRdfVPfu3R03Tjt9+rSWLVvmWBndsmVLPf/88/r444919913KyEhQdOmTbvoxlIAAACo/ExWq9V+BccBAIBKym63KzU1VREREc6O8qdls9lkMpkc+4DOmTNHO3fu1AcffODsaDi7ZcO58rykpES33HKLPvzwQ7Vo0cLZ0YBLSk5OVnh4ODcPAwDgT44VqAAA4G+tpKREvXv31j//+U9ZrVYdPnxYy5cvV0xMjLOjQdLnn3+uPn36KDk5WYWFhZo1a5Z8fX3VpEkTZ0cDAADA38Tvv90qAADAX4ibm5veeOMNvfvuu1q0aJH8/Px02223ObYegHP169dPKSkpeuSRR1RQUKCGDRvq7bffNtzOAQAAALjWuIQfAIA/OS7hB4DKiUv4AQD4a+ASfgAAAAAAAAAwQIEKAAAAAAAAAAYoUAEAAAAAAADAAAUqAAAAAAAAABigQAUAAAAAAAAAAxSoAAAAAAAAAGCAAhUAAAAAAAAADFCgAgAAAAAAAIABClQAAAAAAAAAMECBCgAAAAAAAAAGKFABAPj/7d15eFTlocfx32QmmWSykI0lIQuEAC6JgCSAhiVsCkVEFNBay1IubUFUar2oRYW2qGCpFaSiFy2ILdYLAgpUQK9BQKQIBgQ0oIGEhCxkZbJNkpnk/kGYGpMDsaAB+v08D89D5pw5854DzxP45j3vAQAAAADAAAEVAAAAAAAAAAwQUAEAAAAAAADAAAEVAAAAAAAAAAwQUAEAAAAAAADAAAEVAAAAAAAAAAwQUAEAAAAAAADAAAEVAAAAAAAAAAwQUAEAAAAAAADAAAEVAAAAAAAAAAwQUAEAAAAAAADAAAEVAAAAAAAAAAwQUAEAAAAAAADAAAEVAAAAAAAAAAwQUAEAAAAAAADAAAEVAAAAAAAAAAwQUAEAAAAAAADAAAEVAAAAAAAAAAwQUAEAAAAAAADAAAEVAAAAAAAAAAwQUAEAAAAAAADAAAEVAAAAAAAAAAwQUAEAAAAAAADAAAEVAAAAAAAAAAwQUAEAAAAAAADAAAEVAAAAAAAAAAwQUAEAAAAAAADAAAEVAAAAAAAAAAwQUAEAAAAAAADAAAEVAAAAAAAAAAwQUAEAAAAAAADAAAEVAAAAAAAAAAwQUAEAAAAAAADAAAEVAAAAAAAAAAwQUAEAAAAAAADAAAEVAAAAAAAAAAwQUAEAAAAAAADAAAEVAAAAAAAAAAwQUAEAAAAAAADAAAEVAAAAAAAAAAwQUAEAAAAAAADAAAEVAAAAAAAAAAwQUAEAAAAAAADAAAEVAAAAAAAAAAwQUAEAAAAAAADAAAEVAABctJdeekkJCQlau3Ztaw/lokydOlUJCQnKyMho7aEAAAAAuExYWnsAAADg8pGWlqaVK1dq//79KisrU1BQkG666SZNnTpVHTt2dO+3detWzZkzR3v27JHF8sP+c6KoqEgrVqzQjh07dPr0adlsNsXHx2vSpEm68cYbv9OxnnnmGaWnp+u1116TJN12223q3bu3AgMDv6fRAwAAALjSEFABAIAkadeuXXrkkUfkdDoVFham2NhYpaen691331VKSoqWL1+u2NhYSdLOnTtbZYx5eXmaPHmyCgsL1aZNG/Xs2VOnT5/Wxx9/rN27d2vu3Lm67bbbWny8nTt3Kjw83P312LFjv6eRAwAAALhScQs/AABQbW2t5s+fL6fTqWnTpmnjxo1atmyZNm/erBEjRqisrExPP/20JGnChAnasmWLJKlfv36Nbtt3uVx66qmn1L9/f40bN0779+93b8vPz9fs2bM1fPhwDRgwQI8//rhKS0slSeXl5UpISNDEiRO1cuVK9e/fX4cOHWoyzj/96U8qLCxUUlKSNm3apJdfflnr1q3T7NmzVV9frwULFshut7uPN378eK1du1YjR45UUlKS+xxLS0uVkJCggoICHTx40H3bfnO38K9Zs0a33367+vXrp5EjR+qVV16R0+mUJO3YsUMJCQl64YUX9NJLL2nw4MEaMWKE3nzzTff78/Ly9Oijj2rYsGHq37+/pkyZ0ui6PP7440pISND27dsv8Z8qAAAAgEuBgAoAAHTw4EEVFhYqIiJC06ZNc7/u6emp2bNny2q16tChQ8rLy9OMGTPk7+8vSXryySeVkJDg3n/NmjWqrKxUfHy8MjIy9NRTT8nlcsnlcmnmzJnasWOHpk2bppkzZ2r79u169tlnJUlWq1WSlJubq40bN+quu+5qcht9TU2NduzYIUl67LHH5OPj4942YcIExcXFyeFwaOfOne7jZWdna9euXXr00UfVrVs3bdiwQatXr5bNZtMDDzwgSYqMjNTcuXMVGhra5LqsWLFCCxcuVEBAgGbMmKHIyEgtX75czz//vCTJy8tLkrRlyxbl5+fr5z//ucrLy/XHP/5RmZmZ7mu0a9cuTZw4Ub/61a9kt9v14IMPuuMxAAAAgMsbt/ADAABlZ2dLkrp37y4Pj8Y/Xw0ICFBUVJS++uorZWVlKTk5WQsXLlRZWZlGjRrVaA3U6OhoLVq0SHV1dRo1apTy8/OVn5+vrKwsnThxQoMHD9aYMWMkSampqfrwww9VVFSkNm3aSJJKSkq0bNky91IB33T69GnV1tYqMDBQYWFhTbbHxcXp8OHDysrKkslkkhpm1j7xxBMKDQ1VSEiIpkyZom3btmnixIkaMmSIXnzxRQUHB2v06NFNjud0OrVixQpZLBYtXrxYISEhGj9+vG699VatW7dO999/v/tzrFar5s2bJ5PJpPT0dG3YsEGHDh1SdHS0MjMzZbPZNHToUHXs2FFJSUmy2+2y2WySpLlz5+o3v/lNoyAMAAAA4PJBQAUAAG51dXXNvl5fXy9J7mBo5NxDnDw8PBQVFaWCggKVl5e7Z2OmpKQoKSmp0XuysrLcAdXHx6fZePrvjjE0NNQ9szQ6OlqSdOrUqfMe/5y8vDxVVlYqIiJCISEh7vFFRUUpLS2t0XG6du3q/tz27dtLksrKyiRJt9xyi/7+979rzJgxioiIUJ8+fXTPPfe4Z696e3vL29u7RWMCAAAA8MMjoAIAAHXq1EmSlJaWJpfLJbPZ7N5mt9uVlZXVaD8j526dV0NEVUPYPPd6cnKyJk2a1OxnqyFQGunQoYOsVqvsdruys7MVERHRaPuRI0ckSZ07d3a/VlNT4/79uXVLLxSBL+RcqP3mTF1PT0/3788d/9x+v/71r5WYmKiUlBTt27dP69at03vvvafVq1crMjLyosYCAAAA4PvHGqgAAEBxcXHq0KGDcnNztXz5cnf8czqdev7551VdXa0+ffo0WSfUaDbot50LhWfOnFF8fLzi4+Pdkbalsy8tFosGDx4sSVq4cKEqKyvd29avX6/Dhw/L39+/0QxXu92unJwcSdKxY8ckSeHh4Y2O63K5mv28sLAw2Ww25eXlqaSkRGp42FVmZqa8vLyaBNzmOJ1OpaWlKTIyUvPmzdOmTZs0Y8YMVVVVae/evVJD5K2srDQcBwAAAIDWxQxUAAAgi8WiJ598UrNmzdKrr76qzZs3KyIiQidOnFBhYaECAwP12GOPufcPCAhQQUGBlixZoltvvfWCx+/Ro4eio6OVmpqq5557TqGhofrLX/6ijh07avXq1e5geyEPPfSQUlNT9cknn2j06NHq2rWrCgsLlZGRIbPZrDlz5sjX19c929THx0dz5szR0KFDtXbtWknSyJEjJcn9IKxjx47p9ddfb3IeZrNZP/vZz7R06VI9/PDDGj58uFJSUuRwODRlypQWhd/q6mpNnz5dvr6+7vfs2bNHktStWzepYQ3U999/X4sWLVJycnKLrgMAAACAHw4zUAEAgCSpb9++WrFihZKTk1VVVaXU1FR5eHho7Nix+tvf/qaoqCj3vpMmTZKfn5/eeecdpaenX/DYZrNZy5Yt05AhQ7Rt2zb99a9/Vb9+/bR48eJGywVcSNu2bbVq1SqNGzdOPj4+OnDggIqLizVw4EC9+uqr00EaBgAADytJREFUGjZsWKP9/f39dccdd2jVqlUqLCzU3XffrXvuuUeSFBgYqAkTJkiS3njjDfeapd80efJkPfLIIyooKNDixYuVm5urBx54QNOnT2/ReH19fbVkyRKFh4dryZIlWrBggcrKyjR//nzFx8e3+LwBAAAAtB6Tw+Fo2ZQPAABwWaqvr1dOTo5iYmJaeyiXDafTqX79+ik4OFjbtm1r7eEA+A91/PhxhYeHX/TaywAAoHUxAxUAAAAAAAAADBBQAQAAAAAAAMAAD5ECAABXHYvFon379rX2MAAAAABcBZiBCgAAAAAAAAAGCKgAAAAAAAAAYICACgAAAAAAAAAGCKgAAAAAAAAAYICACgAAAAAAAAAGCKgAAAAAAAAAYICACgAAAAAAAAAGCKgAAAAAAAAAYICACgAAAAAAAAAGCKgAAAAAAAAAYMDS2gMAAACXp6yiSk18abfKHM5mt4f6W7Vqxs1qF2D9Tsctczg1+Pcf6O8P9ldse79LNFpcjEWbv9TpMw49d2+v1h4KAAAAcNkhoAIAgGYt++Arw3gqSYVl1TpTWdMooP7ytb3q0MZH88bFN9n/42MFeviNz/TOI4P08tQ+6hjk872NXZLu+tNOZRZWSJLMHiYF+3mpd+dg/XRAjLqH+X+vn90adh0tUGSITdGhvhfc11Hr0j8O5OjOxEhJ0t39olXjrPsBRgkAAABceQioAACgibp6ac9XhZKkdx4Z1CR2PvT6fh3NtauNzUunSqrc2+9IiNT89Yc1+/brZPMyN3rPxs9OqX/3turQxlsd2nj/IOcxNbmL7uwTqRpnnU4WVejtf2Zp0ku79dxPemngNe1+kDH8UFZsT9fkQV1aFFAPZpZq3d4sd0CNDLH9ACMEAAAArkwEVAAA0MTWgzmyV9VKksYs+qjZfcYmRmr3sQLZq2o1cUBnSdKQ69vrDxu/0PuHcjWmd4R7X3tVrT76Il9/+MmNTW7hd9S69MI/0rQj7bTsVbWKiwzUk3fGq2OQj360MEWzR1+n5OvaS5Jmrtyn/NIqrZk1QJJ0LLdMk5btVsqTw+Xt2XRpdz9vi9o3xNrIEJuSurXVC++laf76w9r438myWjyUV+rQwo1H9HlmqTwtHurZKUiPjr5OQb5ekqSTRZVa8M4RfX6yREG+Vk0c0Fnj+0WpsKxaIxakaP3DA90B8q1PMrVhX7befCBJO9JOa9GmLzVxYIw2fJql3JIq3ZEYoZu6ttWy948pp7RK8ZGBeubunrKYTee9DhXVLg363fv6w0966W+7MlRY5pCv1aLfje+hLu399MvX9urgyVI9+maqhsZ10O/H36DNqTla8VG6ckuqFOTnpfuSOuuem6P1z6+L9NCqfXLV1av/vPf1xv036+29Jxvdwr9mz0m99Umm8u0ORQTbdF//zhrVK1ySdN+fd2tEj3AdyChWZmGFqmpdmjXyGg2L63AJ/wYCAAAAlw8eIgUAAJp4e2+WJGnmrd207+kRjX49c3cPSdKga9tpx5en1atTkPt9XhYP/ahXuDbuP9XoeFsP5irI10s3dQ1t8lnPb07T1/nlen36zfq/J4bphqgg3f+XvaqrlxJiQnQgs1SS5Kqr17Fcuxy1dSqtPBt3UzOK1SM6qNl4amTyoC4qLq9R6oli1ddLs1btUxubl97972StnpmkQnu1frfukNQwE/fhN/Yrpp2fNs0erN9PuEFLth51z849H4uHhwrsDlU4nPrr/Tdr4b299PqOE1r/aZZemdZXax4aoH3Hi7XrWMEFr4PFbJIkrf80S0unJGjDrwepczs/LfvgK0nSy1P7yM9q0cIf99Lvx9+gjIIKzV37uR4c0V3bnxqu3467QS+8l6Yj2WfUNzZED97aXd3DArRr3nB1btt4xuoHh/P05/eP6Yk745TyxDBNTe6ieW9/ri9OnWk4L5Pe+iRTD4+6VmtmDdDPkrvo2Q1HVF/f4j8CAAAA4IpCQAUAAI2UVNToSPbZaLl06zElzNnS6Ndv3joob08PxUcFKj2/THERgY3ePzYxUgcyS3SyqNL92sbPTun23hEye5ga7Vvrqtem1FOaNiRWbQOsslo89IuhsSosq9FnJ4qV2CVEBzNLJElpOXZFBNt0fWQbHWh4LTWzRH26hHyn8wu0eSrY7+zSA0eyzyj9dLlmjbxGvlazgv289F+Du2jX0QJVO+t0OKtUWUWV+uXwrgq0eapndJAW/riXQvxb9uCsWle9xveLkiTFR529TsNvCJPFwyQ/b4ti2vkpq7DigtfhnDsTI+XteXZphISYEGWcLm/2cyNDbNry2GANvKadPM0m9e4crKhQX32ZY7/gmN/Zl63bbuyontFBsphNGhbfQXERgUo5ku/eZ9B17RTesGxDYkyIzlTVqriipkXXBAAAALjScAs/AABoZMO+bNW6zj+dsG9sqA5mlighJkSmxk1UMe38FB8ZqI37s3X/Ld10/HS5vsw5o4X39mxynAK7QzXOOt2/4tMm23JKqtQnNkRPbzisamedPjtRrF6dgtTW31sHMkqUfG07Hcgo0X1Jnb/zOdbV1cvsYVJ2caVC/KwKtHm6t3Vq66f6ein/jEPZxZVqY/OUn/Vf/2S6udvZWbSFZdUX/Bxfq9m9FqzVcvbn1sENSwNIkqfFQ9XOugteh3PxtW3Av9aO9bJ4yOF0Nfu5Zg+T/nEgR+/uz1ZpRY08PEw6U1mrmtrm9/+mU8WVGnx9+0avdWrrq9zSKvfX7b41DkmqbsGxAQAAgCsRARUAADTy8dGCC+4z4Jqzt+8PvLb5BzGNTYzUyx8c0/Th3fTu/lPqGxuqsECfJvtZG2ZTvvlAkrp28G/2WB3aeOvLU2f0WUax7kyMUoi/l7a8+4WyiyvlqHHp2o4B3+n8TpVUqbSyVp3a+iqv1GG4X42zTqaG2NpS397TJFOTfb4dnNWC61DtrDN8b3PWfZqllR8d1+JJvRUfeTa+3rv045a92UBNwxgkNXNWAAAAwNWLW/gBAIDbvuPF7tvjjXiYpP7d2+rT9CL1jW26pqkk3XJDB1VUO/XZiWJt/TxHYxue9v5tIX5esnmZ9VVeWaPXc0r+NdsxISZEn50o1sHMUvWIDlS3sABlFFZoz1eF6h0T3GRZgAtZuvWowoN8FBcZqIgQm4rKq91rqkpSRkG5PExSeJCPIkJsOlNVq5Jv3J7+weE8/fPrInf0rP5GWMz7xizN76Il1+G7+DyzVH1jQ9zxtMzh1MnCiha9NyLEpvT8xksDZBRUuB+UBQAAAPynIaACAAC39Pyy8273MEm3945QXqlDMe39DB/e5O1p1oge4Vq67aicrnoNuqb5maqSdFffKC3/8GtlFFTI6arXmj0nde/Sj1Ve7ZQkJXYJ0ebUHLULsCrAx1MWD5O6dfDXW59kXnD903KHU/lnHMotrdI/vy7SrFX79dGXp/XUnfGyeJh0fcc2im3vrxe3HJWj1qUCe7X+58OvNTSug2xeZsVFBKpzWz+98F6aCuzVOpBZovnrDstVVy9/b4sCbZ7af7xIkpRX6tD2L/LPO57zudB1uBCrp4dOFlWovNqpsCAffZ1XpvJqpwrs1Xp6w2G1b+OjgoZlB6yeZnc4/ubMUkm6IyFSm1NP6XD2GTld9dpyMFdfnDqjkT07/tvnBgAAAFzJuIUfAAC4+XhZdEdChGaPvs69tuW31dVLz717RIOubd/s9nPGJkbqvj/v1k8HdHY/Rb45vxjaVZXVTk19ZY9qXXXqFhagpZMT3euOJsaEaM5bBzWuz79msfaIDtKKj46rj8EM2HNe256u17anS5ICfDx1Y+dgrfzlTeoWdvY2eZNJevbHPbVo4xcauSBFPl5mDbymnR4ceY17+5JJCZq79nON+eNHCvGzavrwru51UB8bc70Wv3dU/7vnpCJDbLrnpk56e+/J847p37kO1d+KnM0ZmxipP287pr1fF+m342/QgcwSjXg2Re0CrHp41LUqjK3Wok1fKNjXS8Pjw7Rqx3GNWpiipVMSGx1nyPXtdbKwQk+8dVDF5dWKbuurFycnKLa93791XgAAAMCVzuRwOFq+sBcAALjs1NfXKycnRzExMRd9LKerXvPXH9aWz3PkPM+DpHp3DtYLE3vLp+EBSQCApo4fP67w8HCZWrqAMQAAuCwRUAEAuMJdyoAKALh0CKgAAFwdWAMVAAAAAAAAAAwQUAEAAAAAAADAAAEVAAAAAAAAAAwQUAEAAAAAAADAAAEVAAAAAAAAAAwQUAEAAAAAAADAAAEVAAAAAAAAAAwQUAEAAAAAAADAAAEVAAAAAAAAAAwQUAEAAAAAAADAAAEVAAAAAAAAAAwQUAEAAAAAAADAAAEVAAAAAAAAAAwQUAEAAAAAAADAAAEVAAAAAAAAAAwQUAEAAAAAAADAAAEVAAAAAAAAAAwQUAEAAAAAAADAAAEVAAAAAAAAAAwQUAEAAAAAAADAAAEVAAAAAAAAAAwQUAEAAAAAAADAAAEVAAAAAAAAAAwQUAEAAAAAAADAAAEVAAAAAAAAAAwQUAEAAAAAAADAAAEVAAAAAAAAAAwQUAEAAAAAAADAAAEVAAAAAAAAAAwQUAEAAAAAAADAAAEVAICrgNlsVk1NTWsPAwDQoKamRmazubWHAQAALgECKgAAVwGr1ary8vLWHgYAoEFFRYWsVmtrDwMAAFwCltYeAAAAuHheXl6qrKyUyWSSr6+vvLy8WntIAPAfqaamRhUVFaqoqJDNZmvt4QAAgEuAgAoAwBXOZDLJarWqrq5ODodDdrtdLpertYcFAP+RzGazvLy85O3tLavVKpPJ1NpDAgAAF8nkcDjqW3sQAADg4jmdTjmdTtXV1am+nm/vANAaTCaTPDw8ZLFYZLEwXwUAgKsB39EBALhKnPvPOvEUAFoXs04BALi6EFABALjK8B93AAAAALh0PFp7AAAAAAAAAABwuSKgAgAAAAAAAIABAioAAAAAAAAAGCCgAgAAAAAAAIABAioAAAAAAAAAGCCgAgAAAAAAAIABAioAAAAAAAAAGCCgAgAAAAAAAIABAioAAAAAAAAAGCCgAgAAAAAAAIABAioAAAAAAAAAGCCgAgAAAAAAAIABAioAAAAAAAAAGCCgAgAAAAAAAIABAioAAAAAAAAAGCCgAgAAAAAAAIABAioAAAAAAAAAGPh/u2PPVFnyP24AAAAASUVORK5CYII=" width="700" height="480" /><br>  </system-out>
</testsuite> <!-- dagserver.test.LoginTest -->
