<?xml version="1.0" encoding="UTF-8"?>
<!-- Generated by org.testng.reporters.JUnitReportReporter -->
<testsuite hostname="LAPTOP-K61ULR8P" failures="0" tests="3" name="testjunit5.main.ArithmeticOperations" time="0.021" errors="0" timestamp="2023-09-06T20:34:01 CLST" skipped="0">
  <testcase classname="testjunit5.main.ArithmeticOperations" name="TesMultiplication" time="0.018"/>
  <system-out>
testing3  </system-out>
  <testcase classname="testjunit5.main.ArithmeticOperations" name="TestAddition" time="0.001"/>
  <system-out>
testing1  </system-out>
  <testcase classname="testjunit5.main.ArithmeticOperations" name="TestSubstraction" time="0.002"/>
  <system-out>
testing2  </system-out>
</testsuite> <!-- testjunit5.main.ArithmeticOperations -->
